[01m[K/home/azharanas17/setunggal_ws/src/first_pubsub/src/logger_sub_node.cpp:[m[K In member function ‘[01m[Kvoid LoggerSub::topic_callback(first_interfaces::msg::Log_<std::allocator<void> >::SharedPtr) const[m[K’:
[01m[K/home/azharanas17/setunggal_ws/src/first_pubsub/src/logger_sub_node.cpp:36:26:[m[K [01;31m[Kerror: [m[Kswitch quantity not an integer
   36 |         switch(msg->level[01;31m[K)[m[K
      |                          [01;31m[K^[m[K
[01m[K/home/azharanas17/setunggal_ws/src/first_pubsub/src/logger_sub_node.cpp:57:18:[m[K [01;31m[Kerror: [m[Kjump to case label
   57 |             case [01;31m[K"WARN"[m[K :
      |                  [01;31m[K^~~~~~[m[K
[01m[K/home/azharanas17/setunggal_ws/src/first_pubsub/src/logger_sub_node.cpp:44:26:[m[K [01;36m[Knote: [m[K  crosses initialization of ‘[01m[Kjson jsn_lg[m[K’
   44 |                     json [01;36m[Kjsn_lg[m[K = {
      |                          [01;36m[K^~~~~~[m[K
[01m[K/home/azharanas17/setunggal_ws/src/first_pubsub/src/logger_sub_node.cpp:42:26:[m[K [01;36m[Knote: [m[K  crosses initialization of ‘[01m[Kjson json_log[m[K’
   42 |                     json [01;36m[Kjson_log[m[K = json::array();
      |                          [01;36m[K^~~~~~~~[m[K
[01m[K/home/azharanas17/setunggal_ws/src/first_pubsub/src/logger_sub_node.cpp:39:35:[m[K [01;36m[Knote: [m[K  crosses initialization of ‘[01m[Kstd::ofstream file_log[m[K’
   39 |                     std::ofstream [01;36m[Kfile_log[m[K;
      |                                   [01;36m[K^~~~~~~~[m[K
[01m[K/home/azharanas17/setunggal_ws/src/first_pubsub/src/logger_sub_node.cpp:63:26:[m[K [01;31m[Kerror: [m[Kredeclaration of ‘[01m[Kjson jsn_lg[m[K’
   63 |                     json [01;31m[Kjsn_lg[m[K = {
      |                          [01;31m[K^~~~~~[m[K
[01m[K/home/azharanas17/setunggal_ws/src/first_pubsub/src/logger_sub_node.cpp:44:26:[m[K [01;36m[Knote: [m[K‘[01m[Kjson jsn_lg[m[K’ previously declared here
   44 |                     json [01;36m[Kjsn_lg[m[K = {
      |                          [01;36m[K^~~~~~[m[K
[01m[K/home/azharanas17/setunggal_ws/src/first_pubsub/src/logger_sub_node.cpp:76:18:[m[K [01;31m[Kerror: [m[Kjump to case label
   76 |             case [01;31m[K"ERROR"[m[K :
      |                  [01;31m[K^~~~~~~[m[K
[01m[K/home/azharanas17/setunggal_ws/src/first_pubsub/src/logger_sub_node.cpp:44:26:[m[K [01;36m[Knote: [m[K  crosses initialization of ‘[01m[Kjson jsn_lg[m[K’
   44 |                     json [01;36m[Kjsn_lg[m[K = {
      |                          [01;36m[K^~~~~~[m[K
[01m[K/home/azharanas17/setunggal_ws/src/first_pubsub/src/logger_sub_node.cpp:42:26:[m[K [01;36m[Knote: [m[K  crosses initialization of ‘[01m[Kjson json_log[m[K’
   42 |                     json [01;36m[Kjson_log[m[K = json::array();
      |                          [01;36m[K^~~~~~~~[m[K
[01m[K/home/azharanas17/setunggal_ws/src/first_pubsub/src/logger_sub_node.cpp:39:35:[m[K [01;36m[Knote: [m[K  crosses initialization of ‘[01m[Kstd::ofstream file_log[m[K’
   39 |                     std::ofstream [01;36m[Kfile_log[m[K;
      |                                   [01;36m[K^~~~~~~~[m[K
[01m[K/home/azharanas17/setunggal_ws/src/first_pubsub/src/logger_sub_node.cpp:82:26:[m[K [01;31m[Kerror: [m[Kredeclaration of ‘[01m[Kjson jsn_lg[m[K’
   82 |                     json [01;31m[Kjsn_lg[m[K = {
      |                          [01;31m[K^~~~~~[m[K
[01m[K/home/azharanas17/setunggal_ws/src/first_pubsub/src/logger_sub_node.cpp:44:26:[m[K [01;36m[Knote: [m[K‘[01m[Kjson jsn_lg[m[K’ previously declared here
   44 |                     json [01;36m[Kjsn_lg[m[K = {
      |                          [01;36m[K^~~~~~[m[K
[01m[K/home/azharanas17/setunggal_ws/src/first_pubsub/src/logger_sub_node.cpp:95:18:[m[K [01;31m[Kerror: [m[Kjump to case label
   95 |             case [01;31m[K"FATAL"[m[K :
      |                  [01;31m[K^~~~~~~[m[K
[01m[K/home/azharanas17/setunggal_ws/src/first_pubsub/src/logger_sub_node.cpp:44:26:[m[K [01;36m[Knote: [m[K  crosses initialization of ‘[01m[Kjson jsn_lg[m[K’
   44 |                     json [01;36m[Kjsn_lg[m[K = {
      |                          [01;36m[K^~~~~~[m[K
[01m[K/home/azharanas17/setunggal_ws/src/first_pubsub/src/logger_sub_node.cpp:42:26:[m[K [01;36m[Knote: [m[K  crosses initialization of ‘[01m[Kjson json_log[m[K’
   42 |                     json [01;36m[Kjson_log[m[K = json::array();
      |                          [01;36m[K^~~~~~~~[m[K
[01m[K/home/azharanas17/setunggal_ws/src/first_pubsub/src/logger_sub_node.cpp:39:35:[m[K [01;36m[Knote: [m[K  crosses initialization of ‘[01m[Kstd::ofstream file_log[m[K’
   39 |                     std::ofstream [01;36m[Kfile_log[m[K;
      |                                   [01;36m[K^~~~~~~~[m[K
[01m[K/home/azharanas17/setunggal_ws/src/first_pubsub/src/logger_sub_node.cpp:101:26:[m[K [01;31m[Kerror: [m[Kredeclaration of ‘[01m[Kjson jsn_lg[m[K’
  101 |                     json [01;31m[Kjsn_lg[m[K = {
      |                          [01;31m[K^~~~~~[m[K
[01m[K/home/azharanas17/setunggal_ws/src/first_pubsub/src/logger_sub_node.cpp:44:26:[m[K [01;36m[Knote: [m[K‘[01m[Kjson jsn_lg[m[K’ previously declared here
   44 |                     json [01;36m[Kjsn_lg[m[K = {
      |                          [01;36m[K^~~~~~[m[K
make[2]: *** [CMakeFiles/first_pubsub.dir/build.make:76: CMakeFiles/first_pubsub.dir/src/logger_sub_node.cpp.o] Error 1
make[1]: *** [CMakeFiles/Makefile2:136: CMakeFiles/first_pubsub.dir/all] Error 2
make: *** [Makefile:141: all] Error 2
