[0.009s] Invoking command in '/home/azharanas17/setunggal_ws/build/first_interfaces': CMAKE_PREFIX_PATH=/opt/ros/foxy /usr/bin/cmake /home/azharanas17/setunggal_ws/src/first_interfaces -DCMAKE_INSTALL_PREFIX=/home/azharanas17/setunggal_ws/install/first_interfaces
[0.049s] -- The C compiler identification is GNU 9.3.0
[0.087s] -- The CXX compiler identification is GNU 9.3.0
[0.090s] -- Check for working C compiler: /usr/bin/cc
[0.141s] -- Check for working C compiler: /usr/bin/cc -- works
[0.142s] -- Detecting C compiler ABI info
[0.190s] -- Detecting C compiler ABI info - done
[0.199s] -- Detecting C compile features
[0.199s] -- Detecting C compile features - done
[0.201s] -- Check for working CXX compiler: /usr/bin/c++
[0.258s] -- Check for working CXX compiler: /usr/bin/c++ -- works
[0.259s] -- Detecting CXX compiler ABI info
[0.316s] -- Detecting CXX compiler ABI info - done
[0.324s] -- Detecting CXX compile features
[0.324s] -- Detecting CXX compile features - done
[0.325s] -- Found ament_cmake: 0.9.9 (/opt/ros/foxy/share/ament_cmake/cmake)
[0.344s] -- Found PythonInterp: /usr/bin/python3 (found suitable version "3.8.10", minimum required is "3") 
[0.344s] -- Using PYTHON_EXECUTABLE: /usr/bin/python3
[0.472s] -- Found rosidl_default_generators: 1.0.1 (/opt/ros/foxy/share/rosidl_default_generators/cmake)
[0.475s] -- Using all available rosidl_typesupport_c: rosidl_typesupport_fastrtps_c;rosidl_typesupport_introspection_c
[0.479s] -- Found rosidl_adapter: 1.2.1 (/opt/ros/foxy/share/rosidl_adapter/cmake)
[0.543s] -- Found OpenSSL: /usr/lib/x86_64-linux-gnu/libcrypto.so (found version "1.1.1f")  
[0.563s] -- Found FastRTPS: /opt/ros/foxy/include  
[0.617s] -- Using all available rosidl_typesupport_cpp: rosidl_typesupport_fastrtps_cpp;rosidl_typesupport_introspection_cpp
[0.653s] -- Found PythonInterp: /usr/bin/python3 (found version "3.8.10") 
[0.744s] -- Found ament_cmake_ros: 0.9.2 (/opt/ros/foxy/share/ament_cmake_ros/cmake)
[0.817s] -- Using all available rosidl_typesupport_c: rosidl_typesupport_fastrtps_c;rosidl_typesupport_introspection_c
[0.823s] -- Using all available rosidl_typesupport_cpp: rosidl_typesupport_fastrtps_cpp;rosidl_typesupport_introspection_cpp
[0.840s] -- Found PythonInterp: /usr/bin/python3 (found suitable version "3.8.10", minimum required is "3.5") 
[0.841s] -- Found python_cmake_module: 0.8.1 (/opt/ros/foxy/share/python_cmake_module/cmake)
[0.861s] -- Found PythonLibs: /usr/lib/x86_64-linux-gnu/libpython3.8.so (found suitable version "3.8.10", minimum required is "3.5") 
[0.861s] -- Using PYTHON_EXECUTABLE: /usr/bin/python3
[0.861s] -- Using PYTHON_INCLUDE_DIRS: /usr/include/python3.8
[0.861s] -- Using PYTHON_LIBRARIES: /usr/lib/x86_64-linux-gnu/libpython3.8.so
[0.877s] -- Found PythonExtra: .so  
[0.906s] -- Found ament_lint_auto: 0.9.6 (/opt/ros/foxy/share/ament_lint_auto/cmake)
[0.927s] -- Added test 'copyright' to check source files copyright and LICENSE
[0.929s] -- Added test 'lint_cmake' to check CMake code style
[0.930s] -- Added test 'xmllint' to check XML markup files
[0.933s] -- Configuring done
[0.952s] -- Generating done
[0.953s] -- Build files have been written to: /home/azharanas17/setunggal_ws/build/first_interfaces
[0.959s] Invoked command in '/home/azharanas17/setunggal_ws/build/first_interfaces' returned '0': CMAKE_PREFIX_PATH=/opt/ros/foxy /usr/bin/cmake /home/azharanas17/setunggal_ws/src/first_interfaces -DCMAKE_INSTALL_PREFIX=/home/azharanas17/setunggal_ws/install/first_interfaces
[0.961s] Invoking command in '/home/azharanas17/setunggal_ws/build/first_interfaces': CMAKE_PREFIX_PATH=/opt/ros/foxy /usr/bin/cmake --build /home/azharanas17/setunggal_ws/build/first_interfaces -- -j4 -l4
[0.990s] [  3%] [34m[1mGenerating C code for ROS interfaces[0m
[0.990s] [35m[1mScanning dependencies of target first_interfaces__cpp[0m
[0.998s] [  6%] [34m[1mGenerating C++ code for ROS interfaces[0m
[1.199s] [35m[1mScanning dependencies of target first_interfaces__rosidl_generator_c[0m
[1.210s] [  9%] [32mBuilding C object CMakeFiles/first_interfaces__rosidl_generator_c.dir/rosidl_generator_c/first_interfaces/msg/detail/log__functions.c.o[0m
[1.217s] [  9%] Built target first_interfaces__cpp
[1.229s] [ 12%] [34m[1mGenerating C++ introspection for ROS interfaces[0m
[1.229s] [ 16%] [34m[1mGenerating C++ type support dispatch for ROS interfaces[0m
[1.229s] [ 19%] [34m[1mGenerating C++ type support for eProsima Fast-RTPS[0m
[1.252s] [ 22%] [32m[1mLinking C shared library libfirst_interfaces__rosidl_generator_c.so[0m
[1.294s] [ 22%] Built target first_interfaces__rosidl_generator_c
[1.306s] [ 25%] [34m[1mGenerating C introspection for ROS interfaces[0m
[1.524s] [35m[1mScanning dependencies of target first_interfaces__rosidl_typesupport_cpp[0m
[1.539s] [35m[1mScanning dependencies of target first_interfaces__rosidl_typesupport_introspection_cpp[0m
[1.539s] [ 29%] [32mBuilding CXX object CMakeFiles/first_interfaces__rosidl_typesupport_cpp.dir/rosidl_typesupport_cpp/first_interfaces/msg/log__type_support.cpp.o[0m
[1.551s] [35m[1mScanning dependencies of target first_interfaces__rosidl_typesupport_fastrtps_cpp[0m
[1.554s] [ 32%] [32mBuilding CXX object CMakeFiles/first_interfaces__rosidl_typesupport_introspection_cpp.dir/rosidl_typesupport_introspection_cpp/first_interfaces/msg/detail/log__type_support.cpp.o[0m
[1.572s] [ 35%] [32mBuilding CXX object CMakeFiles/first_interfaces__rosidl_typesupport_fastrtps_cpp.dir/rosidl_typesupport_fastrtps_cpp/first_interfaces/msg/detail/dds_fastrtps/log__type_support.cpp.o[0m
[1.617s] [35m[1mScanning dependencies of target first_interfaces__rosidl_typesupport_introspection_c[0m
[1.634s] [ 38%] [32mBuilding C object CMakeFiles/first_interfaces__rosidl_typesupport_introspection_c.dir/rosidl_typesupport_introspection_c/first_interfaces/msg/detail/log__type_support.c.o[0m
[1.680s] [ 41%] [32m[1mLinking C shared library libfirst_interfaces__rosidl_typesupport_introspection_c.so[0m
[1.717s] [ 41%] Built target first_interfaces__rosidl_typesupport_introspection_c
[1.730s] [ 45%] [34m[1mGenerating C type support dispatch for ROS interfaces[0m
[1.878s] [ 48%] [32m[1mLinking CXX shared library libfirst_interfaces__rosidl_typesupport_cpp.so[0m
[1.912s] [ 51%] [32m[1mLinking CXX shared library libfirst_interfaces__rosidl_typesupport_introspection_cpp.so[0m
[1.929s] [ 51%] Built target first_interfaces__rosidl_typesupport_cpp
[1.986s] [35m[1mScanning dependencies of target first_interfaces__rosidl_typesupport_c[0m
[1.998s] [ 54%] [32mBuilding CXX object CMakeFiles/first_interfaces__rosidl_typesupport_c.dir/rosidl_typesupport_c/first_interfaces/msg/log__type_support.cpp.o[0m
[1.998s] [ 54%] Built target first_interfaces__rosidl_typesupport_introspection_cpp
[2.023s] [ 58%] [32m[1mLinking CXX shared library libfirst_interfaces__rosidl_typesupport_c.so[0m
[2.056s] [ 58%] Built target first_interfaces__rosidl_typesupport_c
[2.056s] [ 61%] [32m[1mLinking CXX shared library libfirst_interfaces__rosidl_typesupport_fastrtps_cpp.so[0m
[2.119s] [ 61%] Built target first_interfaces__rosidl_typesupport_fastrtps_cpp
[2.127s] [ 64%] [34m[1mGenerating C type support for eProsima Fast-RTPS[0m
[2.282s] [35m[1mScanning dependencies of target first_interfaces__rosidl_typesupport_fastrtps_c[0m
[2.292s] [ 67%] [32mBuilding CXX object CMakeFiles/first_interfaces__rosidl_typesupport_fastrtps_c.dir/rosidl_typesupport_fastrtps_c/first_interfaces/msg/detail/log__type_support_c.cpp.o[0m
[2.534s] [ 70%] [32m[1mLinking CXX shared library libfirst_interfaces__rosidl_typesupport_fastrtps_c.so[0m
[2.598s] [ 70%] Built target first_interfaces__rosidl_typesupport_fastrtps_c
[2.606s] [35m[1mScanning dependencies of target first_interfaces[0m
[2.613s] [ 70%] Built target first_interfaces
[2.621s] [35m[1mScanning dependencies of target first_interfaces__py[0m
[2.628s] [ 74%] [34m[1mGenerating Python code for ROS interfaces[0m
[2.959s] [ 74%] Built target first_interfaces__py
[2.966s] [35m[1mScanning dependencies of target first_interfaces__python[0m
[2.979s] [ 77%] [32mBuilding C object CMakeFiles/first_interfaces__python.dir/rosidl_generator_py/first_interfaces/msg/_log_s.c.o[0m
[3.043s] [ 80%] [32m[1mLinking C shared library rosidl_generator_py/first_interfaces/libfirst_interfaces__python.so[0m
[3.071s] [ 80%] Built target first_interfaces__python
[3.079s] [35m[1mScanning dependencies of target first_interfaces__rosidl_typesupport_introspection_c__pyext[0m
[3.081s] [35m[1mScanning dependencies of target first_interfaces__rosidl_typesupport_c__pyext[0m
[3.081s] [35m[1mScanning dependencies of target first_interfaces__rosidl_typesupport_fastrtps_c__pyext[0m
[3.095s] [ 83%] [32mBuilding C object CMakeFiles/first_interfaces__rosidl_typesupport_introspection_c__pyext.dir/rosidl_generator_py/first_interfaces/_first_interfaces_s.ep.rosidl_typesupport_introspection_c.c.o[0m
[3.099s] [ 87%] [32mBuilding C object CMakeFiles/first_interfaces__rosidl_typesupport_fastrtps_c__pyext.dir/rosidl_generator_py/first_interfaces/_first_interfaces_s.ep.rosidl_typesupport_fastrtps_c.c.o[0m
[3.102s] [ 90%] [32mBuilding C object CMakeFiles/first_interfaces__rosidl_typesupport_c__pyext.dir/rosidl_generator_py/first_interfaces/_first_interfaces_s.ep.rosidl_typesupport_c.c.o[0m
[3.166s] [ 93%] [32m[1mLinking CXX shared library rosidl_generator_py/first_interfaces/first_interfaces_s__rosidl_typesupport_fastrtps_c.cpython-38-x86_64-linux-gnu.so[0m
[3.193s] [ 96%] [32m[1mLinking C shared library rosidl_generator_py/first_interfaces/first_interfaces_s__rosidl_typesupport_c.cpython-38-x86_64-linux-gnu.so[0m
[3.193s] [100%] [32m[1mLinking C shared library rosidl_generator_py/first_interfaces/first_interfaces_s__rosidl_typesupport_introspection_c.cpython-38-x86_64-linux-gnu.so[0m
[3.225s] [100%] Built target first_interfaces__rosidl_typesupport_c__pyext
[3.228s] [100%] Built target first_interfaces__rosidl_typesupport_introspection_c__pyext
[3.230s] [100%] Built target first_interfaces__rosidl_typesupport_fastrtps_c__pyext
[3.240s] Invoked command in '/home/azharanas17/setunggal_ws/build/first_interfaces' returned '0': CMAKE_PREFIX_PATH=/opt/ros/foxy /usr/bin/cmake --build /home/azharanas17/setunggal_ws/build/first_interfaces -- -j4 -l4
[3.279s] Invoking command in '/home/azharanas17/setunggal_ws/build/first_interfaces': CMAKE_PREFIX_PATH=/opt/ros/foxy /usr/bin/cmake --install /home/azharanas17/setunggal_ws/build/first_interfaces
[3.286s] -- Install configuration: ""
[3.286s] -- Installing: /home/azharanas17/setunggal_ws/install/first_interfaces/share/ament_index/resource_index/rosidl_interfaces/first_interfaces
[3.286s] -- Installing: /home/azharanas17/setunggal_ws/install/first_interfaces/include/first_interfaces
[3.286s] -- Installing: /home/azharanas17/setunggal_ws/install/first_interfaces/include/first_interfaces/msg
[3.287s] -- Installing: /home/azharanas17/setunggal_ws/install/first_interfaces/include/first_interfaces/msg/log.h
[3.287s] -- Installing: /home/azharanas17/setunggal_ws/install/first_interfaces/include/first_interfaces/msg/detail
[3.287s] -- Installing: /home/azharanas17/setunggal_ws/install/first_interfaces/include/first_interfaces/msg/detail/log__functions.h
[3.287s] -- Installing: /home/azharanas17/setunggal_ws/install/first_interfaces/include/first_interfaces/msg/detail/log__struct.h
[3.287s] -- Installing: /home/azharanas17/setunggal_ws/install/first_interfaces/include/first_interfaces/msg/detail/log__functions.c
[3.287s] -- Installing: /home/azharanas17/setunggal_ws/install/first_interfaces/include/first_interfaces/msg/detail/log__type_support.h
[3.287s] -- Installing: /home/azharanas17/setunggal_ws/install/first_interfaces/include/first_interfaces/msg/rosidl_generator_c__visibility_control.h
[3.287s] -- Installing: /home/azharanas17/setunggal_ws/install/first_interfaces/share/first_interfaces/environment/library_path.sh
[3.287s] -- Installing: /home/azharanas17/setunggal_ws/install/first_interfaces/share/first_interfaces/environment/library_path.dsv
[3.287s] -- Installing: /home/azharanas17/setunggal_ws/install/first_interfaces/lib/libfirst_interfaces__rosidl_generator_c.so
[3.287s] -- Set runtime path of "/home/azharanas17/setunggal_ws/install/first_interfaces/lib/libfirst_interfaces__rosidl_generator_c.so" to ""
[3.287s] -- Up-to-date: /home/azharanas17/setunggal_ws/install/first_interfaces/include/first_interfaces
[3.287s] -- Up-to-date: /home/azharanas17/setunggal_ws/install/first_interfaces/include/first_interfaces/msg
[3.287s] -- Installing: /home/azharanas17/setunggal_ws/install/first_interfaces/include/first_interfaces/msg/rosidl_typesupport_fastrtps_c__visibility_control.h
[3.287s] -- Up-to-date: /home/azharanas17/setunggal_ws/install/first_interfaces/include/first_interfaces/msg/detail
[3.288s] -- Installing: /home/azharanas17/setunggal_ws/install/first_interfaces/include/first_interfaces/msg/detail/log__rosidl_typesupport_fastrtps_c.h
[3.288s] -- Installing: /home/azharanas17/setunggal_ws/install/first_interfaces/lib/libfirst_interfaces__rosidl_typesupport_fastrtps_c.so
[3.288s] -- Set runtime path of "/home/azharanas17/setunggal_ws/install/first_interfaces/lib/libfirst_interfaces__rosidl_typesupport_fastrtps_c.so" to ""
[3.288s] -- Up-to-date: /home/azharanas17/setunggal_ws/install/first_interfaces/include/first_interfaces
[3.288s] -- Up-to-date: /home/azharanas17/setunggal_ws/install/first_interfaces/include/first_interfaces/msg
[3.288s] -- Installing: /home/azharanas17/setunggal_ws/install/first_interfaces/include/first_interfaces/msg/rosidl_typesupport_fastrtps_cpp__visibility_control.h
[3.288s] -- Up-to-date: /home/azharanas17/setunggal_ws/install/first_interfaces/include/first_interfaces/msg/detail
[3.288s] -- Installing: /home/azharanas17/setunggal_ws/install/first_interfaces/include/first_interfaces/msg/detail/dds_fastrtps
[3.288s] -- Installing: /home/azharanas17/setunggal_ws/install/first_interfaces/include/first_interfaces/msg/detail/log__rosidl_typesupport_fastrtps_cpp.hpp
[3.288s] -- Installing: /home/azharanas17/setunggal_ws/install/first_interfaces/lib/libfirst_interfaces__rosidl_typesupport_fastrtps_cpp.so
[3.288s] -- Set runtime path of "/home/azharanas17/setunggal_ws/install/first_interfaces/lib/libfirst_interfaces__rosidl_typesupport_fastrtps_cpp.so" to ""
[3.288s] -- Up-to-date: /home/azharanas17/setunggal_ws/install/first_interfaces/include/first_interfaces
[3.288s] -- Up-to-date: /home/azharanas17/setunggal_ws/install/first_interfaces/include/first_interfaces/msg
[3.289s] -- Installing: /home/azharanas17/setunggal_ws/install/first_interfaces/include/first_interfaces/msg/rosidl_typesupport_introspection_c__visibility_control.h
[3.289s] -- Up-to-date: /home/azharanas17/setunggal_ws/install/first_interfaces/include/first_interfaces/msg/detail
[3.289s] -- Installing: /home/azharanas17/setunggal_ws/install/first_interfaces/include/first_interfaces/msg/detail/log__type_support.c
[3.289s] -- Installing: /home/azharanas17/setunggal_ws/install/first_interfaces/include/first_interfaces/msg/detail/log__rosidl_typesupport_introspection_c.h
[3.289s] -- Installing: /home/azharanas17/setunggal_ws/install/first_interfaces/lib/libfirst_interfaces__rosidl_typesupport_introspection_c.so
[3.289s] -- Set runtime path of "/home/azharanas17/setunggal_ws/install/first_interfaces/lib/libfirst_interfaces__rosidl_typesupport_introspection_c.so" to ""
[3.289s] -- Installing: /home/azharanas17/setunggal_ws/install/first_interfaces/lib/libfirst_interfaces__rosidl_typesupport_c.so
[3.289s] -- Set runtime path of "/home/azharanas17/setunggal_ws/install/first_interfaces/lib/libfirst_interfaces__rosidl_typesupport_c.so" to ""
[3.289s] -- Up-to-date: /home/azharanas17/setunggal_ws/install/first_interfaces/include/first_interfaces
[3.289s] -- Up-to-date: /home/azharanas17/setunggal_ws/install/first_interfaces/include/first_interfaces/msg
[3.289s] -- Installing: /home/azharanas17/setunggal_ws/install/first_interfaces/include/first_interfaces/msg/log.hpp
[3.289s] -- Up-to-date: /home/azharanas17/setunggal_ws/install/first_interfaces/include/first_interfaces/msg/detail
[3.290s] -- Installing: /home/azharanas17/setunggal_ws/install/first_interfaces/include/first_interfaces/msg/detail/log__builder.hpp
[3.290s] -- Installing: /home/azharanas17/setunggal_ws/install/first_interfaces/include/first_interfaces/msg/detail/log__traits.hpp
[3.290s] -- Installing: /home/azharanas17/setunggal_ws/install/first_interfaces/include/first_interfaces/msg/detail/log__struct.hpp
[3.290s] -- Up-to-date: /home/azharanas17/setunggal_ws/install/first_interfaces/include/first_interfaces
[3.290s] -- Up-to-date: /home/azharanas17/setunggal_ws/install/first_interfaces/include/first_interfaces/msg
[3.290s] -- Up-to-date: /home/azharanas17/setunggal_ws/install/first_interfaces/include/first_interfaces/msg/detail
[3.290s] -- Installing: /home/azharanas17/setunggal_ws/install/first_interfaces/include/first_interfaces/msg/detail/log__type_support.cpp
[3.290s] -- Installing: /home/azharanas17/setunggal_ws/install/first_interfaces/include/first_interfaces/msg/detail/log__rosidl_typesupport_introspection_cpp.hpp
[3.290s] -- Installing: /home/azharanas17/setunggal_ws/install/first_interfaces/lib/libfirst_interfaces__rosidl_typesupport_introspection_cpp.so
[3.290s] -- Set runtime path of "/home/azharanas17/setunggal_ws/install/first_interfaces/lib/libfirst_interfaces__rosidl_typesupport_introspection_cpp.so" to ""
[3.290s] -- Installing: /home/azharanas17/setunggal_ws/install/first_interfaces/lib/libfirst_interfaces__rosidl_typesupport_cpp.so
[3.290s] -- Set runtime path of "/home/azharanas17/setunggal_ws/install/first_interfaces/lib/libfirst_interfaces__rosidl_typesupport_cpp.so" to ""
[3.290s] -- Installing: /home/azharanas17/setunggal_ws/install/first_interfaces/share/first_interfaces/environment/pythonpath.sh
[3.290s] -- Installing: /home/azharanas17/setunggal_ws/install/first_interfaces/share/first_interfaces/environment/pythonpath.dsv
[3.291s] -- Installing: /home/azharanas17/setunggal_ws/install/first_interfaces/lib/python3.8/site-packages/first_interfaces/__init__.py
[3.311s] Compiling '/home/azharanas17/setunggal_ws/install/first_interfaces/lib/python3.8/site-packages/first_interfaces/__init__.py'...
[3.314s] -- Installing: /home/azharanas17/setunggal_ws/install/first_interfaces/lib/python3.8/site-packages/first_interfaces/msg
[3.314s] -- Installing: /home/azharanas17/setunggal_ws/install/first_interfaces/lib/python3.8/site-packages/first_interfaces/msg/__init__.py
[3.314s] -- Installing: /home/azharanas17/setunggal_ws/install/first_interfaces/lib/python3.8/site-packages/first_interfaces/msg/_log.py
[3.315s] -- Installing: /home/azharanas17/setunggal_ws/install/first_interfaces/lib/python3.8/site-packages/first_interfaces/msg/_log_s.c
[3.315s] -- Installing: /home/azharanas17/setunggal_ws/install/first_interfaces/lib/python3.8/site-packages/first_interfaces/first_interfaces_s__rosidl_typesupport_fastrtps_c.cpython-38-x86_64-linux-gnu.so
[3.315s] -- Set runtime path of "/home/azharanas17/setunggal_ws/install/first_interfaces/lib/python3.8/site-packages/first_interfaces/first_interfaces_s__rosidl_typesupport_fastrtps_c.cpython-38-x86_64-linux-gnu.so" to ""
[3.315s] -- Installing: /home/azharanas17/setunggal_ws/install/first_interfaces/lib/python3.8/site-packages/first_interfaces/first_interfaces_s__rosidl_typesupport_introspection_c.cpython-38-x86_64-linux-gnu.so
[3.315s] -- Set runtime path of "/home/azharanas17/setunggal_ws/install/first_interfaces/lib/python3.8/site-packages/first_interfaces/first_interfaces_s__rosidl_typesupport_introspection_c.cpython-38-x86_64-linux-gnu.so" to ""
[3.316s] -- Installing: /home/azharanas17/setunggal_ws/install/first_interfaces/lib/python3.8/site-packages/first_interfaces/first_interfaces_s__rosidl_typesupport_c.cpython-38-x86_64-linux-gnu.so
[3.316s] -- Set runtime path of "/home/azharanas17/setunggal_ws/install/first_interfaces/lib/python3.8/site-packages/first_interfaces/first_interfaces_s__rosidl_typesupport_c.cpython-38-x86_64-linux-gnu.so" to ""
[3.316s] -- Installing: /home/azharanas17/setunggal_ws/install/first_interfaces/lib/libfirst_interfaces__python.so
[3.316s] -- Set runtime path of "/home/azharanas17/setunggal_ws/install/first_interfaces/lib/libfirst_interfaces__python.so" to ""
[3.316s] -- Installing: /home/azharanas17/setunggal_ws/install/first_interfaces/share/first_interfaces/msg/Log.idl
[3.316s] -- Installing: /home/azharanas17/setunggal_ws/install/first_interfaces/share/first_interfaces/msg/Log.msg
[3.316s] -- Installing: /home/azharanas17/setunggal_ws/install/first_interfaces/share/ament_index/resource_index/package_run_dependencies/first_interfaces
[3.317s] -- Installing: /home/azharanas17/setunggal_ws/install/first_interfaces/share/ament_index/resource_index/parent_prefix_path/first_interfaces
[3.317s] -- Installing: /home/azharanas17/setunggal_ws/install/first_interfaces/share/first_interfaces/environment/ament_prefix_path.sh
[3.317s] -- Installing: /home/azharanas17/setunggal_ws/install/first_interfaces/share/first_interfaces/environment/ament_prefix_path.dsv
[3.317s] -- Installing: /home/azharanas17/setunggal_ws/install/first_interfaces/share/first_interfaces/environment/path.sh
[3.317s] -- Installing: /home/azharanas17/setunggal_ws/install/first_interfaces/share/first_interfaces/environment/path.dsv
[3.317s] -- Installing: /home/azharanas17/setunggal_ws/install/first_interfaces/share/first_interfaces/local_setup.bash
[3.317s] -- Installing: /home/azharanas17/setunggal_ws/install/first_interfaces/share/first_interfaces/local_setup.sh
[3.317s] -- Installing: /home/azharanas17/setunggal_ws/install/first_interfaces/share/first_interfaces/local_setup.zsh
[3.317s] -- Installing: /home/azharanas17/setunggal_ws/install/first_interfaces/share/first_interfaces/local_setup.dsv
[3.317s] -- Installing: /home/azharanas17/setunggal_ws/install/first_interfaces/share/first_interfaces/package.dsv
[3.317s] -- Installing: /home/azharanas17/setunggal_ws/install/first_interfaces/share/ament_index/resource_index/packages/first_interfaces
[3.317s] -- Installing: /home/azharanas17/setunggal_ws/install/first_interfaces/share/first_interfaces/cmake/first_interfaces__rosidl_generator_cExport.cmake
[3.317s] -- Installing: /home/azharanas17/setunggal_ws/install/first_interfaces/share/first_interfaces/cmake/first_interfaces__rosidl_generator_cExport-noconfig.cmake
[3.318s] -- Installing: /home/azharanas17/setunggal_ws/install/first_interfaces/share/first_interfaces/cmake/first_interfaces__rosidl_typesupport_introspection_cExport.cmake
[3.318s] -- Installing: /home/azharanas17/setunggal_ws/install/first_interfaces/share/first_interfaces/cmake/first_interfaces__rosidl_typesupport_introspection_cExport-noconfig.cmake
[3.318s] -- Installing: /home/azharanas17/setunggal_ws/install/first_interfaces/share/first_interfaces/cmake/first_interfaces__rosidl_typesupport_cExport.cmake
[3.318s] -- Installing: /home/azharanas17/setunggal_ws/install/first_interfaces/share/first_interfaces/cmake/first_interfaces__rosidl_typesupport_cExport-noconfig.cmake
[3.318s] -- Installing: /home/azharanas17/setunggal_ws/install/first_interfaces/share/first_interfaces/cmake/first_interfaces__rosidl_generator_cppExport.cmake
[3.318s] -- Installing: /home/azharanas17/setunggal_ws/install/first_interfaces/share/first_interfaces/cmake/first_interfaces__rosidl_typesupport_introspection_cppExport.cmake
[3.318s] -- Installing: /home/azharanas17/setunggal_ws/install/first_interfaces/share/first_interfaces/cmake/first_interfaces__rosidl_typesupport_introspection_cppExport-noconfig.cmake
[3.318s] -- Installing: /home/azharanas17/setunggal_ws/install/first_interfaces/share/first_interfaces/cmake/first_interfaces__rosidl_typesupport_cppExport.cmake
[3.319s] -- Installing: /home/azharanas17/setunggal_ws/install/first_interfaces/share/first_interfaces/cmake/first_interfaces__rosidl_typesupport_cppExport-noconfig.cmake
[3.319s] -- Installing: /home/azharanas17/setunggal_ws/install/first_interfaces/share/first_interfaces/cmake/rosidl_cmake-extras.cmake
[3.319s] -- Installing: /home/azharanas17/setunggal_ws/install/first_interfaces/share/first_interfaces/cmake/ament_cmake_export_dependencies-extras.cmake
[3.319s] -- Installing: /home/azharanas17/setunggal_ws/install/first_interfaces/share/first_interfaces/cmake/ament_cmake_export_libraries-extras.cmake
[3.319s] -- Installing: /home/azharanas17/setunggal_ws/install/first_interfaces/share/first_interfaces/cmake/ament_cmake_export_targets-extras.cmake
[3.319s] -- Installing: /home/azharanas17/setunggal_ws/install/first_interfaces/share/first_interfaces/cmake/ament_cmake_export_include_directories-extras.cmake
[3.319s] -- Installing: /home/azharanas17/setunggal_ws/install/first_interfaces/share/first_interfaces/cmake/rosidl_cmake_export_typesupport_libraries-extras.cmake
[3.319s] -- Installing: /home/azharanas17/setunggal_ws/install/first_interfaces/share/first_interfaces/cmake/rosidl_cmake_export_typesupport_targets-extras.cmake
[3.319s] -- Installing: /home/azharanas17/setunggal_ws/install/first_interfaces/share/first_interfaces/cmake/first_interfacesConfig.cmake
[3.319s] -- Installing: /home/azharanas17/setunggal_ws/install/first_interfaces/share/first_interfaces/cmake/first_interfacesConfig-version.cmake
[3.319s] -- Installing: /home/azharanas17/setunggal_ws/install/first_interfaces/share/first_interfaces/package.xml
[3.321s] Invoked command in '/home/azharanas17/setunggal_ws/build/first_interfaces' returned '0': CMAKE_PREFIX_PATH=/opt/ros/foxy /usr/bin/cmake --install /home/azharanas17/setunggal_ws/build/first_interfaces
