[0.012s] Invoking command in '/home/azharanas17/setunggal_ws/build/first_interfaces': CMAKE_PREFIX_PATH=${CMAKE_PREFIX_PATH}:/opt/ros/foxy /usr/bin/cmake --build /home/azharanas17/setunggal_ws/build/first_interfaces -- -j4 -l4
[0.113s] -- Found ament_cmake: 0.9.9 (/opt/ros/foxy/share/ament_cmake/cmake)
[0.137s] -- Found PythonInterp: /usr/bin/python3 (found suitable version "3.8.10", minimum required is "3") 
[0.137s] -- Using PYTHON_EXECUTABLE: /usr/bin/python3
[0.265s] -- Found rosidl_default_generators: 1.0.1 (/opt/ros/foxy/share/rosidl_default_generators/cmake)
[0.271s] -- Using all available rosidl_typesupport_c: rosidl_typesupport_fastrtps_c;rosidl_typesupport_introspection_c
[0.275s] -- Found rosidl_adapter: 1.2.1 (/opt/ros/foxy/share/rosidl_adapter/cmake)
[0.387s] -- Using all available rosidl_typesupport_cpp: rosidl_typesupport_fastrtps_cpp;rosidl_typesupport_introspection_cpp
[0.421s] -- Found PythonInterp: /usr/bin/python3 (found version "3.8.10") 
[0.596s] CMake Error at /opt/ros/foxy/share/rosidl_adapter/cmake/rosidl_adapt_interfaces.cmake:60 (message):
[0.596s]   execute_process(/usr/bin/python3 -m rosidl_adapter --package-name
[0.596s]   first_interfaces --arguments-file
[0.596s]   /home/azharanas17/setunggal_ws/build/first_interfaces/rosidl_adapter__arguments__first_interfaces.json
[0.596s]   --output-dir
[0.596s]   /home/azharanas17/setunggal_ws/build/first_interfaces/rosidl_adapter/first_interfaces
[0.596s]   --output-file
[0.596s]   /home/azharanas17/setunggal_ws/build/first_interfaces/rosidl_adapter/first_interfaces.idls)
[0.596s]   returned error code 1:
[0.596s] 
[0.596s]   Error processing 'int num' of 'first_interfaces/Log': ''int' is an invalid
[0.596s]   message name.  It should have the pattern '^[A-Z][A-Za-z0-9]*$''
[0.596s] 
[0.597s]   Traceback (most recent call last):
[0.597s] 
[0.597s]     File "/usr/lib/python3.8/runpy.py", line 194, in _run_module_as_main
[0.597s]       return _run_code(code, main_globals, None,
[0.597s]     File "/usr/lib/python3.8/runpy.py", line 87, in _run_code
[0.597s]       exec(code, run_globals)
[0.597s]     File "/opt/ros/foxy/lib/python3.8/site-packages/rosidl_adapter/__main__.py", line 19, in <module>
[0.597s]       sys.exit(main())
[0.597s]     File "/opt/ros/foxy/lib/python3.8/site-packages/rosidl_adapter/main.py", line 53, in main
[0.597s]       abs_idl_file = convert_to_idl(
[0.597s]     File "/opt/ros/foxy/lib/python3.8/site-packages/rosidl_adapter/__init__.py", line 19, in convert_to_idl
[0.597s]       return convert_msg_to_idl(
[0.597s]     File "/opt/ros/foxy/lib/python3.8/site-packages/rosidl_adapter/msg/__init__.py", line 28, in convert_msg_to_idl
[0.597s]       msg = parse_message_string(package_name, input_file.stem, content)
[0.597s]     File "/opt/ros/foxy/lib/python3.8/site-packages/rosidl_adapter/parser.py", line 516, in parse_message_string
[0.597s]       Type(type_string, context_package_name=pkg_name),
[0.597s]     File "/opt/ros/foxy/lib/python3.8/site-packages/rosidl_adapter/parser.py", line 276, in __init__
[0.598s]       super(Type, self).__init__(
[0.598s]     File "/opt/ros/foxy/lib/python3.8/site-packages/rosidl_adapter/parser.py", line 204, in __init__
[0.598s]       raise InvalidResourceName(
[0.598s] 
[0.598s]   rosidl_adapter.parser.InvalidResourceName: 'int' is an invalid message
[0.598s]   name.  It should have the pattern '^[A-Z][A-Za-z0-9]*$'
[0.598s] 
[0.598s] Call Stack (most recent call first):
[0.598s]   /opt/ros/foxy/share/rosidl_cmake/cmake/rosidl_generate_interfaces.cmake:130 (rosidl_adapt_interfaces)
[0.598s]   CMakeLists.txt:22 (rosidl_generate_interfaces)
[0.598s] 
[0.598s] 
[0.598s] -- Configuring incomplete, errors occurred!
[0.598s] See also "/home/azharanas17/setunggal_ws/build/first_interfaces/CMakeFiles/CMakeOutput.log".
[0.604s] make: *** [Makefile:748: cmake_check_build_system] Error 1
[0.606s] Invoked command in '/home/azharanas17/setunggal_ws/build/first_interfaces' returned '2': CMAKE_PREFIX_PATH=${CMAKE_PREFIX_PATH}:/opt/ros/foxy /usr/bin/cmake --build /home/azharanas17/setunggal_ws/build/first_interfaces -- -j4 -l4
