[0.010s] Invoking command in '/home/azharanas17/setunggal_ws/build/first_pubsub': AMENT_PREFIX_PATH=/home/azharanas17/setunggal_ws/install/first_interfaces:${AMENT_PREFIX_PATH} CMAKE_PREFIX_PATH=/home/azharanas17/setunggal_ws/install/first_interfaces:/home/azharanas17/dev_ws/install/cpp_srvcli:/home/azharanas17/dev_ws/install/cpp_pubsub:/home/azharanas17/dev_ws/install/tutorial_interfaces:/home/azharanas17/dev_ws/install/turtlesim:/home/azharanas17/dev_ws/install/my_package:/home/azharanas17/dev_ws/install/more_interfaces:/home/azharanas17/dev_ws/install/first_interfaces:/home/azharanas17/dev_ws/install/cpp_parameters:/opt/ros/foxy LD_LIBRARY_PATH=/home/azharanas17/setunggal_ws/install/first_interfaces/lib:${LD_LIBRARY_PATH} PYTHONPATH=/home/azharanas17/setunggal_ws/install/first_interfaces/lib/python3.8/site-packages:${PYTHONPATH} /usr/bin/cmake --build /home/azharanas17/setunggal_ws/build/first_pubsub -- -j4 -l4
[0.052s] [35m[1mScanning dependencies of target first_pubsub[0m
[0.075s] [ 16%] [32mBuilding CXX object CMakeFiles/first_pubsub.dir/src/logger_pub_node.cpp.o[0m
[2.363s] [ 33%] [32m[1mLinking CXX shared library libfirst_pubsub.so[0m
[2.628s] [ 66%] Built target first_pubsub
[2.639s] [35m[1mScanning dependencies of target logger[0m
[2.659s] [ 83%] [32mBuilding CXX object CMakeFiles/logger.dir/src/logger_main_node.cpp.o[0m
[4.029s] [100%] [32m[1mLinking CXX executable logger[0m
[4.158s] [100%] Built target logger
[4.167s] Invoked command in '/home/azharanas17/setunggal_ws/build/first_pubsub' returned '0': AMENT_PREFIX_PATH=/home/azharanas17/setunggal_ws/install/first_interfaces:${AMENT_PREFIX_PATH} CMAKE_PREFIX_PATH=/home/azharanas17/setunggal_ws/install/first_interfaces:/home/azharanas17/dev_ws/install/cpp_srvcli:/home/azharanas17/dev_ws/install/cpp_pubsub:/home/azharanas17/dev_ws/install/tutorial_interfaces:/home/azharanas17/dev_ws/install/turtlesim:/home/azharanas17/dev_ws/install/my_package:/home/azharanas17/dev_ws/install/more_interfaces:/home/azharanas17/dev_ws/install/first_interfaces:/home/azharanas17/dev_ws/install/cpp_parameters:/opt/ros/foxy LD_LIBRARY_PATH=/home/azharanas17/setunggal_ws/install/first_interfaces/lib:${LD_LIBRARY_PATH} PYTHONPATH=/home/azharanas17/setunggal_ws/install/first_interfaces/lib/python3.8/site-packages:${PYTHONPATH} /usr/bin/cmake --build /home/azharanas17/setunggal_ws/build/first_pubsub -- -j4 -l4
[4.194s] Invoking command in '/home/azharanas17/setunggal_ws/build/first_pubsub': AMENT_PREFIX_PATH=/home/azharanas17/setunggal_ws/install/first_interfaces:${AMENT_PREFIX_PATH} CMAKE_PREFIX_PATH=/home/azharanas17/setunggal_ws/install/first_interfaces:/home/azharanas17/dev_ws/install/cpp_srvcli:/home/azharanas17/dev_ws/install/cpp_pubsub:/home/azharanas17/dev_ws/install/tutorial_interfaces:/home/azharanas17/dev_ws/install/turtlesim:/home/azharanas17/dev_ws/install/my_package:/home/azharanas17/dev_ws/install/more_interfaces:/home/azharanas17/dev_ws/install/first_interfaces:/home/azharanas17/dev_ws/install/cpp_parameters:/opt/ros/foxy LD_LIBRARY_PATH=/home/azharanas17/setunggal_ws/install/first_interfaces/lib:${LD_LIBRARY_PATH} PYTHONPATH=/home/azharanas17/setunggal_ws/install/first_interfaces/lib/python3.8/site-packages:${PYTHONPATH} /usr/bin/cmake --install /home/azharanas17/setunggal_ws/build/first_pubsub
[4.202s] -- Install configuration: ""
[4.202s] -- Up-to-date: /home/azharanas17/setunggal_ws/install/first_pubsub/./include
[4.202s] -- Up-to-date: /home/azharanas17/setunggal_ws/install/first_pubsub/./include/first_pubsub
[4.202s] -- Up-to-date: /home/azharanas17/setunggal_ws/install/first_pubsub/./include/first_pubsub/logger_sub_node.hpp
[4.202s] -- Up-to-date: /home/azharanas17/setunggal_ws/install/first_pubsub/./include/first_pubsub/logger_pub_node.hpp
[4.202s] -- Up-to-date: /home/azharanas17/setunggal_ws/install/first_pubsub/./include/first_pubsub/logger.hpp
[4.202s] -- Installing: /home/azharanas17/setunggal_ws/install/first_pubsub/lib/libfirst_pubsub.so
[4.205s] -- Set runtime path of "/home/azharanas17/setunggal_ws/install/first_pubsub/lib/libfirst_pubsub.so" to ""
[4.205s] -- Installing: /home/azharanas17/setunggal_ws/install/first_pubsub/lib/first_pubsub/logger
[4.206s] -- Set runtime path of "/home/azharanas17/setunggal_ws/install/first_pubsub/lib/first_pubsub/logger" to ""
[4.206s] -- Up-to-date: /home/azharanas17/setunggal_ws/install/first_pubsub/share/first_pubsub/environment/library_path.sh
[4.206s] -- Up-to-date: /home/azharanas17/setunggal_ws/install/first_pubsub/share/first_pubsub/environment/library_path.dsv
[4.206s] -- Up-to-date: /home/azharanas17/setunggal_ws/install/first_pubsub/share/ament_index/resource_index/package_run_dependencies/first_pubsub
[4.206s] -- Up-to-date: /home/azharanas17/setunggal_ws/install/first_pubsub/share/ament_index/resource_index/parent_prefix_path/first_pubsub
[4.206s] -- Up-to-date: /home/azharanas17/setunggal_ws/install/first_pubsub/share/first_pubsub/environment/ament_prefix_path.sh
[4.206s] -- Up-to-date: /home/azharanas17/setunggal_ws/install/first_pubsub/share/first_pubsub/environment/ament_prefix_path.dsv
[4.206s] -- Up-to-date: /home/azharanas17/setunggal_ws/install/first_pubsub/share/first_pubsub/environment/path.sh
[4.206s] -- Up-to-date: /home/azharanas17/setunggal_ws/install/first_pubsub/share/first_pubsub/environment/path.dsv
[4.206s] -- Up-to-date: /home/azharanas17/setunggal_ws/install/first_pubsub/share/first_pubsub/local_setup.bash
[4.206s] -- Up-to-date: /home/azharanas17/setunggal_ws/install/first_pubsub/share/first_pubsub/local_setup.sh
[4.206s] -- Up-to-date: /home/azharanas17/setunggal_ws/install/first_pubsub/share/first_pubsub/local_setup.zsh
[4.207s] -- Up-to-date: /home/azharanas17/setunggal_ws/install/first_pubsub/share/first_pubsub/local_setup.dsv
[4.207s] -- Installing: /home/azharanas17/setunggal_ws/install/first_pubsub/share/first_pubsub/package.dsv
[4.207s] -- Up-to-date: /home/azharanas17/setunggal_ws/install/first_pubsub/share/ament_index/resource_index/packages/first_pubsub
[4.207s] -- Up-to-date: /home/azharanas17/setunggal_ws/install/first_pubsub/share/first_pubsub/cmake/ament_cmake_export_dependencies-extras.cmake
[4.207s] -- Up-to-date: /home/azharanas17/setunggal_ws/install/first_pubsub/share/first_pubsub/cmake/ament_cmake_export_include_directories-extras.cmake
[4.207s] -- Up-to-date: /home/azharanas17/setunggal_ws/install/first_pubsub/share/first_pubsub/cmake/ament_cmake_export_libraries-extras.cmake
[4.207s] -- Up-to-date: /home/azharanas17/setunggal_ws/install/first_pubsub/share/first_pubsub/cmake/first_pubsubConfig.cmake
[4.207s] -- Up-to-date: /home/azharanas17/setunggal_ws/install/first_pubsub/share/first_pubsub/cmake/first_pubsubConfig-version.cmake
[4.207s] -- Up-to-date: /home/azharanas17/setunggal_ws/install/first_pubsub/share/first_pubsub/package.xml
[4.209s] Invoked command in '/home/azharanas17/setunggal_ws/build/first_pubsub' returned '0': AMENT_PREFIX_PATH=/home/azharanas17/setunggal_ws/install/first_interfaces:${AMENT_PREFIX_PATH} CMAKE_PREFIX_PATH=/home/azharanas17/setunggal_ws/install/first_interfaces:/home/azharanas17/dev_ws/install/cpp_srvcli:/home/azharanas17/dev_ws/install/cpp_pubsub:/home/azharanas17/dev_ws/install/tutorial_interfaces:/home/azharanas17/dev_ws/install/turtlesim:/home/azharanas17/dev_ws/install/my_package:/home/azharanas17/dev_ws/install/more_interfaces:/home/azharanas17/dev_ws/install/first_interfaces:/home/azharanas17/dev_ws/install/cpp_parameters:/opt/ros/foxy LD_LIBRARY_PATH=/home/azharanas17/setunggal_ws/install/first_interfaces/lib:${LD_LIBRARY_PATH} PYTHONPATH=/home/azharanas17/setunggal_ws/install/first_interfaces/lib/python3.8/site-packages:${PYTHONPATH} /usr/bin/cmake --install /home/azharanas17/setunggal_ws/build/first_pubsub
