[0.010s] Invoking command in '/home/azharanas17/setunggal_ws/build/first_pubsub': AMENT_PREFIX_PATH=/home/azharanas17/setunggal_ws/install/first_interfaces:${AMENT_PREFIX_PATH} CMAKE_PREFIX_PATH=/home/azharanas17/setunggal_ws/install/first_interfaces:/opt/ros/foxy LD_LIBRARY_PATH=/home/azharanas17/setunggal_ws/install/first_interfaces/lib:${LD_LIBRARY_PATH} PYTHONPATH=/home/azharanas17/setunggal_ws/install/first_interfaces/lib/python3.8/site-packages:${PYTHONPATH} /usr/bin/cmake --build /home/azharanas17/setunggal_ws/build/first_pubsub -- -j4 -l4
[0.051s] [35m[1mScanning dependencies of target first_pubsub[0m
[0.085s] [ 33%] [32mBuilding CXX object CMakeFiles/first_pubsub.dir/src/logger_node.cpp.o[0m
[0.089s] [ 66%] [32mBuilding CXX object CMakeFiles/first_pubsub.dir/src/logger.cpp.o[0m
[1.381s] In file included from [01m[K/home/azharanas17/setunggal_ws/src/first_pubsub/include/first_pubsub/logger_node.hpp:5[m[K,
[1.382s]                  from [01m[K/home/azharanas17/setunggal_ws/src/first_pubsub/src/logger_node.cpp:6[m[K:
[1.382s] [01m[K/home/azharanas17/setunggal_ws/src/first_pubsub/include/first_pubsub/logger.hpp:4:7:[m[K [01;31m[Kerror: [m[Kredefinition of ‘[01m[Kclass Logger[m[K’
[1.382s]     4 | class [01;31m[KLogger[m[K
[1.382s]       |       [01;31m[K^~~~~~[m[K
[1.382s] In file included from [01m[K/home/azharanas17/setunggal_ws/src/first_pubsub/src/logger_node.cpp:5[m[K:
[1.382s] [01m[K/home/azharanas17/setunggal_ws/src/first_pubsub/include/first_pubsub/logger.hpp:4:7:[m[K [01;36m[Knote: [m[Kprevious definition of ‘[01m[Kclass Logger[m[K’
[1.382s]     4 | class [01;36m[KLogger[m[K
[1.382s]       |       [01;36m[K^~~~~~[m[K
[1.400s] [01m[K/home/azharanas17/setunggal_ws/src/first_pubsub/src/logger_node.cpp:10:7:[m[K [01;31m[Kerror: [m[Kredefinition of ‘[01m[Kclass LoggerNode[m[K’
[1.400s]    10 | class [01;31m[KLoggerNode[m[K : public rclcpp::Node
[1.400s]       |       [01;31m[K^~~~~~~~~~[m[K
[1.400s] In file included from [01m[K/home/azharanas17/setunggal_ws/src/first_pubsub/src/logger_node.cpp:6[m[K:
[1.400s] [01m[K/home/azharanas17/setunggal_ws/src/first_pubsub/include/first_pubsub/logger_node.hpp:8:7:[m[K [01;36m[Knote: [m[Kprevious definition of ‘[01m[Kclass LoggerNode[m[K’
[1.400s]     8 | class [01;36m[KLoggerNode[m[K : public rclcpp::Node
[1.400s]       |       [01;36m[K^~~~~~~~~~[m[K
[1.753s] [01m[K/home/azharanas17/setunggal_ws/src/first_pubsub/src/logger.cpp:17:7:[m[K [01;31m[Kerror: [m[Kredefinition of ‘[01m[Kclass Logger[m[K’
[1.753s]    17 | class [01;31m[KLogger[m[K
[1.753s]       |       [01;31m[K^~~~~~[m[K
[1.753s] In file included from [01m[K/home/azharanas17/setunggal_ws/src/first_pubsub/src/logger.cpp:10[m[K:
[1.753s] [01m[K/home/azharanas17/setunggal_ws/src/first_pubsub/include/first_pubsub/logger.hpp:4:7:[m[K [01;36m[Knote: [m[Kprevious definition of ‘[01m[Kclass Logger[m[K’
[1.753s]     4 | class [01;36m[KLogger[m[K
[1.754s]       |       [01;36m[K^~~~~~[m[K
[1.821s] make[2]: *** [CMakeFiles/first_pubsub.dir/build.make:63: CMakeFiles/first_pubsub.dir/src/logger_node.cpp.o] Error 1
[1.821s] make[2]: *** Waiting for unfinished jobs....
[2.490s] make[2]: *** [CMakeFiles/first_pubsub.dir/build.make:76: CMakeFiles/first_pubsub.dir/src/logger.cpp.o] Error 1
[2.490s] make[1]: *** [CMakeFiles/Makefile2:78: CMakeFiles/first_pubsub.dir/all] Error 2
[2.490s] make: *** [Makefile:141: all] Error 2
[2.502s] Invoked command in '/home/azharanas17/setunggal_ws/build/first_pubsub' returned '2': AMENT_PREFIX_PATH=/home/azharanas17/setunggal_ws/install/first_interfaces:${AMENT_PREFIX_PATH} CMAKE_PREFIX_PATH=/home/azharanas17/setunggal_ws/install/first_interfaces:/opt/ros/foxy LD_LIBRARY_PATH=/home/azharanas17/setunggal_ws/install/first_interfaces/lib:${LD_LIBRARY_PATH} PYTHONPATH=/home/azharanas17/setunggal_ws/install/first_interfaces/lib/python3.8/site-packages:${PYTHONPATH} /usr/bin/cmake --build /home/azharanas17/setunggal_ws/build/first_pubsub -- -j4 -l4
