CMake Error at CMakeLists.txt:49 (add_executable):
  Cannot find source file:

    src/move_joint_main.cpp

  Tried extensions .c .C .c++ .cc .cpp .cxx .cu .m .M .mm .h .hh .h++ .hm
  .hpp .hxx .in .txx


CMake Error at CMakeLists.txt:43 (add_executable):
  Cannot find source file:

    src/check_joints_main.cpp

  Tried extensions .c .C .c++ .cc .cpp .cxx .cu .m .M .mm .h .hh .h++ .hm
  .hpp .hxx .in .txx


CMake Error at CMakeLists.txt:55 (add_executable):
  Cannot find source file:

    src/tachimawari_main.cpp

  Tried extensions .c .C .c++ .cc .cpp .cxx .cu .m .M .mm .h .hh .h++ .hm
  .hpp .hxx .in .txx


CMake Error at CMakeLists.txt:49 (add_executable):
  No SOURCES given to target: move_joint


CMake Error at CMakeLists.txt:43 (add_executable):
  No SOURCES given to target: check_joints


CMake Error at CMakeLists.txt:55 (add_executable):
  No SOURCES given to target: tachimawari_main


CMake Generate step failed.  Build files cannot be regenerated correctly.
make: *** [Makefile:313: cmake_check_build_system] Error 1
