[0.010s] Invoking command in '/home/azharanas17/setunggal_ws/build/first_pubsub': AMENT_PREFIX_PATH=/home/azharanas17/setunggal_ws/install/first_interfaces:${AMENT_PREFIX_PATH} CMAKE_PREFIX_PATH=/home/azharanas17/setunggal_ws/install/first_interfaces:/opt/ros/foxy LD_LIBRARY_PATH=/home/azharanas17/setunggal_ws/install/first_interfaces/lib:${LD_LIBRARY_PATH} PYTHONPATH=/home/azharanas17/setunggal_ws/install/first_interfaces/lib/python3.8/site-packages:${PYTHONPATH} /usr/bin/cmake --build /home/azharanas17/setunggal_ws/build/first_pubsub -- -j4 -l4
[0.035s] -- Found ament_cmake: 0.9.9 (/opt/ros/foxy/share/ament_cmake/cmake)
[0.055s] -- Using PYTHON_EXECUTABLE: /usr/bin/python3
[0.200s] -- Found rclcpp: 2.4.1 (/opt/ros/foxy/share/rclcpp/cmake)
[0.235s] -- Using all available rosidl_typesupport_c: rosidl_typesupport_fastrtps_c;rosidl_typesupport_introspection_c
[0.238s] -- Found rosidl_adapter: 1.2.1 (/opt/ros/foxy/share/rosidl_adapter/cmake)
[0.340s] -- Using all available rosidl_typesupport_cpp: rosidl_typesupport_fastrtps_cpp;rosidl_typesupport_introspection_cpp
[0.386s] -- Found rmw_implementation_cmake: 1.0.3 (/opt/ros/foxy/share/rmw_implementation_cmake/cmake)
[0.387s] -- Using RMW implementation 'rmw_fastrtps_cpp' as default
[0.502s] -- Found first_interfaces: 0.0.0 (/home/azharanas17/setunggal_ws/install/first_interfaces/share/first_interfaces/cmake)
[0.509s] -- Found first_pubsub: 0.0.0 (/home/azharanas17/setunggal_ws/install/first_pubsub/share/first_pubsub/cmake)
[0.510s] -- Found ament_lint_auto: 0.9.6 (/opt/ros/foxy/share/ament_lint_auto/cmake)
[0.565s] -- Added test 'copyright' to check source files copyright and LICENSE
[0.566s] -- Added test 'cppcheck' to perform static code analysis on C / C++ code
[0.566s] -- Configured cppcheck include dirs: $<BUILD_INTERFACE:/home/azharanas17/setunggal_ws/src/first_pubsub/include>
[0.566s] -- Configured cppcheck exclude dirs and/or files: 
[0.567s] -- Added test 'cpplint' to check C / C++ code against the Google style
[0.567s] -- Configured cpplint exclude dirs and/or files: 
[0.567s] -- Added test 'lint_cmake' to check CMake code style
[0.568s] -- Added test 'uncrustify' to check C / C++ code style
[0.568s] -- Configured uncrustify additional arguments: 
[0.569s] -- Added test 'xmllint' to check XML markup files
[0.573s] -- Configuring done
[0.573s] CMake Error at CMakeLists.txt:49 (add_executable):
[0.573s]   Cannot find source file:
[0.573s] 
[0.573s]     src/move_joint_main.cpp
[0.573s] 
[0.573s]   Tried extensions .c .C .c++ .cc .cpp .cxx .cu .m .M .mm .h .hh .h++ .hm
[0.574s]   .hpp .hxx .in .txx
[0.574s] 
[0.574s] 
[0.574s] CMake Error at CMakeLists.txt:43 (add_executable):
[0.574s]   Cannot find source file:
[0.574s] 
[0.574s]     src/check_joints_main.cpp
[0.574s] 
[0.574s]   Tried extensions .c .C .c++ .cc .cpp .cxx .cu .m .M .mm .h .hh .h++ .hm
[0.574s]   .hpp .hxx .in .txx
[0.574s] 
[0.574s] 
[0.574s] CMake Error at CMakeLists.txt:55 (add_executable):
[0.574s]   Cannot find source file:
[0.574s] 
[0.575s]     src/tachimawari_main.cpp
[0.575s] 
[0.575s]   Tried extensions .c .C .c++ .cc .cpp .cxx .cu .m .M .mm .h .hh .h++ .hm
[0.575s]   .hpp .hxx .in .txx
[0.575s] 
[0.575s] 
[0.575s] CMake Error at CMakeLists.txt:49 (add_executable):
[0.575s]   No SOURCES given to target: move_joint
[0.575s] 
[0.575s] 
[0.575s] CMake Error at CMakeLists.txt:43 (add_executable):
[0.575s]   No SOURCES given to target: check_joints
[0.575s] 
[0.575s] 
[0.575s] CMake Error at CMakeLists.txt:55 (add_executable):
[0.575s]   No SOURCES given to target: tachimawari_main
[0.575s] 
[0.575s] 
[0.575s] CMake Generate step failed.  Build files cannot be regenerated correctly.
[0.579s] make: *** [Makefile:313: cmake_check_build_system] Error 1
[0.581s] Invoked command in '/home/azharanas17/setunggal_ws/build/first_pubsub' returned '2': AMENT_PREFIX_PATH=/home/azharanas17/setunggal_ws/install/first_interfaces:${AMENT_PREFIX_PATH} CMAKE_PREFIX_PATH=/home/azharanas17/setunggal_ws/install/first_interfaces:/opt/ros/foxy LD_LIBRARY_PATH=/home/azharanas17/setunggal_ws/install/first_interfaces/lib:${LD_LIBRARY_PATH} PYTHONPATH=/home/azharanas17/setunggal_ws/install/first_interfaces/lib/python3.8/site-packages:${PYTHONPATH} /usr/bin/cmake --build /home/azharanas17/setunggal_ws/build/first_pubsub -- -j4 -l4
