[0.009s] Invoking command in '/home/azharanas17/setunggal_ws/build/first_pubsub': CMAKE_PREFIX_PATH=/home/azharanas17/setunggal_ws/install/first_interfaces:/home/azharanas17/setunggal_ws/install/turtlesim:/home/azharanas17/setunggal_ws/install/first_pubsub:/opt/ros/foxy LD_LIBRARY_PATH=/home/azharanas17/setunggal_ws/install/first_interfaces/lib:/home/azharanas17/setunggal_ws/install/turtlesim/lib:/home/azharanas17/setunggal_ws/install/first_pubsub/lib:/opt/ros/foxy/opt/yaml_cpp_vendor/lib:/opt/ros/foxy/opt/rviz_ogre_vendor/lib:/opt/ros/foxy/lib/x86_64-linux-gnu:/opt/ros/foxy/lib PYTHONPATH=/home/azharanas17/setunggal_ws/install/first_interfaces/lib/python3.8/site-packages:/home/azharanas17/setunggal_ws/install/turtlesim/lib/python3.8/site-packages:/opt/ros/foxy/lib/python3.8/site-packages /usr/bin/cmake --build /home/azharanas17/setunggal_ws/build/first_pubsub -- -j4 -l4
[0.044s] [35m[1mScanning dependencies of target first_pubsub[0m
[0.062s] [ 14%] [32mBuilding CXX object CMakeFiles/first_pubsub.dir/src/logger_sub_node.cpp.o[0m
[1.156s] [01m[K/home/azharanas17/setunggal_ws/src/first_pubsub/src/logger_sub_node.cpp:[m[K In member function ‘[01m[Kvoid LoggerSub::topic_callback(first_interfaces::msg::Log_<std::allocator<void> >::SharedPtr) const[m[K’:
[1.156s] [01m[K/home/azharanas17/setunggal_ws/src/first_pubsub/src/logger_sub_node.cpp:38:22:[m[K [01;31m[Kerror: [m[Kno match for ‘[01m[Koperator>=[m[K’ (operand types are ‘[01m[Kstd::string[m[K’ {aka ‘[01m[Kstd::__cxx11::basic_string<char>[m[K’} and ‘[01m[Klevel[m[K’)
[1.156s]    38 |         if([32m[Klevel_log[m[K [01;31m[K>=[m[K [34m[KINFO[m[K)
[1.157s]       |            [32m[K~~~~~~~~~[m[K [01;31m[K^~[m[K [34m[K~~~~[m[K
[1.157s]       |            [32m[K|[m[K            [34m[K|[m[K
[1.157s]       |            [32m[K|[m[K            [34m[Klevel[m[K
[1.157s]       |            [32m[Kstd::string {aka std::__cxx11::basic_string<char>}[m[K
[1.157s] In file included from [01m[K/usr/include/c++/9/bits/stl_algobase.h:64[m[K,
[1.157s]                  from [01m[K/usr/include/c++/9/bits/char_traits.h:39[m[K,
[1.157s]                  from [01m[K/usr/include/c++/9/ios:40[m[K,
[1.157s]                  from [01m[K/usr/include/c++/9/ostream:38[m[K,
[1.157s]                  from [01m[K/usr/include/c++/9/iostream:39[m[K,
[1.157s]                  from [01m[K/home/azharanas17/setunggal_ws/src/first_pubsub/src/logger_sub_node.cpp:1[m[K:
[1.157s] [01m[K/usr/include/c++/9/bits/stl_pair.h:479:5:[m[K [01;36m[Knote: [m[Kcandidate: ‘[01m[Ktemplate<class _T1, class _T2> constexpr bool std::operator>=(const std::pair<_T1, _T2>&, const std::pair<_T1, _T2>&)[m[K’
[1.157s]   479 |     [01;36m[Koperator[m[K>=(const pair<_T1, _T2>& __x, const pair<_T1, _T2>& __y)
[1.157s]       |     [01;36m[K^~~~~~~~[m[K
[1.164s] [01m[K/usr/include/c++/9/bits/stl_pair.h:479:5:[m[K [01;36m[Knote: [m[K  template argument deduction/substitution failed:
[1.164s] [01m[K/home/azharanas17/setunggal_ws/src/first_pubsub/src/logger_sub_node.cpp:38:25:[m[K [01;36m[Knote: [m[K  ‘[01m[Kstd::string[m[K’ {aka ‘[01m[Kstd::__cxx11::basic_string<char>[m[K’} is not derived from ‘[01m[Kconst std::pair<_T1, _T2>[m[K’
[1.164s]    38 |         if(level_log >= [01;36m[KINFO[m[K)
[1.164s]       |                         [01;36m[K^~~~[m[K
[1.165s] In file included from [01m[K/usr/include/c++/9/bits/stl_algobase.h:67[m[K,
[1.165s]                  from [01m[K/usr/include/c++/9/bits/char_traits.h:39[m[K,
[1.165s]                  from [01m[K/usr/include/c++/9/ios:40[m[K,
[1.165s]                  from [01m[K/usr/include/c++/9/ostream:38[m[K,
[1.165s]                  from [01m[K/usr/include/c++/9/iostream:39[m[K,
[1.165s]                  from [01m[K/home/azharanas17/setunggal_ws/src/first_pubsub/src/logger_sub_node.cpp:1[m[K:
[1.165s] [01m[K/usr/include/c++/9/bits/stl_iterator.h:355:5:[m[K [01;36m[Knote: [m[Kcandidate: ‘[01m[Ktemplate<class _Iterator> bool std::operator>=(const std::reverse_iterator<_Iterator>&, const std::reverse_iterator<_Iterator>&)[m[K’
[1.165s]   355 |     [01;36m[Koperator[m[K>=(const reverse_iterator<_Iterator>& __x,
[1.165s]       |     [01;36m[K^~~~~~~~[m[K
[1.165s] [01m[K/usr/include/c++/9/bits/stl_iterator.h:355:5:[m[K [01;36m[Knote: [m[K  template argument deduction/substitution failed:
[1.165s] [01m[K/home/azharanas17/setunggal_ws/src/first_pubsub/src/logger_sub_node.cpp:38:25:[m[K [01;36m[Knote: [m[K  ‘[01m[Kstd::string[m[K’ {aka ‘[01m[Kstd::__cxx11::basic_string<char>[m[K’} is not derived from ‘[01m[Kconst std::reverse_iterator<_Iterator>[m[K’
[1.165s]    38 |         if(level_log >= [01;36m[KINFO[m[K)
[1.165s]       |                         [01;36m[K^~~~[m[K
[1.166s] In file included from [01m[K/usr/include/c++/9/bits/stl_algobase.h:67[m[K,
[1.166s]                  from [01m[K/usr/include/c++/9/bits/char_traits.h:39[m[K,
[1.166s]                  from [01m[K/usr/include/c++/9/ios:40[m[K,
[1.166s]                  from [01m[K/usr/include/c++/9/ostream:38[m[K,
[1.166s]                  from [01m[K/usr/include/c++/9/iostream:39[m[K,
[1.166s]                  from [01m[K/home/azharanas17/setunggal_ws/src/first_pubsub/src/logger_sub_node.cpp:1[m[K:
[1.166s] [01m[K/usr/include/c++/9/bits/stl_iterator.h:393:5:[m[K [01;36m[Knote: [m[Kcandidate: ‘[01m[Ktemplate<class _IteratorL, class _IteratorR> bool std::operator>=(const std::reverse_iterator<_Iterator>&, const std::reverse_iterator<_IteratorR>&)[m[K’
[1.167s]   393 |     [01;36m[Koperator[m[K>=(const reverse_iterator<_IteratorL>& __x,
[1.167s]       |     [01;36m[K^~~~~~~~[m[K
[1.167s] [01m[K/usr/include/c++/9/bits/stl_iterator.h:393:5:[m[K [01;36m[Knote: [m[K  template argument deduction/substitution failed:
[1.167s] [01m[K/home/azharanas17/setunggal_ws/src/first_pubsub/src/logger_sub_node.cpp:38:25:[m[K [01;36m[Knote: [m[K  ‘[01m[Kstd::string[m[K’ {aka ‘[01m[Kstd::__cxx11::basic_string<char>[m[K’} is not derived from ‘[01m[Kconst std::reverse_iterator<_Iterator>[m[K’
[1.167s]    38 |         if(level_log >= [01;36m[KINFO[m[K)
[1.167s]       |                         [01;36m[K^~~~[m[K
[1.167s] In file included from [01m[K/usr/include/c++/9/bits/stl_algobase.h:67[m[K,
[1.167s]                  from [01m[K/usr/include/c++/9/bits/char_traits.h:39[m[K,
[1.167s]                  from [01m[K/usr/include/c++/9/ios:40[m[K,
[1.167s]                  from [01m[K/usr/include/c++/9/ostream:38[m[K,
[1.167s]                  from [01m[K/usr/include/c++/9/iostream:39[m[K,
[1.167s]                  from [01m[K/home/azharanas17/setunggal_ws/src/first_pubsub/src/logger_sub_node.cpp:1[m[K:
[1.167s] [01m[K/usr/include/c++/9/bits/stl_iterator.h:1199:5:[m[K [01;36m[Knote: [m[Kcandidate: ‘[01m[Ktemplate<class _IteratorL, class _IteratorR> bool std::operator>=(const std::move_iterator<_IteratorL>&, const std::move_iterator<_IteratorR>&)[m[K’
[1.167s]  1199 |     [01;36m[Koperator[m[K>=(const move_iterator<_IteratorL>& __x,
[1.167s]       |     [01;36m[K^~~~~~~~[m[K
[1.167s] [01m[K/usr/include/c++/9/bits/stl_iterator.h:1199:5:[m[K [01;36m[Knote: [m[K  template argument deduction/substitution failed:
[1.167s] [01m[K/home/azharanas17/setunggal_ws/src/first_pubsub/src/logger_sub_node.cpp:38:25:[m[K [01;36m[Knote: [m[K  ‘[01m[Kstd::string[m[K’ {aka ‘[01m[Kstd::__cxx11::basic_string<char>[m[K’} is not derived from ‘[01m[Kconst std::move_iterator<_IteratorL>[m[K’
[1.167s]    38 |         if(level_log >= [01;36m[KINFO[m[K)
[1.167s]       |                         [01;36m[K^~~~[m[K
[1.167s] In file included from [01m[K/usr/include/c++/9/bits/stl_algobase.h:67[m[K,
[1.167s]                  from [01m[K/usr/include/c++/9/bits/char_traits.h:39[m[K,
[1.167s]                  from [01m[K/usr/include/c++/9/ios:40[m[K,
[1.167s]                  from [01m[K/usr/include/c++/9/ostream:38[m[K,
[1.167s]                  from [01m[K/usr/include/c++/9/iostream:39[m[K,
[1.168s]                  from [01m[K/home/azharanas17/setunggal_ws/src/first_pubsub/src/logger_sub_node.cpp:1[m[K:
[1.168s] [01m[K/usr/include/c++/9/bits/stl_iterator.h:1205:5:[m[K [01;36m[Knote: [m[Kcandidate: ‘[01m[Ktemplate<class _Iterator> bool std::operator>=(const std::move_iterator<_IteratorL>&, const std::move_iterator<_IteratorL>&)[m[K’
[1.168s]  1205 |     [01;36m[Koperator[m[K>=(const move_iterator<_Iterator>& __x,
[1.168s]       |     [01;36m[K^~~~~~~~[m[K
[1.168s] [01m[K/usr/include/c++/9/bits/stl_iterator.h:1205:5:[m[K [01;36m[Knote: [m[K  template argument deduction/substitution failed:
[1.168s] [01m[K/home/azharanas17/setunggal_ws/src/first_pubsub/src/logger_sub_node.cpp:38:25:[m[K [01;36m[Knote: [m[K  ‘[01m[Kstd::string[m[K’ {aka ‘[01m[Kstd::__cxx11::basic_string<char>[m[K’} is not derived from ‘[01m[Kconst std::move_iterator<_IteratorL>[m[K’
[1.168s]    38 |         if(level_log >= [01;36m[KINFO[m[K)
[1.168s]       |                         [01;36m[K^~~~[m[K
[1.168s] In file included from [01m[K/usr/include/c++/9/string:55[m[K,
[1.168s]                  from [01m[K/usr/include/c++/9/bits/locale_classes.h:40[m[K,
[1.168s]                  from [01m[K/usr/include/c++/9/bits/ios_base.h:41[m[K,
[1.168s]                  from [01m[K/usr/include/c++/9/ios:42[m[K,
[1.168s]                  from [01m[K/usr/include/c++/9/ostream:38[m[K,
[1.168s]                  from [01m[K/usr/include/c++/9/iostream:39[m[K,
[1.168s]                  from [01m[K/home/azharanas17/setunggal_ws/src/first_pubsub/src/logger_sub_node.cpp:1[m[K:
[1.168s] [01m[K/usr/include/c++/9/bits/basic_string.h:6340:5:[m[K [01;36m[Knote: [m[Kcandidate: ‘[01m[Ktemplate<class _CharT, class _Traits, class _Alloc> bool std::operator>=(const std::__cxx11::basic_string<_CharT, _Traits, _Alloc>&, const std::__cxx11::basic_string<_CharT, _Traits, _Alloc>&)[m[K’
[1.168s]  6340 |     [01;36m[Koperator[m[K>=(const basic_string<_CharT, _Traits, _Alloc>& __lhs,
[1.168s]       |     [01;36m[K^~~~~~~~[m[K
[1.168s] [01m[K/usr/include/c++/9/bits/basic_string.h:6340:5:[m[K [01;36m[Knote: [m[K  template argument deduction/substitution failed:
[1.168s] [01m[K/home/azharanas17/setunggal_ws/src/first_pubsub/src/logger_sub_node.cpp:38:25:[m[K [01;36m[Knote: [m[K  mismatched types ‘[01m[Kconst std::__cxx11::basic_string<_CharT, _Traits, _Alloc>[m[K’ and ‘[01m[Klevel[m[K’
[1.168s]    38 |         if(level_log >= [01;36m[KINFO[m[K)
[1.168s]       |                         [01;36m[K^~~~[m[K
[1.168s] In file included from [01m[K/usr/include/c++/9/string:55[m[K,
[1.168s]                  from [01m[K/usr/include/c++/9/bits/locale_classes.h:40[m[K,
[1.168s]                  from [01m[K/usr/include/c++/9/bits/ios_base.h:41[m[K,
[1.169s]                  from [01m[K/usr/include/c++/9/ios:42[m[K,
[1.169s]                  from [01m[K/usr/include/c++/9/ostream:38[m[K,
[1.169s]                  from [01m[K/usr/include/c++/9/iostream:39[m[K,
[1.169s]                  from [01m[K/home/azharanas17/setunggal_ws/src/first_pubsub/src/logger_sub_node.cpp:1[m[K:
[1.169s] [01m[K/usr/include/c++/9/bits/basic_string.h:6353:5:[m[K [01;36m[Knote: [m[Kcandidate: ‘[01m[Ktemplate<class _CharT, class _Traits, class _Alloc> bool std::operator>=(const std::__cxx11::basic_string<_CharT, _Traits, _Alloc>&, const _CharT*)[m[K’
[1.169s]  6353 |     [01;36m[Koperator[m[K>=(const basic_string<_CharT, _Traits, _Alloc>& __lhs,
[1.169s]       |     [01;36m[K^~~~~~~~[m[K
[1.169s] [01m[K/usr/include/c++/9/bits/basic_string.h:6353:5:[m[K [01;36m[Knote: [m[K  template argument deduction/substitution failed:
[1.169s] [01m[K/home/azharanas17/setunggal_ws/src/first_pubsub/src/logger_sub_node.cpp:38:25:[m[K [01;36m[Knote: [m[K  mismatched types ‘[01m[Kconst _CharT*[m[K’ and ‘[01m[Klevel[m[K’
[1.169s]    38 |         if(level_log >= [01;36m[KINFO[m[K)
[1.169s]       |                         [01;36m[K^~~~[m[K
[1.169s] In file included from [01m[K/usr/include/c++/9/string:55[m[K,
[1.169s]                  from [01m[K/usr/include/c++/9/bits/locale_classes.h:40[m[K,
[1.169s]                  from [01m[K/usr/include/c++/9/bits/ios_base.h:41[m[K,
[1.169s]                  from [01m[K/usr/include/c++/9/ios:42[m[K,
[1.169s]                  from [01m[K/usr/include/c++/9/ostream:38[m[K,
[1.169s]                  from [01m[K/usr/include/c++/9/iostream:39[m[K,
[1.169s]                  from [01m[K/home/azharanas17/setunggal_ws/src/first_pubsub/src/logger_sub_node.cpp:1[m[K:
[1.169s] [01m[K/usr/include/c++/9/bits/basic_string.h:6365:5:[m[K [01;36m[Knote: [m[Kcandidate: ‘[01m[Ktemplate<class _CharT, class _Traits, class _Alloc> bool std::operator>=(const _CharT*, const std::__cxx11::basic_string<_CharT, _Traits, _Alloc>&)[m[K’
[1.169s]  6365 |     [01;36m[Koperator[m[K>=(const _CharT* __lhs,
[1.169s]       |     [01;36m[K^~~~~~~~[m[K
[1.169s] [01m[K/usr/include/c++/9/bits/basic_string.h:6365:5:[m[K [01;36m[Knote: [m[K  template argument deduction/substitution failed:
[1.169s] [01m[K/home/azharanas17/setunggal_ws/src/first_pubsub/src/logger_sub_node.cpp:38:25:[m[K [01;36m[Knote: [m[K  mismatched types ‘[01m[Kconst _CharT*[m[K’ and ‘[01m[Kstd::__cxx11::basic_string<char>[m[K’
[1.169s]    38 |         if(level_log >= [01;36m[KINFO[m[K)
[1.169s]       |                         [01;36m[K^~~~[m[K
[1.169s] In file included from [01m[K/usr/include/c++/9/tuple:39[m[K,
[1.169s]                  from [01m[K/usr/include/c++/9/bits/unique_ptr.h:37[m[K,
[1.170s]                  from [01m[K/usr/include/c++/9/bits/locale_conv.h:41[m[K,
[1.170s]                  from [01m[K/usr/include/c++/9/locale:43[m[K,
[1.170s]                  from [01m[K/usr/include/c++/9/iomanip:43[m[K,
[1.170s]                  from [01m[K/home/azharanas17/setunggal_ws/src/first_pubsub/src/logger_sub_node.cpp:3[m[K:
[1.170s] [01m[K/usr/include/c++/9/array:280:5:[m[K [01;36m[Knote: [m[Kcandidate: ‘[01m[Ktemplate<class _Tp, long unsigned int _Nm> bool std::operator>=(const std::array<_Tp, _Nm>&, const std::array<_Tp, _Nm>&)[m[K’
[1.170s]   280 |     [01;36m[Koperator[m[K>=(const array<_Tp, _Nm>& __one, const array<_Tp, _Nm>& __two)
[1.170s]       |     [01;36m[K^~~~~~~~[m[K
[1.170s] [01m[K/usr/include/c++/9/array:280:5:[m[K [01;36m[Knote: [m[K  template argument deduction/substitution failed:
[1.170s] [01m[K/home/azharanas17/setunggal_ws/src/first_pubsub/src/logger_sub_node.cpp:38:25:[m[K [01;36m[Knote: [m[K  ‘[01m[Kstd::string[m[K’ {aka ‘[01m[Kstd::__cxx11::basic_string<char>[m[K’} is not derived from ‘[01m[Kconst std::array<_Tp, _Nm>[m[K’
[1.170s]    38 |         if(level_log >= [01;36m[KINFO[m[K)
[1.170s]       |                         [01;36m[K^~~~[m[K
[1.170s] In file included from [01m[K/usr/include/c++/9/bits/unique_ptr.h:37[m[K,
[1.170s]                  from [01m[K/usr/include/c++/9/bits/locale_conv.h:41[m[K,
[1.170s]                  from [01m[K/usr/include/c++/9/locale:43[m[K,
[1.170s]                  from [01m[K/usr/include/c++/9/iomanip:43[m[K,
[1.170s]                  from [01m[K/home/azharanas17/setunggal_ws/src/first_pubsub/src/logger_sub_node.cpp:3[m[K:
[1.170s] [01m[K/usr/include/c++/9/tuple:1463:5:[m[K [01;36m[Knote: [m[Kcandidate: ‘[01m[Ktemplate<class ... _TElements, class ... _UElements> constexpr bool std::operator>=(const std::tuple<_Tps ...>&, const std::tuple<_Elements ...>&)[m[K’
[1.170s]  1463 |     [01;36m[Koperator[m[K>=(const tuple<_TElements...>& __t,
[1.170s]       |     [01;36m[K^~~~~~~~[m[K
[1.170s] [01m[K/usr/include/c++/9/tuple:1463:5:[m[K [01;36m[Knote: [m[K  template argument deduction/substitution failed:
[1.170s] [01m[K/home/azharanas17/setunggal_ws/src/first_pubsub/src/logger_sub_node.cpp:38:25:[m[K [01;36m[Knote: [m[K  ‘[01m[Kstd::string[m[K’ {aka ‘[01m[Kstd::__cxx11::basic_string<char>[m[K’} is not derived from ‘[01m[Kconst std::tuple<_Tps ...>[m[K’
[1.170s]    38 |         if(level_log >= [01;36m[KINFO[m[K)
[1.170s]       |                         [01;36m[K^~~~[m[K
[1.170s] In file included from [01m[K/usr/include/c++/9/bits/locale_conv.h:41[m[K,
[1.170s]                  from [01m[K/usr/include/c++/9/locale:43[m[K,
[1.170s]                  from [01m[K/usr/include/c++/9/iomanip:43[m[K,
[1.171s]                  from [01m[K/home/azharanas17/setunggal_ws/src/first_pubsub/src/logger_sub_node.cpp:3[m[K:
[1.171s] [01m[K/usr/include/c++/9/bits/unique_ptr.h:809:5:[m[K [01;36m[Knote: [m[Kcandidate: ‘[01m[Ktemplate<class _Tp, class _Dp, class _Up, class _Ep> bool std::operator>=(const std::unique_ptr<_Tp, _Dp>&, const std::unique_ptr<_Up, _Ep>&)[m[K’
[1.171s]   809 |     [01;36m[Koperator[m[K>=(const unique_ptr<_Tp, _Dp>& __x,
[1.171s]       |     [01;36m[K^~~~~~~~[m[K
[1.171s] [01m[K/usr/include/c++/9/bits/unique_ptr.h:809:5:[m[K [01;36m[Knote: [m[K  template argument deduction/substitution failed:
[1.171s] [01m[K/home/azharanas17/setunggal_ws/src/first_pubsub/src/logger_sub_node.cpp:38:25:[m[K [01;36m[Knote: [m[K  ‘[01m[Kstd::string[m[K’ {aka ‘[01m[Kstd::__cxx11::basic_string<char>[m[K’} is not derived from ‘[01m[Kconst std::unique_ptr<_Tp, _Dp>[m[K’
[1.171s]    38 |         if(level_log >= [01;36m[KINFO[m[K)
[1.171s]       |                         [01;36m[K^~~~[m[K
[1.171s] In file included from [01m[K/usr/include/c++/9/bits/locale_conv.h:41[m[K,
[1.171s]                  from [01m[K/usr/include/c++/9/locale:43[m[K,
[1.171s]                  from [01m[K/usr/include/c++/9/iomanip:43[m[K,
[1.171s]                  from [01m[K/home/azharanas17/setunggal_ws/src/first_pubsub/src/logger_sub_node.cpp:3[m[K:
[1.171s] [01m[K/usr/include/c++/9/bits/unique_ptr.h:815:5:[m[K [01;36m[Knote: [m[Kcandidate: ‘[01m[Ktemplate<class _Tp, class _Dp> bool std::operator>=(const std::unique_ptr<_Tp, _Dp>&, std::nullptr_t)[m[K’
[1.171s]   815 |     [01;36m[Koperator[m[K>=(const unique_ptr<_Tp, _Dp>& __x, nullptr_t)
[1.171s]       |     [01;36m[K^~~~~~~~[m[K
[1.171s] [01m[K/usr/include/c++/9/bits/unique_ptr.h:815:5:[m[K [01;36m[Knote: [m[K  template argument deduction/substitution failed:
[1.171s] [01m[K/home/azharanas17/setunggal_ws/src/first_pubsub/src/logger_sub_node.cpp:38:25:[m[K [01;36m[Knote: [m[K  ‘[01m[Kstd::string[m[K’ {aka ‘[01m[Kstd::__cxx11::basic_string<char>[m[K’} is not derived from ‘[01m[Kconst std::unique_ptr<_Tp, _Dp>[m[K’
[1.171s]    38 |         if(level_log >= [01;36m[KINFO[m[K)
[1.171s]       |                         [01;36m[K^~~~[m[K
[1.171s] In file included from [01m[K/usr/include/c++/9/bits/locale_conv.h:41[m[K,
[1.171s]                  from [01m[K/usr/include/c++/9/locale:43[m[K,
[1.172s]                  from [01m[K/usr/include/c++/9/iomanip:43[m[K,
[1.172s]                  from [01m[K/home/azharanas17/setunggal_ws/src/first_pubsub/src/logger_sub_node.cpp:3[m[K:
[1.172s] [01m[K/usr/include/c++/9/bits/unique_ptr.h:820:5:[m[K [01;36m[Knote: [m[Kcandidate: ‘[01m[Ktemplate<class _Tp, class _Dp> bool std::operator>=(std::nullptr_t, const std::unique_ptr<_Tp, _Dp>&)[m[K’
[1.172s]   820 |     [01;36m[Koperator[m[K>=(nullptr_t, const unique_ptr<_Tp, _Dp>& __x)
[1.172s]       |     [01;36m[K^~~~~~~~[m[K
[1.172s] [01m[K/usr/include/c++/9/bits/unique_ptr.h:820:5:[m[K [01;36m[Knote: [m[K  template argument deduction/substitution failed:
[1.172s] [01m[K/home/azharanas17/setunggal_ws/src/first_pubsub/src/logger_sub_node.cpp:38:25:[m[K [01;36m[Knote: [m[K  mismatched types ‘[01m[Kconst std::unique_ptr<_Tp, _Dp>[m[K’ and ‘[01m[Klevel[m[K’
[1.172s]    38 |         if(level_log >= [01;36m[KINFO[m[K)
[1.172s]       |                         [01;36m[K^~~~[m[K
[1.172s] In file included from [01m[K/usr/include/c++/9/bits/shared_ptr.h:52[m[K,
[1.172s]                  from [01m[K/usr/include/c++/9/memory:81[m[K,
[1.172s]                  from [01m[K/usr/include/nlohmann/json.hpp:45[m[K,
[1.172s]                  from [01m[K/home/azharanas17/setunggal_ws/src/first_pubsub/src/logger_sub_node.cpp:5[m[K:
[1.172s] [01m[K/usr/include/c++/9/bits/shared_ptr_base.h:1503:5:[m[K [01;36m[Knote: [m[Kcandidate: ‘[01m[Ktemplate<class _Tp1, class _Tp2, __gnu_cxx::_Lock_policy _Lp> bool std::operator>=(const std::__shared_ptr<_Tp1, _Lp>&, const std::__shared_ptr<_Tp2, _Lp>&)[m[K’
[1.172s]  1503 |     [01;36m[Koperator[m[K>=(const __shared_ptr<_Tp1, _Lp>& __a,
[1.172s]       |     [01;36m[K^~~~~~~~[m[K
[1.172s] [01m[K/usr/include/c++/9/bits/shared_ptr_base.h:1503:5:[m[K [01;36m[Knote: [m[K  template argument deduction/substitution failed:
[1.172s] [01m[K/home/azharanas17/setunggal_ws/src/first_pubsub/src/logger_sub_node.cpp:38:25:[m[K [01;36m[Knote: [m[K  ‘[01m[Kstd::string[m[K’ {aka ‘[01m[Kstd::__cxx11::basic_string<char>[m[K’} is not derived from ‘[01m[Kconst std::__shared_ptr<_Tp1, _Lp>[m[K’
[1.172s]    38 |         if(level_log >= [01;36m[KINFO[m[K)
[1.172s]       |                         [01;36m[K^~~~[m[K
[1.172s] In file included from [01m[K/usr/include/c++/9/bits/shared_ptr.h:52[m[K,
[1.172s]                  from [01m[K/usr/include/c++/9/memory:81[m[K,
[1.172s]                  from [01m[K/usr/include/nlohmann/json.hpp:45[m[K,
[1.172s]                  from [01m[K/home/azharanas17/setunggal_ws/src/first_pubsub/src/logger_sub_node.cpp:5[m[K:
[1.173s] [01m[K/usr/include/c++/9/bits/shared_ptr_base.h:1509:5:[m[K [01;36m[Knote: [m[Kcandidate: ‘[01m[Ktemplate<class _Tp, __gnu_cxx::_Lock_policy _Lp> bool std::operator>=(const std::__shared_ptr<_Tp, _Lp>&, std::nullptr_t)[m[K’
[1.173s]  1509 |     [01;36m[Koperator[m[K>=(const __shared_ptr<_Tp, _Lp>& __a, nullptr_t) noexcept
[1.173s]       |     [01;36m[K^~~~~~~~[m[K
[1.173s] [01m[K/usr/include/c++/9/bits/shared_ptr_base.h:1509:5:[m[K [01;36m[Knote: [m[K  template argument deduction/substitution failed:
[1.173s] [01m[K/home/azharanas17/setunggal_ws/src/first_pubsub/src/logger_sub_node.cpp:38:25:[m[K [01;36m[Knote: [m[K  ‘[01m[Kstd::string[m[K’ {aka ‘[01m[Kstd::__cxx11::basic_string<char>[m[K’} is not derived from ‘[01m[Kconst std::__shared_ptr<_Tp, _Lp>[m[K’
[1.173s]    38 |         if(level_log >= [01;36m[KINFO[m[K)
[1.173s]       |                         [01;36m[K^~~~[m[K
[1.173s] In file included from [01m[K/usr/include/c++/9/bits/shared_ptr.h:52[m[K,
[1.173s]                  from [01m[K/usr/include/c++/9/memory:81[m[K,
[1.173s]                  from [01m[K/usr/include/nlohmann/json.hpp:45[m[K,
[1.173s]                  from [01m[K/home/azharanas17/setunggal_ws/src/first_pubsub/src/logger_sub_node.cpp:5[m[K:
[1.173s] [01m[K/usr/include/c++/9/bits/shared_ptr_base.h:1514:5:[m[K [01;36m[Knote: [m[Kcandidate: ‘[01m[Ktemplate<class _Tp, __gnu_cxx::_Lock_policy _Lp> bool std::operator>=(std::nullptr_t, const std::__shared_ptr<_Tp, _Lp>&)[m[K’
[1.173s]  1514 |     [01;36m[Koperator[m[K>=(nullptr_t, const __shared_ptr<_Tp, _Lp>& __a) noexcept
[1.173s]       |     [01;36m[K^~~~~~~~[m[K
[1.173s] [01m[K/usr/include/c++/9/bits/shared_ptr_base.h:1514:5:[m[K [01;36m[Knote: [m[K  template argument deduction/substitution failed:
[1.173s] [01m[K/home/azharanas17/setunggal_ws/src/first_pubsub/src/logger_sub_node.cpp:38:25:[m[K [01;36m[Knote: [m[K  mismatched types ‘[01m[Kconst std::__shared_ptr<_Tp, _Lp>[m[K’ and ‘[01m[Klevel[m[K’
[1.173s]    38 |         if(level_log >= [01;36m[KINFO[m[K)
[1.173s]       |                         [01;36m[K^~~~[m[K
[1.173s] In file included from [01m[K/usr/include/c++/9/memory:81[m[K,
[1.173s]                  from [01m[K/usr/include/nlohmann/json.hpp:45[m[K,
[1.173s]                  from [01m[K/home/azharanas17/setunggal_ws/src/first_pubsub/src/logger_sub_node.cpp:5[m[K:
[1.173s] [01m[K/usr/include/c++/9/bits/shared_ptr.h:469:5:[m[K [01;36m[Knote: [m[Kcandidate: ‘[01m[Ktemplate<class _Tp, class _Up> bool std::operator>=(const std::shared_ptr<_Tp>&, const std::shared_ptr<_Tp>&)[m[K’
[1.173s]   469 |     [01;36m[Koperator[m[K>=(const shared_ptr<_Tp>& __a, const shared_ptr<_Up>& __b) noexcept
[1.173s]       |     [01;36m[K^~~~~~~~[m[K
[1.173s] [01m[K/usr/include/c++/9/bits/shared_ptr.h:469:5:[m[K [01;36m[Knote: [m[K  template argument deduction/substitution failed:
[1.173s] [01m[K/home/azharanas17/setunggal_ws/src/first_pubsub/src/logger_sub_node.cpp:38:25:[m[K [01;36m[Knote: [m[K  ‘[01m[Kstd::string[m[K’ {aka ‘[01m[Kstd::__cxx11::basic_string<char>[m[K’} is not derived from ‘[01m[Kconst std::shared_ptr<_Tp>[m[K’
[1.173s]    38 |         if(level_log >= [01;36m[KINFO[m[K)
[1.174s]       |                         [01;36m[K^~~~[m[K
[1.174s] In file included from [01m[K/usr/include/c++/9/memory:81[m[K,
[1.174s]                  from [01m[K/usr/include/nlohmann/json.hpp:45[m[K,
[1.174s]                  from [01m[K/home/azharanas17/setunggal_ws/src/first_pubsub/src/logger_sub_node.cpp:5[m[K:
[1.174s] [01m[K/usr/include/c++/9/bits/shared_ptr.h:474:5:[m[K [01;36m[Knote: [m[Kcandidate: ‘[01m[Ktemplate<class _Tp> bool std::operator>=(const std::shared_ptr<_Tp>&, std::nullptr_t)[m[K’
[1.174s]   474 |     [01;36m[Koperator[m[K>=(const shared_ptr<_Tp>& __a, nullptr_t) noexcept
[1.174s]       |     [01;36m[K^~~~~~~~[m[K
[1.174s] [01m[K/usr/include/c++/9/bits/shared_ptr.h:474:5:[m[K [01;36m[Knote: [m[K  template argument deduction/substitution failed:
[1.174s] [01m[K/home/azharanas17/setunggal_ws/src/first_pubsub/src/logger_sub_node.cpp:38:25:[m[K [01;36m[Knote: [m[K  ‘[01m[Kstd::string[m[K’ {aka ‘[01m[Kstd::__cxx11::basic_string<char>[m[K’} is not derived from ‘[01m[Kconst std::shared_ptr<_Tp>[m[K’
[1.174s]    38 |         if(level_log >= [01;36m[KINFO[m[K)
[1.174s]       |                         [01;36m[K^~~~[m[K
[1.174s] In file included from [01m[K/usr/include/c++/9/memory:81[m[K,
[1.174s]                  from [01m[K/usr/include/nlohmann/json.hpp:45[m[K,
[1.174s]                  from [01m[K/home/azharanas17/setunggal_ws/src/first_pubsub/src/logger_sub_node.cpp:5[m[K:
[1.174s] [01m[K/usr/include/c++/9/bits/shared_ptr.h:479:5:[m[K [01;36m[Knote: [m[Kcandidate: ‘[01m[Ktemplate<class _Tp> bool std::operator>=(std::nullptr_t, const std::shared_ptr<_Tp>&)[m[K’
[1.174s]   479 |     [01;36m[Koperator[m[K>=(nullptr_t, const shared_ptr<_Tp>& __a) noexcept
[1.174s]       |     [01;36m[K^~~~~~~~[m[K
[1.174s] [01m[K/usr/include/c++/9/bits/shared_ptr.h:479:5:[m[K [01;36m[Knote: [m[K  template argument deduction/substitution failed:
[1.174s] [01m[K/home/azharanas17/setunggal_ws/src/first_pubsub/src/logger_sub_node.cpp:38:25:[m[K [01;36m[Knote: [m[K  mismatched types ‘[01m[Kconst std::shared_ptr<_Tp>[m[K’ and ‘[01m[Klevel[m[K’
[1.174s]    38 |         if(level_log >= [01;36m[KINFO[m[K)
[1.174s]       |                         [01;36m[K^~~~[m[K
[1.174s] In file included from [01m[K/usr/include/c++/9/vector:67[m[K,
[1.174s]                  from [01m[K/usr/include/nlohmann/json.hpp:49[m[K,
[1.174s]                  from [01m[K/home/azharanas17/setunggal_ws/src/first_pubsub/src/logger_sub_node.cpp:5[m[K:
[1.174s] [01m[K/usr/include/c++/9/bits/stl_vector.h:1930:5:[m[K [01;36m[Knote: [m[Kcandidate: ‘[01m[Ktemplate<class _Tp, class _Alloc> bool std::operator>=(const std::vector<_Tp, _Alloc>&, const std::vector<_Tp, _Alloc>&)[m[K’
[1.174s]  1930 |     [01;36m[Koperator[m[K>=(const vector<_Tp, _Alloc>& __x, const vector<_Tp, _Alloc>& __y)
[1.174s]       |     [01;36m[K^~~~~~~~[m[K
[1.174s] [01m[K/usr/include/c++/9/bits/stl_vector.h:1930:5:[m[K [01;36m[Knote: [m[K  template argument deduction/substitution failed:
[1.175s] [01m[K/home/azharanas17/setunggal_ws/src/first_pubsub/src/logger_sub_node.cpp:38:25:[m[K [01;36m[Knote: [m[K  ‘[01m[Kstd::string[m[K’ {aka ‘[01m[Kstd::__cxx11::basic_string<char>[m[K’} is not derived from ‘[01m[Kconst std::vector<_Tp, _Alloc>[m[K’
[1.175s]    38 |         if(level_log >= [01;36m[KINFO[m[K)
[1.175s]       |                         [01;36m[K^~~~[m[K
[1.175s] In file included from [01m[K/usr/include/c++/9/forward_list:38[m[K,
[1.175s]                  from [01m[K/usr/include/nlohmann/detail/conversions/from_json.hpp:6[m[K,
[1.175s]                  from [01m[K/usr/include/nlohmann/adl_serializer.hpp:5[m[K,
[1.175s]                  from [01m[K/usr/include/nlohmann/json.hpp:51[m[K,
[1.175s]                  from [01m[K/home/azharanas17/setunggal_ws/src/first_pubsub/src/logger_sub_node.cpp:5[m[K:
[1.175s] [01m[K/usr/include/c++/9/bits/forward_list.h:1465:5:[m[K [01;36m[Knote: [m[Kcandidate: ‘[01m[Ktemplate<class _Tp, class _Alloc> bool std::operator>=(const std::forward_list<_Tp, _Alloc>&, const std::forward_list<_Tp, _Alloc>&)[m[K’
[1.175s]  1465 |     [01;36m[Koperator[m[K>=(const forward_list<_Tp, _Alloc>& __lx,
[1.175s]       |     [01;36m[K^~~~~~~~[m[K
[1.175s] [01m[K/usr/include/c++/9/bits/forward_list.h:1465:5:[m[K [01;36m[Knote: [m[K  template argument deduction/substitution failed:
[1.175s] [01m[K/home/azharanas17/setunggal_ws/src/first_pubsub/src/logger_sub_node.cpp:38:25:[m[K [01;36m[Knote: [m[K  ‘[01m[Kstd::string[m[K’ {aka ‘[01m[Kstd::__cxx11::basic_string<char>[m[K’} is not derived from ‘[01m[Kconst std::forward_list<_Tp, _Alloc>[m[K’
[1.175s]    38 |         if(level_log >= [01;36m[KINFO[m[K)
[1.175s]       |                         [01;36m[K^~~~[m[K
[1.175s] In file included from [01m[K/usr/include/c++/9/map:61[m[K,
[1.175s]                  from [01m[K/usr/include/nlohmann/detail/conversions/from_json.hpp:8[m[K,
[1.175s]                  from [01m[K/usr/include/nlohmann/adl_serializer.hpp:5[m[K,
[1.175s]                  from [01m[K/usr/include/nlohmann/json.hpp:51[m[K,
[1.176s]                  from [01m[K/home/azharanas17/setunggal_ws/src/first_pubsub/src/logger_sub_node.cpp:5[m[K:
[1.176s] [01m[K/usr/include/c++/9/bits/stl_map.h:1500:5:[m[K [01;36m[Knote: [m[Kcandidate: ‘[01m[Ktemplate<class _Key, class _Tp, class _Compare, class _Alloc> bool std::operator>=(const std::map<_Key, _Tp, _Compare, _Alloc>&, const std::map<_Key, _Tp, _Compare, _Alloc>&)[m[K’
[1.176s]  1500 |     [01;36m[Koperator[m[K>=(const map<_Key, _Tp, _Compare, _Alloc>& __x,
[1.176s]       |     [01;36m[K^~~~~~~~[m[K
[1.176s] [01m[K/usr/include/c++/9/bits/stl_map.h:1500:5:[m[K [01;36m[Knote: [m[K  template argument deduction/substitution failed:
[1.176s] [01m[K/home/azharanas17/setunggal_ws/src/first_pubsub/src/logger_sub_node.cpp:38:25:[m[K [01;36m[Knote: [m[K  ‘[01m[Kstd::string[m[K’ {aka ‘[01m[Kstd::__cxx11::basic_string<char>[m[K’} is not derived from ‘[01m[Kconst std::map<_Key, _Tp, _Compare, _Alloc>[m[K’
[1.176s]    38 |         if(level_log >= [01;36m[KINFO[m[K)
[1.176s]       |                         [01;36m[K^~~~[m[K
[1.176s] In file included from [01m[K/usr/include/c++/9/map:62[m[K,
[1.176s]                  from [01m[K/usr/include/nlohmann/detail/conversions/from_json.hpp:8[m[K,
[1.176s]                  from [01m[K/usr/include/nlohmann/adl_serializer.hpp:5[m[K,
[1.176s]                  from [01m[K/usr/include/nlohmann/json.hpp:51[m[K,
[1.176s]                  from [01m[K/home/azharanas17/setunggal_ws/src/first_pubsub/src/logger_sub_node.cpp:5[m[K:
[1.176s] [01m[K/usr/include/c++/9/bits/stl_multimap.h:1164:5:[m[K [01;36m[Knote: [m[Kcandidate: ‘[01m[Ktemplate<class _Key, class _Tp, class _Compare, class _Alloc> bool std::operator>=(const std::multimap<_Key, _Tp, _Compare, _Alloc>&, const std::multimap<_Key, _Tp, _Compare, _Alloc>&)[m[K’
[1.176s]  1164 |     [01;36m[Koperator[m[K>=(const multimap<_Key, _Tp, _Compare, _Alloc>& __x,
[1.176s]       |     [01;36m[K^~~~~~~~[m[K
[1.176s] [01m[K/usr/include/c++/9/bits/stl_multimap.h:1164:5:[m[K [01;36m[Knote: [m[K  template argument deduction/substitution failed:
[1.176s] [01m[K/home/azharanas17/setunggal_ws/src/first_pubsub/src/logger_sub_node.cpp:38:25:[m[K [01;36m[Knote: [m[K  ‘[01m[Kstd::string[m[K’ {aka ‘[01m[Kstd::__cxx11::basic_string<char>[m[K’} is not derived from ‘[01m[Kconst std::multimap<_Key, _Tp, _Compare, _Alloc>[m[K’
[1.176s]    38 |         if(level_log >= [01;36m[KINFO[m[K)
[1.176s]       |                         [01;36m[K^~~~[m[K
[1.176s] In file included from [01m[K/usr/include/c++/9/valarray:603[m[K,
[1.177s]                  from [01m[K/usr/include/nlohmann/detail/conversions/from_json.hpp:14[m[K,
[1.177s]                  from [01m[K/usr/include/nlohmann/adl_serializer.hpp:5[m[K,
[1.177s]                  from [01m[K/usr/include/nlohmann/json.hpp:51[m[K,
[1.177s]                  from [01m[K/home/azharanas17/setunggal_ws/src/first_pubsub/src/logger_sub_node.cpp:5[m[K:
[1.177s] [01m[K/usr/include/c++/9/bits/valarray_after.h:422:5:[m[K [01;36m[Knote: [m[Kcandidate: ‘[01m[Ktemplate<class _Dom1, class _Dom2> std::_Expr<std::__detail::_BinClos<std::__greater_equal, std::_Expr, std::_Expr, _Dom1, _Dom2>, typename std::__fun<std::__greater_equal, typename _Dom1::value_type>::result_type> std::operator>=(const std::_Expr<_Dom1, typename _Dom1::value_type>&, const std::_Expr<_Dom2, typename _Dom2::value_type>&)[m[K’
[1.177s]   422 |     [01;36m[K_DEFINE_EXPR_BINARY_OPERATOR[m[K(>=, __greater_equal)
[1.177s]       |     [01;36m[K^~~~~~~~~~~~~~~~~~~~~~~~~~~~[m[K
[1.177s] [01m[K/usr/include/c++/9/bits/valarray_after.h:422:5:[m[K [01;36m[Knote: [m[K  template argument deduction/substitution failed:
[1.177s] [01m[K/home/azharanas17/setunggal_ws/src/first_pubsub/src/logger_sub_node.cpp:38:25:[m[K [01;36m[Knote: [m[K  ‘[01m[Kstd::string[m[K’ {aka ‘[01m[Kstd::__cxx11::basic_string<char>[m[K’} is not derived from ‘[01m[Kconst std::_Expr<_Dom1, typename _Dom1::value_type>[m[K’
[1.177s]    38 |         if(level_log >= [01;36m[KINFO[m[K)
[1.177s]       |                         [01;36m[K^~~~[m[K
[1.177s] In file included from [01m[K/usr/include/c++/9/valarray:603[m[K,
[1.177s]                  from [01m[K/usr/include/nlohmann/detail/conversions/from_json.hpp:14[m[K,
[1.177s]                  from [01m[K/usr/include/nlohmann/adl_serializer.hpp:5[m[K,
[1.177s]                  from [01m[K/usr/include/nlohmann/json.hpp:51[m[K,
[1.177s]                  from [01m[K/home/azharanas17/setunggal_ws/src/first_pubsub/src/logger_sub_node.cpp:5[m[K:
[1.177s] [01m[K/usr/include/c++/9/bits/valarray_after.h:422:5:[m[K [01;36m[Knote: [m[Kcandidate: ‘[01m[Ktemplate<class _Dom> std::_Expr<std::__detail::_BinClos<std::__greater_equal, std::_Expr, std::_Constant, _Dom, typename _Dom::value_type>, typename std::__fun<std::__greater_equal, typename _Dom1::value_type>::result_type> std::operator>=(const std::_Expr<_Dom1, typename _Dom1::value_type>&, const typename _Dom::value_type&)[m[K’
[1.177s]   422 |     [01;36m[K_DEFINE_EXPR_BINARY_OPERATOR[m[K(>=, __greater_equal)
[1.177s]       |     [01;36m[K^~~~~~~~~~~~~~~~~~~~~~~~~~~~[m[K
[1.177s] [01m[K/usr/include/c++/9/bits/valarray_after.h:422:5:[m[K [01;36m[Knote: [m[K  template argument deduction/substitution failed:
[1.177s] [01m[K/home/azharanas17/setunggal_ws/src/first_pubsub/src/logger_sub_node.cpp:38:25:[m[K [01;36m[Knote: [m[K  ‘[01m[Kstd::string[m[K’ {aka ‘[01m[Kstd::__cxx11::basic_string<char>[m[K’} is not derived from ‘[01m[Kconst std::_Expr<_Dom1, typename _Dom1::value_type>[m[K’
[1.177s]    38 |         if(level_log >= [01;36m[KINFO[m[K)
[1.178s]       |                         [01;36m[K^~~~[m[K
[1.178s] In file included from [01m[K/usr/include/c++/9/valarray:603[m[K,
[1.178s]                  from [01m[K/usr/include/nlohmann/detail/conversions/from_json.hpp:14[m[K,
[1.178s]                  from [01m[K/usr/include/nlohmann/adl_serializer.hpp:5[m[K,
[1.178s]                  from [01m[K/usr/include/nlohmann/json.hpp:51[m[K,
[1.178s]                  from [01m[K/home/azharanas17/setunggal_ws/src/first_pubsub/src/logger_sub_node.cpp:5[m[K:
[1.178s] [01m[K/usr/include/c++/9/bits/valarray_after.h:422:5:[m[K [01;36m[Knote: [m[Kcandidate: ‘[01m[Ktemplate<class _Dom> std::_Expr<std::__detail::_BinClos<std::__greater_equal, std::_Constant, std::_Expr, typename _Dom::value_type, _Dom>, typename std::__fun<std::__greater_equal, typename _Dom1::value_type>::result_type> std::operator>=(const typename _Dom::value_type&, const std::_Expr<_Dom1, typename _Dom1::value_type>&)[m[K’
[1.178s]   422 |     [01;36m[K_DEFINE_EXPR_BINARY_OPERATOR[m[K(>=, __greater_equal)
[1.178s]       |     [01;36m[K^~~~~~~~~~~~~~~~~~~~~~~~~~~~[m[K
[1.178s] [01m[K/usr/include/c++/9/bits/valarray_after.h:422:5:[m[K [01;36m[Knote: [m[K  template argument deduction/substitution failed:
[1.178s] [01m[K/home/azharanas17/setunggal_ws/src/first_pubsub/src/logger_sub_node.cpp:38:25:[m[K [01;36m[Knote: [m[K  mismatched types ‘[01m[Kconst std::_Expr<_Dom1, typename _Dom1::value_type>[m[K’ and ‘[01m[Klevel[m[K’
[1.178s]    38 |         if(level_log >= [01;36m[KINFO[m[K)
[1.178s]       |                         [01;36m[K^~~~[m[K
[1.178s] In file included from [01m[K/usr/include/c++/9/valarray:603[m[K,
[1.178s]                  from [01m[K/usr/include/nlohmann/detail/conversions/from_json.hpp:14[m[K,
[1.178s]                  from [01m[K/usr/include/nlohmann/adl_serializer.hpp:5[m[K,
[1.178s]                  from [01m[K/usr/include/nlohmann/json.hpp:51[m[K,
[1.178s]                  from [01m[K/home/azharanas17/setunggal_ws/src/first_pubsub/src/logger_sub_node.cpp:5[m[K:
[1.178s] [01m[K/usr/include/c++/9/bits/valarray_after.h:422:5:[m[K [01;36m[Knote: [m[Kcandidate: ‘[01m[Ktemplate<class _Dom> std::_Expr<std::__detail::_BinClos<std::__greater_equal, std::_Expr, std::_ValArray, _Dom, typename _Dom::value_type>, typename std::__fun<std::__greater_equal, typename _Dom1::value_type>::result_type> std::operator>=(const std::_Expr<_Dom1, typename _Dom1::value_type>&, const std::valarray<typename _Dom::value_type>&)[m[K’
[1.178s]   422 |     [01;36m[K_DEFINE_EXPR_BINARY_OPERATOR[m[K(>=, __greater_equal)
[1.178s]       |     [01;36m[K^~~~~~~~~~~~~~~~~~~~~~~~~~~~[m[K
[1.178s] [01m[K/usr/include/c++/9/bits/valarray_after.h:422:5:[m[K [01;36m[Knote: [m[K  template argument deduction/substitution failed:
[1.179s] [01m[K/home/azharanas17/setunggal_ws/src/first_pubsub/src/logger_sub_node.cpp:38:25:[m[K [01;36m[Knote: [m[K  ‘[01m[Kstd::string[m[K’ {aka ‘[01m[Kstd::__cxx11::basic_string<char>[m[K’} is not derived from ‘[01m[Kconst std::_Expr<_Dom1, typename _Dom1::value_type>[m[K’
[1.179s]    38 |         if(level_log >= [01;36m[KINFO[m[K)
[1.179s]       |                         [01;36m[K^~~~[m[K
[1.179s] In file included from [01m[K/usr/include/c++/9/valarray:603[m[K,
[1.179s]                  from [01m[K/usr/include/nlohmann/detail/conversions/from_json.hpp:14[m[K,
[1.179s]                  from [01m[K/usr/include/nlohmann/adl_serializer.hpp:5[m[K,
[1.179s]                  from [01m[K/usr/include/nlohmann/json.hpp:51[m[K,
[1.179s]                  from [01m[K/home/azharanas17/setunggal_ws/src/first_pubsub/src/logger_sub_node.cpp:5[m[K:
[1.179s] [01m[K/usr/include/c++/9/bits/valarray_after.h:422:5:[m[K [01;36m[Knote: [m[Kcandidate: ‘[01m[Ktemplate<class _Dom> std::_Expr<std::__detail::_BinClos<std::__greater_equal, std::_ValArray, std::_Expr, typename _Dom::value_type, _Dom>, typename std::__fun<std::__greater_equal, typename _Dom1::value_type>::result_type> std::operator>=(const std::valarray<typename _Dom::value_type>&, const std::_Expr<_Dom1, typename _Dom1::value_type>&)[m[K’
[1.179s]   422 |     [01;36m[K_DEFINE_EXPR_BINARY_OPERATOR[m[K(>=, __greater_equal)
[1.179s]       |     [01;36m[K^~~~~~~~~~~~~~~~~~~~~~~~~~~~[m[K
[1.179s] [01m[K/usr/include/c++/9/bits/valarray_after.h:422:5:[m[K [01;36m[Knote: [m[K  template argument deduction/substitution failed:
[1.179s] [01m[K/home/azharanas17/setunggal_ws/src/first_pubsub/src/logger_sub_node.cpp:38:25:[m[K [01;36m[Knote: [m[K  mismatched types ‘[01m[Kconst std::_Expr<_Dom1, typename _Dom1::value_type>[m[K’ and ‘[01m[Klevel[m[K’
[1.179s]    38 |         if(level_log >= [01;36m[KINFO[m[K)
[1.179s]       |                         [01;36m[K^~~~[m[K
[1.179s] In file included from [01m[K/usr/include/nlohmann/detail/conversions/from_json.hpp:14[m[K,
[1.179s]                  from [01m[K/usr/include/nlohmann/adl_serializer.hpp:5[m[K,
[1.179s]                  from [01m[K/usr/include/nlohmann/json.hpp:51[m[K,
[1.179s]                  from [01m[K/home/azharanas17/setunggal_ws/src/first_pubsub/src/logger_sub_node.cpp:5[m[K:
[1.179s] [01m[K/usr/include/c++/9/valarray:1202:1:[m[K [01;36m[Knote: [m[Kcandidate: ‘[01m[Ktemplate<class _Tp> std::_Expr<std::__detail::_BinClos<std::__greater_equal, std::_ValArray, std::_ValArray, _Tp, _Tp>, typename std::__fun<std::__greater_equal, _Tp>::result_type> std::operator>=(const std::valarray<_Tp>&, const std::valarray<_Tp>&)[m[K’
[1.179s]  1202 | [01;36m[K_DEFINE_BINARY_OPERATOR[m[K(>=, __greater_equal)
[1.180s]       | [01;36m[K^~~~~~~~~~~~~~~~~~~~~~~[m[K
[1.180s] [01m[K/usr/include/c++/9/valarray:1202:1:[m[K [01;36m[Knote: [m[K  template argument deduction/substitution failed:
[1.180s] [01m[K/home/azharanas17/setunggal_ws/src/first_pubsub/src/logger_sub_node.cpp:38:25:[m[K [01;36m[Knote: [m[K  ‘[01m[Kstd::string[m[K’ {aka ‘[01m[Kstd::__cxx11::basic_string<char>[m[K’} is not derived from ‘[01m[Kconst std::valarray<_Tp>[m[K’
[1.180s]    38 |         if(level_log >= [01;36m[KINFO[m[K)
[1.180s]       |                         [01;36m[K^~~~[m[K
[1.180s] In file included from [01m[K/usr/include/nlohmann/detail/conversions/from_json.hpp:14[m[K,
[1.180s]                  from [01m[K/usr/include/nlohmann/adl_serializer.hpp:5[m[K,
[1.180s]                  from [01m[K/usr/include/nlohmann/json.hpp:51[m[K,
[1.180s]                  from [01m[K/home/azharanas17/setunggal_ws/src/first_pubsub/src/logger_sub_node.cpp:5[m[K:
[1.180s] [01m[K/usr/include/c++/9/valarray:1202:1:[m[K [01;36m[Knote: [m[Kcandidate: ‘[01m[Ktemplate<class _Tp> std::_Expr<std::__detail::_BinClos<std::__greater_equal, std::_ValArray, std::_Constant, _Tp, _Tp>, typename std::__fun<std::__greater_equal, _Tp>::result_type> std::operator>=(const std::valarray<_Tp>&, const typename std::valarray<_Tp>::value_type&)[m[K’
[1.180s]  1202 | [01;36m[K_DEFINE_BINARY_OPERATOR[m[K(>=, __greater_equal)
[1.180s]       | [01;36m[K^~~~~~~~~~~~~~~~~~~~~~~[m[K
[1.180s] [01m[K/usr/include/c++/9/valarray:1202:1:[m[K [01;36m[Knote: [m[K  template argument deduction/substitution failed:
[1.180s] [01m[K/home/azharanas17/setunggal_ws/src/first_pubsub/src/logger_sub_node.cpp:38:25:[m[K [01;36m[Knote: [m[K  ‘[01m[Kstd::string[m[K’ {aka ‘[01m[Kstd::__cxx11::basic_string<char>[m[K’} is not derived from ‘[01m[Kconst std::valarray<_Tp>[m[K’
[1.180s]    38 |         if(level_log >= [01;36m[KINFO[m[K)
[1.180s]       |                         [01;36m[K^~~~[m[K
[1.180s] In file included from [01m[K/usr/include/nlohmann/detail/conversions/from_json.hpp:14[m[K,
[1.180s]                  from [01m[K/usr/include/nlohmann/adl_serializer.hpp:5[m[K,
[1.180s]                  from [01m[K/usr/include/nlohmann/json.hpp:51[m[K,
[1.180s]                  from [01m[K/home/azharanas17/setunggal_ws/src/first_pubsub/src/logger_sub_node.cpp:5[m[K:
[1.180s] [01m[K/usr/include/c++/9/valarray:1202:1:[m[K [01;36m[Knote: [m[Kcandidate: ‘[01m[Ktemplate<class _Tp> std::_Expr<std::__detail::_BinClos<std::__greater_equal, std::_Constant, std::_ValArray, _Tp, _Tp>, typename std::__fun<std::__greater_equal, _Tp>::result_type> std::operator>=(const typename std::valarray<_Tp>::value_type&, const std::valarray<_Tp>&)[m[K’
[1.180s]  1202 | [01;36m[K_DEFINE_BINARY_OPERATOR[m[K(>=, __greater_equal)
[1.181s]       | [01;36m[K^~~~~~~~~~~~~~~~~~~~~~~[m[K
[1.181s] [01m[K/usr/include/c++/9/valarray:1202:1:[m[K [01;36m[Knote: [m[K  template argument deduction/substitution failed:
[1.181s] [01m[K/home/azharanas17/setunggal_ws/src/first_pubsub/src/logger_sub_node.cpp:38:25:[m[K [01;36m[Knote: [m[K  mismatched types ‘[01m[Kconst std::valarray<_Tp>[m[K’ and ‘[01m[Klevel[m[K’
[1.181s]    38 |         if(level_log >= [01;36m[KINFO[m[K)
[1.181s]       |                         [01;36m[K^~~~[m[K
[1.181s] In file included from [01m[K/usr/include/c++/9/future:39[m[K,
[1.181s]                  from [01m[K/opt/ros/foxy/include/rclcpp/executors.hpp:18[m[K,
[1.181s]                  from [01m[K/opt/ros/foxy/include/rclcpp/rclcpp.hpp:146[m[K,
[1.181s]                  from [01m[K/home/azharanas17/setunggal_ws/src/first_pubsub/src/logger_sub_node.cpp:8[m[K:
[1.181s] [01m[K/usr/include/c++/9/thread:306:3:[m[K [01;36m[Knote: [m[Kcandidate: ‘[01m[Kbool std::operator>=(std::thread::id, std::thread::id)[m[K’
[1.181s]   306 |   [01;36m[Koperator[m[K>=(thread::id __x, thread::id __y) noexcept
[1.181s]       |   [01;36m[K^~~~~~~~[m[K
[1.181s] [01m[K/usr/include/c++/9/thread:306:25:[m[K [01;36m[Knote: [m[K  no known conversion for argument 1 from ‘[01m[Kstd::string[m[K’ {aka ‘[01m[Kstd::__cxx11::basic_string<char>[m[K’} to ‘[01m[Kstd::thread::id[m[K’
[1.181s]   306 |   operator>=([01;36m[Kthread::id __x[m[K, thread::id __y) noexcept
[1.181s]       |              [01;36m[K~~~~~~~~~~~^~~[m[K
[1.181s] In file included from [01m[K/usr/include/c++/9/set:61[m[K,
[1.181s]                  from [01m[K/opt/ros/foxy/include/rclcpp/executors/multi_threaded_executor.hpp:21[m[K,
[1.181s]                  from [01m[K/opt/ros/foxy/include/rclcpp/executors.hpp:21[m[K,
[1.181s]                  from [01m[K/opt/ros/foxy/include/rclcpp/rclcpp.hpp:146[m[K,
[1.181s]                  from [01m[K/home/azharanas17/setunggal_ws/src/first_pubsub/src/logger_sub_node.cpp:8[m[K:
[1.181s] [01m[K/usr/include/c++/9/bits/stl_set.h:1024:5:[m[K [01;36m[Knote: [m[Kcandidate: ‘[01m[Ktemplate<class _Key, class _Compare, class _Alloc> bool std::operator>=(const std::set<_Key, _Compare, _Alloc>&, const std::set<_Key, _Compare, _Alloc>&)[m[K’
[1.181s]  1024 |     [01;36m[Koperator[m[K>=(const set<_Key, _Compare, _Alloc>& __x,
[1.181s]       |     [01;36m[K^~~~~~~~[m[K
[1.182s] [01m[K/usr/include/c++/9/bits/stl_set.h:1024:5:[m[K [01;36m[Knote: [m[K  template argument deduction/substitution failed:
[1.182s] [01m[K/home/azharanas17/setunggal_ws/src/first_pubsub/src/logger_sub_node.cpp:38:25:[m[K [01;36m[Knote: [m[K  ‘[01m[Kstd::string[m[K’ {aka ‘[01m[Kstd::__cxx11::basic_string<char>[m[K’} is not derived from ‘[01m[Kconst std::set<_Key, _Compare, _Alloc>[m[K’
[1.182s]    38 |         if(level_log >= [01;36m[KINFO[m[K)
[1.182s]       |                         [01;36m[K^~~~[m[K
[1.182s] In file included from [01m[K/usr/include/c++/9/set:62[m[K,
[1.182s]                  from [01m[K/opt/ros/foxy/include/rclcpp/executors/multi_threaded_executor.hpp:21[m[K,
[1.182s]                  from [01m[K/opt/ros/foxy/include/rclcpp/executors.hpp:21[m[K,
[1.182s]                  from [01m[K/opt/ros/foxy/include/rclcpp/rclcpp.hpp:146[m[K,
[1.182s]                  from [01m[K/home/azharanas17/setunggal_ws/src/first_pubsub/src/logger_sub_node.cpp:8[m[K:
[1.182s] [01m[K/usr/include/c++/9/bits/stl_multiset.h:1009:5:[m[K [01;36m[Knote: [m[Kcandidate: ‘[01m[Ktemplate<class _Key, class _Compare, class _Alloc> bool std::operator>=(const std::multiset<_Key, _Compare, _Alloc>&, const std::multiset<_Key, _Compare, _Alloc>&)[m[K’
[1.182s]  1009 |     [01;36m[Koperator[m[K>=(const multiset<_Key, _Compare, _Alloc>& __x,
[1.182s]       |     [01;36m[K^~~~~~~~[m[K
[1.182s] [01m[K/usr/include/c++/9/bits/stl_multiset.h:1009:5:[m[K [01;36m[Knote: [m[K  template argument deduction/substitution failed:
[1.182s] [01m[K/home/azharanas17/setunggal_ws/src/first_pubsub/src/logger_sub_node.cpp:38:25:[m[K [01;36m[Knote: [m[K  ‘[01m[Kstd::string[m[K’ {aka ‘[01m[Kstd::__cxx11::basic_string<char>[m[K’} is not derived from ‘[01m[Kconst std::multiset<_Key, _Compare, _Alloc>[m[K’
[1.182s]    38 |         if(level_log >= [01;36m[KINFO[m[K)
[1.182s]       |                         [01;36m[K^~~~[m[K
[1.182s] In file included from [01m[K/usr/include/c++/9/list:63[m[K,
[1.182s]                  from [01m[K/opt/ros/foxy/include/rclcpp/executor.hpp:23[m[K,
[1.182s]                  from [01m[K/opt/ros/foxy/include/rclcpp/executors/multi_threaded_executor.hpp:26[m[K,
[1.182s]                  from [01m[K/opt/ros/foxy/include/rclcpp/executors.hpp:21[m[K,
[1.182s]                  from [01m[K/opt/ros/foxy/include/rclcpp/rclcpp.hpp:146[m[K,
[1.182s]                  from [01m[K/home/azharanas17/setunggal_ws/src/first_pubsub/src/logger_sub_node.cpp:8[m[K:
[1.183s] [01m[K/usr/include/c++/9/bits/stl_list.h:2050:5:[m[K [01;36m[Knote: [m[Kcandidate: ‘[01m[Ktemplate<class _Tp, class _Alloc> bool std::operator>=(const std::__cxx11::list<_Tp, _Alloc>&, const std::__cxx11::list<_Tp, _Alloc>&)[m[K’
[1.183s]  2050 |     [01;36m[Koperator[m[K>=(const list<_Tp, _Alloc>& __x, const list<_Tp, _Alloc>& __y)
[1.183s]       |     [01;36m[K^~~~~~~~[m[K
[1.183s] [01m[K/usr/include/c++/9/bits/stl_list.h:2050:5:[m[K [01;36m[Knote: [m[K  template argument deduction/substitution failed:
[1.183s] [01m[K/home/azharanas17/setunggal_ws/src/first_pubsub/src/logger_sub_node.cpp:38:25:[m[K [01;36m[Knote: [m[K  ‘[01m[Kstd::string[m[K’ {aka ‘[01m[Kstd::__cxx11::basic_string<char>[m[K’} is not derived from ‘[01m[Kconst std::__cxx11::list<_Tp, _Alloc>[m[K’
[1.183s]    38 |         if(level_log >= [01;36m[KINFO[m[K)
[1.183s]       |                         [01;36m[K^~~~[m[K
[1.183s] In file included from [01m[K/usr/include/c++/9/bits/stl_algobase.h:67[m[K,
[1.183s]                  from [01m[K/usr/include/c++/9/bits/char_traits.h:39[m[K,
[1.183s]                  from [01m[K/usr/include/c++/9/ios:40[m[K,
[1.183s]                  from [01m[K/usr/include/c++/9/ostream:38[m[K,
[1.183s]                  from [01m[K/usr/include/c++/9/iostream:39[m[K,
[1.183s]                  from [01m[K/home/azharanas17/setunggal_ws/src/first_pubsub/src/logger_sub_node.cpp:1[m[K:
[1.183s] [01m[K/usr/include/c++/9/bits/stl_iterator.h:957:5:[m[K [01;36m[Knote: [m[Kcandidate: ‘[01m[Ktemplate<class _IteratorL, class _IteratorR, class _Container> bool __gnu_cxx::operator>=(const __gnu_cxx::__normal_iterator<_IteratorL, _Container>&, const __gnu_cxx::__normal_iterator<_IteratorR, _Container>&)[m[K’
[1.183s]   957 |     [01;36m[Koperator[m[K>=(const __normal_iterator<_IteratorL, _Container>& __lhs,
[1.183s]       |     [01;36m[K^~~~~~~~[m[K
[1.183s] [01m[K/usr/include/c++/9/bits/stl_iterator.h:957:5:[m[K [01;36m[Knote: [m[K  template argument deduction/substitution failed:
[1.183s] [01m[K/home/azharanas17/setunggal_ws/src/first_pubsub/src/logger_sub_node.cpp:38:25:[m[K [01;36m[Knote: [m[K  ‘[01m[Kstd::string[m[K’ {aka ‘[01m[Kstd::__cxx11::basic_string<char>[m[K’} is not derived from ‘[01m[Kconst __gnu_cxx::__normal_iterator<_IteratorL, _Container>[m[K’
[1.183s]    38 |         if(level_log >= [01;36m[KINFO[m[K)
[1.183s]       |                         [01;36m[K^~~~[m[K
[1.183s] In file included from [01m[K/usr/include/c++/9/bits/stl_algobase.h:67[m[K,
[1.184s]                  from [01m[K/usr/include/c++/9/bits/char_traits.h:39[m[K,
[1.184s]                  from [01m[K/usr/include/c++/9/ios:40[m[K,
[1.184s]                  from [01m[K/usr/include/c++/9/ostream:38[m[K,
[1.184s]                  from [01m[K/usr/include/c++/9/iostream:39[m[K,
[1.184s]                  from [01m[K/home/azharanas17/setunggal_ws/src/first_pubsub/src/logger_sub_node.cpp:1[m[K:
[1.184s] [01m[K/usr/include/c++/9/bits/stl_iterator.h:964:5:[m[K [01;36m[Knote: [m[Kcandidate: ‘[01m[Ktemplate<class _Iterator, class _Container> bool __gnu_cxx::operator>=(const __gnu_cxx::__normal_iterator<_Iterator, _Container>&, const __gnu_cxx::__normal_iterator<_Iterator, _Container>&)[m[K’
[1.184s]   964 |     [01;36m[Koperator[m[K>=(const __normal_iterator<_Iterator, _Container>& __lhs,
[1.184s]       |     [01;36m[K^~~~~~~~[m[K
[1.184s] [01m[K/usr/include/c++/9/bits/stl_iterator.h:964:5:[m[K [01;36m[Knote: [m[K  template argument deduction/substitution failed:
[1.184s] [01m[K/home/azharanas17/setunggal_ws/src/first_pubsub/src/logger_sub_node.cpp:38:25:[m[K [01;36m[Knote: [m[K  ‘[01m[Kstd::string[m[K’ {aka ‘[01m[Kstd::__cxx11::basic_string<char>[m[K’} is not derived from ‘[01m[Kconst __gnu_cxx::__normal_iterator<_Iterator, _Container>[m[K’
[1.184s]    38 |         if(level_log >= [01;36m[KINFO[m[K)
[1.184s]       |                         [01;36m[K^~~~[m[K
[2.545s] make[2]: *** [CMakeFiles/first_pubsub.dir/build.make:76: CMakeFiles/first_pubsub.dir/src/logger_sub_node.cpp.o] Error 1
[2.545s] make[1]: *** [CMakeFiles/Makefile2:136: CMakeFiles/first_pubsub.dir/all] Error 2
[2.545s] make: *** [Makefile:141: all] Error 2
[2.547s] Invoked command in '/home/azharanas17/setunggal_ws/build/first_pubsub' returned '2': CMAKE_PREFIX_PATH=/home/azharanas17/setunggal_ws/install/first_interfaces:/home/azharanas17/setunggal_ws/install/turtlesim:/home/azharanas17/setunggal_ws/install/first_pubsub:/opt/ros/foxy LD_LIBRARY_PATH=/home/azharanas17/setunggal_ws/install/first_interfaces/lib:/home/azharanas17/setunggal_ws/install/turtlesim/lib:/home/azharanas17/setunggal_ws/install/first_pubsub/lib:/opt/ros/foxy/opt/yaml_cpp_vendor/lib:/opt/ros/foxy/opt/rviz_ogre_vendor/lib:/opt/ros/foxy/lib/x86_64-linux-gnu:/opt/ros/foxy/lib PYTHONPATH=/home/azharanas17/setunggal_ws/install/first_interfaces/lib/python3.8/site-packages:/home/azharanas17/setunggal_ws/install/turtlesim/lib/python3.8/site-packages:/opt/ros/foxy/lib/python3.8/site-packages /usr/bin/cmake --build /home/azharanas17/setunggal_ws/build/first_pubsub -- -j4 -l4
