[0.154s] DEBUG:colcon:Command line arguments: ['/usr/bin/colcon', 'build', '--packages-up-to', 'first_pubsub']
[0.154s] DEBUG:colcon:Parsed command line arguments: Namespace(allow_overriding=[], ament_cmake_args=None, base_paths=['.'], build_base='build', catkin_cmake_args=None, catkin_skip_building_tests=False, cmake_args=None, cmake_clean_cache=False, cmake_clean_first=False, cmake_force_configure=False, cmake_target=None, cmake_target_skip_unavailable=False, continue_on_error=False, event_handlers=None, executor='parallel', ignore_user_meta=False, install_base='install', log_base=None, log_level=None, main=<bound method BuildVerb.main of <colcon_core.verb.build.BuildVerb object at 0x7f85220a8880>>, merge_install=False, metas=['./colcon.meta'], packages_above=None, packages_above_and_dependencies=None, packages_above_depth=None, packages_end=None, packages_ignore=None, packages_ignore_regex=None, packages_select=None, packages_select_build_failed=False, packages_select_by_dep=None, packages_select_regex=None, packages_select_test_failures=False, packages_skip=None, packages_skip_build_finished=False, packages_skip_by_dep=None, packages_skip_regex=None, packages_skip_test_passed=False, packages_skip_up_to=None, packages_start=None, packages_up_to=['first_pubsub'], packages_up_to_regex=None, parallel_workers=4, paths=None, symlink_install=False, test_result_base=None, verb_extension=<colcon_core.verb.build.BuildVerb object at 0x7f85220a8880>, verb_name='build', verb_parser=<colcon_defaults.argument_parser.defaults.DefaultArgumentsDecorator object at 0x7f85220a8df0>)
[0.158s] Level 1:colcon.colcon_core.package_discovery:discover_packages(colcon_meta) check parameters
[0.158s] Level 1:colcon.colcon_core.package_discovery:discover_packages(recursive) check parameters
[0.158s] Level 1:colcon.colcon_core.package_discovery:discover_packages(ignore) check parameters
[0.158s] Level 1:colcon.colcon_core.package_discovery:discover_packages(path) check parameters
[0.159s] Level 1:colcon.colcon_core.package_discovery:discover_packages(colcon_meta) discover
[0.159s] Level 1:colcon.colcon_core.package_discovery:discover_packages(recursive) discover
[0.159s] INFO:colcon.colcon_core.package_discovery:Crawling recursively for packages in '/home/azharanas17/setunggal_ws'
[0.159s] Level 1:colcon.colcon_core.package_identification:_identify(.) by extensions ['ignore', 'ignore_ament_install']
[0.159s] Level 1:colcon.colcon_core.package_identification:_identify(.) by extension 'ignore'
[0.159s] Level 1:colcon.colcon_core.package_identification:_identify(.) by extension 'ignore_ament_install'
[0.159s] Level 1:colcon.colcon_core.package_identification:_identify(.) by extensions ['colcon_pkg']
[0.159s] Level 1:colcon.colcon_core.package_identification:_identify(.) by extension 'colcon_pkg'
[0.159s] Level 1:colcon.colcon_core.package_identification:_identify(.) by extensions ['colcon_meta']
[0.159s] Level 1:colcon.colcon_core.package_identification:_identify(.) by extension 'colcon_meta'
[0.159s] Level 1:colcon.colcon_core.package_identification:_identify(.) by extensions ['ros']
[0.159s] Level 1:colcon.colcon_core.package_identification:_identify(.) by extension 'ros'
[0.170s] Level 1:colcon.colcon_core.package_identification:_identify(.) by extensions ['cmake', 'python']
[0.170s] Level 1:colcon.colcon_core.package_identification:_identify(.) by extension 'cmake'
[0.170s] Level 1:colcon.colcon_core.package_identification:_identify(.) by extension 'python'
[0.170s] Level 1:colcon.colcon_core.package_identification:_identify(.) by extensions ['python_setup_py']
[0.170s] Level 1:colcon.colcon_core.package_identification:_identify(.) by extension 'python_setup_py'
[0.170s] Level 1:colcon.colcon_core.package_identification:_identify(build) by extensions ['ignore', 'ignore_ament_install']
[0.170s] Level 1:colcon.colcon_core.package_identification:_identify(build) by extension 'ignore'
[0.170s] Level 1:colcon.colcon_core.package_identification:_identify(build) ignored
[0.170s] Level 1:colcon.colcon_core.package_identification:_identify(install) by extensions ['ignore', 'ignore_ament_install']
[0.170s] Level 1:colcon.colcon_core.package_identification:_identify(install) by extension 'ignore'
[0.170s] Level 1:colcon.colcon_core.package_identification:_identify(install) ignored
[0.170s] Level 1:colcon.colcon_core.package_identification:_identify(log) by extensions ['ignore', 'ignore_ament_install']
[0.170s] Level 1:colcon.colcon_core.package_identification:_identify(log) by extension 'ignore'
[0.170s] Level 1:colcon.colcon_core.package_identification:_identify(log) ignored
[0.170s] Level 1:colcon.colcon_core.package_identification:_identify(src) by extensions ['ignore', 'ignore_ament_install']
[0.171s] Level 1:colcon.colcon_core.package_identification:_identify(src) by extension 'ignore'
[0.171s] Level 1:colcon.colcon_core.package_identification:_identify(src) by extension 'ignore_ament_install'
[0.171s] Level 1:colcon.colcon_core.package_identification:_identify(src) by extensions ['colcon_pkg']
[0.171s] Level 1:colcon.colcon_core.package_identification:_identify(src) by extension 'colcon_pkg'
[0.171s] Level 1:colcon.colcon_core.package_identification:_identify(src) by extensions ['colcon_meta']
[0.171s] Level 1:colcon.colcon_core.package_identification:_identify(src) by extension 'colcon_meta'
[0.171s] Level 1:colcon.colcon_core.package_identification:_identify(src) by extensions ['ros']
[0.171s] Level 1:colcon.colcon_core.package_identification:_identify(src) by extension 'ros'
[0.171s] Level 1:colcon.colcon_core.package_identification:_identify(src) by extensions ['cmake', 'python']
[0.171s] Level 1:colcon.colcon_core.package_identification:_identify(src) by extension 'cmake'
[0.171s] Level 1:colcon.colcon_core.package_identification:_identify(src) by extension 'python'
[0.171s] Level 1:colcon.colcon_core.package_identification:_identify(src) by extensions ['python_setup_py']
[0.171s] Level 1:colcon.colcon_core.package_identification:_identify(src) by extension 'python_setup_py'
[0.171s] Level 1:colcon.colcon_core.package_identification:_identify(src/first_interfaces) by extensions ['ignore', 'ignore_ament_install']
[0.171s] Level 1:colcon.colcon_core.package_identification:_identify(src/first_interfaces) by extension 'ignore'
[0.171s] Level 1:colcon.colcon_core.package_identification:_identify(src/first_interfaces) by extension 'ignore_ament_install'
[0.171s] Level 1:colcon.colcon_core.package_identification:_identify(src/first_interfaces) by extensions ['colcon_pkg']
[0.171s] Level 1:colcon.colcon_core.package_identification:_identify(src/first_interfaces) by extension 'colcon_pkg'
[0.171s] Level 1:colcon.colcon_core.package_identification:_identify(src/first_interfaces) by extensions ['colcon_meta']
[0.171s] Level 1:colcon.colcon_core.package_identification:_identify(src/first_interfaces) by extension 'colcon_meta'
[0.171s] Level 1:colcon.colcon_core.package_identification:_identify(src/first_interfaces) by extensions ['ros']
[0.171s] Level 1:colcon.colcon_core.package_identification:_identify(src/first_interfaces) by extension 'ros'
[0.173s] DEBUG:colcon.colcon_core.package_identification:Package 'src/first_interfaces' with type 'ros.ament_cmake' and name 'first_interfaces'
[0.173s] Level 1:colcon.colcon_core.package_identification:_identify(src/first_pubsub) by extensions ['ignore', 'ignore_ament_install']
[0.174s] Level 1:colcon.colcon_core.package_identification:_identify(src/first_pubsub) by extension 'ignore'
[0.174s] Level 1:colcon.colcon_core.package_identification:_identify(src/first_pubsub) by extension 'ignore_ament_install'
[0.174s] Level 1:colcon.colcon_core.package_identification:_identify(src/first_pubsub) by extensions ['colcon_pkg']
[0.174s] Level 1:colcon.colcon_core.package_identification:_identify(src/first_pubsub) by extension 'colcon_pkg'
[0.174s] Level 1:colcon.colcon_core.package_identification:_identify(src/first_pubsub) by extensions ['colcon_meta']
[0.174s] Level 1:colcon.colcon_core.package_identification:_identify(src/first_pubsub) by extension 'colcon_meta'
[0.174s] Level 1:colcon.colcon_core.package_identification:_identify(src/first_pubsub) by extensions ['ros']
[0.174s] Level 1:colcon.colcon_core.package_identification:_identify(src/first_pubsub) by extension 'ros'
[0.174s] DEBUG:colcon.colcon_core.package_identification:Package 'src/first_pubsub' with type 'ros.ament_cmake' and name 'first_pubsub'
[0.174s] Level 1:colcon.colcon_core.package_identification:_identify(src/ros_tutorials) by extensions ['ignore', 'ignore_ament_install']
[0.174s] Level 1:colcon.colcon_core.package_identification:_identify(src/ros_tutorials) by extension 'ignore'
[0.174s] Level 1:colcon.colcon_core.package_identification:_identify(src/ros_tutorials) by extension 'ignore_ament_install'
[0.174s] Level 1:colcon.colcon_core.package_identification:_identify(src/ros_tutorials) by extensions ['colcon_pkg']
[0.175s] Level 1:colcon.colcon_core.package_identification:_identify(src/ros_tutorials) by extension 'colcon_pkg'
[0.175s] Level 1:colcon.colcon_core.package_identification:_identify(src/ros_tutorials) by extensions ['colcon_meta']
[0.175s] Level 1:colcon.colcon_core.package_identification:_identify(src/ros_tutorials) by extension 'colcon_meta'
[0.175s] Level 1:colcon.colcon_core.package_identification:_identify(src/ros_tutorials) by extensions ['ros']
[0.175s] Level 1:colcon.colcon_core.package_identification:_identify(src/ros_tutorials) by extension 'ros'
[0.175s] Level 1:colcon.colcon_core.package_identification:_identify(src/ros_tutorials) by extensions ['cmake', 'python']
[0.175s] Level 1:colcon.colcon_core.package_identification:_identify(src/ros_tutorials) by extension 'cmake'
[0.175s] Level 1:colcon.colcon_core.package_identification:_identify(src/ros_tutorials) by extension 'python'
[0.175s] Level 1:colcon.colcon_core.package_identification:_identify(src/ros_tutorials) by extensions ['python_setup_py']
[0.175s] Level 1:colcon.colcon_core.package_identification:_identify(src/ros_tutorials) by extension 'python_setup_py'
[0.175s] Level 1:colcon.colcon_core.package_identification:_identify(src/ros_tutorials/ros_tutorials) by extensions ['ignore', 'ignore_ament_install']
[0.175s] Level 1:colcon.colcon_core.package_identification:_identify(src/ros_tutorials/ros_tutorials) by extension 'ignore'
[0.175s] Level 1:colcon.colcon_core.package_identification:_identify(src/ros_tutorials/ros_tutorials) ignored
[0.175s] Level 1:colcon.colcon_core.package_identification:_identify(src/ros_tutorials/roscpp_tutorials) by extensions ['ignore', 'ignore_ament_install']
[0.175s] Level 1:colcon.colcon_core.package_identification:_identify(src/ros_tutorials/roscpp_tutorials) by extension 'ignore'
[0.175s] Level 1:colcon.colcon_core.package_identification:_identify(src/ros_tutorials/roscpp_tutorials) ignored
[0.175s] Level 1:colcon.colcon_core.package_identification:_identify(src/ros_tutorials/rospy_tutorials) by extensions ['ignore', 'ignore_ament_install']
[0.175s] Level 1:colcon.colcon_core.package_identification:_identify(src/ros_tutorials/rospy_tutorials) by extension 'ignore'
[0.175s] Level 1:colcon.colcon_core.package_identification:_identify(src/ros_tutorials/rospy_tutorials) ignored
[0.175s] Level 1:colcon.colcon_core.package_identification:_identify(src/ros_tutorials/turtlesim) by extensions ['ignore', 'ignore_ament_install']
[0.175s] Level 1:colcon.colcon_core.package_identification:_identify(src/ros_tutorials/turtlesim) by extension 'ignore'
[0.175s] Level 1:colcon.colcon_core.package_identification:_identify(src/ros_tutorials/turtlesim) by extension 'ignore_ament_install'
[0.175s] Level 1:colcon.colcon_core.package_identification:_identify(src/ros_tutorials/turtlesim) by extensions ['colcon_pkg']
[0.175s] Level 1:colcon.colcon_core.package_identification:_identify(src/ros_tutorials/turtlesim) by extension 'colcon_pkg'
[0.175s] Level 1:colcon.colcon_core.package_identification:_identify(src/ros_tutorials/turtlesim) by extensions ['colcon_meta']
[0.175s] Level 1:colcon.colcon_core.package_identification:_identify(src/ros_tutorials/turtlesim) by extension 'colcon_meta'
[0.175s] Level 1:colcon.colcon_core.package_identification:_identify(src/ros_tutorials/turtlesim) by extensions ['ros']
[0.176s] Level 1:colcon.colcon_core.package_identification:_identify(src/ros_tutorials/turtlesim) by extension 'ros'
[0.176s] DEBUG:colcon.colcon_core.package_identification:Package 'src/ros_tutorials/turtlesim' with type 'ros.ament_cmake' and name 'turtlesim'
[0.176s] Level 1:colcon.colcon_core.package_discovery:discover_packages(recursive) using defaults
[0.176s] Level 1:colcon.colcon_core.package_discovery:discover_packages(ignore) discover
[0.176s] Level 1:colcon.colcon_core.package_discovery:discover_packages(ignore) using defaults
[0.176s] Level 1:colcon.colcon_core.package_discovery:discover_packages(path) discover
[0.176s] Level 1:colcon.colcon_core.package_discovery:discover_packages(path) using defaults
[0.193s] INFO:colcon.colcon_core.package_selection:Skipping package 'turtlesim' in 'src/ros_tutorials/turtlesim'
[0.193s] Level 5:colcon.colcon_core.verb:set package 'first_interfaces' build argument 'cmake_args' from command line to 'None'
[0.193s] Level 5:colcon.colcon_core.verb:set package 'first_interfaces' build argument 'cmake_target' from command line to 'None'
[0.193s] Level 5:colcon.colcon_core.verb:set package 'first_interfaces' build argument 'cmake_target_skip_unavailable' from command line to 'False'
[0.193s] Level 5:colcon.colcon_core.verb:set package 'first_interfaces' build argument 'cmake_clean_cache' from command line to 'False'
[0.193s] Level 5:colcon.colcon_core.verb:set package 'first_interfaces' build argument 'cmake_clean_first' from command line to 'False'
[0.193s] Level 5:colcon.colcon_core.verb:set package 'first_interfaces' build argument 'cmake_force_configure' from command line to 'False'
[0.193s] Level 5:colcon.colcon_core.verb:set package 'first_interfaces' build argument 'ament_cmake_args' from command line to 'None'
[0.193s] Level 5:colcon.colcon_core.verb:set package 'first_interfaces' build argument 'catkin_cmake_args' from command line to 'None'
[0.193s] Level 5:colcon.colcon_core.verb:set package 'first_interfaces' build argument 'catkin_skip_building_tests' from command line to 'False'
[0.193s] DEBUG:colcon.colcon_core.verb:Building package 'first_interfaces' with the following arguments: {'ament_cmake_args': None, 'build_base': '/home/azharanas17/setunggal_ws/build/first_interfaces', 'catkin_cmake_args': None, 'catkin_skip_building_tests': False, 'cmake_args': None, 'cmake_clean_cache': False, 'cmake_clean_first': False, 'cmake_force_configure': False, 'cmake_target': None, 'cmake_target_skip_unavailable': False, 'install_base': '/home/azharanas17/setunggal_ws/install/first_interfaces', 'merge_install': False, 'path': '/home/azharanas17/setunggal_ws/src/first_interfaces', 'symlink_install': False, 'test_result_base': None}
[0.194s] Level 5:colcon.colcon_core.verb:set package 'first_pubsub' build argument 'cmake_args' from command line to 'None'
[0.194s] Level 5:colcon.colcon_core.verb:set package 'first_pubsub' build argument 'cmake_target' from command line to 'None'
[0.194s] Level 5:colcon.colcon_core.verb:set package 'first_pubsub' build argument 'cmake_target_skip_unavailable' from command line to 'False'
[0.194s] Level 5:colcon.colcon_core.verb:set package 'first_pubsub' build argument 'cmake_clean_cache' from command line to 'False'
[0.194s] Level 5:colcon.colcon_core.verb:set package 'first_pubsub' build argument 'cmake_clean_first' from command line to 'False'
[0.194s] Level 5:colcon.colcon_core.verb:set package 'first_pubsub' build argument 'cmake_force_configure' from command line to 'False'
[0.194s] Level 5:colcon.colcon_core.verb:set package 'first_pubsub' build argument 'ament_cmake_args' from command line to 'None'
[0.194s] Level 5:colcon.colcon_core.verb:set package 'first_pubsub' build argument 'catkin_cmake_args' from command line to 'None'
[0.194s] Level 5:colcon.colcon_core.verb:set package 'first_pubsub' build argument 'catkin_skip_building_tests' from command line to 'False'
[0.194s] DEBUG:colcon.colcon_core.verb:Building package 'first_pubsub' with the following arguments: {'ament_cmake_args': None, 'build_base': '/home/azharanas17/setunggal_ws/build/first_pubsub', 'catkin_cmake_args': None, 'catkin_skip_building_tests': False, 'cmake_args': None, 'cmake_clean_cache': False, 'cmake_clean_first': False, 'cmake_force_configure': False, 'cmake_target': None, 'cmake_target_skip_unavailable': False, 'install_base': '/home/azharanas17/setunggal_ws/install/first_pubsub', 'merge_install': False, 'path': '/home/azharanas17/setunggal_ws/src/first_pubsub', 'symlink_install': False, 'test_result_base': None}
[0.197s] INFO:colcon.colcon_core.executor:Executing jobs using 'parallel' executor
[0.198s] DEBUG:colcon.colcon_parallel_executor.executor.parallel:run_until_complete
[0.199s] INFO:colcon.colcon_ros.task.ament_cmake.build:Building ROS package in '/home/azharanas17/setunggal_ws/src/first_interfaces' with build type 'ament_cmake'
[0.199s] INFO:colcon.colcon_cmake.task.cmake.build:Building CMake package in '/home/azharanas17/setunggal_ws/src/first_interfaces'
[0.203s] INFO:colcon.colcon_core.plugin_system:Skipping extension 'colcon_core.shell.bat': Not used on non-Windows systems
[0.203s] INFO:colcon.colcon_core.shell:Skip shell extension 'powershell' for command environment: Not usable outside of PowerShell
[0.203s] DEBUG:colcon.colcon_core.shell:Skip shell extension 'dsv' for command environment
[0.211s] DEBUG:colcon.colcon_core.event_handler.log_command:Invoking command in '/home/azharanas17/setunggal_ws/build/first_interfaces': CMAKE_PREFIX_PATH=/opt/ros/foxy /usr/bin/cmake --build /home/azharanas17/setunggal_ws/build/first_interfaces -- -j4 -l4
[0.405s] DEBUG:colcon.colcon_core.event_handler.log_command:Invoked command in '/home/azharanas17/setunggal_ws/build/first_interfaces' returned '0': CMAKE_PREFIX_PATH=/opt/ros/foxy /usr/bin/cmake --build /home/azharanas17/setunggal_ws/build/first_interfaces -- -j4 -l4
[0.450s] DEBUG:colcon.colcon_core.event_handler.log_command:Invoking command in '/home/azharanas17/setunggal_ws/build/first_interfaces': CMAKE_PREFIX_PATH=/opt/ros/foxy /usr/bin/cmake --install /home/azharanas17/setunggal_ws/build/first_interfaces
[0.491s] Level 1:colcon.colcon_core.environment:create_environment_scripts_only(first_interfaces)
[0.492s] DEBUG:colcon.colcon_core.event_handler.log_command:Invoked command in '/home/azharanas17/setunggal_ws/build/first_interfaces' returned '0': CMAKE_PREFIX_PATH=/opt/ros/foxy /usr/bin/cmake --install /home/azharanas17/setunggal_ws/build/first_interfaces
[0.496s] Level 1:colcon.colcon_core.environment:checking '/home/azharanas17/setunggal_ws/install/first_interfaces' for CMake module files
[0.497s] Level 1:colcon.colcon_core.environment:checking '/home/azharanas17/setunggal_ws/install/first_interfaces' for CMake config files
[0.497s] Level 1:colcon.colcon_core.shell:create_environment_hook('first_interfaces', 'cmake_prefix_path')
[0.497s] INFO:colcon.colcon_core.shell:Creating environment hook '/home/azharanas17/setunggal_ws/install/first_interfaces/share/first_interfaces/hook/cmake_prefix_path.ps1'
[0.498s] INFO:colcon.colcon_core.shell:Creating environment descriptor '/home/azharanas17/setunggal_ws/install/first_interfaces/share/first_interfaces/hook/cmake_prefix_path.dsv'
[0.498s] INFO:colcon.colcon_core.shell:Creating environment hook '/home/azharanas17/setunggal_ws/install/first_interfaces/share/first_interfaces/hook/cmake_prefix_path.sh'
[0.499s] Level 1:colcon.colcon_core.environment:checking '/home/azharanas17/setunggal_ws/install/first_interfaces/lib'
[0.499s] Level 1:colcon.colcon_core.shell:create_environment_hook('first_interfaces', 'ld_library_path_lib')
[0.499s] INFO:colcon.colcon_core.shell:Creating environment hook '/home/azharanas17/setunggal_ws/install/first_interfaces/share/first_interfaces/hook/ld_library_path_lib.ps1'
[0.500s] INFO:colcon.colcon_core.shell:Creating environment descriptor '/home/azharanas17/setunggal_ws/install/first_interfaces/share/first_interfaces/hook/ld_library_path_lib.dsv'
[0.500s] INFO:colcon.colcon_core.shell:Creating environment hook '/home/azharanas17/setunggal_ws/install/first_interfaces/share/first_interfaces/hook/ld_library_path_lib.sh'
[0.500s] Level 1:colcon.colcon_core.environment:checking '/home/azharanas17/setunggal_ws/install/first_interfaces/bin'
[0.500s] Level 1:colcon.colcon_core.environment:checking '/home/azharanas17/setunggal_ws/install/first_interfaces/lib/pkgconfig/first_interfaces.pc'
[0.500s] Level 1:colcon.colcon_core.environment:checking '/home/azharanas17/setunggal_ws/install/first_interfaces/lib/python3.8/site-packages'
[0.500s] Level 1:colcon.colcon_core.shell:create_environment_hook('first_interfaces', 'pythonpath')
[0.501s] INFO:colcon.colcon_core.shell:Creating environment hook '/home/azharanas17/setunggal_ws/install/first_interfaces/share/first_interfaces/hook/pythonpath.ps1'
[0.501s] INFO:colcon.colcon_core.shell:Creating environment descriptor '/home/azharanas17/setunggal_ws/install/first_interfaces/share/first_interfaces/hook/pythonpath.dsv'
[0.501s] INFO:colcon.colcon_core.shell:Creating environment hook '/home/azharanas17/setunggal_ws/install/first_interfaces/share/first_interfaces/hook/pythonpath.sh'
[0.502s] INFO:colcon.colcon_core.shell:Creating package script '/home/azharanas17/setunggal_ws/install/first_interfaces/share/first_interfaces/package.ps1'
[0.502s] INFO:colcon.colcon_core.shell:Creating package descriptor '/home/azharanas17/setunggal_ws/install/first_interfaces/share/first_interfaces/package.dsv'
[0.503s] INFO:colcon.colcon_core.shell:Creating package script '/home/azharanas17/setunggal_ws/install/first_interfaces/share/first_interfaces/package.sh'
[0.503s] INFO:colcon.colcon_core.shell:Creating package script '/home/azharanas17/setunggal_ws/install/first_interfaces/share/first_interfaces/package.bash'
[0.504s] INFO:colcon.colcon_core.shell:Creating package script '/home/azharanas17/setunggal_ws/install/first_interfaces/share/first_interfaces/package.zsh'
[0.504s] Level 1:colcon.colcon_core.environment:create_file_with_runtime_dependencies(/home/azharanas17/setunggal_ws/install/first_interfaces/share/colcon-core/packages/first_interfaces)
[0.540s] Level 1:colcon.colcon_core.environment:create_environment_scripts_only(first_interfaces)
[0.541s] Level 1:colcon.colcon_core.environment:checking '/home/azharanas17/setunggal_ws/install/first_interfaces' for CMake module files
[0.541s] Level 1:colcon.colcon_core.environment:checking '/home/azharanas17/setunggal_ws/install/first_interfaces' for CMake config files
[0.542s] Level 1:colcon.colcon_core.shell:create_environment_hook('first_interfaces', 'cmake_prefix_path')
[0.542s] INFO:colcon.colcon_core.shell:Creating environment hook '/home/azharanas17/setunggal_ws/install/first_interfaces/share/first_interfaces/hook/cmake_prefix_path.ps1'
[0.542s] INFO:colcon.colcon_core.shell:Creating environment descriptor '/home/azharanas17/setunggal_ws/install/first_interfaces/share/first_interfaces/hook/cmake_prefix_path.dsv'
[0.543s] INFO:colcon.colcon_core.shell:Creating environment hook '/home/azharanas17/setunggal_ws/install/first_interfaces/share/first_interfaces/hook/cmake_prefix_path.sh'
[0.543s] Level 1:colcon.colcon_core.environment:checking '/home/azharanas17/setunggal_ws/install/first_interfaces/lib'
[0.543s] Level 1:colcon.colcon_core.shell:create_environment_hook('first_interfaces', 'ld_library_path_lib')
[0.543s] INFO:colcon.colcon_core.shell:Creating environment hook '/home/azharanas17/setunggal_ws/install/first_interfaces/share/first_interfaces/hook/ld_library_path_lib.ps1'
[0.544s] INFO:colcon.colcon_core.shell:Creating environment descriptor '/home/azharanas17/setunggal_ws/install/first_interfaces/share/first_interfaces/hook/ld_library_path_lib.dsv'
[0.544s] INFO:colcon.colcon_core.shell:Creating environment hook '/home/azharanas17/setunggal_ws/install/first_interfaces/share/first_interfaces/hook/ld_library_path_lib.sh'
[0.544s] Level 1:colcon.colcon_core.environment:checking '/home/azharanas17/setunggal_ws/install/first_interfaces/bin'
[0.544s] Level 1:colcon.colcon_core.environment:checking '/home/azharanas17/setunggal_ws/install/first_interfaces/lib/pkgconfig/first_interfaces.pc'
[0.544s] Level 1:colcon.colcon_core.environment:checking '/home/azharanas17/setunggal_ws/install/first_interfaces/lib/python3.8/site-packages'
[0.544s] Level 1:colcon.colcon_core.shell:create_environment_hook('first_interfaces', 'pythonpath')
[0.544s] INFO:colcon.colcon_core.shell:Creating environment hook '/home/azharanas17/setunggal_ws/install/first_interfaces/share/first_interfaces/hook/pythonpath.ps1'
[0.545s] INFO:colcon.colcon_core.shell:Creating environment descriptor '/home/azharanas17/setunggal_ws/install/first_interfaces/share/first_interfaces/hook/pythonpath.dsv'
[0.545s] INFO:colcon.colcon_core.shell:Creating environment hook '/home/azharanas17/setunggal_ws/install/first_interfaces/share/first_interfaces/hook/pythonpath.sh'
[0.545s] INFO:colcon.colcon_core.shell:Creating package script '/home/azharanas17/setunggal_ws/install/first_interfaces/share/first_interfaces/package.ps1'
[0.546s] INFO:colcon.colcon_core.shell:Creating package descriptor '/home/azharanas17/setunggal_ws/install/first_interfaces/share/first_interfaces/package.dsv'
[0.546s] INFO:colcon.colcon_core.shell:Creating package script '/home/azharanas17/setunggal_ws/install/first_interfaces/share/first_interfaces/package.sh'
[0.546s] INFO:colcon.colcon_core.shell:Creating package script '/home/azharanas17/setunggal_ws/install/first_interfaces/share/first_interfaces/package.bash'
[0.547s] INFO:colcon.colcon_core.shell:Creating package script '/home/azharanas17/setunggal_ws/install/first_interfaces/share/first_interfaces/package.zsh'
[0.547s] Level 1:colcon.colcon_core.environment:create_file_with_runtime_dependencies(/home/azharanas17/setunggal_ws/install/first_interfaces/share/colcon-core/packages/first_interfaces)
[0.547s] INFO:colcon.colcon_ros.task.ament_cmake.build:Building ROS package in '/home/azharanas17/setunggal_ws/src/first_pubsub' with build type 'ament_cmake'
[0.547s] INFO:colcon.colcon_cmake.task.cmake.build:Building CMake package in '/home/azharanas17/setunggal_ws/src/first_pubsub'
[0.548s] INFO:colcon.colcon_core.shell:Skip shell extension 'powershell' for command environment: Not usable outside of PowerShell
[0.548s] DEBUG:colcon.colcon_core.shell:Skip shell extension 'dsv' for command environment
[0.558s] DEBUG:colcon.colcon_core.event_handler.log_command:Invoking command in '/home/azharanas17/setunggal_ws/build/first_pubsub': AMENT_PREFIX_PATH=/home/azharanas17/setunggal_ws/install/first_interfaces:${AMENT_PREFIX_PATH} CMAKE_PREFIX_PATH=/home/azharanas17/setunggal_ws/install/first_interfaces:/opt/ros/foxy LD_LIBRARY_PATH=/home/azharanas17/setunggal_ws/install/first_interfaces/lib:${LD_LIBRARY_PATH} PYTHONPATH=/home/azharanas17/setunggal_ws/install/first_interfaces/lib/python3.8/site-packages:${PYTHONPATH} /usr/bin/cmake --build /home/azharanas17/setunggal_ws/build/first_pubsub -- -j4 -l4
[3.103s] DEBUG:colcon.colcon_core.event_handler.log_command:Invoked command in '/home/azharanas17/setunggal_ws/build/first_pubsub' returned '2': AMENT_PREFIX_PATH=/home/azharanas17/setunggal_ws/install/first_interfaces:${AMENT_PREFIX_PATH} CMAKE_PREFIX_PATH=/home/azharanas17/setunggal_ws/install/first_interfaces:/opt/ros/foxy LD_LIBRARY_PATH=/home/azharanas17/setunggal_ws/install/first_interfaces/lib:${LD_LIBRARY_PATH} PYTHONPATH=/home/azharanas17/setunggal_ws/install/first_interfaces/lib/python3.8/site-packages:${PYTHONPATH} /usr/bin/cmake --build /home/azharanas17/setunggal_ws/build/first_pubsub -- -j4 -l4
[3.128s] Level 1:colcon.colcon_core.environment:create_environment_scripts_only(first_pubsub)
[3.129s] Level 1:colcon.colcon_core.environment:checking '/home/azharanas17/setunggal_ws/install/first_pubsub' for CMake module files
[3.129s] Level 1:colcon.colcon_core.environment:checking '/home/azharanas17/setunggal_ws/install/first_pubsub' for CMake config files
[3.129s] Level 1:colcon.colcon_core.shell:create_environment_hook('first_pubsub', 'cmake_prefix_path')
[3.129s] INFO:colcon.colcon_core.shell:Creating environment hook '/home/azharanas17/setunggal_ws/install/first_pubsub/share/first_pubsub/hook/cmake_prefix_path.ps1'
[3.130s] INFO:colcon.colcon_core.shell:Creating environment descriptor '/home/azharanas17/setunggal_ws/install/first_pubsub/share/first_pubsub/hook/cmake_prefix_path.dsv'
[3.130s] INFO:colcon.colcon_core.shell:Creating environment hook '/home/azharanas17/setunggal_ws/install/first_pubsub/share/first_pubsub/hook/cmake_prefix_path.sh'
[3.131s] Level 1:colcon.colcon_core.environment:checking '/home/azharanas17/setunggal_ws/install/first_pubsub/lib'
[3.131s] Level 1:colcon.colcon_core.environment:checking '/home/azharanas17/setunggal_ws/install/first_pubsub/bin'
[3.131s] Level 1:colcon.colcon_core.environment:checking '/home/azharanas17/setunggal_ws/install/first_pubsub/lib/pkgconfig/first_pubsub.pc'
[3.131s] Level 1:colcon.colcon_core.environment:checking '/home/azharanas17/setunggal_ws/install/first_pubsub/lib/python3.8/site-packages'
[3.131s] INFO:colcon.colcon_core.shell:Creating package script '/home/azharanas17/setunggal_ws/install/first_pubsub/share/first_pubsub/package.ps1'
[3.133s] INFO:colcon.colcon_core.shell:Creating package descriptor '/home/azharanas17/setunggal_ws/install/first_pubsub/share/first_pubsub/package.dsv'
[3.133s] INFO:colcon.colcon_core.shell:Creating package script '/home/azharanas17/setunggal_ws/install/first_pubsub/share/first_pubsub/package.sh'
[3.134s] INFO:colcon.colcon_core.shell:Creating package script '/home/azharanas17/setunggal_ws/install/first_pubsub/share/first_pubsub/package.bash'
[3.134s] INFO:colcon.colcon_core.shell:Creating package script '/home/azharanas17/setunggal_ws/install/first_pubsub/share/first_pubsub/package.zsh'
[3.135s] Level 1:colcon.colcon_core.environment:create_file_with_runtime_dependencies(/home/azharanas17/setunggal_ws/install/first_pubsub/share/colcon-core/packages/first_pubsub)
[3.145s] DEBUG:colcon.colcon_parallel_executor.executor.parallel:closing loop
[3.145s] DEBUG:colcon.colcon_parallel_executor.executor.parallel:loop closed
[3.145s] DEBUG:colcon.colcon_parallel_executor.executor.parallel:run_until_complete finished with '2'
[3.145s] DEBUG:colcon.colcon_core.event_reactor:joining thread
[3.151s] INFO:colcon.colcon_core.plugin_system:Skipping extension 'colcon_notification.desktop_notification.terminal_notifier': Not used on non-Darwin systems
[3.151s] INFO:colcon.colcon_core.plugin_system:Skipping extension 'colcon_notification.desktop_notification.win32': Not used on non-Windows systems
[3.152s] INFO:colcon.colcon_notification.desktop_notification:Sending desktop notification using 'notify2'
[3.165s] DEBUG:colcon.colcon_core.event_reactor:joined thread
[3.166s] INFO:colcon.colcon_core.shell:Creating prefix script '/home/azharanas17/setunggal_ws/install/local_setup.ps1'
[3.167s] INFO:colcon.colcon_core.shell:Creating prefix util module '/home/azharanas17/setunggal_ws/install/_local_setup_util_ps1.py'
[3.169s] INFO:colcon.colcon_core.shell:Creating prefix chain script '/home/azharanas17/setunggal_ws/install/setup.ps1'
[3.170s] INFO:colcon.colcon_core.shell:Creating prefix script '/home/azharanas17/setunggal_ws/install/local_setup.sh'
[3.171s] INFO:colcon.colcon_core.shell:Creating prefix util module '/home/azharanas17/setunggal_ws/install/_local_setup_util_sh.py'
[3.172s] INFO:colcon.colcon_core.shell:Creating prefix chain script '/home/azharanas17/setunggal_ws/install/setup.sh'
[3.174s] INFO:colcon.colcon_core.shell:Creating prefix script '/home/azharanas17/setunggal_ws/install/local_setup.bash'
[3.175s] INFO:colcon.colcon_core.shell:Creating prefix chain script '/home/azharanas17/setunggal_ws/install/setup.bash'
[3.177s] INFO:colcon.colcon_core.shell:Creating prefix script '/home/azharanas17/setunggal_ws/install/local_setup.zsh'
[3.177s] INFO:colcon.colcon_core.shell:Creating prefix chain script '/home/azharanas17/setunggal_ws/install/setup.zsh'
