[ 40%] [32mBuilding CXX object CMakeFiles/first_pubsub.dir/src/logger_node.cpp.o[0m
[ 40%] [32mBuilding CXX object CMakeFiles/first_pubsub.dir/src/logger.cpp.o[0m
[ 60%] [32mBuilding CXX object CMakeFiles/listener.dir/src/logger_node.cpp.o[0m
[01m[K/home/azharanas17/setunggal_ws/src/first_pubsub/src/logger_node.cpp:3:10:[m[K [01;31m[Kfatal error: [m[Krclcpp/rclcpp.hpp: No such file or directory
    3 | #include [01;31m[K"rclcpp/rclcpp.hpp"[m[K
      |          [01;31m[K^~~~~~~~~~~~~~~~~~~[m[K
compilation terminated.
make[2]: *** [CMakeFiles/first_pubsub.dir/build.make:63: CMakeFiles/first_pubsub.dir/src/logger_node.cpp.o] Error 1
make[2]: *** Waiting for unfinished jobs....
[01m[K/home/azharanas17/setunggal_ws/src/first_pubsub/src/logger.cpp:8:10:[m[K [01;31m[Kfatal error: [m[Krclcpp/rclcpp.hpp: No such file or directory
    8 | #include [01;31m[K"rclcpp/rclcpp.hpp"[m[K
      |          [01;31m[K^~~~~~~~~~~~~~~~~~~[m[K
compilation terminated.
make[2]: *** [CMakeFiles/first_pubsub.dir/build.make:76: CMakeFiles/first_pubsub.dir/src/logger.cpp.o] Error 1
make[1]: *** [CMakeFiles/Makefile2:107: CMakeFiles/first_pubsub.dir/all] Error 2
make[1]: *** Waiting for unfinished jobs....
[01m[K/home/azharanas17/setunggal_ws/src/first_pubsub/src/logger_node.cpp:5:10:[m[K [01;31m[Kfatal error: [m[Kfirst_pubsub/logger.hpp: No such file or directory
    5 | #include [01;31m[K"first_pubsub/logger.hpp"[m[K
      |          [01;31m[K^~~~~~~~~~~~~~~~~~~~~~~~~[m[K
compilation terminated.
make[2]: *** [CMakeFiles/listener.dir/build.make:63: CMakeFiles/listener.dir/src/logger_node.cpp.o] Error 1
make[1]: *** [CMakeFiles/Makefile2:80: CMakeFiles/listener.dir/all] Error 2
make: *** [Makefile:141: all] Error 2
