-- Found ament_cmake: 0.9.9 (/opt/ros/foxy/share/ament_cmake/cmake)
-- Using PYTHON_EXECUTABLE: /usr/bin/python3
-- Found rclcpp: 2.4.1 (/opt/ros/foxy/share/rclcpp/cmake)
-- Using all available rosidl_typesupport_c: rosidl_typesupport_fastrtps_c;rosidl_typesupport_introspection_c
-- Found rosidl_adapter: 1.2.1 (/opt/ros/foxy/share/rosidl_adapter/cmake)
-- Using all available rosidl_typesupport_cpp: rosidl_typesupport_fastrtps_cpp;rosidl_typesupport_introspection_cpp
-- Found rmw_implementation_cmake: 1.0.3 (/opt/ros/foxy/share/rmw_implementation_cmake/cmake)
-- Using RMW implementation 'rmw_fastrtps_cpp' as default
-- Found first_interfaces: 0.0.0 (/home/azharanas17/setunggal_ws/install/first_interfaces/share/first_interfaces/cmake)
-- Found first_pubsub: 0.0.0 (/home/azharanas17/setunggal_ws/install/first_pubsub/share/first_pubsub/cmake)
-- Found ament_lint_auto: 0.9.6 (/opt/ros/foxy/share/ament_lint_auto/cmake)
-- Added test 'copyright' to check source files copyright and LICENSE
-- Added test 'cppcheck' to perform static code analysis on C / C++ code
-- Configured cppcheck include dirs: $<BUILD_INTERFACE:/home/azharanas17/setunggal_ws/src/first_pubsub/include>
-- Configured cppcheck exclude dirs and/or files: 
-- Added test 'cpplint' to check C / C++ code against the Google style
-- Configured cpplint exclude dirs and/or files: 
-- Added test 'lint_cmake' to check CMake code style
-- Added test 'uncrustify' to check C / C++ code style
-- Configured uncrustify additional arguments: 
-- Added test 'xmllint' to check XML markup files
-- Configuring done
-- Generating done
-- Build files have been written to: /home/azharanas17/setunggal_ws/build/first_pubsub
[35m[1mScanning dependencies of target first_pubsub[0m
[ 14%] [32mBuilding CXX object CMakeFiles/first_pubsub.dir/src/logger_sub_node.cpp.o[0m
[ 28%] [32m[1mLinking CXX shared library libfirst_pubsub.so[0m
[ 42%] Built target first_pubsub
[35m[1mScanning dependencies of target loggersub[0m
[ 57%] [32m[1mLinking CXX executable loggerpub[0m
[ 71%] [32mBuilding CXX object CMakeFiles/loggersub.dir/src/logger_mainsub_node.cpp.o[0m
[ 85%] Built target loggerpub
[100%] [32m[1mLinking CXX executable loggersub[0m
[100%] Built target loggersub
-- Install configuration: ""
-- Up-to-date: /home/azharanas17/setunggal_ws/install/first_pubsub/./include
-- Up-to-date: /home/azharanas17/setunggal_ws/install/first_pubsub/./include/first_pubsub
-- Installing: /home/azharanas17/setunggal_ws/install/first_pubsub/./include/first_pubsub/logger_sub_node.hpp
-- Up-to-date: /home/azharanas17/setunggal_ws/install/first_pubsub/./include/first_pubsub/logger_pub_node.hpp
-- Up-to-date: /home/azharanas17/setunggal_ws/install/first_pubsub/./include/first_pubsub/logger.hpp
-- Installing: /home/azharanas17/setunggal_ws/install/first_pubsub/lib/libfirst_pubsub.so
-- Set runtime path of "/home/azharanas17/setunggal_ws/install/first_pubsub/lib/libfirst_pubsub.so" to ""
-- Installing: /home/azharanas17/setunggal_ws/install/first_pubsub/lib/first_pubsub/loggerpub
-- Set runtime path of "/home/azharanas17/setunggal_ws/install/first_pubsub/lib/first_pubsub/loggerpub" to ""
-- Installing: /home/azharanas17/setunggal_ws/install/first_pubsub/lib/first_pubsub/loggersub
-- Set runtime path of "/home/azharanas17/setunggal_ws/install/first_pubsub/lib/first_pubsub/loggersub" to ""
-- Up-to-date: /home/azharanas17/setunggal_ws/install/first_pubsub/share/first_pubsub/environment/library_path.sh
-- Installing: /home/azharanas17/setunggal_ws/install/first_pubsub/share/first_pubsub/environment/library_path.dsv
-- Up-to-date: /home/azharanas17/setunggal_ws/install/first_pubsub/share/ament_index/resource_index/package_run_dependencies/first_pubsub
-- Installing: /home/azharanas17/setunggal_ws/install/first_pubsub/share/ament_index/resource_index/parent_prefix_path/first_pubsub
-- Up-to-date: /home/azharanas17/setunggal_ws/install/first_pubsub/share/first_pubsub/environment/ament_prefix_path.sh
-- Installing: /home/azharanas17/setunggal_ws/install/first_pubsub/share/first_pubsub/environment/ament_prefix_path.dsv
-- Up-to-date: /home/azharanas17/setunggal_ws/install/first_pubsub/share/first_pubsub/environment/path.sh
-- Installing: /home/azharanas17/setunggal_ws/install/first_pubsub/share/first_pubsub/environment/path.dsv
-- Up-to-date: /home/azharanas17/setunggal_ws/install/first_pubsub/share/first_pubsub/local_setup.bash
-- Up-to-date: /home/azharanas17/setunggal_ws/install/first_pubsub/share/first_pubsub/local_setup.sh
-- Up-to-date: /home/azharanas17/setunggal_ws/install/first_pubsub/share/first_pubsub/local_setup.zsh
-- Installing: /home/azharanas17/setunggal_ws/install/first_pubsub/share/first_pubsub/local_setup.dsv
-- Installing: /home/azharanas17/setunggal_ws/install/first_pubsub/share/first_pubsub/package.dsv
-- Up-to-date: /home/azharanas17/setunggal_ws/install/first_pubsub/share/ament_index/resource_index/packages/first_pubsub
-- Up-to-date: /home/azharanas17/setunggal_ws/install/first_pubsub/share/first_pubsub/cmake/ament_cmake_export_dependencies-extras.cmake
-- Up-to-date: /home/azharanas17/setunggal_ws/install/first_pubsub/share/first_pubsub/cmake/ament_cmake_export_include_directories-extras.cmake
-- Up-to-date: /home/azharanas17/setunggal_ws/install/first_pubsub/share/first_pubsub/cmake/ament_cmake_export_libraries-extras.cmake
-- Up-to-date: /home/azharanas17/setunggal_ws/install/first_pubsub/share/first_pubsub/cmake/first_pubsubConfig.cmake
-- Up-to-date: /home/azharanas17/setunggal_ws/install/first_pubsub/share/first_pubsub/cmake/first_pubsubConfig-version.cmake
-- Up-to-date: /home/azharanas17/setunggal_ws/install/first_pubsub/share/first_pubsub/package.xml
