[ 14%] [32mBuilding CXX object CMakeFiles/first_pubsub.dir/src/logger_sub_node.cpp.o[0m
[01m[K/home/azharanas17/setunggal_ws/src/first_pubsub/src/logger_sub_node.cpp:[m[K In member function ‘[01m[Kvoid LoggerSub::filter_log(first_interfaces::msg::Log_<std::allocator<void> >::SharedPtr) const[m[K’:
[01m[K/home/azharanas17/setunggal_ws/src/first_pubsub/src/logger_sub_node.cpp:40:24:[m[K [01;31m[Kerror: [m[Kno match for ‘[01m[Koperator>=[m[K’ (operand types are ‘[01m[Kfirst_interfaces::msg::Log_<std::allocator<void> >::_level_type[m[K’ {aka ‘[01m[Kstd::__cxx11::basic_string<char>[m[K’} and ‘[01m[Kint[m[K’)
   40 |         if ([32m[Kmsg->level[m[K [01;31m[K>=[m[K [34m[K1[m[K)
      |             [32m[K~~~~~~~~~~[m[K [01;31m[K^~[m[K [34m[K~[m[K
      |                  [32m[K|[m[K        [34m[K|[m[K
      |                  [32m[K|[m[K        [34m[Kint[m[K
      |                  [32m[Kfirst_interfaces::msg::Log_<std::allocator<void> >::_level_type {aka std::__cxx11::basic_string<char>}[m[K
In file included from [01m[K/usr/include/c++/9/bits/stl_algobase.h:64[m[K,
                 from [01m[K/usr/include/c++/9/bits/char_traits.h:39[m[K,
                 from [01m[K/usr/include/c++/9/ios:40[m[K,
                 from [01m[K/usr/include/c++/9/ostream:38[m[K,
                 from [01m[K/usr/include/c++/9/iostream:39[m[K,
                 from [01m[K/home/azharanas17/setunggal_ws/src/first_pubsub/src/logger_sub_node.cpp:1[m[K:
[01m[K/usr/include/c++/9/bits/stl_pair.h:479:5:[m[K [01;36m[Knote: [m[Kcandidate: ‘[01m[Ktemplate<class _T1, class _T2> constexpr bool std::operator>=(const std::pair<_T1, _T2>&, const std::pair<_T1, _T2>&)[m[K’
  479 |     [01;36m[Koperator[m[K>=(const pair<_T1, _T2>& __x, const pair<_T1, _T2>& __y)
      |     [01;36m[K^~~~~~~~[m[K
[01m[K/usr/include/c++/9/bits/stl_pair.h:479:5:[m[K [01;36m[Knote: [m[K  template argument deduction/substitution failed:
[01m[K/home/azharanas17/setunggal_ws/src/first_pubsub/src/logger_sub_node.cpp:40:27:[m[K [01;36m[Knote: [m[K  ‘[01m[Kfirst_interfaces::msg::Log_<std::allocator<void> >::_level_type[m[K’ {aka ‘[01m[Kstd::__cxx11::basic_string<char>[m[K’} is not derived from ‘[01m[Kconst std::pair<_T1, _T2>[m[K’
   40 |         if (msg->level >= [01;36m[K1[m[K)
      |                           [01;36m[K^[m[K
In file included from [01m[K/usr/include/c++/9/bits/stl_algobase.h:67[m[K,
                 from [01m[K/usr/include/c++/9/bits/char_traits.h:39[m[K,
                 from [01m[K/usr/include/c++/9/ios:40[m[K,
                 from [01m[K/usr/include/c++/9/ostream:38[m[K,
                 from [01m[K/usr/include/c++/9/iostream:39[m[K,
                 from [01m[K/home/azharanas17/setunggal_ws/src/first_pubsub/src/logger_sub_node.cpp:1[m[K:
[01m[K/usr/include/c++/9/bits/stl_iterator.h:355:5:[m[K [01;36m[Knote: [m[Kcandidate: ‘[01m[Ktemplate<class _Iterator> bool std::operator>=(const std::reverse_iterator<_Iterator>&, const std::reverse_iterator<_Iterator>&)[m[K’
  355 |     [01;36m[Koperator[m[K>=(const reverse_iterator<_Iterator>& __x,
      |     [01;36m[K^~~~~~~~[m[K
[01m[K/usr/include/c++/9/bits/stl_iterator.h:355:5:[m[K [01;36m[Knote: [m[K  template argument deduction/substitution failed:
[01m[K/home/azharanas17/setunggal_ws/src/first_pubsub/src/logger_sub_node.cpp:40:27:[m[K [01;36m[Knote: [m[K  ‘[01m[Kfirst_interfaces::msg::Log_<std::allocator<void> >::_level_type[m[K’ {aka ‘[01m[Kstd::__cxx11::basic_string<char>[m[K’} is not derived from ‘[01m[Kconst std::reverse_iterator<_Iterator>[m[K’
   40 |         if (msg->level >= [01;36m[K1[m[K)
      |                           [01;36m[K^[m[K
In file included from [01m[K/usr/include/c++/9/bits/stl_algobase.h:67[m[K,
                 from [01m[K/usr/include/c++/9/bits/char_traits.h:39[m[K,
                 from [01m[K/usr/include/c++/9/ios:40[m[K,
                 from [01m[K/usr/include/c++/9/ostream:38[m[K,
                 from [01m[K/usr/include/c++/9/iostream:39[m[K,
                 from [01m[K/home/azharanas17/setunggal_ws/src/first_pubsub/src/logger_sub_node.cpp:1[m[K:
[01m[K/usr/include/c++/9/bits/stl_iterator.h:393:5:[m[K [01;36m[Knote: [m[Kcandidate: ‘[01m[Ktemplate<class _IteratorL, class _IteratorR> bool std::operator>=(const std::reverse_iterator<_Iterator>&, const std::reverse_iterator<_IteratorR>&)[m[K’
  393 |     [01;36m[Koperator[m[K>=(const reverse_iterator<_IteratorL>& __x,
      |     [01;36m[K^~~~~~~~[m[K
[01m[K/usr/include/c++/9/bits/stl_iterator.h:393:5:[m[K [01;36m[Knote: [m[K  template argument deduction/substitution failed:
[01m[K/home/azharanas17/setunggal_ws/src/first_pubsub/src/logger_sub_node.cpp:40:27:[m[K [01;36m[Knote: [m[K  ‘[01m[Kfirst_interfaces::msg::Log_<std::allocator<void> >::_level_type[m[K’ {aka ‘[01m[Kstd::__cxx11::basic_string<char>[m[K’} is not derived from ‘[01m[Kconst std::reverse_iterator<_Iterator>[m[K’
   40 |         if (msg->level >= [01;36m[K1[m[K)
      |                           [01;36m[K^[m[K
In file included from [01m[K/usr/include/c++/9/bits/stl_algobase.h:67[m[K,
                 from [01m[K/usr/include/c++/9/bits/char_traits.h:39[m[K,
                 from [01m[K/usr/include/c++/9/ios:40[m[K,
                 from [01m[K/usr/include/c++/9/ostream:38[m[K,
                 from [01m[K/usr/include/c++/9/iostream:39[m[K,
                 from [01m[K/home/azharanas17/setunggal_ws/src/first_pubsub/src/logger_sub_node.cpp:1[m[K:
[01m[K/usr/include/c++/9/bits/stl_iterator.h:1199:5:[m[K [01;36m[Knote: [m[Kcandidate: ‘[01m[Ktemplate<class _IteratorL, class _IteratorR> bool std::operator>=(const std::move_iterator<_IteratorL>&, const std::move_iterator<_IteratorR>&)[m[K’
 1199 |     [01;36m[Koperator[m[K>=(const move_iterator<_IteratorL>& __x,
      |     [01;36m[K^~~~~~~~[m[K
[01m[K/usr/include/c++/9/bits/stl_iterator.h:1199:5:[m[K [01;36m[Knote: [m[K  template argument deduction/substitution failed:
[01m[K/home/azharanas17/setunggal_ws/src/first_pubsub/src/logger_sub_node.cpp:40:27:[m[K [01;36m[Knote: [m[K  ‘[01m[Kfirst_interfaces::msg::Log_<std::allocator<void> >::_level_type[m[K’ {aka ‘[01m[Kstd::__cxx11::basic_string<char>[m[K’} is not derived from ‘[01m[Kconst std::move_iterator<_IteratorL>[m[K’
   40 |         if (msg->level >= [01;36m[K1[m[K)
      |                           [01;36m[K^[m[K
In file included from [01m[K/usr/include/c++/9/bits/stl_algobase.h:67[m[K,
                 from [01m[K/usr/include/c++/9/bits/char_traits.h:39[m[K,
                 from [01m[K/usr/include/c++/9/ios:40[m[K,
                 from [01m[K/usr/include/c++/9/ostream:38[m[K,
                 from [01m[K/usr/include/c++/9/iostream:39[m[K,
                 from [01m[K/home/azharanas17/setunggal_ws/src/first_pubsub/src/logger_sub_node.cpp:1[m[K:
[01m[K/usr/include/c++/9/bits/stl_iterator.h:1205:5:[m[K [01;36m[Knote: [m[Kcandidate: ‘[01m[Ktemplate<class _Iterator> bool std::operator>=(const std::move_iterator<_IteratorL>&, const std::move_iterator<_IteratorL>&)[m[K’
 1205 |     [01;36m[Koperator[m[K>=(const move_iterator<_Iterator>& __x,
      |     [01;36m[K^~~~~~~~[m[K
[01m[K/usr/include/c++/9/bits/stl_iterator.h:1205:5:[m[K [01;36m[Knote: [m[K  template argument deduction/substitution failed:
[01m[K/home/azharanas17/setunggal_ws/src/first_pubsub/src/logger_sub_node.cpp:40:27:[m[K [01;36m[Knote: [m[K  ‘[01m[Kfirst_interfaces::msg::Log_<std::allocator<void> >::_level_type[m[K’ {aka ‘[01m[Kstd::__cxx11::basic_string<char>[m[K’} is not derived from ‘[01m[Kconst std::move_iterator<_IteratorL>[m[K’
   40 |         if (msg->level >= [01;36m[K1[m[K)
      |                           [01;36m[K^[m[K
In file included from [01m[K/usr/include/c++/9/string:55[m[K,
                 from [01m[K/usr/include/c++/9/bits/locale_classes.h:40[m[K,
                 from [01m[K/usr/include/c++/9/bits/ios_base.h:41[m[K,
                 from [01m[K/usr/include/c++/9/ios:42[m[K,
                 from [01m[K/usr/include/c++/9/ostream:38[m[K,
                 from [01m[K/usr/include/c++/9/iostream:39[m[K,
                 from [01m[K/home/azharanas17/setunggal_ws/src/first_pubsub/src/logger_sub_node.cpp:1[m[K:
[01m[K/usr/include/c++/9/bits/basic_string.h:6340:5:[m[K [01;36m[Knote: [m[Kcandidate: ‘[01m[Ktemplate<class _CharT, class _Traits, class _Alloc> bool std::operator>=(const std::__cxx11::basic_string<_CharT, _Traits, _Alloc>&, const std::__cxx11::basic_string<_CharT, _Traits, _Alloc>&)[m[K’
 6340 |     [01;36m[Koperator[m[K>=(const basic_string<_CharT, _Traits, _Alloc>& __lhs,
      |     [01;36m[K^~~~~~~~[m[K
[01m[K/usr/include/c++/9/bits/basic_string.h:6340:5:[m[K [01;36m[Knote: [m[K  template argument deduction/substitution failed:
[01m[K/home/azharanas17/setunggal_ws/src/first_pubsub/src/logger_sub_node.cpp:40:27:[m[K [01;36m[Knote: [m[K  mismatched types ‘[01m[Kconst std::__cxx11::basic_string<_CharT, _Traits, _Alloc>[m[K’ and ‘[01m[Kint[m[K’
   40 |         if (msg->level >= [01;36m[K1[m[K)
      |                           [01;36m[K^[m[K
In file included from [01m[K/usr/include/c++/9/string:55[m[K,
                 from [01m[K/usr/include/c++/9/bits/locale_classes.h:40[m[K,
                 from [01m[K/usr/include/c++/9/bits/ios_base.h:41[m[K,
                 from [01m[K/usr/include/c++/9/ios:42[m[K,
                 from [01m[K/usr/include/c++/9/ostream:38[m[K,
                 from [01m[K/usr/include/c++/9/iostream:39[m[K,
                 from [01m[K/home/azharanas17/setunggal_ws/src/first_pubsub/src/logger_sub_node.cpp:1[m[K:
[01m[K/usr/include/c++/9/bits/basic_string.h:6353:5:[m[K [01;36m[Knote: [m[Kcandidate: ‘[01m[Ktemplate<class _CharT, class _Traits, class _Alloc> bool std::operator>=(const std::__cxx11::basic_string<_CharT, _Traits, _Alloc>&, const _CharT*)[m[K’
 6353 |     [01;36m[Koperator[m[K>=(const basic_string<_CharT, _Traits, _Alloc>& __lhs,
      |     [01;36m[K^~~~~~~~[m[K
[01m[K/usr/include/c++/9/bits/basic_string.h:6353:5:[m[K [01;36m[Knote: [m[K  template argument deduction/substitution failed:
[01m[K/home/azharanas17/setunggal_ws/src/first_pubsub/src/logger_sub_node.cpp:40:27:[m[K [01;36m[Knote: [m[K  mismatched types ‘[01m[Kconst _CharT*[m[K’ and ‘[01m[Kint[m[K’
   40 |         if (msg->level >= [01;36m[K1[m[K)
      |                           [01;36m[K^[m[K
In file included from [01m[K/usr/include/c++/9/string:55[m[K,
                 from [01m[K/usr/include/c++/9/bits/locale_classes.h:40[m[K,
                 from [01m[K/usr/include/c++/9/bits/ios_base.h:41[m[K,
                 from [01m[K/usr/include/c++/9/ios:42[m[K,
                 from [01m[K/usr/include/c++/9/ostream:38[m[K,
                 from [01m[K/usr/include/c++/9/iostream:39[m[K,
                 from [01m[K/home/azharanas17/setunggal_ws/src/first_pubsub/src/logger_sub_node.cpp:1[m[K:
[01m[K/usr/include/c++/9/bits/basic_string.h:6365:5:[m[K [01;36m[Knote: [m[Kcandidate: ‘[01m[Ktemplate<class _CharT, class _Traits, class _Alloc> bool std::operator>=(const _CharT*, const std::__cxx11::basic_string<_CharT, _Traits, _Alloc>&)[m[K’
 6365 |     [01;36m[Koperator[m[K>=(const _CharT* __lhs,
      |     [01;36m[K^~~~~~~~[m[K
[01m[K/usr/include/c++/9/bits/basic_string.h:6365:5:[m[K [01;36m[Knote: [m[K  template argument deduction/substitution failed:
[01m[K/home/azharanas17/setunggal_ws/src/first_pubsub/src/logger_sub_node.cpp:40:27:[m[K [01;36m[Knote: [m[K  mismatched types ‘[01m[Kconst _CharT*[m[K’ and ‘[01m[Kstd::__cxx11::basic_string<char>[m[K’
   40 |         if (msg->level >= [01;36m[K1[m[K)
      |                           [01;36m[K^[m[K
In file included from [01m[K/usr/include/c++/9/tuple:39[m[K,
                 from [01m[K/usr/include/c++/9/bits/unique_ptr.h:37[m[K,
                 from [01m[K/usr/include/c++/9/bits/locale_conv.h:41[m[K,
                 from [01m[K/usr/include/c++/9/locale:43[m[K,
                 from [01m[K/usr/include/c++/9/iomanip:43[m[K,
                 from [01m[K/home/azharanas17/setunggal_ws/src/first_pubsub/src/logger_sub_node.cpp:3[m[K:
[01m[K/usr/include/c++/9/array:280:5:[m[K [01;36m[Knote: [m[Kcandidate: ‘[01m[Ktemplate<class _Tp, long unsigned int _Nm> bool std::operator>=(const std::array<_Tp, _Nm>&, const std::array<_Tp, _Nm>&)[m[K’
  280 |     [01;36m[Koperator[m[K>=(const array<_Tp, _Nm>& __one, const array<_Tp, _Nm>& __two)
      |     [01;36m[K^~~~~~~~[m[K
[01m[K/usr/include/c++/9/array:280:5:[m[K [01;36m[Knote: [m[K  template argument deduction/substitution failed:
[01m[K/home/azharanas17/setunggal_ws/src/first_pubsub/src/logger_sub_node.cpp:40:27:[m[K [01;36m[Knote: [m[K  ‘[01m[Kfirst_interfaces::msg::Log_<std::allocator<void> >::_level_type[m[K’ {aka ‘[01m[Kstd::__cxx11::basic_string<char>[m[K’} is not derived from ‘[01m[Kconst std::array<_Tp, _Nm>[m[K’
   40 |         if (msg->level >= [01;36m[K1[m[K)
      |                           [01;36m[K^[m[K
In file included from [01m[K/usr/include/c++/9/bits/unique_ptr.h:37[m[K,
                 from [01m[K/usr/include/c++/9/bits/locale_conv.h:41[m[K,
                 from [01m[K/usr/include/c++/9/locale:43[m[K,
                 from [01m[K/usr/include/c++/9/iomanip:43[m[K,
                 from [01m[K/home/azharanas17/setunggal_ws/src/first_pubsub/src/logger_sub_node.cpp:3[m[K:
[01m[K/usr/include/c++/9/tuple:1463:5:[m[K [01;36m[Knote: [m[Kcandidate: ‘[01m[Ktemplate<class ... _TElements, class ... _UElements> constexpr bool std::operator>=(const std::tuple<_Tps ...>&, const std::tuple<_Elements ...>&)[m[K’
 1463 |     [01;36m[Koperator[m[K>=(const tuple<_TElements...>& __t,
      |     [01;36m[K^~~~~~~~[m[K
[01m[K/usr/include/c++/9/tuple:1463:5:[m[K [01;36m[Knote: [m[K  template argument deduction/substitution failed:
[01m[K/home/azharanas17/setunggal_ws/src/first_pubsub/src/logger_sub_node.cpp:40:27:[m[K [01;36m[Knote: [m[K  ‘[01m[Kfirst_interfaces::msg::Log_<std::allocator<void> >::_level_type[m[K’ {aka ‘[01m[Kstd::__cxx11::basic_string<char>[m[K’} is not derived from ‘[01m[Kconst std::tuple<_Tps ...>[m[K’
   40 |         if (msg->level >= [01;36m[K1[m[K)
      |                           [01;36m[K^[m[K
In file included from [01m[K/usr/include/c++/9/bits/locale_conv.h:41[m[K,
                 from [01m[K/usr/include/c++/9/locale:43[m[K,
                 from [01m[K/usr/include/c++/9/iomanip:43[m[K,
                 from [01m[K/home/azharanas17/setunggal_ws/src/first_pubsub/src/logger_sub_node.cpp:3[m[K:
[01m[K/usr/include/c++/9/bits/unique_ptr.h:809:5:[m[K [01;36m[Knote: [m[Kcandidate: ‘[01m[Ktemplate<class _Tp, class _Dp, class _Up, class _Ep> bool std::operator>=(const std::unique_ptr<_Tp, _Dp>&, const std::unique_ptr<_Up, _Ep>&)[m[K’
  809 |     [01;36m[Koperator[m[K>=(const unique_ptr<_Tp, _Dp>& __x,
      |     [01;36m[K^~~~~~~~[m[K
[01m[K/usr/include/c++/9/bits/unique_ptr.h:809:5:[m[K [01;36m[Knote: [m[K  template argument deduction/substitution failed:
[01m[K/home/azharanas17/setunggal_ws/src/first_pubsub/src/logger_sub_node.cpp:40:27:[m[K [01;36m[Knote: [m[K  ‘[01m[Kfirst_interfaces::msg::Log_<std::allocator<void> >::_level_type[m[K’ {aka ‘[01m[Kstd::__cxx11::basic_string<char>[m[K’} is not derived from ‘[01m[Kconst std::unique_ptr<_Tp, _Dp>[m[K’
   40 |         if (msg->level >= [01;36m[K1[m[K)
      |                           [01;36m[K^[m[K
In file included from [01m[K/usr/include/c++/9/bits/locale_conv.h:41[m[K,
                 from [01m[K/usr/include/c++/9/locale:43[m[K,
                 from [01m[K/usr/include/c++/9/iomanip:43[m[K,
                 from [01m[K/home/azharanas17/setunggal_ws/src/first_pubsub/src/logger_sub_node.cpp:3[m[K:
[01m[K/usr/include/c++/9/bits/unique_ptr.h:815:5:[m[K [01;36m[Knote: [m[Kcandidate: ‘[01m[Ktemplate<class _Tp, class _Dp> bool std::operator>=(const std::unique_ptr<_Tp, _Dp>&, std::nullptr_t)[m[K’
  815 |     [01;36m[Koperator[m[K>=(const unique_ptr<_Tp, _Dp>& __x, nullptr_t)
      |     [01;36m[K^~~~~~~~[m[K
[01m[K/usr/include/c++/9/bits/unique_ptr.h:815:5:[m[K [01;36m[Knote: [m[K  template argument deduction/substitution failed:
[01m[K/home/azharanas17/setunggal_ws/src/first_pubsub/src/logger_sub_node.cpp:40:27:[m[K [01;36m[Knote: [m[K  ‘[01m[Kfirst_interfaces::msg::Log_<std::allocator<void> >::_level_type[m[K’ {aka ‘[01m[Kstd::__cxx11::basic_string<char>[m[K’} is not derived from ‘[01m[Kconst std::unique_ptr<_Tp, _Dp>[m[K’
   40 |         if (msg->level >= [01;36m[K1[m[K)
      |                           [01;36m[K^[m[K
In file included from [01m[K/usr/include/c++/9/bits/locale_conv.h:41[m[K,
                 from [01m[K/usr/include/c++/9/locale:43[m[K,
                 from [01m[K/usr/include/c++/9/iomanip:43[m[K,
                 from [01m[K/home/azharanas17/setunggal_ws/src/first_pubsub/src/logger_sub_node.cpp:3[m[K:
[01m[K/usr/include/c++/9/bits/unique_ptr.h:820:5:[m[K [01;36m[Knote: [m[Kcandidate: ‘[01m[Ktemplate<class _Tp, class _Dp> bool std::operator>=(std::nullptr_t, const std::unique_ptr<_Tp, _Dp>&)[m[K’
  820 |     [01;36m[Koperator[m[K>=(nullptr_t, const unique_ptr<_Tp, _Dp>& __x)
      |     [01;36m[K^~~~~~~~[m[K
[01m[K/usr/include/c++/9/bits/unique_ptr.h:820:5:[m[K [01;36m[Knote: [m[K  template argument deduction/substitution failed:
[01m[K/home/azharanas17/setunggal_ws/src/first_pubsub/src/logger_sub_node.cpp:40:27:[m[K [01;36m[Knote: [m[K  mismatched types ‘[01m[Kconst std::unique_ptr<_Tp, _Dp>[m[K’ and ‘[01m[Kint[m[K’
   40 |         if (msg->level >= [01;36m[K1[m[K)
      |                           [01;36m[K^[m[K
In file included from [01m[K/usr/include/c++/9/bits/shared_ptr.h:52[m[K,
                 from [01m[K/usr/include/c++/9/memory:81[m[K,
                 from [01m[K/usr/include/nlohmann/json.hpp:45[m[K,
                 from [01m[K/home/azharanas17/setunggal_ws/src/first_pubsub/src/logger_sub_node.cpp:4[m[K:
[01m[K/usr/include/c++/9/bits/shared_ptr_base.h:1503:5:[m[K [01;36m[Knote: [m[Kcandidate: ‘[01m[Ktemplate<class _Tp1, class _Tp2, __gnu_cxx::_Lock_policy _Lp> bool std::operator>=(const std::__shared_ptr<_Tp1, _Lp>&, const std::__shared_ptr<_Tp2, _Lp>&)[m[K’
 1503 |     [01;36m[Koperator[m[K>=(const __shared_ptr<_Tp1, _Lp>& __a,
      |     [01;36m[K^~~~~~~~[m[K
[01m[K/usr/include/c++/9/bits/shared_ptr_base.h:1503:5:[m[K [01;36m[Knote: [m[K  template argument deduction/substitution failed:
[01m[K/home/azharanas17/setunggal_ws/src/first_pubsub/src/logger_sub_node.cpp:40:27:[m[K [01;36m[Knote: [m[K  ‘[01m[Kfirst_interfaces::msg::Log_<std::allocator<void> >::_level_type[m[K’ {aka ‘[01m[Kstd::__cxx11::basic_string<char>[m[K’} is not derived from ‘[01m[Kconst std::__shared_ptr<_Tp1, _Lp>[m[K’
   40 |         if (msg->level >= [01;36m[K1[m[K)
      |                           [01;36m[K^[m[K
In file included from [01m[K/usr/include/c++/9/bits/shared_ptr.h:52[m[K,
                 from [01m[K/usr/include/c++/9/memory:81[m[K,
                 from [01m[K/usr/include/nlohmann/json.hpp:45[m[K,
                 from [01m[K/home/azharanas17/setunggal_ws/src/first_pubsub/src/logger_sub_node.cpp:4[m[K:
[01m[K/usr/include/c++/9/bits/shared_ptr_base.h:1509:5:[m[K [01;36m[Knote: [m[Kcandidate: ‘[01m[Ktemplate<class _Tp, __gnu_cxx::_Lock_policy _Lp> bool std::operator>=(const std::__shared_ptr<_Tp, _Lp>&, std::nullptr_t)[m[K’
 1509 |     [01;36m[Koperator[m[K>=(const __shared_ptr<_Tp, _Lp>& __a, nullptr_t) noexcept
      |     [01;36m[K^~~~~~~~[m[K
[01m[K/usr/include/c++/9/bits/shared_ptr_base.h:1509:5:[m[K [01;36m[Knote: [m[K  template argument deduction/substitution failed:
[01m[K/home/azharanas17/setunggal_ws/src/first_pubsub/src/logger_sub_node.cpp:40:27:[m[K [01;36m[Knote: [m[K  ‘[01m[Kfirst_interfaces::msg::Log_<std::allocator<void> >::_level_type[m[K’ {aka ‘[01m[Kstd::__cxx11::basic_string<char>[m[K’} is not derived from ‘[01m[Kconst std::__shared_ptr<_Tp, _Lp>[m[K’
   40 |         if (msg->level >= [01;36m[K1[m[K)
      |                           [01;36m[K^[m[K
In file included from [01m[K/usr/include/c++/9/bits/shared_ptr.h:52[m[K,
                 from [01m[K/usr/include/c++/9/memory:81[m[K,
                 from [01m[K/usr/include/nlohmann/json.hpp:45[m[K,
                 from [01m[K/home/azharanas17/setunggal_ws/src/first_pubsub/src/logger_sub_node.cpp:4[m[K:
[01m[K/usr/include/c++/9/bits/shared_ptr_base.h:1514:5:[m[K [01;36m[Knote: [m[Kcandidate: ‘[01m[Ktemplate<class _Tp, __gnu_cxx::_Lock_policy _Lp> bool std::operator>=(std::nullptr_t, const std::__shared_ptr<_Tp, _Lp>&)[m[K’
 1514 |     [01;36m[Koperator[m[K>=(nullptr_t, const __shared_ptr<_Tp, _Lp>& __a) noexcept
      |     [01;36m[K^~~~~~~~[m[K
[01m[K/usr/include/c++/9/bits/shared_ptr_base.h:1514:5:[m[K [01;36m[Knote: [m[K  template argument deduction/substitution failed:
[01m[K/home/azharanas17/setunggal_ws/src/first_pubsub/src/logger_sub_node.cpp:40:27:[m[K [01;36m[Knote: [m[K  mismatched types ‘[01m[Kconst std::__shared_ptr<_Tp, _Lp>[m[K’ and ‘[01m[Kint[m[K’
   40 |         if (msg->level >= [01;36m[K1[m[K)
      |                           [01;36m[K^[m[K
In file included from [01m[K/usr/include/c++/9/memory:81[m[K,
                 from [01m[K/usr/include/nlohmann/json.hpp:45[m[K,
                 from [01m[K/home/azharanas17/setunggal_ws/src/first_pubsub/src/logger_sub_node.cpp:4[m[K:
[01m[K/usr/include/c++/9/bits/shared_ptr.h:469:5:[m[K [01;36m[Knote: [m[Kcandidate: ‘[01m[Ktemplate<class _Tp, class _Up> bool std::operator>=(const std::shared_ptr<_Tp>&, const std::shared_ptr<_Tp>&)[m[K’
  469 |     [01;36m[Koperator[m[K>=(const shared_ptr<_Tp>& __a, const shared_ptr<_Up>& __b) noexcept
      |     [01;36m[K^~~~~~~~[m[K
[01m[K/usr/include/c++/9/bits/shared_ptr.h:469:5:[m[K [01;36m[Knote: [m[K  template argument deduction/substitution failed:
[01m[K/home/azharanas17/setunggal_ws/src/first_pubsub/src/logger_sub_node.cpp:40:27:[m[K [01;36m[Knote: [m[K  ‘[01m[Kfirst_interfaces::msg::Log_<std::allocator<void> >::_level_type[m[K’ {aka ‘[01m[Kstd::__cxx11::basic_string<char>[m[K’} is not derived from ‘[01m[Kconst std::shared_ptr<_Tp>[m[K’
   40 |         if (msg->level >= [01;36m[K1[m[K)
      |                           [01;36m[K^[m[K
In file included from [01m[K/usr/include/c++/9/memory:81[m[K,
                 from [01m[K/usr/include/nlohmann/json.hpp:45[m[K,
                 from [01m[K/home/azharanas17/setunggal_ws/src/first_pubsub/src/logger_sub_node.cpp:4[m[K:
[01m[K/usr/include/c++/9/bits/shared_ptr.h:474:5:[m[K [01;36m[Knote: [m[Kcandidate: ‘[01m[Ktemplate<class _Tp> bool std::operator>=(const std::shared_ptr<_Tp>&, std::nullptr_t)[m[K’
  474 |     [01;36m[Koperator[m[K>=(const shared_ptr<_Tp>& __a, nullptr_t) noexcept
      |     [01;36m[K^~~~~~~~[m[K
[01m[K/usr/include/c++/9/bits/shared_ptr.h:474:5:[m[K [01;36m[Knote: [m[K  template argument deduction/substitution failed:
[01m[K/home/azharanas17/setunggal_ws/src/first_pubsub/src/logger_sub_node.cpp:40:27:[m[K [01;36m[Knote: [m[K  ‘[01m[Kfirst_interfaces::msg::Log_<std::allocator<void> >::_level_type[m[K’ {aka ‘[01m[Kstd::__cxx11::basic_string<char>[m[K’} is not derived from ‘[01m[Kconst std::shared_ptr<_Tp>[m[K’
   40 |         if (msg->level >= [01;36m[K1[m[K)
      |                           [01;36m[K^[m[K
In file included from [01m[K/usr/include/c++/9/memory:81[m[K,
                 from [01m[K/usr/include/nlohmann/json.hpp:45[m[K,
                 from [01m[K/home/azharanas17/setunggal_ws/src/first_pubsub/src/logger_sub_node.cpp:4[m[K:
[01m[K/usr/include/c++/9/bits/shared_ptr.h:479:5:[m[K [01;36m[Knote: [m[Kcandidate: ‘[01m[Ktemplate<class _Tp> bool std::operator>=(std::nullptr_t, const std::shared_ptr<_Tp>&)[m[K’
  479 |     [01;36m[Koperator[m[K>=(nullptr_t, const shared_ptr<_Tp>& __a) noexcept
      |     [01;36m[K^~~~~~~~[m[K
[01m[K/usr/include/c++/9/bits/shared_ptr.h:479:5:[m[K [01;36m[Knote: [m[K  template argument deduction/substitution failed:
[01m[K/home/azharanas17/setunggal_ws/src/first_pubsub/src/logger_sub_node.cpp:40:27:[m[K [01;36m[Knote: [m[K  mismatched types ‘[01m[Kconst std::shared_ptr<_Tp>[m[K’ and ‘[01m[Kint[m[K’
   40 |         if (msg->level >= [01;36m[K1[m[K)
      |                           [01;36m[K^[m[K
In file included from [01m[K/usr/include/c++/9/vector:67[m[K,
                 from [01m[K/usr/include/nlohmann/json.hpp:49[m[K,
                 from [01m[K/home/azharanas17/setunggal_ws/src/first_pubsub/src/logger_sub_node.cpp:4[m[K:
[01m[K/usr/include/c++/9/bits/stl_vector.h:1930:5:[m[K [01;36m[Knote: [m[Kcandidate: ‘[01m[Ktemplate<class _Tp, class _Alloc> bool std::operator>=(const std::vector<_Tp, _Alloc>&, const std::vector<_Tp, _Alloc>&)[m[K’
 1930 |     [01;36m[Koperator[m[K>=(const vector<_Tp, _Alloc>& __x, const vector<_Tp, _Alloc>& __y)
      |     [01;36m[K^~~~~~~~[m[K
[01m[K/usr/include/c++/9/bits/stl_vector.h:1930:5:[m[K [01;36m[Knote: [m[K  template argument deduction/substitution failed:
[01m[K/home/azharanas17/setunggal_ws/src/first_pubsub/src/logger_sub_node.cpp:40:27:[m[K [01;36m[Knote: [m[K  ‘[01m[Kfirst_interfaces::msg::Log_<std::allocator<void> >::_level_type[m[K’ {aka ‘[01m[Kstd::__cxx11::basic_string<char>[m[K’} is not derived from ‘[01m[Kconst std::vector<_Tp, _Alloc>[m[K’
   40 |         if (msg->level >= [01;36m[K1[m[K)
      |                           [01;36m[K^[m[K
In file included from [01m[K/usr/include/c++/9/forward_list:38[m[K,
                 from [01m[K/usr/include/nlohmann/detail/conversions/from_json.hpp:6[m[K,
                 from [01m[K/usr/include/nlohmann/adl_serializer.hpp:5[m[K,
                 from [01m[K/usr/include/nlohmann/json.hpp:51[m[K,
                 from [01m[K/home/azharanas17/setunggal_ws/src/first_pubsub/src/logger_sub_node.cpp:4[m[K:
[01m[K/usr/include/c++/9/bits/forward_list.h:1465:5:[m[K [01;36m[Knote: [m[Kcandidate: ‘[01m[Ktemplate<class _Tp, class _Alloc> bool std::operator>=(const std::forward_list<_Tp, _Alloc>&, const std::forward_list<_Tp, _Alloc>&)[m[K’
 1465 |     [01;36m[Koperator[m[K>=(const forward_list<_Tp, _Alloc>& __lx,
      |     [01;36m[K^~~~~~~~[m[K
[01m[K/usr/include/c++/9/bits/forward_list.h:1465:5:[m[K [01;36m[Knote: [m[K  template argument deduction/substitution failed:
[01m[K/home/azharanas17/setunggal_ws/src/first_pubsub/src/logger_sub_node.cpp:40:27:[m[K [01;36m[Knote: [m[K  ‘[01m[Kfirst_interfaces::msg::Log_<std::allocator<void> >::_level_type[m[K’ {aka ‘[01m[Kstd::__cxx11::basic_string<char>[m[K’} is not derived from ‘[01m[Kconst std::forward_list<_Tp, _Alloc>[m[K’
   40 |         if (msg->level >= [01;36m[K1[m[K)
      |                           [01;36m[K^[m[K
In file included from [01m[K/usr/include/c++/9/map:61[m[K,
                 from [01m[K/usr/include/nlohmann/detail/conversions/from_json.hpp:8[m[K,
                 from [01m[K/usr/include/nlohmann/adl_serializer.hpp:5[m[K,
                 from [01m[K/usr/include/nlohmann/json.hpp:51[m[K,
                 from [01m[K/home/azharanas17/setunggal_ws/src/first_pubsub/src/logger_sub_node.cpp:4[m[K:
[01m[K/usr/include/c++/9/bits/stl_map.h:1500:5:[m[K [01;36m[Knote: [m[Kcandidate: ‘[01m[Ktemplate<class _Key, class _Tp, class _Compare, class _Alloc> bool std::operator>=(const std::map<_Key, _Tp, _Compare, _Alloc>&, const std::map<_Key, _Tp, _Compare, _Alloc>&)[m[K’
 1500 |     [01;36m[Koperator[m[K>=(const map<_Key, _Tp, _Compare, _Alloc>& __x,
      |     [01;36m[K^~~~~~~~[m[K
[01m[K/usr/include/c++/9/bits/stl_map.h:1500:5:[m[K [01;36m[Knote: [m[K  template argument deduction/substitution failed:
[01m[K/home/azharanas17/setunggal_ws/src/first_pubsub/src/logger_sub_node.cpp:40:27:[m[K [01;36m[Knote: [m[K  ‘[01m[Kfirst_interfaces::msg::Log_<std::allocator<void> >::_level_type[m[K’ {aka ‘[01m[Kstd::__cxx11::basic_string<char>[m[K’} is not derived from ‘[01m[Kconst std::map<_Key, _Tp, _Compare, _Alloc>[m[K’
   40 |         if (msg->level >= [01;36m[K1[m[K)
      |                           [01;36m[K^[m[K
In file included from [01m[K/usr/include/c++/9/map:62[m[K,
                 from [01m[K/usr/include/nlohmann/detail/conversions/from_json.hpp:8[m[K,
                 from [01m[K/usr/include/nlohmann/adl_serializer.hpp:5[m[K,
                 from [01m[K/usr/include/nlohmann/json.hpp:51[m[K,
                 from [01m[K/home/azharanas17/setunggal_ws/src/first_pubsub/src/logger_sub_node.cpp:4[m[K:
[01m[K/usr/include/c++/9/bits/stl_multimap.h:1164:5:[m[K [01;36m[Knote: [m[Kcandidate: ‘[01m[Ktemplate<class _Key, class _Tp, class _Compare, class _Alloc> bool std::operator>=(const std::multimap<_Key, _Tp, _Compare, _Alloc>&, const std::multimap<_Key, _Tp, _Compare, _Alloc>&)[m[K’
 1164 |     [01;36m[Koperator[m[K>=(const multimap<_Key, _Tp, _Compare, _Alloc>& __x,
      |     [01;36m[K^~~~~~~~[m[K
[01m[K/usr/include/c++/9/bits/stl_multimap.h:1164:5:[m[K [01;36m[Knote: [m[K  template argument deduction/substitution failed:
[01m[K/home/azharanas17/setunggal_ws/src/first_pubsub/src/logger_sub_node.cpp:40:27:[m[K [01;36m[Knote: [m[K  ‘[01m[Kfirst_interfaces::msg::Log_<std::allocator<void> >::_level_type[m[K’ {aka ‘[01m[Kstd::__cxx11::basic_string<char>[m[K’} is not derived from ‘[01m[Kconst std::multimap<_Key, _Tp, _Compare, _Alloc>[m[K’
   40 |         if (msg->level >= [01;36m[K1[m[K)
      |                           [01;36m[K^[m[K
In file included from [01m[K/usr/include/c++/9/valarray:603[m[K,
                 from [01m[K/usr/include/nlohmann/detail/conversions/from_json.hpp:14[m[K,
                 from [01m[K/usr/include/nlohmann/adl_serializer.hpp:5[m[K,
                 from [01m[K/usr/include/nlohmann/json.hpp:51[m[K,
                 from [01m[K/home/azharanas17/setunggal_ws/src/first_pubsub/src/logger_sub_node.cpp:4[m[K:
[01m[K/usr/include/c++/9/bits/valarray_after.h:422:5:[m[K [01;36m[Knote: [m[Kcandidate: ‘[01m[Ktemplate<class _Dom1, class _Dom2> std::_Expr<std::__detail::_BinClos<std::__greater_equal, std::_Expr, std::_Expr, _Dom1, _Dom2>, typename std::__fun<std::__greater_equal, typename _Dom1::value_type>::result_type> std::operator>=(const std::_Expr<_Dom1, typename _Dom1::value_type>&, const std::_Expr<_Dom2, typename _Dom2::value_type>&)[m[K’
  422 |     [01;36m[K_DEFINE_EXPR_BINARY_OPERATOR[m[K(>=, __greater_equal)
      |     [01;36m[K^~~~~~~~~~~~~~~~~~~~~~~~~~~~[m[K
[01m[K/usr/include/c++/9/bits/valarray_after.h:422:5:[m[K [01;36m[Knote: [m[K  template argument deduction/substitution failed:
[01m[K/home/azharanas17/setunggal_ws/src/first_pubsub/src/logger_sub_node.cpp:40:27:[m[K [01;36m[Knote: [m[K  ‘[01m[Kfirst_interfaces::msg::Log_<std::allocator<void> >::_level_type[m[K’ {aka ‘[01m[Kstd::__cxx11::basic_string<char>[m[K’} is not derived from ‘[01m[Kconst std::_Expr<_Dom1, typename _Dom1::value_type>[m[K’
   40 |         if (msg->level >= [01;36m[K1[m[K)
      |                           [01;36m[K^[m[K
In file included from [01m[K/usr/include/c++/9/valarray:603[m[K,
                 from [01m[K/usr/include/nlohmann/detail/conversions/from_json.hpp:14[m[K,
                 from [01m[K/usr/include/nlohmann/adl_serializer.hpp:5[m[K,
                 from [01m[K/usr/include/nlohmann/json.hpp:51[m[K,
                 from [01m[K/home/azharanas17/setunggal_ws/src/first_pubsub/src/logger_sub_node.cpp:4[m[K:
[01m[K/usr/include/c++/9/bits/valarray_after.h:422:5:[m[K [01;36m[Knote: [m[Kcandidate: ‘[01m[Ktemplate<class _Dom> std::_Expr<std::__detail::_BinClos<std::__greater_equal, std::_Expr, std::_Constant, _Dom, typename _Dom::value_type>, typename std::__fun<std::__greater_equal, typename _Dom1::value_type>::result_type> std::operator>=(const std::_Expr<_Dom1, typename _Dom1::value_type>&, const typename _Dom::value_type&)[m[K’
  422 |     [01;36m[K_DEFINE_EXPR_BINARY_OPERATOR[m[K(>=, __greater_equal)
      |     [01;36m[K^~~~~~~~~~~~~~~~~~~~~~~~~~~~[m[K
[01m[K/usr/include/c++/9/bits/valarray_after.h:422:5:[m[K [01;36m[Knote: [m[K  template argument deduction/substitution failed:
[01m[K/home/azharanas17/setunggal_ws/src/first_pubsub/src/logger_sub_node.cpp:40:27:[m[K [01;36m[Knote: [m[K  ‘[01m[Kfirst_interfaces::msg::Log_<std::allocator<void> >::_level_type[m[K’ {aka ‘[01m[Kstd::__cxx11::basic_string<char>[m[K’} is not derived from ‘[01m[Kconst std::_Expr<_Dom1, typename _Dom1::value_type>[m[K’
   40 |         if (msg->level >= [01;36m[K1[m[K)
      |                           [01;36m[K^[m[K
In file included from [01m[K/usr/include/c++/9/valarray:603[m[K,
                 from [01m[K/usr/include/nlohmann/detail/conversions/from_json.hpp:14[m[K,
                 from [01m[K/usr/include/nlohmann/adl_serializer.hpp:5[m[K,
                 from [01m[K/usr/include/nlohmann/json.hpp:51[m[K,
                 from [01m[K/home/azharanas17/setunggal_ws/src/first_pubsub/src/logger_sub_node.cpp:4[m[K:
[01m[K/usr/include/c++/9/bits/valarray_after.h:422:5:[m[K [01;36m[Knote: [m[Kcandidate: ‘[01m[Ktemplate<class _Dom> std::_Expr<std::__detail::_BinClos<std::__greater_equal, std::_Constant, std::_Expr, typename _Dom::value_type, _Dom>, typename std::__fun<std::__greater_equal, typename _Dom1::value_type>::result_type> std::operator>=(const typename _Dom::value_type&, const std::_Expr<_Dom1, typename _Dom1::value_type>&)[m[K’
  422 |     [01;36m[K_DEFINE_EXPR_BINARY_OPERATOR[m[K(>=, __greater_equal)
      |     [01;36m[K^~~~~~~~~~~~~~~~~~~~~~~~~~~~[m[K
[01m[K/usr/include/c++/9/bits/valarray_after.h:422:5:[m[K [01;36m[Knote: [m[K  template argument deduction/substitution failed:
[01m[K/home/azharanas17/setunggal_ws/src/first_pubsub/src/logger_sub_node.cpp:40:27:[m[K [01;36m[Knote: [m[K  mismatched types ‘[01m[Kconst std::_Expr<_Dom1, typename _Dom1::value_type>[m[K’ and ‘[01m[Kint[m[K’
   40 |         if (msg->level >= [01;36m[K1[m[K)
      |                           [01;36m[K^[m[K
In file included from [01m[K/usr/include/c++/9/valarray:603[m[K,
                 from [01m[K/usr/include/nlohmann/detail/conversions/from_json.hpp:14[m[K,
                 from [01m[K/usr/include/nlohmann/adl_serializer.hpp:5[m[K,
                 from [01m[K/usr/include/nlohmann/json.hpp:51[m[K,
                 from [01m[K/home/azharanas17/setunggal_ws/src/first_pubsub/src/logger_sub_node.cpp:4[m[K:
[01m[K/usr/include/c++/9/bits/valarray_after.h:422:5:[m[K [01;36m[Knote: [m[Kcandidate: ‘[01m[Ktemplate<class _Dom> std::_Expr<std::__detail::_BinClos<std::__greater_equal, std::_Expr, std::_ValArray, _Dom, typename _Dom::value_type>, typename std::__fun<std::__greater_equal, typename _Dom1::value_type>::result_type> std::operator>=(const std::_Expr<_Dom1, typename _Dom1::value_type>&, const std::valarray<typename _Dom::value_type>&)[m[K’
  422 |     [01;36m[K_DEFINE_EXPR_BINARY_OPERATOR[m[K(>=, __greater_equal)
      |     [01;36m[K^~~~~~~~~~~~~~~~~~~~~~~~~~~~[m[K
[01m[K/usr/include/c++/9/bits/valarray_after.h:422:5:[m[K [01;36m[Knote: [m[K  template argument deduction/substitution failed:
[01m[K/home/azharanas17/setunggal_ws/src/first_pubsub/src/logger_sub_node.cpp:40:27:[m[K [01;36m[Knote: [m[K  ‘[01m[Kfirst_interfaces::msg::Log_<std::allocator<void> >::_level_type[m[K’ {aka ‘[01m[Kstd::__cxx11::basic_string<char>[m[K’} is not derived from ‘[01m[Kconst std::_Expr<_Dom1, typename _Dom1::value_type>[m[K’
   40 |         if (msg->level >= [01;36m[K1[m[K)
      |                           [01;36m[K^[m[K
In file included from [01m[K/usr/include/c++/9/valarray:603[m[K,
                 from [01m[K/usr/include/nlohmann/detail/conversions/from_json.hpp:14[m[K,
                 from [01m[K/usr/include/nlohmann/adl_serializer.hpp:5[m[K,
                 from [01m[K/usr/include/nlohmann/json.hpp:51[m[K,
                 from [01m[K/home/azharanas17/setunggal_ws/src/first_pubsub/src/logger_sub_node.cpp:4[m[K:
[01m[K/usr/include/c++/9/bits/valarray_after.h:422:5:[m[K [01;36m[Knote: [m[Kcandidate: ‘[01m[Ktemplate<class _Dom> std::_Expr<std::__detail::_BinClos<std::__greater_equal, std::_ValArray, std::_Expr, typename _Dom::value_type, _Dom>, typename std::__fun<std::__greater_equal, typename _Dom1::value_type>::result_type> std::operator>=(const std::valarray<typename _Dom::value_type>&, const std::_Expr<_Dom1, typename _Dom1::value_type>&)[m[K’
  422 |     [01;36m[K_DEFINE_EXPR_BINARY_OPERATOR[m[K(>=, __greater_equal)
      |     [01;36m[K^~~~~~~~~~~~~~~~~~~~~~~~~~~~[m[K
[01m[K/usr/include/c++/9/bits/valarray_after.h:422:5:[m[K [01;36m[Knote: [m[K  template argument deduction/substitution failed:
[01m[K/home/azharanas17/setunggal_ws/src/first_pubsub/src/logger_sub_node.cpp:40:27:[m[K [01;36m[Knote: [m[K  mismatched types ‘[01m[Kconst std::_Expr<_Dom1, typename _Dom1::value_type>[m[K’ and ‘[01m[Kint[m[K’
   40 |         if (msg->level >= [01;36m[K1[m[K)
      |                           [01;36m[K^[m[K
In file included from [01m[K/usr/include/nlohmann/detail/conversions/from_json.hpp:14[m[K,
                 from [01m[K/usr/include/nlohmann/adl_serializer.hpp:5[m[K,
                 from [01m[K/usr/include/nlohmann/json.hpp:51[m[K,
                 from [01m[K/home/azharanas17/setunggal_ws/src/first_pubsub/src/logger_sub_node.cpp:4[m[K:
[01m[K/usr/include/c++/9/valarray:1202:1:[m[K [01;36m[Knote: [m[Kcandidate: ‘[01m[Ktemplate<class _Tp> std::_Expr<std::__detail::_BinClos<std::__greater_equal, std::_ValArray, std::_ValArray, _Tp, _Tp>, typename std::__fun<std::__greater_equal, _Tp>::result_type> std::operator>=(const std::valarray<_Tp>&, const std::valarray<_Tp>&)[m[K’
 1202 | [01;36m[K_DEFINE_BINARY_OPERATOR[m[K(>=, __greater_equal)
      | [01;36m[K^~~~~~~~~~~~~~~~~~~~~~~[m[K
[01m[K/usr/include/c++/9/valarray:1202:1:[m[K [01;36m[Knote: [m[K  template argument deduction/substitution failed:
[01m[K/home/azharanas17/setunggal_ws/src/first_pubsub/src/logger_sub_node.cpp:40:27:[m[K [01;36m[Knote: [m[K  ‘[01m[Kfirst_interfaces::msg::Log_<std::allocator<void> >::_level_type[m[K’ {aka ‘[01m[Kstd::__cxx11::basic_string<char>[m[K’} is not derived from ‘[01m[Kconst std::valarray<_Tp>[m[K’
   40 |         if (msg->level >= [01;36m[K1[m[K)
      |                           [01;36m[K^[m[K
In file included from [01m[K/usr/include/nlohmann/detail/conversions/from_json.hpp:14[m[K,
                 from [01m[K/usr/include/nlohmann/adl_serializer.hpp:5[m[K,
                 from [01m[K/usr/include/nlohmann/json.hpp:51[m[K,
                 from [01m[K/home/azharanas17/setunggal_ws/src/first_pubsub/src/logger_sub_node.cpp:4[m[K:
[01m[K/usr/include/c++/9/valarray:1202:1:[m[K [01;36m[Knote: [m[Kcandidate: ‘[01m[Ktemplate<class _Tp> std::_Expr<std::__detail::_BinClos<std::__greater_equal, std::_ValArray, std::_Constant, _Tp, _Tp>, typename std::__fun<std::__greater_equal, _Tp>::result_type> std::operator>=(const std::valarray<_Tp>&, const typename std::valarray<_Tp>::value_type&)[m[K’
 1202 | [01;36m[K_DEFINE_BINARY_OPERATOR[m[K(>=, __greater_equal)
      | [01;36m[K^~~~~~~~~~~~~~~~~~~~~~~[m[K
[01m[K/usr/include/c++/9/valarray:1202:1:[m[K [01;36m[Knote: [m[K  template argument deduction/substitution failed:
[01m[K/home/azharanas17/setunggal_ws/src/first_pubsub/src/logger_sub_node.cpp:40:27:[m[K [01;36m[Knote: [m[K  ‘[01m[Kfirst_interfaces::msg::Log_<std::allocator<void> >::_level_type[m[K’ {aka ‘[01m[Kstd::__cxx11::basic_string<char>[m[K’} is not derived from ‘[01m[Kconst std::valarray<_Tp>[m[K’
   40 |         if (msg->level >= [01;36m[K1[m[K)
      |                           [01;36m[K^[m[K
In file included from [01m[K/usr/include/nlohmann/detail/conversions/from_json.hpp:14[m[K,
                 from [01m[K/usr/include/nlohmann/adl_serializer.hpp:5[m[K,
                 from [01m[K/usr/include/nlohmann/json.hpp:51[m[K,
                 from [01m[K/home/azharanas17/setunggal_ws/src/first_pubsub/src/logger_sub_node.cpp:4[m[K:
[01m[K/usr/include/c++/9/valarray:1202:1:[m[K [01;36m[Knote: [m[Kcandidate: ‘[01m[Ktemplate<class _Tp> std::_Expr<std::__detail::_BinClos<std::__greater_equal, std::_Constant, std::_ValArray, _Tp, _Tp>, typename std::__fun<std::__greater_equal, _Tp>::result_type> std::operator>=(const typename std::valarray<_Tp>::value_type&, const std::valarray<_Tp>&)[m[K’
 1202 | [01;36m[K_DEFINE_BINARY_OPERATOR[m[K(>=, __greater_equal)
      | [01;36m[K^~~~~~~~~~~~~~~~~~~~~~~[m[K
[01m[K/usr/include/c++/9/valarray:1202:1:[m[K [01;36m[Knote: [m[K  template argument deduction/substitution failed:
[01m[K/home/azharanas17/setunggal_ws/src/first_pubsub/src/logger_sub_node.cpp:40:27:[m[K [01;36m[Knote: [m[K  mismatched types ‘[01m[Kconst std::valarray<_Tp>[m[K’ and ‘[01m[Kint[m[K’
   40 |         if (msg->level >= [01;36m[K1[m[K)
      |                           [01;36m[K^[m[K
In file included from [01m[K/usr/include/c++/9/future:39[m[K,
                 from [01m[K/opt/ros/foxy/include/rclcpp/executors.hpp:18[m[K,
                 from [01m[K/opt/ros/foxy/include/rclcpp/rclcpp.hpp:146[m[K,
                 from [01m[K/home/azharanas17/setunggal_ws/src/first_pubsub/src/logger_sub_node.cpp:7[m[K:
[01m[K/usr/include/c++/9/thread:306:3:[m[K [01;36m[Knote: [m[Kcandidate: ‘[01m[Kbool std::operator>=(std::thread::id, std::thread::id)[m[K’
  306 |   [01;36m[Koperator[m[K>=(thread::id __x, thread::id __y) noexcept
      |   [01;36m[K^~~~~~~~[m[K
[01m[K/usr/include/c++/9/thread:306:25:[m[K [01;36m[Knote: [m[K  no known conversion for argument 1 from ‘[01m[Kfirst_interfaces::msg::Log_<std::allocator<void> >::_level_type[m[K’ {aka ‘[01m[Kstd::__cxx11::basic_string<char>[m[K’} to ‘[01m[Kstd::thread::id[m[K’
  306 |   operator>=([01;36m[Kthread::id __x[m[K, thread::id __y) noexcept
      |              [01;36m[K~~~~~~~~~~~^~~[m[K
In file included from [01m[K/usr/include/c++/9/set:61[m[K,
                 from [01m[K/opt/ros/foxy/include/rclcpp/executors/multi_threaded_executor.hpp:21[m[K,
                 from [01m[K/opt/ros/foxy/include/rclcpp/executors.hpp:21[m[K,
                 from [01m[K/opt/ros/foxy/include/rclcpp/rclcpp.hpp:146[m[K,
                 from [01m[K/home/azharanas17/setunggal_ws/src/first_pubsub/src/logger_sub_node.cpp:7[m[K:
[01m[K/usr/include/c++/9/bits/stl_set.h:1024:5:[m[K [01;36m[Knote: [m[Kcandidate: ‘[01m[Ktemplate<class _Key, class _Compare, class _Alloc> bool std::operator>=(const std::set<_Key, _Compare, _Alloc>&, const std::set<_Key, _Compare, _Alloc>&)[m[K’
 1024 |     [01;36m[Koperator[m[K>=(const set<_Key, _Compare, _Alloc>& __x,
      |     [01;36m[K^~~~~~~~[m[K
[01m[K/usr/include/c++/9/bits/stl_set.h:1024:5:[m[K [01;36m[Knote: [m[K  template argument deduction/substitution failed:
[01m[K/home/azharanas17/setunggal_ws/src/first_pubsub/src/logger_sub_node.cpp:40:27:[m[K [01;36m[Knote: [m[K  ‘[01m[Kfirst_interfaces::msg::Log_<std::allocator<void> >::_level_type[m[K’ {aka ‘[01m[Kstd::__cxx11::basic_string<char>[m[K’} is not derived from ‘[01m[Kconst std::set<_Key, _Compare, _Alloc>[m[K’
   40 |         if (msg->level >= [01;36m[K1[m[K)
      |                           [01;36m[K^[m[K
In file included from [01m[K/usr/include/c++/9/set:62[m[K,
                 from [01m[K/opt/ros/foxy/include/rclcpp/executors/multi_threaded_executor.hpp:21[m[K,
                 from [01m[K/opt/ros/foxy/include/rclcpp/executors.hpp:21[m[K,
                 from [01m[K/opt/ros/foxy/include/rclcpp/rclcpp.hpp:146[m[K,
                 from [01m[K/home/azharanas17/setunggal_ws/src/first_pubsub/src/logger_sub_node.cpp:7[m[K:
[01m[K/usr/include/c++/9/bits/stl_multiset.h:1009:5:[m[K [01;36m[Knote: [m[Kcandidate: ‘[01m[Ktemplate<class _Key, class _Compare, class _Alloc> bool std::operator>=(const std::multiset<_Key, _Compare, _Alloc>&, const std::multiset<_Key, _Compare, _Alloc>&)[m[K’
 1009 |     [01;36m[Koperator[m[K>=(const multiset<_Key, _Compare, _Alloc>& __x,
      |     [01;36m[K^~~~~~~~[m[K
[01m[K/usr/include/c++/9/bits/stl_multiset.h:1009:5:[m[K [01;36m[Knote: [m[K  template argument deduction/substitution failed:
[01m[K/home/azharanas17/setunggal_ws/src/first_pubsub/src/logger_sub_node.cpp:40:27:[m[K [01;36m[Knote: [m[K  ‘[01m[Kfirst_interfaces::msg::Log_<std::allocator<void> >::_level_type[m[K’ {aka ‘[01m[Kstd::__cxx11::basic_string<char>[m[K’} is not derived from ‘[01m[Kconst std::multiset<_Key, _Compare, _Alloc>[m[K’
   40 |         if (msg->level >= [01;36m[K1[m[K)
      |                           [01;36m[K^[m[K
In file included from [01m[K/usr/include/c++/9/list:63[m[K,
                 from [01m[K/opt/ros/foxy/include/rclcpp/executor.hpp:23[m[K,
                 from [01m[K/opt/ros/foxy/include/rclcpp/executors/multi_threaded_executor.hpp:26[m[K,
                 from [01m[K/opt/ros/foxy/include/rclcpp/executors.hpp:21[m[K,
                 from [01m[K/opt/ros/foxy/include/rclcpp/rclcpp.hpp:146[m[K,
                 from [01m[K/home/azharanas17/setunggal_ws/src/first_pubsub/src/logger_sub_node.cpp:7[m[K:
[01m[K/usr/include/c++/9/bits/stl_list.h:2050:5:[m[K [01;36m[Knote: [m[Kcandidate: ‘[01m[Ktemplate<class _Tp, class _Alloc> bool std::operator>=(const std::__cxx11::list<_Tp, _Alloc>&, const std::__cxx11::list<_Tp, _Alloc>&)[m[K’
 2050 |     [01;36m[Koperator[m[K>=(const list<_Tp, _Alloc>& __x, const list<_Tp, _Alloc>& __y)
      |     [01;36m[K^~~~~~~~[m[K
[01m[K/usr/include/c++/9/bits/stl_list.h:2050:5:[m[K [01;36m[Knote: [m[K  template argument deduction/substitution failed:
[01m[K/home/azharanas17/setunggal_ws/src/first_pubsub/src/logger_sub_node.cpp:40:27:[m[K [01;36m[Knote: [m[K  ‘[01m[Kfirst_interfaces::msg::Log_<std::allocator<void> >::_level_type[m[K’ {aka ‘[01m[Kstd::__cxx11::basic_string<char>[m[K’} is not derived from ‘[01m[Kconst std::__cxx11::list<_Tp, _Alloc>[m[K’
   40 |         if (msg->level >= [01;36m[K1[m[K)
      |                           [01;36m[K^[m[K
In file included from [01m[K/usr/include/c++/9/bits/stl_algobase.h:67[m[K,
                 from [01m[K/usr/include/c++/9/bits/char_traits.h:39[m[K,
                 from [01m[K/usr/include/c++/9/ios:40[m[K,
                 from [01m[K/usr/include/c++/9/ostream:38[m[K,
                 from [01m[K/usr/include/c++/9/iostream:39[m[K,
                 from [01m[K/home/azharanas17/setunggal_ws/src/first_pubsub/src/logger_sub_node.cpp:1[m[K:
[01m[K/usr/include/c++/9/bits/stl_iterator.h:957:5:[m[K [01;36m[Knote: [m[Kcandidate: ‘[01m[Ktemplate<class _IteratorL, class _IteratorR, class _Container> bool __gnu_cxx::operator>=(const __gnu_cxx::__normal_iterator<_IteratorL, _Container>&, const __gnu_cxx::__normal_iterator<_IteratorR, _Container>&)[m[K’
  957 |     [01;36m[Koperator[m[K>=(const __normal_iterator<_IteratorL, _Container>& __lhs,
      |     [01;36m[K^~~~~~~~[m[K
[01m[K/usr/include/c++/9/bits/stl_iterator.h:957:5:[m[K [01;36m[Knote: [m[K  template argument deduction/substitution failed:
[01m[K/home/azharanas17/setunggal_ws/src/first_pubsub/src/logger_sub_node.cpp:40:27:[m[K [01;36m[Knote: [m[K  ‘[01m[Kfirst_interfaces::msg::Log_<std::allocator<void> >::_level_type[m[K’ {aka ‘[01m[Kstd::__cxx11::basic_string<char>[m[K’} is not derived from ‘[01m[Kconst __gnu_cxx::__normal_iterator<_IteratorL, _Container>[m[K’
   40 |         if (msg->level >= [01;36m[K1[m[K)
      |                           [01;36m[K^[m[K
In file included from [01m[K/usr/include/c++/9/bits/stl_algobase.h:67[m[K,
                 from [01m[K/usr/include/c++/9/bits/char_traits.h:39[m[K,
                 from [01m[K/usr/include/c++/9/ios:40[m[K,
                 from [01m[K/usr/include/c++/9/ostream:38[m[K,
                 from [01m[K/usr/include/c++/9/iostream:39[m[K,
                 from [01m[K/home/azharanas17/setunggal_ws/src/first_pubsub/src/logger_sub_node.cpp:1[m[K:
[01m[K/usr/include/c++/9/bits/stl_iterator.h:964:5:[m[K [01;36m[Knote: [m[Kcandidate: ‘[01m[Ktemplate<class _Iterator, class _Container> bool __gnu_cxx::operator>=(const __gnu_cxx::__normal_iterator<_Iterator, _Container>&, const __gnu_cxx::__normal_iterator<_Iterator, _Container>&)[m[K’
  964 |     [01;36m[Koperator[m[K>=(const __normal_iterator<_Iterator, _Container>& __lhs,
      |     [01;36m[K^~~~~~~~[m[K
[01m[K/usr/include/c++/9/bits/stl_iterator.h:964:5:[m[K [01;36m[Knote: [m[K  template argument deduction/substitution failed:
[01m[K/home/azharanas17/setunggal_ws/src/first_pubsub/src/logger_sub_node.cpp:40:27:[m[K [01;36m[Knote: [m[K  ‘[01m[Kfirst_interfaces::msg::Log_<std::allocator<void> >::_level_type[m[K’ {aka ‘[01m[Kstd::__cxx11::basic_string<char>[m[K’} is not derived from ‘[01m[Kconst __gnu_cxx::__normal_iterator<_Iterator, _Container>[m[K’
   40 |         if (msg->level >= [01;36m[K1[m[K)
      |                           [01;36m[K^[m[K
make[2]: *** [CMakeFiles/first_pubsub.dir/build.make:76: CMakeFiles/first_pubsub.dir/src/logger_sub_node.cpp.o] Error 1
make[1]: *** [CMakeFiles/Makefile2:136: CMakeFiles/first_pubsub.dir/all] Error 2
make: *** [Makefile:141: all] Error 2
