[0.141s] DEBUG:colcon:Command line arguments: ['/usr/bin/colcon', 'build', '--packages-up-to', 'first_pubsub']
[0.141s] DEBUG:colcon:Parsed command line arguments: Namespace(allow_overriding=[], ament_cmake_args=None, base_paths=['.'], build_base='build', catkin_cmake_args=None, catkin_skip_building_tests=False, cmake_args=None, cmake_clean_cache=False, cmake_clean_first=False, cmake_force_configure=False, cmake_target=None, cmake_target_skip_unavailable=False, continue_on_error=False, event_handlers=None, executor='parallel', ignore_user_meta=False, install_base='install', log_base=None, log_level=None, main=<bound method BuildVerb.main of <colcon_core.verb.build.BuildVerb object at 0x7f936dfc2b80>>, merge_install=False, metas=['./colcon.meta'], packages_above=None, packages_above_and_dependencies=None, packages_above_depth=None, packages_end=None, packages_ignore=None, packages_ignore_regex=None, packages_select=None, packages_select_build_failed=False, packages_select_by_dep=None, packages_select_regex=None, packages_select_test_failures=False, packages_skip=None, packages_skip_build_finished=False, packages_skip_by_dep=None, packages_skip_regex=None, packages_skip_test_passed=False, packages_skip_up_to=None, packages_start=None, packages_up_to=['first_pubsub'], packages_up_to_regex=None, parallel_workers=4, paths=None, symlink_install=False, test_result_base=None, verb_extension=<colcon_core.verb.build.BuildVerb object at 0x7f936dfc2b80>, verb_name='build', verb_parser=<colcon_defaults.argument_parser.defaults.DefaultArgumentsDecorator object at 0x7f936dfcf130>)
[0.145s] Level 1:colcon.colcon_core.package_discovery:discover_packages(colcon_meta) check parameters
[0.145s] Level 1:colcon.colcon_core.package_discovery:discover_packages(recursive) check parameters
[0.145s] Level 1:colcon.colcon_core.package_discovery:discover_packages(ignore) check parameters
[0.145s] Level 1:colcon.colcon_core.package_discovery:discover_packages(path) check parameters
[0.145s] Level 1:colcon.colcon_core.package_discovery:discover_packages(colcon_meta) discover
[0.145s] Level 1:colcon.colcon_core.package_discovery:discover_packages(recursive) discover
[0.145s] INFO:colcon.colcon_core.package_discovery:Crawling recursively for packages in '/home/azharanas17/setunggal_ws'
[0.146s] Level 1:colcon.colcon_core.package_identification:_identify(.) by extensions ['ignore', 'ignore_ament_install']
[0.146s] Level 1:colcon.colcon_core.package_identification:_identify(.) by extension 'ignore'
[0.146s] Level 1:colcon.colcon_core.package_identification:_identify(.) by extension 'ignore_ament_install'
[0.146s] Level 1:colcon.colcon_core.package_identification:_identify(.) by extensions ['colcon_pkg']
[0.146s] Level 1:colcon.colcon_core.package_identification:_identify(.) by extension 'colcon_pkg'
[0.146s] Level 1:colcon.colcon_core.package_identification:_identify(.) by extensions ['colcon_meta']
[0.146s] Level 1:colcon.colcon_core.package_identification:_identify(.) by extension 'colcon_meta'
[0.146s] Level 1:colcon.colcon_core.package_identification:_identify(.) by extensions ['ros']
[0.146s] Level 1:colcon.colcon_core.package_identification:_identify(.) by extension 'ros'
[0.154s] Level 1:colcon.colcon_core.package_identification:_identify(.) by extensions ['cmake', 'python']
[0.154s] Level 1:colcon.colcon_core.package_identification:_identify(.) by extension 'cmake'
[0.154s] Level 1:colcon.colcon_core.package_identification:_identify(.) by extension 'python'
[0.154s] Level 1:colcon.colcon_core.package_identification:_identify(.) by extensions ['python_setup_py']
[0.154s] Level 1:colcon.colcon_core.package_identification:_identify(.) by extension 'python_setup_py'
[0.154s] Level 1:colcon.colcon_core.package_identification:_identify(build) by extensions ['ignore', 'ignore_ament_install']
[0.154s] Level 1:colcon.colcon_core.package_identification:_identify(build) by extension 'ignore'
[0.154s] Level 1:colcon.colcon_core.package_identification:_identify(build) ignored
[0.155s] Level 1:colcon.colcon_core.package_identification:_identify(install) by extensions ['ignore', 'ignore_ament_install']
[0.155s] Level 1:colcon.colcon_core.package_identification:_identify(install) by extension 'ignore'
[0.155s] Level 1:colcon.colcon_core.package_identification:_identify(install) ignored
[0.155s] Level 1:colcon.colcon_core.package_identification:_identify(log) by extensions ['ignore', 'ignore_ament_install']
[0.155s] Level 1:colcon.colcon_core.package_identification:_identify(log) by extension 'ignore'
[0.155s] Level 1:colcon.colcon_core.package_identification:_identify(log) ignored
[0.155s] Level 1:colcon.colcon_core.package_identification:_identify(src) by extensions ['ignore', 'ignore_ament_install']
[0.155s] Level 1:colcon.colcon_core.package_identification:_identify(src) by extension 'ignore'
[0.155s] Level 1:colcon.colcon_core.package_identification:_identify(src) by extension 'ignore_ament_install'
[0.155s] Level 1:colcon.colcon_core.package_identification:_identify(src) by extensions ['colcon_pkg']
[0.155s] Level 1:colcon.colcon_core.package_identification:_identify(src) by extension 'colcon_pkg'
[0.155s] Level 1:colcon.colcon_core.package_identification:_identify(src) by extensions ['colcon_meta']
[0.155s] Level 1:colcon.colcon_core.package_identification:_identify(src) by extension 'colcon_meta'
[0.155s] Level 1:colcon.colcon_core.package_identification:_identify(src) by extensions ['ros']
[0.155s] Level 1:colcon.colcon_core.package_identification:_identify(src) by extension 'ros'
[0.156s] Level 1:colcon.colcon_core.package_identification:_identify(src) by extensions ['cmake', 'python']
[0.156s] Level 1:colcon.colcon_core.package_identification:_identify(src) by extension 'cmake'
[0.156s] Level 1:colcon.colcon_core.package_identification:_identify(src) by extension 'python'
[0.156s] Level 1:colcon.colcon_core.package_identification:_identify(src) by extensions ['python_setup_py']
[0.156s] Level 1:colcon.colcon_core.package_identification:_identify(src) by extension 'python_setup_py'
[0.156s] Level 1:colcon.colcon_core.package_identification:_identify(src/first_interfaces) by extensions ['ignore', 'ignore_ament_install']
[0.156s] Level 1:colcon.colcon_core.package_identification:_identify(src/first_interfaces) by extension 'ignore'
[0.156s] Level 1:colcon.colcon_core.package_identification:_identify(src/first_interfaces) by extension 'ignore_ament_install'
[0.156s] Level 1:colcon.colcon_core.package_identification:_identify(src/first_interfaces) by extensions ['colcon_pkg']
[0.156s] Level 1:colcon.colcon_core.package_identification:_identify(src/first_interfaces) by extension 'colcon_pkg'
[0.156s] Level 1:colcon.colcon_core.package_identification:_identify(src/first_interfaces) by extensions ['colcon_meta']
[0.156s] Level 1:colcon.colcon_core.package_identification:_identify(src/first_interfaces) by extension 'colcon_meta'
[0.156s] Level 1:colcon.colcon_core.package_identification:_identify(src/first_interfaces) by extensions ['ros']
[0.156s] Level 1:colcon.colcon_core.package_identification:_identify(src/first_interfaces) by extension 'ros'
[0.158s] DEBUG:colcon.colcon_core.package_identification:Package 'src/first_interfaces' with type 'ros.ament_cmake' and name 'first_interfaces'
[0.158s] Level 1:colcon.colcon_core.package_identification:_identify(src/first_pubsub) by extensions ['ignore', 'ignore_ament_install']
[0.158s] Level 1:colcon.colcon_core.package_identification:_identify(src/first_pubsub) by extension 'ignore'
[0.158s] Level 1:colcon.colcon_core.package_identification:_identify(src/first_pubsub) by extension 'ignore_ament_install'
[0.158s] Level 1:colcon.colcon_core.package_identification:_identify(src/first_pubsub) by extensions ['colcon_pkg']
[0.158s] Level 1:colcon.colcon_core.package_identification:_identify(src/first_pubsub) by extension 'colcon_pkg'
[0.158s] Level 1:colcon.colcon_core.package_identification:_identify(src/first_pubsub) by extensions ['colcon_meta']
[0.158s] Level 1:colcon.colcon_core.package_identification:_identify(src/first_pubsub) by extension 'colcon_meta'
[0.158s] Level 1:colcon.colcon_core.package_identification:_identify(src/first_pubsub) by extensions ['ros']
[0.158s] Level 1:colcon.colcon_core.package_identification:_identify(src/first_pubsub) by extension 'ros'
[0.159s] DEBUG:colcon.colcon_core.package_identification:Package 'src/first_pubsub' with type 'ros.ament_cmake' and name 'first_pubsub'
[0.159s] Level 1:colcon.colcon_core.package_identification:_identify(src/ros_tutorials) by extensions ['ignore', 'ignore_ament_install']
[0.159s] Level 1:colcon.colcon_core.package_identification:_identify(src/ros_tutorials) by extension 'ignore'
[0.159s] Level 1:colcon.colcon_core.package_identification:_identify(src/ros_tutorials) by extension 'ignore_ament_install'
[0.159s] Level 1:colcon.colcon_core.package_identification:_identify(src/ros_tutorials) by extensions ['colcon_pkg']
[0.159s] Level 1:colcon.colcon_core.package_identification:_identify(src/ros_tutorials) by extension 'colcon_pkg'
[0.159s] Level 1:colcon.colcon_core.package_identification:_identify(src/ros_tutorials) by extensions ['colcon_meta']
[0.159s] Level 1:colcon.colcon_core.package_identification:_identify(src/ros_tutorials) by extension 'colcon_meta'
[0.159s] Level 1:colcon.colcon_core.package_identification:_identify(src/ros_tutorials) by extensions ['ros']
[0.159s] Level 1:colcon.colcon_core.package_identification:_identify(src/ros_tutorials) by extension 'ros'
[0.159s] Level 1:colcon.colcon_core.package_identification:_identify(src/ros_tutorials) by extensions ['cmake', 'python']
[0.160s] Level 1:colcon.colcon_core.package_identification:_identify(src/ros_tutorials) by extension 'cmake'
[0.160s] Level 1:colcon.colcon_core.package_identification:_identify(src/ros_tutorials) by extension 'python'
[0.160s] Level 1:colcon.colcon_core.package_identification:_identify(src/ros_tutorials) by extensions ['python_setup_py']
[0.160s] Level 1:colcon.colcon_core.package_identification:_identify(src/ros_tutorials) by extension 'python_setup_py'
[0.160s] Level 1:colcon.colcon_core.package_identification:_identify(src/ros_tutorials/ros_tutorials) by extensions ['ignore', 'ignore_ament_install']
[0.160s] Level 1:colcon.colcon_core.package_identification:_identify(src/ros_tutorials/ros_tutorials) by extension 'ignore'
[0.160s] Level 1:colcon.colcon_core.package_identification:_identify(src/ros_tutorials/ros_tutorials) ignored
[0.160s] Level 1:colcon.colcon_core.package_identification:_identify(src/ros_tutorials/roscpp_tutorials) by extensions ['ignore', 'ignore_ament_install']
[0.161s] Level 1:colcon.colcon_core.package_identification:_identify(src/ros_tutorials/roscpp_tutorials) by extension 'ignore'
[0.161s] Level 1:colcon.colcon_core.package_identification:_identify(src/ros_tutorials/roscpp_tutorials) ignored
[0.161s] Level 1:colcon.colcon_core.package_identification:_identify(src/ros_tutorials/rospy_tutorials) by extensions ['ignore', 'ignore_ament_install']
[0.161s] Level 1:colcon.colcon_core.package_identification:_identify(src/ros_tutorials/rospy_tutorials) by extension 'ignore'
[0.161s] Level 1:colcon.colcon_core.package_identification:_identify(src/ros_tutorials/rospy_tutorials) ignored
[0.161s] Level 1:colcon.colcon_core.package_identification:_identify(src/ros_tutorials/turtlesim) by extensions ['ignore', 'ignore_ament_install']
[0.161s] Level 1:colcon.colcon_core.package_identification:_identify(src/ros_tutorials/turtlesim) by extension 'ignore'
[0.161s] Level 1:colcon.colcon_core.package_identification:_identify(src/ros_tutorials/turtlesim) by extension 'ignore_ament_install'
[0.161s] Level 1:colcon.colcon_core.package_identification:_identify(src/ros_tutorials/turtlesim) by extensions ['colcon_pkg']
[0.161s] Level 1:colcon.colcon_core.package_identification:_identify(src/ros_tutorials/turtlesim) by extension 'colcon_pkg'
[0.162s] Level 1:colcon.colcon_core.package_identification:_identify(src/ros_tutorials/turtlesim) by extensions ['colcon_meta']
[0.162s] Level 1:colcon.colcon_core.package_identification:_identify(src/ros_tutorials/turtlesim) by extension 'colcon_meta'
[0.162s] Level 1:colcon.colcon_core.package_identification:_identify(src/ros_tutorials/turtlesim) by extensions ['ros']
[0.162s] Level 1:colcon.colcon_core.package_identification:_identify(src/ros_tutorials/turtlesim) by extension 'ros'
[0.164s] DEBUG:colcon.colcon_core.package_identification:Package 'src/ros_tutorials/turtlesim' with type 'ros.ament_cmake' and name 'turtlesim'
[0.164s] Level 1:colcon.colcon_core.package_discovery:discover_packages(recursive) using defaults
[0.164s] Level 1:colcon.colcon_core.package_discovery:discover_packages(ignore) discover
[0.164s] Level 1:colcon.colcon_core.package_discovery:discover_packages(ignore) using defaults
[0.164s] Level 1:colcon.colcon_core.package_discovery:discover_packages(path) discover
[0.164s] Level 1:colcon.colcon_core.package_discovery:discover_packages(path) using defaults
[0.189s] INFO:colcon.colcon_core.package_selection:Skipping package 'turtlesim' in 'src/ros_tutorials/turtlesim'
[0.190s] Level 5:colcon.colcon_core.verb:set package 'first_interfaces' build argument 'cmake_args' from command line to 'None'
[0.190s] Level 5:colcon.colcon_core.verb:set package 'first_interfaces' build argument 'cmake_target' from command line to 'None'
[0.190s] Level 5:colcon.colcon_core.verb:set package 'first_interfaces' build argument 'cmake_target_skip_unavailable' from command line to 'False'
[0.190s] Level 5:colcon.colcon_core.verb:set package 'first_interfaces' build argument 'cmake_clean_cache' from command line to 'False'
[0.190s] Level 5:colcon.colcon_core.verb:set package 'first_interfaces' build argument 'cmake_clean_first' from command line to 'False'
[0.190s] Level 5:colcon.colcon_core.verb:set package 'first_interfaces' build argument 'cmake_force_configure' from command line to 'False'
[0.190s] Level 5:colcon.colcon_core.verb:set package 'first_interfaces' build argument 'ament_cmake_args' from command line to 'None'
[0.190s] Level 5:colcon.colcon_core.verb:set package 'first_interfaces' build argument 'catkin_cmake_args' from command line to 'None'
[0.190s] Level 5:colcon.colcon_core.verb:set package 'first_interfaces' build argument 'catkin_skip_building_tests' from command line to 'False'
[0.190s] DEBUG:colcon.colcon_core.verb:Building package 'first_interfaces' with the following arguments: {'ament_cmake_args': None, 'build_base': '/home/azharanas17/setunggal_ws/build/first_interfaces', 'catkin_cmake_args': None, 'catkin_skip_building_tests': False, 'cmake_args': None, 'cmake_clean_cache': False, 'cmake_clean_first': False, 'cmake_force_configure': False, 'cmake_target': None, 'cmake_target_skip_unavailable': False, 'install_base': '/home/azharanas17/setunggal_ws/install/first_interfaces', 'merge_install': False, 'path': '/home/azharanas17/setunggal_ws/src/first_interfaces', 'symlink_install': False, 'test_result_base': None}
[0.190s] Level 5:colcon.colcon_core.verb:set package 'first_pubsub' build argument 'cmake_args' from command line to 'None'
[0.190s] Level 5:colcon.colcon_core.verb:set package 'first_pubsub' build argument 'cmake_target' from command line to 'None'
[0.190s] Level 5:colcon.colcon_core.verb:set package 'first_pubsub' build argument 'cmake_target_skip_unavailable' from command line to 'False'
[0.190s] Level 5:colcon.colcon_core.verb:set package 'first_pubsub' build argument 'cmake_clean_cache' from command line to 'False'
[0.190s] Level 5:colcon.colcon_core.verb:set package 'first_pubsub' build argument 'cmake_clean_first' from command line to 'False'
[0.190s] Level 5:colcon.colcon_core.verb:set package 'first_pubsub' build argument 'cmake_force_configure' from command line to 'False'
[0.190s] Level 5:colcon.colcon_core.verb:set package 'first_pubsub' build argument 'ament_cmake_args' from command line to 'None'
[0.190s] Level 5:colcon.colcon_core.verb:set package 'first_pubsub' build argument 'catkin_cmake_args' from command line to 'None'
[0.190s] Level 5:colcon.colcon_core.verb:set package 'first_pubsub' build argument 'catkin_skip_building_tests' from command line to 'False'
[0.190s] DEBUG:colcon.colcon_core.verb:Building package 'first_pubsub' with the following arguments: {'ament_cmake_args': None, 'build_base': '/home/azharanas17/setunggal_ws/build/first_pubsub', 'catkin_cmake_args': None, 'catkin_skip_building_tests': False, 'cmake_args': None, 'cmake_clean_cache': False, 'cmake_clean_first': False, 'cmake_force_configure': False, 'cmake_target': None, 'cmake_target_skip_unavailable': False, 'install_base': '/home/azharanas17/setunggal_ws/install/first_pubsub', 'merge_install': False, 'path': '/home/azharanas17/setunggal_ws/src/first_pubsub', 'symlink_install': False, 'test_result_base': None}
[0.193s] INFO:colcon.colcon_core.executor:Executing jobs using 'parallel' executor
[0.195s] DEBUG:colcon.colcon_parallel_executor.executor.parallel:run_until_complete
[0.195s] INFO:colcon.colcon_ros.task.ament_cmake.build:Building ROS package in '/home/azharanas17/setunggal_ws/src/first_interfaces' with build type 'ament_cmake'
[0.196s] INFO:colcon.colcon_cmake.task.cmake.build:Building CMake package in '/home/azharanas17/setunggal_ws/src/first_interfaces'
[0.200s] INFO:colcon.colcon_core.plugin_system:Skipping extension 'colcon_core.shell.bat': Not used on non-Windows systems
[0.200s] INFO:colcon.colcon_core.shell:Skip shell extension 'powershell' for command environment: Not usable outside of PowerShell
[0.200s] DEBUG:colcon.colcon_core.shell:Skip shell extension 'dsv' for command environment
[0.216s] DEBUG:colcon.colcon_core.event_handler.log_command:Invoking command in '/home/azharanas17/setunggal_ws/build/first_interfaces': CMAKE_PREFIX_PATH=/opt/ros/foxy /usr/bin/cmake --build /home/azharanas17/setunggal_ws/build/first_interfaces -- -j4 -l4
[0.555s] DEBUG:colcon.colcon_core.event_handler.log_command:Invoked command in '/home/azharanas17/setunggal_ws/build/first_interfaces' returned '0': CMAKE_PREFIX_PATH=/opt/ros/foxy /usr/bin/cmake --build /home/azharanas17/setunggal_ws/build/first_interfaces -- -j4 -l4
[0.604s] DEBUG:colcon.colcon_core.event_handler.log_command:Invoking command in '/home/azharanas17/setunggal_ws/build/first_interfaces': CMAKE_PREFIX_PATH=/opt/ros/foxy /usr/bin/cmake --install /home/azharanas17/setunggal_ws/build/first_interfaces
[0.654s] Level 1:colcon.colcon_core.environment:create_environment_scripts_only(first_interfaces)
[0.654s] DEBUG:colcon.colcon_core.event_handler.log_command:Invoked command in '/home/azharanas17/setunggal_ws/build/first_interfaces' returned '0': CMAKE_PREFIX_PATH=/opt/ros/foxy /usr/bin/cmake --install /home/azharanas17/setunggal_ws/build/first_interfaces
[0.660s] Level 1:colcon.colcon_core.environment:checking '/home/azharanas17/setunggal_ws/install/first_interfaces' for CMake module files
[0.660s] Level 1:colcon.colcon_core.environment:checking '/home/azharanas17/setunggal_ws/install/first_interfaces' for CMake config files
[0.661s] Level 1:colcon.colcon_core.shell:create_environment_hook('first_interfaces', 'cmake_prefix_path')
[0.662s] INFO:colcon.colcon_core.shell:Creating environment hook '/home/azharanas17/setunggal_ws/install/first_interfaces/share/first_interfaces/hook/cmake_prefix_path.ps1'
[0.663s] INFO:colcon.colcon_core.shell:Creating environment descriptor '/home/azharanas17/setunggal_ws/install/first_interfaces/share/first_interfaces/hook/cmake_prefix_path.dsv'
[0.664s] INFO:colcon.colcon_core.shell:Creating environment hook '/home/azharanas17/setunggal_ws/install/first_interfaces/share/first_interfaces/hook/cmake_prefix_path.sh'
[0.665s] Level 1:colcon.colcon_core.environment:checking '/home/azharanas17/setunggal_ws/install/first_interfaces/lib'
[0.666s] Level 1:colcon.colcon_core.shell:create_environment_hook('first_interfaces', 'ld_library_path_lib')
[0.666s] INFO:colcon.colcon_core.shell:Creating environment hook '/home/azharanas17/setunggal_ws/install/first_interfaces/share/first_interfaces/hook/ld_library_path_lib.ps1'
[0.667s] INFO:colcon.colcon_core.shell:Creating environment descriptor '/home/azharanas17/setunggal_ws/install/first_interfaces/share/first_interfaces/hook/ld_library_path_lib.dsv'
[0.667s] INFO:colcon.colcon_core.shell:Creating environment hook '/home/azharanas17/setunggal_ws/install/first_interfaces/share/first_interfaces/hook/ld_library_path_lib.sh'
[0.668s] Level 1:colcon.colcon_core.environment:checking '/home/azharanas17/setunggal_ws/install/first_interfaces/bin'
[0.668s] Level 1:colcon.colcon_core.environment:checking '/home/azharanas17/setunggal_ws/install/first_interfaces/lib/pkgconfig/first_interfaces.pc'
[0.668s] Level 1:colcon.colcon_core.environment:checking '/home/azharanas17/setunggal_ws/install/first_interfaces/lib/python3.8/site-packages'
[0.668s] Level 1:colcon.colcon_core.shell:create_environment_hook('first_interfaces', 'pythonpath')
[0.669s] INFO:colcon.colcon_core.shell:Creating environment hook '/home/azharanas17/setunggal_ws/install/first_interfaces/share/first_interfaces/hook/pythonpath.ps1'
[0.669s] INFO:colcon.colcon_core.shell:Creating environment descriptor '/home/azharanas17/setunggal_ws/install/first_interfaces/share/first_interfaces/hook/pythonpath.dsv'
[0.669s] INFO:colcon.colcon_core.shell:Creating environment hook '/home/azharanas17/setunggal_ws/install/first_interfaces/share/first_interfaces/hook/pythonpath.sh'
[0.670s] INFO:colcon.colcon_core.shell:Creating package script '/home/azharanas17/setunggal_ws/install/first_interfaces/share/first_interfaces/package.ps1'
[0.671s] INFO:colcon.colcon_core.shell:Creating package descriptor '/home/azharanas17/setunggal_ws/install/first_interfaces/share/first_interfaces/package.dsv'
[0.672s] INFO:colcon.colcon_core.shell:Creating package script '/home/azharanas17/setunggal_ws/install/first_interfaces/share/first_interfaces/package.sh'
[0.674s] INFO:colcon.colcon_core.shell:Creating package script '/home/azharanas17/setunggal_ws/install/first_interfaces/share/first_interfaces/package.bash'
[0.675s] INFO:colcon.colcon_core.shell:Creating package script '/home/azharanas17/setunggal_ws/install/first_interfaces/share/first_interfaces/package.zsh'
[0.676s] Level 1:colcon.colcon_core.environment:create_file_with_runtime_dependencies(/home/azharanas17/setunggal_ws/install/first_interfaces/share/colcon-core/packages/first_interfaces)
[0.711s] Level 1:colcon.colcon_core.environment:create_environment_scripts_only(first_interfaces)
[0.712s] Level 1:colcon.colcon_core.environment:checking '/home/azharanas17/setunggal_ws/install/first_interfaces' for CMake module files
[0.713s] Level 1:colcon.colcon_core.environment:checking '/home/azharanas17/setunggal_ws/install/first_interfaces' for CMake config files
[0.713s] Level 1:colcon.colcon_core.shell:create_environment_hook('first_interfaces', 'cmake_prefix_path')
[0.714s] INFO:colcon.colcon_core.shell:Creating environment hook '/home/azharanas17/setunggal_ws/install/first_interfaces/share/first_interfaces/hook/cmake_prefix_path.ps1'
[0.714s] INFO:colcon.colcon_core.shell:Creating environment descriptor '/home/azharanas17/setunggal_ws/install/first_interfaces/share/first_interfaces/hook/cmake_prefix_path.dsv'
[0.715s] INFO:colcon.colcon_core.shell:Creating environment hook '/home/azharanas17/setunggal_ws/install/first_interfaces/share/first_interfaces/hook/cmake_prefix_path.sh'
[0.715s] Level 1:colcon.colcon_core.environment:checking '/home/azharanas17/setunggal_ws/install/first_interfaces/lib'
[0.715s] Level 1:colcon.colcon_core.shell:create_environment_hook('first_interfaces', 'ld_library_path_lib')
[0.716s] INFO:colcon.colcon_core.shell:Creating environment hook '/home/azharanas17/setunggal_ws/install/first_interfaces/share/first_interfaces/hook/ld_library_path_lib.ps1'
[0.716s] INFO:colcon.colcon_core.shell:Creating environment descriptor '/home/azharanas17/setunggal_ws/install/first_interfaces/share/first_interfaces/hook/ld_library_path_lib.dsv'
[0.716s] INFO:colcon.colcon_core.shell:Creating environment hook '/home/azharanas17/setunggal_ws/install/first_interfaces/share/first_interfaces/hook/ld_library_path_lib.sh'
[0.717s] Level 1:colcon.colcon_core.environment:checking '/home/azharanas17/setunggal_ws/install/first_interfaces/bin'
[0.717s] Level 1:colcon.colcon_core.environment:checking '/home/azharanas17/setunggal_ws/install/first_interfaces/lib/pkgconfig/first_interfaces.pc'
[0.717s] Level 1:colcon.colcon_core.environment:checking '/home/azharanas17/setunggal_ws/install/first_interfaces/lib/python3.8/site-packages'
[0.717s] Level 1:colcon.colcon_core.shell:create_environment_hook('first_interfaces', 'pythonpath')
[0.717s] INFO:colcon.colcon_core.shell:Creating environment hook '/home/azharanas17/setunggal_ws/install/first_interfaces/share/first_interfaces/hook/pythonpath.ps1'
[0.717s] INFO:colcon.colcon_core.shell:Creating environment descriptor '/home/azharanas17/setunggal_ws/install/first_interfaces/share/first_interfaces/hook/pythonpath.dsv'
[0.717s] INFO:colcon.colcon_core.shell:Creating environment hook '/home/azharanas17/setunggal_ws/install/first_interfaces/share/first_interfaces/hook/pythonpath.sh'
[0.718s] INFO:colcon.colcon_core.shell:Creating package script '/home/azharanas17/setunggal_ws/install/first_interfaces/share/first_interfaces/package.ps1'
[0.719s] INFO:colcon.colcon_core.shell:Creating package descriptor '/home/azharanas17/setunggal_ws/install/first_interfaces/share/first_interfaces/package.dsv'
[0.720s] INFO:colcon.colcon_core.shell:Creating package script '/home/azharanas17/setunggal_ws/install/first_interfaces/share/first_interfaces/package.sh'
[0.720s] INFO:colcon.colcon_core.shell:Creating package script '/home/azharanas17/setunggal_ws/install/first_interfaces/share/first_interfaces/package.bash'
[0.721s] INFO:colcon.colcon_core.shell:Creating package script '/home/azharanas17/setunggal_ws/install/first_interfaces/share/first_interfaces/package.zsh'
[0.721s] Level 1:colcon.colcon_core.environment:create_file_with_runtime_dependencies(/home/azharanas17/setunggal_ws/install/first_interfaces/share/colcon-core/packages/first_interfaces)
[0.722s] INFO:colcon.colcon_ros.task.ament_cmake.build:Building ROS package in '/home/azharanas17/setunggal_ws/src/first_pubsub' with build type 'ament_cmake'
[0.723s] INFO:colcon.colcon_cmake.task.cmake.build:Building CMake package in '/home/azharanas17/setunggal_ws/src/first_pubsub'
[0.724s] INFO:colcon.colcon_core.shell:Skip shell extension 'powershell' for command environment: Not usable outside of PowerShell
[0.724s] DEBUG:colcon.colcon_core.shell:Skip shell extension 'dsv' for command environment
[0.736s] DEBUG:colcon.colcon_core.event_handler.log_command:Invoking command in '/home/azharanas17/setunggal_ws/build/first_pubsub': AMENT_PREFIX_PATH=/home/azharanas17/setunggal_ws/install/first_interfaces:${AMENT_PREFIX_PATH} CMAKE_PREFIX_PATH=/home/azharanas17/setunggal_ws/install/first_interfaces:/opt/ros/foxy LD_LIBRARY_PATH=/home/azharanas17/setunggal_ws/install/first_interfaces/lib:${LD_LIBRARY_PATH} PYTHONPATH=/home/azharanas17/setunggal_ws/install/first_interfaces/lib/python3.8/site-packages:${PYTHONPATH} /usr/bin/cmake --build /home/azharanas17/setunggal_ws/build/first_pubsub -- -j4 -l4
[10.516s] DEBUG:colcon.colcon_core.event_handler.log_command:Invoked command in '/home/azharanas17/setunggal_ws/build/first_pubsub' returned '0': AMENT_PREFIX_PATH=/home/azharanas17/setunggal_ws/install/first_interfaces:${AMENT_PREFIX_PATH} CMAKE_PREFIX_PATH=/home/azharanas17/setunggal_ws/install/first_interfaces:/opt/ros/foxy LD_LIBRARY_PATH=/home/azharanas17/setunggal_ws/install/first_interfaces/lib:${LD_LIBRARY_PATH} PYTHONPATH=/home/azharanas17/setunggal_ws/install/first_interfaces/lib/python3.8/site-packages:${PYTHONPATH} /usr/bin/cmake --build /home/azharanas17/setunggal_ws/build/first_pubsub -- -j4 -l4
[10.546s] DEBUG:colcon.colcon_core.event_handler.log_command:Invoking command in '/home/azharanas17/setunggal_ws/build/first_pubsub': AMENT_PREFIX_PATH=/home/azharanas17/setunggal_ws/install/first_interfaces:${AMENT_PREFIX_PATH} CMAKE_PREFIX_PATH=/home/azharanas17/setunggal_ws/install/first_interfaces:/opt/ros/foxy LD_LIBRARY_PATH=/home/azharanas17/setunggal_ws/install/first_interfaces/lib:${LD_LIBRARY_PATH} PYTHONPATH=/home/azharanas17/setunggal_ws/install/first_interfaces/lib/python3.8/site-packages:${PYTHONPATH} /usr/bin/cmake --install /home/azharanas17/setunggal_ws/build/first_pubsub
[10.562s] Level 1:colcon.colcon_core.environment:create_environment_scripts_only(first_pubsub)
[10.563s] Level 1:colcon.colcon_core.environment:checking '/home/azharanas17/setunggal_ws/install/first_pubsub' for CMake module files
[10.563s] DEBUG:colcon.colcon_core.event_handler.log_command:Invoked command in '/home/azharanas17/setunggal_ws/build/first_pubsub' returned '0': AMENT_PREFIX_PATH=/home/azharanas17/setunggal_ws/install/first_interfaces:${AMENT_PREFIX_PATH} CMAKE_PREFIX_PATH=/home/azharanas17/setunggal_ws/install/first_interfaces:/opt/ros/foxy LD_LIBRARY_PATH=/home/azharanas17/setunggal_ws/install/first_interfaces/lib:${LD_LIBRARY_PATH} PYTHONPATH=/home/azharanas17/setunggal_ws/install/first_interfaces/lib/python3.8/site-packages:${PYTHONPATH} /usr/bin/cmake --install /home/azharanas17/setunggal_ws/build/first_pubsub
[10.564s] Level 1:colcon.colcon_core.environment:checking '/home/azharanas17/setunggal_ws/install/first_pubsub' for CMake config files
[10.564s] Level 1:colcon.colcon_core.shell:create_environment_hook('first_pubsub', 'cmake_prefix_path')
[10.564s] INFO:colcon.colcon_core.shell:Creating environment hook '/home/azharanas17/setunggal_ws/install/first_pubsub/share/first_pubsub/hook/cmake_prefix_path.ps1'
[10.565s] INFO:colcon.colcon_core.shell:Creating environment descriptor '/home/azharanas17/setunggal_ws/install/first_pubsub/share/first_pubsub/hook/cmake_prefix_path.dsv'
[10.565s] INFO:colcon.colcon_core.shell:Creating environment hook '/home/azharanas17/setunggal_ws/install/first_pubsub/share/first_pubsub/hook/cmake_prefix_path.sh'
[10.566s] Level 1:colcon.colcon_core.environment:checking '/home/azharanas17/setunggal_ws/install/first_pubsub/lib'
[10.566s] Level 1:colcon.colcon_core.shell:create_environment_hook('first_pubsub', 'ld_library_path_lib')
[10.567s] INFO:colcon.colcon_core.shell:Creating environment hook '/home/azharanas17/setunggal_ws/install/first_pubsub/share/first_pubsub/hook/ld_library_path_lib.ps1'
[10.568s] INFO:colcon.colcon_core.shell:Creating environment descriptor '/home/azharanas17/setunggal_ws/install/first_pubsub/share/first_pubsub/hook/ld_library_path_lib.dsv'
[10.568s] INFO:colcon.colcon_core.shell:Creating environment hook '/home/azharanas17/setunggal_ws/install/first_pubsub/share/first_pubsub/hook/ld_library_path_lib.sh'
[10.569s] Level 1:colcon.colcon_core.environment:checking '/home/azharanas17/setunggal_ws/install/first_pubsub/bin'
[10.569s] Level 1:colcon.colcon_core.environment:checking '/home/azharanas17/setunggal_ws/install/first_pubsub/lib/pkgconfig/first_pubsub.pc'
[10.569s] Level 1:colcon.colcon_core.environment:checking '/home/azharanas17/setunggal_ws/install/first_pubsub/lib/python3.8/site-packages'
[10.569s] INFO:colcon.colcon_core.shell:Creating package script '/home/azharanas17/setunggal_ws/install/first_pubsub/share/first_pubsub/package.ps1'
[10.570s] INFO:colcon.colcon_core.shell:Creating package descriptor '/home/azharanas17/setunggal_ws/install/first_pubsub/share/first_pubsub/package.dsv'
[10.570s] INFO:colcon.colcon_core.shell:Creating package script '/home/azharanas17/setunggal_ws/install/first_pubsub/share/first_pubsub/package.sh'
[10.570s] INFO:colcon.colcon_core.shell:Creating package script '/home/azharanas17/setunggal_ws/install/first_pubsub/share/first_pubsub/package.bash'
[10.571s] INFO:colcon.colcon_core.shell:Creating package script '/home/azharanas17/setunggal_ws/install/first_pubsub/share/first_pubsub/package.zsh'
[10.572s] Level 1:colcon.colcon_core.environment:create_file_with_runtime_dependencies(/home/azharanas17/setunggal_ws/install/first_pubsub/share/colcon-core/packages/first_pubsub)
[10.597s] Level 1:colcon.colcon_core.environment:create_environment_scripts_only(first_pubsub)
[10.598s] Level 1:colcon.colcon_core.environment:checking '/home/azharanas17/setunggal_ws/install/first_pubsub' for CMake module files
[10.598s] Level 1:colcon.colcon_core.environment:checking '/home/azharanas17/setunggal_ws/install/first_pubsub' for CMake config files
[10.598s] Level 1:colcon.colcon_core.shell:create_environment_hook('first_pubsub', 'cmake_prefix_path')
[10.599s] INFO:colcon.colcon_core.shell:Creating environment hook '/home/azharanas17/setunggal_ws/install/first_pubsub/share/first_pubsub/hook/cmake_prefix_path.ps1'
[10.599s] INFO:colcon.colcon_core.shell:Creating environment descriptor '/home/azharanas17/setunggal_ws/install/first_pubsub/share/first_pubsub/hook/cmake_prefix_path.dsv'
[10.599s] INFO:colcon.colcon_core.shell:Creating environment hook '/home/azharanas17/setunggal_ws/install/first_pubsub/share/first_pubsub/hook/cmake_prefix_path.sh'
[10.600s] Level 1:colcon.colcon_core.environment:checking '/home/azharanas17/setunggal_ws/install/first_pubsub/lib'
[10.600s] Level 1:colcon.colcon_core.shell:create_environment_hook('first_pubsub', 'ld_library_path_lib')
[10.600s] INFO:colcon.colcon_core.shell:Creating environment hook '/home/azharanas17/setunggal_ws/install/first_pubsub/share/first_pubsub/hook/ld_library_path_lib.ps1'
[10.600s] INFO:colcon.colcon_core.shell:Creating environment descriptor '/home/azharanas17/setunggal_ws/install/first_pubsub/share/first_pubsub/hook/ld_library_path_lib.dsv'
[10.600s] INFO:colcon.colcon_core.shell:Creating environment hook '/home/azharanas17/setunggal_ws/install/first_pubsub/share/first_pubsub/hook/ld_library_path_lib.sh'
[10.601s] Level 1:colcon.colcon_core.environment:checking '/home/azharanas17/setunggal_ws/install/first_pubsub/bin'
[10.601s] Level 1:colcon.colcon_core.environment:checking '/home/azharanas17/setunggal_ws/install/first_pubsub/lib/pkgconfig/first_pubsub.pc'
[10.601s] Level 1:colcon.colcon_core.environment:checking '/home/azharanas17/setunggal_ws/install/first_pubsub/lib/python3.8/site-packages'
[10.601s] INFO:colcon.colcon_core.shell:Creating package script '/home/azharanas17/setunggal_ws/install/first_pubsub/share/first_pubsub/package.ps1'
[10.601s] INFO:colcon.colcon_core.shell:Creating package descriptor '/home/azharanas17/setunggal_ws/install/first_pubsub/share/first_pubsub/package.dsv'
[10.602s] INFO:colcon.colcon_core.shell:Creating package script '/home/azharanas17/setunggal_ws/install/first_pubsub/share/first_pubsub/package.sh'
[10.602s] INFO:colcon.colcon_core.shell:Creating package script '/home/azharanas17/setunggal_ws/install/first_pubsub/share/first_pubsub/package.bash'
[10.602s] INFO:colcon.colcon_core.shell:Creating package script '/home/azharanas17/setunggal_ws/install/first_pubsub/share/first_pubsub/package.zsh'
[10.602s] Level 1:colcon.colcon_core.environment:create_file_with_runtime_dependencies(/home/azharanas17/setunggal_ws/install/first_pubsub/share/colcon-core/packages/first_pubsub)
[10.603s] DEBUG:colcon.colcon_parallel_executor.executor.parallel:closing loop
[10.603s] DEBUG:colcon.colcon_parallel_executor.executor.parallel:loop closed
[10.603s] DEBUG:colcon.colcon_parallel_executor.executor.parallel:run_until_complete finished with '0'
[10.603s] DEBUG:colcon.colcon_core.event_reactor:joining thread
[10.617s] INFO:colcon.colcon_core.plugin_system:Skipping extension 'colcon_notification.desktop_notification.terminal_notifier': Not used on non-Darwin systems
[10.617s] INFO:colcon.colcon_core.plugin_system:Skipping extension 'colcon_notification.desktop_notification.win32': Not used on non-Windows systems
[10.617s] INFO:colcon.colcon_notification.desktop_notification:Sending desktop notification using 'notify2'
[10.750s] DEBUG:colcon.colcon_core.event_reactor:joined thread
[10.751s] INFO:colcon.colcon_core.shell:Creating prefix script '/home/azharanas17/setunggal_ws/install/local_setup.ps1'
[10.754s] INFO:colcon.colcon_core.shell:Creating prefix util module '/home/azharanas17/setunggal_ws/install/_local_setup_util_ps1.py'
[10.755s] INFO:colcon.colcon_core.shell:Creating prefix chain script '/home/azharanas17/setunggal_ws/install/setup.ps1'
[10.757s] INFO:colcon.colcon_core.shell:Creating prefix script '/home/azharanas17/setunggal_ws/install/local_setup.sh'
[10.758s] INFO:colcon.colcon_core.shell:Creating prefix util module '/home/azharanas17/setunggal_ws/install/_local_setup_util_sh.py'
[10.759s] INFO:colcon.colcon_core.shell:Creating prefix chain script '/home/azharanas17/setunggal_ws/install/setup.sh'
[10.762s] INFO:colcon.colcon_core.shell:Creating prefix script '/home/azharanas17/setunggal_ws/install/local_setup.bash'
[10.763s] INFO:colcon.colcon_core.shell:Creating prefix chain script '/home/azharanas17/setunggal_ws/install/setup.bash'
[10.765s] INFO:colcon.colcon_core.shell:Creating prefix script '/home/azharanas17/setunggal_ws/install/local_setup.zsh'
[10.766s] INFO:colcon.colcon_core.shell:Creating prefix chain script '/home/azharanas17/setunggal_ws/install/setup.zsh'
