[0.092s] DEBUG:colcon:Command line arguments: ['/usr/bin/colcon', 'build', '--packages-up-to', 'first_pubsub']
[0.092s] DEBUG:colcon:Parsed command line arguments: Namespace(allow_overriding=[], ament_cmake_args=None, base_paths=['.'], build_base='build', catkin_cmake_args=None, catkin_skip_building_tests=False, cmake_args=None, cmake_clean_cache=False, cmake_clean_first=False, cmake_force_configure=False, cmake_target=None, cmake_target_skip_unavailable=False, continue_on_error=False, event_handlers=None, executor='parallel', ignore_user_meta=False, install_base='install', log_base=None, log_level=None, main=<bound method BuildVerb.main of <colcon_core.verb.build.BuildVerb object at 0x7f411e1ff880>>, merge_install=False, metas=['./colcon.meta'], packages_above=None, packages_above_and_dependencies=None, packages_above_depth=None, packages_end=None, packages_ignore=None, packages_ignore_regex=None, packages_select=None, packages_select_build_failed=False, packages_select_by_dep=None, packages_select_regex=None, packages_select_test_failures=False, packages_skip=None, packages_skip_build_finished=False, packages_skip_by_dep=None, packages_skip_regex=None, packages_skip_test_passed=False, packages_skip_up_to=None, packages_start=None, packages_up_to=['first_pubsub'], packages_up_to_regex=None, parallel_workers=4, paths=None, symlink_install=False, test_result_base=None, verb_extension=<colcon_core.verb.build.BuildVerb object at 0x7f411e1ff880>, verb_name='build', verb_parser=<colcon_defaults.argument_parser.defaults.DefaultArgumentsDecorator object at 0x7f411e1ffdf0>)
[0.096s] Level 1:colcon.colcon_core.package_discovery:discover_packages(colcon_meta) check parameters
[0.096s] Level 1:colcon.colcon_core.package_discovery:discover_packages(recursive) check parameters
[0.096s] Level 1:colcon.colcon_core.package_discovery:discover_packages(ignore) check parameters
[0.096s] Level 1:colcon.colcon_core.package_discovery:discover_packages(path) check parameters
[0.096s] Level 1:colcon.colcon_core.package_discovery:discover_packages(colcon_meta) discover
[0.096s] Level 1:colcon.colcon_core.package_discovery:discover_packages(recursive) discover
[0.096s] INFO:colcon.colcon_core.package_discovery:Crawling recursively for packages in '/home/azharanas17/setunggal_ws'
[0.096s] Level 1:colcon.colcon_core.package_identification:_identify(.) by extensions ['ignore', 'ignore_ament_install']
[0.096s] Level 1:colcon.colcon_core.package_identification:_identify(.) by extension 'ignore'
[0.096s] Level 1:colcon.colcon_core.package_identification:_identify(.) by extension 'ignore_ament_install'
[0.096s] Level 1:colcon.colcon_core.package_identification:_identify(.) by extensions ['colcon_pkg']
[0.096s] Level 1:colcon.colcon_core.package_identification:_identify(.) by extension 'colcon_pkg'
[0.096s] Level 1:colcon.colcon_core.package_identification:_identify(.) by extensions ['colcon_meta']
[0.096s] Level 1:colcon.colcon_core.package_identification:_identify(.) by extension 'colcon_meta'
[0.096s] Level 1:colcon.colcon_core.package_identification:_identify(.) by extensions ['ros']
[0.096s] Level 1:colcon.colcon_core.package_identification:_identify(.) by extension 'ros'
[0.104s] Level 1:colcon.colcon_core.package_identification:_identify(.) by extensions ['cmake', 'python']
[0.104s] Level 1:colcon.colcon_core.package_identification:_identify(.) by extension 'cmake'
[0.104s] Level 1:colcon.colcon_core.package_identification:_identify(.) by extension 'python'
[0.104s] Level 1:colcon.colcon_core.package_identification:_identify(.) by extensions ['python_setup_py']
[0.104s] Level 1:colcon.colcon_core.package_identification:_identify(.) by extension 'python_setup_py'
[0.104s] Level 1:colcon.colcon_core.package_identification:_identify(build) by extensions ['ignore', 'ignore_ament_install']
[0.105s] Level 1:colcon.colcon_core.package_identification:_identify(build) by extension 'ignore'
[0.105s] Level 1:colcon.colcon_core.package_identification:_identify(build) ignored
[0.105s] Level 1:colcon.colcon_core.package_identification:_identify(install) by extensions ['ignore', 'ignore_ament_install']
[0.105s] Level 1:colcon.colcon_core.package_identification:_identify(install) by extension 'ignore'
[0.105s] Level 1:colcon.colcon_core.package_identification:_identify(install) ignored
[0.105s] Level 1:colcon.colcon_core.package_identification:_identify(log) by extensions ['ignore', 'ignore_ament_install']
[0.105s] Level 1:colcon.colcon_core.package_identification:_identify(log) by extension 'ignore'
[0.105s] Level 1:colcon.colcon_core.package_identification:_identify(log) ignored
[0.105s] Level 1:colcon.colcon_core.package_identification:_identify(src) by extensions ['ignore', 'ignore_ament_install']
[0.105s] Level 1:colcon.colcon_core.package_identification:_identify(src) by extension 'ignore'
[0.105s] Level 1:colcon.colcon_core.package_identification:_identify(src) by extension 'ignore_ament_install'
[0.105s] Level 1:colcon.colcon_core.package_identification:_identify(src) by extensions ['colcon_pkg']
[0.105s] Level 1:colcon.colcon_core.package_identification:_identify(src) by extension 'colcon_pkg'
[0.105s] Level 1:colcon.colcon_core.package_identification:_identify(src) by extensions ['colcon_meta']
[0.105s] Level 1:colcon.colcon_core.package_identification:_identify(src) by extension 'colcon_meta'
[0.105s] Level 1:colcon.colcon_core.package_identification:_identify(src) by extensions ['ros']
[0.105s] Level 1:colcon.colcon_core.package_identification:_identify(src) by extension 'ros'
[0.105s] Level 1:colcon.colcon_core.package_identification:_identify(src) by extensions ['cmake', 'python']
[0.105s] Level 1:colcon.colcon_core.package_identification:_identify(src) by extension 'cmake'
[0.105s] Level 1:colcon.colcon_core.package_identification:_identify(src) by extension 'python'
[0.105s] Level 1:colcon.colcon_core.package_identification:_identify(src) by extensions ['python_setup_py']
[0.105s] Level 1:colcon.colcon_core.package_identification:_identify(src) by extension 'python_setup_py'
[0.105s] Level 1:colcon.colcon_core.package_identification:_identify(src/first_interfaces) by extensions ['ignore', 'ignore_ament_install']
[0.105s] Level 1:colcon.colcon_core.package_identification:_identify(src/first_interfaces) by extension 'ignore'
[0.106s] Level 1:colcon.colcon_core.package_identification:_identify(src/first_interfaces) by extension 'ignore_ament_install'
[0.106s] Level 1:colcon.colcon_core.package_identification:_identify(src/first_interfaces) by extensions ['colcon_pkg']
[0.106s] Level 1:colcon.colcon_core.package_identification:_identify(src/first_interfaces) by extension 'colcon_pkg'
[0.106s] Level 1:colcon.colcon_core.package_identification:_identify(src/first_interfaces) by extensions ['colcon_meta']
[0.106s] Level 1:colcon.colcon_core.package_identification:_identify(src/first_interfaces) by extension 'colcon_meta'
[0.106s] Level 1:colcon.colcon_core.package_identification:_identify(src/first_interfaces) by extensions ['ros']
[0.106s] Level 1:colcon.colcon_core.package_identification:_identify(src/first_interfaces) by extension 'ros'
[0.107s] DEBUG:colcon.colcon_core.package_identification:Package 'src/first_interfaces' with type 'ros.ament_cmake' and name 'first_interfaces'
[0.107s] Level 1:colcon.colcon_core.package_identification:_identify(src/first_pubsub) by extensions ['ignore', 'ignore_ament_install']
[0.107s] Level 1:colcon.colcon_core.package_identification:_identify(src/first_pubsub) by extension 'ignore'
[0.107s] Level 1:colcon.colcon_core.package_identification:_identify(src/first_pubsub) by extension 'ignore_ament_install'
[0.107s] Level 1:colcon.colcon_core.package_identification:_identify(src/first_pubsub) by extensions ['colcon_pkg']
[0.107s] Level 1:colcon.colcon_core.package_identification:_identify(src/first_pubsub) by extension 'colcon_pkg'
[0.108s] Level 1:colcon.colcon_core.package_identification:_identify(src/first_pubsub) by extensions ['colcon_meta']
[0.108s] Level 1:colcon.colcon_core.package_identification:_identify(src/first_pubsub) by extension 'colcon_meta'
[0.108s] Level 1:colcon.colcon_core.package_identification:_identify(src/first_pubsub) by extensions ['ros']
[0.108s] Level 1:colcon.colcon_core.package_identification:_identify(src/first_pubsub) by extension 'ros'
[0.108s] DEBUG:colcon.colcon_core.package_identification:Package 'src/first_pubsub' with type 'ros.ament_cmake' and name 'first_pubsub'
[0.108s] Level 1:colcon.colcon_core.package_identification:_identify(src/ros_tutorials) by extensions ['ignore', 'ignore_ament_install']
[0.108s] Level 1:colcon.colcon_core.package_identification:_identify(src/ros_tutorials) by extension 'ignore'
[0.108s] Level 1:colcon.colcon_core.package_identification:_identify(src/ros_tutorials) by extension 'ignore_ament_install'
[0.108s] Level 1:colcon.colcon_core.package_identification:_identify(src/ros_tutorials) by extensions ['colcon_pkg']
[0.108s] Level 1:colcon.colcon_core.package_identification:_identify(src/ros_tutorials) by extension 'colcon_pkg'
[0.108s] Level 1:colcon.colcon_core.package_identification:_identify(src/ros_tutorials) by extensions ['colcon_meta']
[0.108s] Level 1:colcon.colcon_core.package_identification:_identify(src/ros_tutorials) by extension 'colcon_meta'
[0.108s] Level 1:colcon.colcon_core.package_identification:_identify(src/ros_tutorials) by extensions ['ros']
[0.108s] Level 1:colcon.colcon_core.package_identification:_identify(src/ros_tutorials) by extension 'ros'
[0.108s] Level 1:colcon.colcon_core.package_identification:_identify(src/ros_tutorials) by extensions ['cmake', 'python']
[0.108s] Level 1:colcon.colcon_core.package_identification:_identify(src/ros_tutorials) by extension 'cmake'
[0.108s] Level 1:colcon.colcon_core.package_identification:_identify(src/ros_tutorials) by extension 'python'
[0.108s] Level 1:colcon.colcon_core.package_identification:_identify(src/ros_tutorials) by extensions ['python_setup_py']
[0.108s] Level 1:colcon.colcon_core.package_identification:_identify(src/ros_tutorials) by extension 'python_setup_py'
[0.108s] Level 1:colcon.colcon_core.package_identification:_identify(src/ros_tutorials/ros_tutorials) by extensions ['ignore', 'ignore_ament_install']
[0.109s] Level 1:colcon.colcon_core.package_identification:_identify(src/ros_tutorials/ros_tutorials) by extension 'ignore'
[0.109s] Level 1:colcon.colcon_core.package_identification:_identify(src/ros_tutorials/ros_tutorials) ignored
[0.109s] Level 1:colcon.colcon_core.package_identification:_identify(src/ros_tutorials/roscpp_tutorials) by extensions ['ignore', 'ignore_ament_install']
[0.109s] Level 1:colcon.colcon_core.package_identification:_identify(src/ros_tutorials/roscpp_tutorials) by extension 'ignore'
[0.109s] Level 1:colcon.colcon_core.package_identification:_identify(src/ros_tutorials/roscpp_tutorials) ignored
[0.109s] Level 1:colcon.colcon_core.package_identification:_identify(src/ros_tutorials/rospy_tutorials) by extensions ['ignore', 'ignore_ament_install']
[0.109s] Level 1:colcon.colcon_core.package_identification:_identify(src/ros_tutorials/rospy_tutorials) by extension 'ignore'
[0.109s] Level 1:colcon.colcon_core.package_identification:_identify(src/ros_tutorials/rospy_tutorials) ignored
[0.109s] Level 1:colcon.colcon_core.package_identification:_identify(src/ros_tutorials/turtlesim) by extensions ['ignore', 'ignore_ament_install']
[0.109s] Level 1:colcon.colcon_core.package_identification:_identify(src/ros_tutorials/turtlesim) by extension 'ignore'
[0.109s] Level 1:colcon.colcon_core.package_identification:_identify(src/ros_tutorials/turtlesim) by extension 'ignore_ament_install'
[0.109s] Level 1:colcon.colcon_core.package_identification:_identify(src/ros_tutorials/turtlesim) by extensions ['colcon_pkg']
[0.109s] Level 1:colcon.colcon_core.package_identification:_identify(src/ros_tutorials/turtlesim) by extension 'colcon_pkg'
[0.109s] Level 1:colcon.colcon_core.package_identification:_identify(src/ros_tutorials/turtlesim) by extensions ['colcon_meta']
[0.109s] Level 1:colcon.colcon_core.package_identification:_identify(src/ros_tutorials/turtlesim) by extension 'colcon_meta'
[0.109s] Level 1:colcon.colcon_core.package_identification:_identify(src/ros_tutorials/turtlesim) by extensions ['ros']
[0.109s] Level 1:colcon.colcon_core.package_identification:_identify(src/ros_tutorials/turtlesim) by extension 'ros'
[0.110s] DEBUG:colcon.colcon_core.package_identification:Package 'src/ros_tutorials/turtlesim' with type 'ros.ament_cmake' and name 'turtlesim'
[0.110s] Level 1:colcon.colcon_core.package_discovery:discover_packages(recursive) using defaults
[0.110s] Level 1:colcon.colcon_core.package_discovery:discover_packages(ignore) discover
[0.110s] Level 1:colcon.colcon_core.package_discovery:discover_packages(ignore) using defaults
[0.110s] Level 1:colcon.colcon_core.package_discovery:discover_packages(path) discover
[0.110s] Level 1:colcon.colcon_core.package_discovery:discover_packages(path) using defaults
[0.144s] INFO:colcon.colcon_core.package_selection:Skipping package 'turtlesim' in 'src/ros_tutorials/turtlesim'
[0.144s] Level 5:colcon.colcon_core.verb:set package 'first_interfaces' build argument 'cmake_args' from command line to 'None'
[0.144s] Level 5:colcon.colcon_core.verb:set package 'first_interfaces' build argument 'cmake_target' from command line to 'None'
[0.144s] Level 5:colcon.colcon_core.verb:set package 'first_interfaces' build argument 'cmake_target_skip_unavailable' from command line to 'False'
[0.145s] Level 5:colcon.colcon_core.verb:set package 'first_interfaces' build argument 'cmake_clean_cache' from command line to 'False'
[0.145s] Level 5:colcon.colcon_core.verb:set package 'first_interfaces' build argument 'cmake_clean_first' from command line to 'False'
[0.145s] Level 5:colcon.colcon_core.verb:set package 'first_interfaces' build argument 'cmake_force_configure' from command line to 'False'
[0.145s] Level 5:colcon.colcon_core.verb:set package 'first_interfaces' build argument 'ament_cmake_args' from command line to 'None'
[0.145s] Level 5:colcon.colcon_core.verb:set package 'first_interfaces' build argument 'catkin_cmake_args' from command line to 'None'
[0.145s] Level 5:colcon.colcon_core.verb:set package 'first_interfaces' build argument 'catkin_skip_building_tests' from command line to 'False'
[0.145s] DEBUG:colcon.colcon_core.verb:Building package 'first_interfaces' with the following arguments: {'ament_cmake_args': None, 'build_base': '/home/azharanas17/setunggal_ws/build/first_interfaces', 'catkin_cmake_args': None, 'catkin_skip_building_tests': False, 'cmake_args': None, 'cmake_clean_cache': False, 'cmake_clean_first': False, 'cmake_force_configure': False, 'cmake_target': None, 'cmake_target_skip_unavailable': False, 'install_base': '/home/azharanas17/setunggal_ws/install/first_interfaces', 'merge_install': False, 'path': '/home/azharanas17/setunggal_ws/src/first_interfaces', 'symlink_install': False, 'test_result_base': None}
[0.145s] Level 5:colcon.colcon_core.verb:set package 'first_pubsub' build argument 'cmake_args' from command line to 'None'
[0.145s] Level 5:colcon.colcon_core.verb:set package 'first_pubsub' build argument 'cmake_target' from command line to 'None'
[0.145s] Level 5:colcon.colcon_core.verb:set package 'first_pubsub' build argument 'cmake_target_skip_unavailable' from command line to 'False'
[0.145s] Level 5:colcon.colcon_core.verb:set package 'first_pubsub' build argument 'cmake_clean_cache' from command line to 'False'
[0.145s] Level 5:colcon.colcon_core.verb:set package 'first_pubsub' build argument 'cmake_clean_first' from command line to 'False'
[0.145s] Level 5:colcon.colcon_core.verb:set package 'first_pubsub' build argument 'cmake_force_configure' from command line to 'False'
[0.145s] Level 5:colcon.colcon_core.verb:set package 'first_pubsub' build argument 'ament_cmake_args' from command line to 'None'
[0.145s] Level 5:colcon.colcon_core.verb:set package 'first_pubsub' build argument 'catkin_cmake_args' from command line to 'None'
[0.145s] Level 5:colcon.colcon_core.verb:set package 'first_pubsub' build argument 'catkin_skip_building_tests' from command line to 'False'
[0.145s] DEBUG:colcon.colcon_core.verb:Building package 'first_pubsub' with the following arguments: {'ament_cmake_args': None, 'build_base': '/home/azharanas17/setunggal_ws/build/first_pubsub', 'catkin_cmake_args': None, 'catkin_skip_building_tests': False, 'cmake_args': None, 'cmake_clean_cache': False, 'cmake_clean_first': False, 'cmake_force_configure': False, 'cmake_target': None, 'cmake_target_skip_unavailable': False, 'install_base': '/home/azharanas17/setunggal_ws/install/first_pubsub', 'merge_install': False, 'path': '/home/azharanas17/setunggal_ws/src/first_pubsub', 'symlink_install': False, 'test_result_base': None}
[0.148s] INFO:colcon.colcon_core.executor:Executing jobs using 'parallel' executor
[0.150s] DEBUG:colcon.colcon_parallel_executor.executor.parallel:run_until_complete
[0.150s] INFO:colcon.colcon_ros.task.ament_cmake.build:Building ROS package in '/home/azharanas17/setunggal_ws/src/first_interfaces' with build type 'ament_cmake'
[0.150s] INFO:colcon.colcon_cmake.task.cmake.build:Building CMake package in '/home/azharanas17/setunggal_ws/src/first_interfaces'
[0.155s] INFO:colcon.colcon_core.plugin_system:Skipping extension 'colcon_core.shell.bat': Not used on non-Windows systems
[0.155s] INFO:colcon.colcon_core.shell:Skip shell extension 'powershell' for command environment: Not usable outside of PowerShell
[0.155s] DEBUG:colcon.colcon_core.shell:Skip shell extension 'dsv' for command environment
[0.162s] DEBUG:colcon.colcon_core.event_handler.log_command:Invoking command in '/home/azharanas17/setunggal_ws/build/first_interfaces': CMAKE_PREFIX_PATH=/opt/ros/foxy /usr/bin/cmake --build /home/azharanas17/setunggal_ws/build/first_interfaces -- -j4 -l4
[0.416s] DEBUG:colcon.colcon_core.event_handler.log_command:Invoked command in '/home/azharanas17/setunggal_ws/build/first_interfaces' returned '0': CMAKE_PREFIX_PATH=/opt/ros/foxy /usr/bin/cmake --build /home/azharanas17/setunggal_ws/build/first_interfaces -- -j4 -l4
[0.453s] DEBUG:colcon.colcon_core.event_handler.log_command:Invoking command in '/home/azharanas17/setunggal_ws/build/first_interfaces': CMAKE_PREFIX_PATH=/opt/ros/foxy /usr/bin/cmake --install /home/azharanas17/setunggal_ws/build/first_interfaces
[0.491s] Level 1:colcon.colcon_core.environment:create_environment_scripts_only(first_interfaces)
[0.492s] DEBUG:colcon.colcon_core.event_handler.log_command:Invoked command in '/home/azharanas17/setunggal_ws/build/first_interfaces' returned '0': CMAKE_PREFIX_PATH=/opt/ros/foxy /usr/bin/cmake --install /home/azharanas17/setunggal_ws/build/first_interfaces
[0.497s] Level 1:colcon.colcon_core.environment:checking '/home/azharanas17/setunggal_ws/install/first_interfaces' for CMake module files
[0.497s] Level 1:colcon.colcon_core.environment:checking '/home/azharanas17/setunggal_ws/install/first_interfaces' for CMake config files
[0.497s] Level 1:colcon.colcon_core.shell:create_environment_hook('first_interfaces', 'cmake_prefix_path')
[0.498s] INFO:colcon.colcon_core.shell:Creating environment hook '/home/azharanas17/setunggal_ws/install/first_interfaces/share/first_interfaces/hook/cmake_prefix_path.ps1'
[0.499s] INFO:colcon.colcon_core.shell:Creating environment descriptor '/home/azharanas17/setunggal_ws/install/first_interfaces/share/first_interfaces/hook/cmake_prefix_path.dsv'
[0.499s] INFO:colcon.colcon_core.shell:Creating environment hook '/home/azharanas17/setunggal_ws/install/first_interfaces/share/first_interfaces/hook/cmake_prefix_path.sh'
[0.500s] Level 1:colcon.colcon_core.environment:checking '/home/azharanas17/setunggal_ws/install/first_interfaces/lib'
[0.500s] Level 1:colcon.colcon_core.shell:create_environment_hook('first_interfaces', 'ld_library_path_lib')
[0.500s] INFO:colcon.colcon_core.shell:Creating environment hook '/home/azharanas17/setunggal_ws/install/first_interfaces/share/first_interfaces/hook/ld_library_path_lib.ps1'
[0.500s] INFO:colcon.colcon_core.shell:Creating environment descriptor '/home/azharanas17/setunggal_ws/install/first_interfaces/share/first_interfaces/hook/ld_library_path_lib.dsv'
[0.500s] INFO:colcon.colcon_core.shell:Creating environment hook '/home/azharanas17/setunggal_ws/install/first_interfaces/share/first_interfaces/hook/ld_library_path_lib.sh'
[0.501s] Level 1:colcon.colcon_core.environment:checking '/home/azharanas17/setunggal_ws/install/first_interfaces/bin'
[0.501s] Level 1:colcon.colcon_core.environment:checking '/home/azharanas17/setunggal_ws/install/first_interfaces/lib/pkgconfig/first_interfaces.pc'
[0.501s] Level 1:colcon.colcon_core.environment:checking '/home/azharanas17/setunggal_ws/install/first_interfaces/lib/python3.8/site-packages'
[0.501s] Level 1:colcon.colcon_core.shell:create_environment_hook('first_interfaces', 'pythonpath')
[0.501s] INFO:colcon.colcon_core.shell:Creating environment hook '/home/azharanas17/setunggal_ws/install/first_interfaces/share/first_interfaces/hook/pythonpath.ps1'
[0.501s] INFO:colcon.colcon_core.shell:Creating environment descriptor '/home/azharanas17/setunggal_ws/install/first_interfaces/share/first_interfaces/hook/pythonpath.dsv'
[0.502s] INFO:colcon.colcon_core.shell:Creating environment hook '/home/azharanas17/setunggal_ws/install/first_interfaces/share/first_interfaces/hook/pythonpath.sh'
[0.502s] INFO:colcon.colcon_core.shell:Creating package script '/home/azharanas17/setunggal_ws/install/first_interfaces/share/first_interfaces/package.ps1'
[0.503s] INFO:colcon.colcon_core.shell:Creating package descriptor '/home/azharanas17/setunggal_ws/install/first_interfaces/share/first_interfaces/package.dsv'
[0.503s] INFO:colcon.colcon_core.shell:Creating package script '/home/azharanas17/setunggal_ws/install/first_interfaces/share/first_interfaces/package.sh'
[0.504s] INFO:colcon.colcon_core.shell:Creating package script '/home/azharanas17/setunggal_ws/install/first_interfaces/share/first_interfaces/package.bash'
[0.504s] INFO:colcon.colcon_core.shell:Creating package script '/home/azharanas17/setunggal_ws/install/first_interfaces/share/first_interfaces/package.zsh'
[0.505s] Level 1:colcon.colcon_core.environment:create_file_with_runtime_dependencies(/home/azharanas17/setunggal_ws/install/first_interfaces/share/colcon-core/packages/first_interfaces)
[0.534s] Level 1:colcon.colcon_core.environment:create_environment_scripts_only(first_interfaces)
[0.534s] Level 1:colcon.colcon_core.environment:checking '/home/azharanas17/setunggal_ws/install/first_interfaces' for CMake module files
[0.535s] Level 1:colcon.colcon_core.environment:checking '/home/azharanas17/setunggal_ws/install/first_interfaces' for CMake config files
[0.535s] Level 1:colcon.colcon_core.shell:create_environment_hook('first_interfaces', 'cmake_prefix_path')
[0.535s] INFO:colcon.colcon_core.shell:Creating environment hook '/home/azharanas17/setunggal_ws/install/first_interfaces/share/first_interfaces/hook/cmake_prefix_path.ps1'
[0.536s] INFO:colcon.colcon_core.shell:Creating environment descriptor '/home/azharanas17/setunggal_ws/install/first_interfaces/share/first_interfaces/hook/cmake_prefix_path.dsv'
[0.536s] INFO:colcon.colcon_core.shell:Creating environment hook '/home/azharanas17/setunggal_ws/install/first_interfaces/share/first_interfaces/hook/cmake_prefix_path.sh'
[0.536s] Level 1:colcon.colcon_core.environment:checking '/home/azharanas17/setunggal_ws/install/first_interfaces/lib'
[0.536s] Level 1:colcon.colcon_core.shell:create_environment_hook('first_interfaces', 'ld_library_path_lib')
[0.537s] INFO:colcon.colcon_core.shell:Creating environment hook '/home/azharanas17/setunggal_ws/install/first_interfaces/share/first_interfaces/hook/ld_library_path_lib.ps1'
[0.537s] INFO:colcon.colcon_core.shell:Creating environment descriptor '/home/azharanas17/setunggal_ws/install/first_interfaces/share/first_interfaces/hook/ld_library_path_lib.dsv'
[0.537s] INFO:colcon.colcon_core.shell:Creating environment hook '/home/azharanas17/setunggal_ws/install/first_interfaces/share/first_interfaces/hook/ld_library_path_lib.sh'
[0.537s] Level 1:colcon.colcon_core.environment:checking '/home/azharanas17/setunggal_ws/install/first_interfaces/bin'
[0.537s] Level 1:colcon.colcon_core.environment:checking '/home/azharanas17/setunggal_ws/install/first_interfaces/lib/pkgconfig/first_interfaces.pc'
[0.537s] Level 1:colcon.colcon_core.environment:checking '/home/azharanas17/setunggal_ws/install/first_interfaces/lib/python3.8/site-packages'
[0.537s] Level 1:colcon.colcon_core.shell:create_environment_hook('first_interfaces', 'pythonpath')
[0.537s] INFO:colcon.colcon_core.shell:Creating environment hook '/home/azharanas17/setunggal_ws/install/first_interfaces/share/first_interfaces/hook/pythonpath.ps1'
[0.538s] INFO:colcon.colcon_core.shell:Creating environment descriptor '/home/azharanas17/setunggal_ws/install/first_interfaces/share/first_interfaces/hook/pythonpath.dsv'
[0.538s] INFO:colcon.colcon_core.shell:Creating environment hook '/home/azharanas17/setunggal_ws/install/first_interfaces/share/first_interfaces/hook/pythonpath.sh'
[0.538s] INFO:colcon.colcon_core.shell:Creating package script '/home/azharanas17/setunggal_ws/install/first_interfaces/share/first_interfaces/package.ps1'
[0.539s] INFO:colcon.colcon_core.shell:Creating package descriptor '/home/azharanas17/setunggal_ws/install/first_interfaces/share/first_interfaces/package.dsv'
[0.539s] INFO:colcon.colcon_core.shell:Creating package script '/home/azharanas17/setunggal_ws/install/first_interfaces/share/first_interfaces/package.sh'
[0.539s] INFO:colcon.colcon_core.shell:Creating package script '/home/azharanas17/setunggal_ws/install/first_interfaces/share/first_interfaces/package.bash'
[0.539s] INFO:colcon.colcon_core.shell:Creating package script '/home/azharanas17/setunggal_ws/install/first_interfaces/share/first_interfaces/package.zsh'
[0.540s] Level 1:colcon.colcon_core.environment:create_file_with_runtime_dependencies(/home/azharanas17/setunggal_ws/install/first_interfaces/share/colcon-core/packages/first_interfaces)
[0.540s] INFO:colcon.colcon_ros.task.ament_cmake.build:Building ROS package in '/home/azharanas17/setunggal_ws/src/first_pubsub' with build type 'ament_cmake'
[0.540s] INFO:colcon.colcon_cmake.task.cmake.build:Building CMake package in '/home/azharanas17/setunggal_ws/src/first_pubsub'
[0.541s] INFO:colcon.colcon_core.shell:Skip shell extension 'powershell' for command environment: Not usable outside of PowerShell
[0.541s] DEBUG:colcon.colcon_core.shell:Skip shell extension 'dsv' for command environment
[0.548s] DEBUG:colcon.colcon_core.event_handler.log_command:Invoking command in '/home/azharanas17/setunggal_ws/build/first_pubsub': AMENT_PREFIX_PATH=/home/azharanas17/setunggal_ws/install/first_interfaces:${AMENT_PREFIX_PATH} CMAKE_PREFIX_PATH=/home/azharanas17/setunggal_ws/install/first_interfaces:/opt/ros/foxy LD_LIBRARY_PATH=/home/azharanas17/setunggal_ws/install/first_interfaces/lib:${LD_LIBRARY_PATH} PYTHONPATH=/home/azharanas17/setunggal_ws/install/first_interfaces/lib/python3.8/site-packages:${PYTHONPATH} /usr/bin/cmake --build /home/azharanas17/setunggal_ws/build/first_pubsub -- -j4 -l4
[3.222s] DEBUG:colcon.colcon_core.event_handler.log_command:Invoked command in '/home/azharanas17/setunggal_ws/build/first_pubsub' returned '2': AMENT_PREFIX_PATH=/home/azharanas17/setunggal_ws/install/first_interfaces:${AMENT_PREFIX_PATH} CMAKE_PREFIX_PATH=/home/azharanas17/setunggal_ws/install/first_interfaces:/opt/ros/foxy LD_LIBRARY_PATH=/home/azharanas17/setunggal_ws/install/first_interfaces/lib:${LD_LIBRARY_PATH} PYTHONPATH=/home/azharanas17/setunggal_ws/install/first_interfaces/lib/python3.8/site-packages:${PYTHONPATH} /usr/bin/cmake --build /home/azharanas17/setunggal_ws/build/first_pubsub -- -j4 -l4
[3.249s] Level 1:colcon.colcon_core.environment:create_environment_scripts_only(first_pubsub)
[3.250s] Level 1:colcon.colcon_core.environment:checking '/home/azharanas17/setunggal_ws/install/first_pubsub' for CMake module files
[3.250s] Level 1:colcon.colcon_core.environment:checking '/home/azharanas17/setunggal_ws/install/first_pubsub' for CMake config files
[3.250s] Level 1:colcon.colcon_core.shell:create_environment_hook('first_pubsub', 'cmake_prefix_path')
[3.251s] INFO:colcon.colcon_core.shell:Creating environment hook '/home/azharanas17/setunggal_ws/install/first_pubsub/share/first_pubsub/hook/cmake_prefix_path.ps1'
[3.251s] INFO:colcon.colcon_core.shell:Creating environment descriptor '/home/azharanas17/setunggal_ws/install/first_pubsub/share/first_pubsub/hook/cmake_prefix_path.dsv'
[3.251s] INFO:colcon.colcon_core.shell:Creating environment hook '/home/azharanas17/setunggal_ws/install/first_pubsub/share/first_pubsub/hook/cmake_prefix_path.sh'
[3.252s] Level 1:colcon.colcon_core.environment:checking '/home/azharanas17/setunggal_ws/install/first_pubsub/lib'
[3.252s] Level 1:colcon.colcon_core.shell:create_environment_hook('first_pubsub', 'ld_library_path_lib')
[3.252s] INFO:colcon.colcon_core.shell:Creating environment hook '/home/azharanas17/setunggal_ws/install/first_pubsub/share/first_pubsub/hook/ld_library_path_lib.ps1'
[3.252s] INFO:colcon.colcon_core.shell:Creating environment descriptor '/home/azharanas17/setunggal_ws/install/first_pubsub/share/first_pubsub/hook/ld_library_path_lib.dsv'
[3.253s] INFO:colcon.colcon_core.shell:Creating environment hook '/home/azharanas17/setunggal_ws/install/first_pubsub/share/first_pubsub/hook/ld_library_path_lib.sh'
[3.253s] Level 1:colcon.colcon_core.environment:checking '/home/azharanas17/setunggal_ws/install/first_pubsub/bin'
[3.253s] Level 1:colcon.colcon_core.environment:checking '/home/azharanas17/setunggal_ws/install/first_pubsub/lib/pkgconfig/first_pubsub.pc'
[3.253s] Level 1:colcon.colcon_core.environment:checking '/home/azharanas17/setunggal_ws/install/first_pubsub/lib/python3.8/site-packages'
[3.253s] INFO:colcon.colcon_core.shell:Creating package script '/home/azharanas17/setunggal_ws/install/first_pubsub/share/first_pubsub/package.ps1'
[3.253s] INFO:colcon.colcon_core.shell:Creating package descriptor '/home/azharanas17/setunggal_ws/install/first_pubsub/share/first_pubsub/package.dsv'
[3.254s] INFO:colcon.colcon_core.shell:Creating package script '/home/azharanas17/setunggal_ws/install/first_pubsub/share/first_pubsub/package.sh'
[3.254s] INFO:colcon.colcon_core.shell:Creating package script '/home/azharanas17/setunggal_ws/install/first_pubsub/share/first_pubsub/package.bash'
[3.254s] INFO:colcon.colcon_core.shell:Creating package script '/home/azharanas17/setunggal_ws/install/first_pubsub/share/first_pubsub/package.zsh'
[3.254s] Level 1:colcon.colcon_core.environment:create_file_with_runtime_dependencies(/home/azharanas17/setunggal_ws/install/first_pubsub/share/colcon-core/packages/first_pubsub)
[3.265s] DEBUG:colcon.colcon_parallel_executor.executor.parallel:closing loop
[3.265s] DEBUG:colcon.colcon_parallel_executor.executor.parallel:loop closed
[3.265s] DEBUG:colcon.colcon_parallel_executor.executor.parallel:run_until_complete finished with '2'
[3.265s] DEBUG:colcon.colcon_core.event_reactor:joining thread
[3.274s] INFO:colcon.colcon_core.plugin_system:Skipping extension 'colcon_notification.desktop_notification.terminal_notifier': Not used on non-Darwin systems
[3.274s] INFO:colcon.colcon_core.plugin_system:Skipping extension 'colcon_notification.desktop_notification.win32': Not used on non-Windows systems
[3.274s] INFO:colcon.colcon_notification.desktop_notification:Sending desktop notification using 'notify2'
[3.358s] DEBUG:colcon.colcon_core.event_reactor:joined thread
[3.359s] INFO:colcon.colcon_core.shell:Creating prefix script '/home/azharanas17/setunggal_ws/install/local_setup.ps1'
[3.360s] INFO:colcon.colcon_core.shell:Creating prefix util module '/home/azharanas17/setunggal_ws/install/_local_setup_util_ps1.py'
[3.362s] INFO:colcon.colcon_core.shell:Creating prefix chain script '/home/azharanas17/setunggal_ws/install/setup.ps1'
[3.363s] INFO:colcon.colcon_core.shell:Creating prefix script '/home/azharanas17/setunggal_ws/install/local_setup.sh'
[3.364s] INFO:colcon.colcon_core.shell:Creating prefix util module '/home/azharanas17/setunggal_ws/install/_local_setup_util_sh.py'
[3.365s] INFO:colcon.colcon_core.shell:Creating prefix chain script '/home/azharanas17/setunggal_ws/install/setup.sh'
[3.366s] INFO:colcon.colcon_core.shell:Creating prefix script '/home/azharanas17/setunggal_ws/install/local_setup.bash'
[3.366s] INFO:colcon.colcon_core.shell:Creating prefix chain script '/home/azharanas17/setunggal_ws/install/setup.bash'
[3.367s] INFO:colcon.colcon_core.shell:Creating prefix script '/home/azharanas17/setunggal_ws/install/local_setup.zsh'
[3.367s] INFO:colcon.colcon_core.shell:Creating prefix chain script '/home/azharanas17/setunggal_ws/install/setup.zsh'
