[0.010s] Invoking command in '/home/azharanas17/setunggal_ws/build/first_interfaces': CMAKE_PREFIX_PATH=/opt/ros/foxy /usr/bin/cmake --build /home/azharanas17/setunggal_ws/build/first_interfaces -- -j4 -l4
[0.033s] -- Found ament_cmake: 0.9.9 (/opt/ros/foxy/share/ament_cmake/cmake)
[0.051s] -- Found PythonInterp: /usr/bin/python3 (found suitable version "3.8.10", minimum required is "3") 
[0.051s] -- Using PYTHON_EXECUTABLE: /usr/bin/python3
[0.178s] -- Found rosidl_default_generators: 1.0.1 (/opt/ros/foxy/share/rosidl_default_generators/cmake)
[0.180s] -- Using all available rosidl_typesupport_c: rosidl_typesupport_fastrtps_c;rosidl_typesupport_introspection_c
[0.183s] -- Found rosidl_adapter: 1.2.1 (/opt/ros/foxy/share/rosidl_adapter/cmake)
[0.291s] -- Using all available rosidl_typesupport_cpp: rosidl_typesupport_fastrtps_cpp;rosidl_typesupport_introspection_cpp
[0.324s] -- Found PythonInterp: /usr/bin/python3 (found version "3.8.10") 
[0.407s] -- Found ament_cmake_ros: 0.9.2 (/opt/ros/foxy/share/ament_cmake_ros/cmake)
[0.474s] -- Using all available rosidl_typesupport_c: rosidl_typesupport_fastrtps_c;rosidl_typesupport_introspection_c
[0.479s] -- Using all available rosidl_typesupport_cpp: rosidl_typesupport_fastrtps_cpp;rosidl_typesupport_introspection_cpp
[0.495s] -- Found PythonInterp: /usr/bin/python3 (found suitable version "3.8.10", minimum required is "3.5") 
[0.495s] -- Found python_cmake_module: 0.8.1 (/opt/ros/foxy/share/python_cmake_module/cmake)
[0.512s] -- Using PYTHON_EXECUTABLE: /usr/bin/python3
[0.513s] -- Using PYTHON_INCLUDE_DIRS: /usr/include/python3.8
[0.513s] -- Using PYTHON_LIBRARIES: /usr/lib/x86_64-linux-gnu/libpython3.8.so
[0.521s] -- Found ament_lint_auto: 0.9.6 (/opt/ros/foxy/share/ament_lint_auto/cmake)
[0.536s] -- Added test 'copyright' to check source files copyright and LICENSE
[0.537s] -- Added test 'lint_cmake' to check CMake code style
[0.538s] -- Added test 'xmllint' to check XML markup files
[0.542s] -- Configuring done
[0.564s] -- Generating done
[0.566s] -- Build files have been written to: /home/azharanas17/setunggal_ws/build/first_interfaces
[0.584s] [  3%] [34m[1mGenerating C code for ROS interfaces[0m
[0.592s] [  6%] [34m[1mGenerating C++ code for ROS interfaces[0m
[0.755s] [35m[1mScanning dependencies of target first_interfaces__rosidl_generator_c[0m
[0.766s] [  9%] [32mBuilding C object CMakeFiles/first_interfaces__rosidl_generator_c.dir/rosidl_generator_c/first_interfaces/msg/detail/log__functions.c.o[0m
[0.774s] [  9%] Built target first_interfaces__cpp
[0.782s] [ 12%] [34m[1mGenerating C++ introspection for ROS interfaces[0m
[0.784s] [ 19%] [34m[1mGenerating C++ type support dispatch for ROS interfaces[0m
[0.784s] [ 19%] [34m[1mGenerating C++ type support for eProsima Fast-RTPS[0m
[0.867s] [ 22%] [32m[1mLinking C shared library libfirst_interfaces__rosidl_generator_c.so[0m
[0.919s] [ 22%] Built target first_interfaces__rosidl_generator_c
[0.931s] [ 25%] [34m[1mGenerating C introspection for ROS interfaces[0m
[1.021s] [35m[1mScanning dependencies of target first_interfaces__rosidl_typesupport_cpp[0m
[1.039s] [ 29%] [32mBuilding CXX object CMakeFiles/first_interfaces__rosidl_typesupport_cpp.dir/rosidl_typesupport_cpp/first_interfaces/msg/log__type_support.cpp.o[0m
[1.041s] [35m[1mScanning dependencies of target first_interfaces__rosidl_typesupport_fastrtps_cpp[0m
[1.046s] [35m[1mScanning dependencies of target first_interfaces__rosidl_typesupport_introspection_cpp[0m
[1.060s] [ 32%] [32mBuilding CXX object CMakeFiles/first_interfaces__rosidl_typesupport_fastrtps_cpp.dir/rosidl_typesupport_fastrtps_cpp/first_interfaces/msg/detail/dds_fastrtps/log__type_support.cpp.o[0m
[1.060s] [ 35%] [32mBuilding CXX object CMakeFiles/first_interfaces__rosidl_typesupport_introspection_cpp.dir/rosidl_typesupport_introspection_cpp/first_interfaces/msg/detail/log__type_support.cpp.o[0m
[1.205s] [35m[1mScanning dependencies of target first_interfaces__rosidl_typesupport_introspection_c[0m
[1.224s] [ 38%] [32mBuilding C object CMakeFiles/first_interfaces__rosidl_typesupport_introspection_c.dir/rosidl_typesupport_introspection_c/first_interfaces/msg/detail/log__type_support.c.o[0m
[1.262s] [ 41%] [32m[1mLinking C shared library libfirst_interfaces__rosidl_typesupport_introspection_c.so[0m
[1.294s] [ 41%] Built target first_interfaces__rosidl_typesupport_introspection_c
[1.307s] [ 45%] [34m[1mGenerating C type support dispatch for ROS interfaces[0m
[1.352s] [ 48%] [32m[1mLinking CXX shared library libfirst_interfaces__rosidl_typesupport_cpp.so[0m
[1.393s] [ 51%] [32m[1mLinking CXX shared library libfirst_interfaces__rosidl_typesupport_introspection_cpp.so[0m
[1.409s] [ 51%] Built target first_interfaces__rosidl_typesupport_cpp
[1.470s] [ 51%] Built target first_interfaces__rosidl_typesupport_introspection_cpp
[1.496s] [ 54%] [32m[1mLinking CXX shared library libfirst_interfaces__rosidl_typesupport_fastrtps_cpp.so[0m
[1.525s] [35m[1mScanning dependencies of target first_interfaces__rosidl_typesupport_c[0m
[1.537s] [ 58%] [32mBuilding CXX object CMakeFiles/first_interfaces__rosidl_typesupport_c.dir/rosidl_typesupport_c/first_interfaces/msg/log__type_support.cpp.o[0m
[1.563s] [ 61%] [32m[1mLinking CXX shared library libfirst_interfaces__rosidl_typesupport_c.so[0m
[1.575s] [ 61%] Built target first_interfaces__rosidl_typesupport_fastrtps_cpp
[1.583s] [ 64%] [34m[1mGenerating C type support for eProsima Fast-RTPS[0m
[1.593s] [ 64%] Built target first_interfaces__rosidl_typesupport_c
[1.750s] [35m[1mScanning dependencies of target first_interfaces__rosidl_typesupport_fastrtps_c[0m
[1.759s] [ 67%] [32mBuilding CXX object CMakeFiles/first_interfaces__rosidl_typesupport_fastrtps_c.dir/rosidl_typesupport_fastrtps_c/first_interfaces/msg/detail/log__type_support_c.cpp.o[0m
[1.984s] [ 70%] [32m[1mLinking CXX shared library libfirst_interfaces__rosidl_typesupport_fastrtps_c.so[0m
[2.045s] [ 70%] Built target first_interfaces__rosidl_typesupport_fastrtps_c
[2.059s] [ 70%] Built target first_interfaces
[2.074s] [ 74%] [34m[1mGenerating Python code for ROS interfaces[0m
[2.380s] [ 74%] Built target first_interfaces__py
[2.387s] [35m[1mScanning dependencies of target first_interfaces__python[0m
[2.398s] [ 77%] [32mBuilding C object CMakeFiles/first_interfaces__python.dir/rosidl_generator_py/first_interfaces/msg/_log_s.c.o[0m
[2.475s] [ 80%] [32m[1mLinking C shared library rosidl_generator_py/first_interfaces/libfirst_interfaces__python.so[0m
[2.503s] [ 80%] Built target first_interfaces__python
[2.512s] [35m[1mScanning dependencies of target first_interfaces__rosidl_typesupport_introspection_c__pyext[0m
[2.513s] [35m[1mScanning dependencies of target first_interfaces__rosidl_typesupport_fastrtps_c__pyext[0m
[2.513s] [35m[1mScanning dependencies of target first_interfaces__rosidl_typesupport_c__pyext[0m
[2.525s] [ 83%] [32mBuilding C object CMakeFiles/first_interfaces__rosidl_typesupport_introspection_c__pyext.dir/rosidl_generator_py/first_interfaces/_first_interfaces_s.ep.rosidl_typesupport_introspection_c.c.o[0m
[2.527s] [ 87%] [32mBuilding C object CMakeFiles/first_interfaces__rosidl_typesupport_c__pyext.dir/rosidl_generator_py/first_interfaces/_first_interfaces_s.ep.rosidl_typesupport_c.c.o[0m
[2.530s] [ 90%] [32mBuilding C object CMakeFiles/first_interfaces__rosidl_typesupport_fastrtps_c__pyext.dir/rosidl_generator_py/first_interfaces/_first_interfaces_s.ep.rosidl_typesupport_fastrtps_c.c.o[0m
[2.582s] [ 93%] [32m[1mLinking C shared library rosidl_generator_py/first_interfaces/first_interfaces_s__rosidl_typesupport_introspection_c.cpython-38-x86_64-linux-gnu.so[0m
[2.610s] [ 93%] Built target first_interfaces__rosidl_typesupport_introspection_c__pyext
[2.612s] [ 96%] [32m[1mLinking C shared library rosidl_generator_py/first_interfaces/first_interfaces_s__rosidl_typesupport_c.cpython-38-x86_64-linux-gnu.so[0m
[2.615s] [100%] [32m[1mLinking CXX shared library rosidl_generator_py/first_interfaces/first_interfaces_s__rosidl_typesupport_fastrtps_c.cpython-38-x86_64-linux-gnu.so[0m
[2.637s] [100%] Built target first_interfaces__rosidl_typesupport_c__pyext
[2.660s] [100%] Built target first_interfaces__rosidl_typesupport_fastrtps_c__pyext
[2.668s] Invoked command in '/home/azharanas17/setunggal_ws/build/first_interfaces' returned '0': CMAKE_PREFIX_PATH=/opt/ros/foxy /usr/bin/cmake --build /home/azharanas17/setunggal_ws/build/first_interfaces -- -j4 -l4
[2.705s] Invoking command in '/home/azharanas17/setunggal_ws/build/first_interfaces': CMAKE_PREFIX_PATH=/opt/ros/foxy /usr/bin/cmake --install /home/azharanas17/setunggal_ws/build/first_interfaces
[2.712s] -- Install configuration: ""
[2.712s] -- Up-to-date: /home/azharanas17/setunggal_ws/install/first_interfaces/share/ament_index/resource_index/rosidl_interfaces/first_interfaces
[2.712s] -- Up-to-date: /home/azharanas17/setunggal_ws/install/first_interfaces/include/first_interfaces
[2.712s] -- Up-to-date: /home/azharanas17/setunggal_ws/install/first_interfaces/include/first_interfaces/msg
[2.712s] -- Installing: /home/azharanas17/setunggal_ws/install/first_interfaces/include/first_interfaces/msg/log.h
[2.712s] -- Up-to-date: /home/azharanas17/setunggal_ws/install/first_interfaces/include/first_interfaces/msg/detail
[2.712s] -- Installing: /home/azharanas17/setunggal_ws/install/first_interfaces/include/first_interfaces/msg/detail/log__functions.h
[2.713s] -- Installing: /home/azharanas17/setunggal_ws/install/first_interfaces/include/first_interfaces/msg/detail/log__struct.h
[2.713s] -- Installing: /home/azharanas17/setunggal_ws/install/first_interfaces/include/first_interfaces/msg/detail/log__functions.c
[2.713s] -- Installing: /home/azharanas17/setunggal_ws/install/first_interfaces/include/first_interfaces/msg/detail/log__type_support.h
[2.713s] -- Up-to-date: /home/azharanas17/setunggal_ws/install/first_interfaces/include/first_interfaces/msg/rosidl_generator_c__visibility_control.h
[2.713s] -- Up-to-date: /home/azharanas17/setunggal_ws/install/first_interfaces/share/first_interfaces/environment/library_path.sh
[2.713s] -- Installing: /home/azharanas17/setunggal_ws/install/first_interfaces/share/first_interfaces/environment/library_path.dsv
[2.713s] -- Installing: /home/azharanas17/setunggal_ws/install/first_interfaces/lib/libfirst_interfaces__rosidl_generator_c.so
[2.713s] -- Set runtime path of "/home/azharanas17/setunggal_ws/install/first_interfaces/lib/libfirst_interfaces__rosidl_generator_c.so" to ""
[2.713s] -- Up-to-date: /home/azharanas17/setunggal_ws/install/first_interfaces/include/first_interfaces
[2.713s] -- Up-to-date: /home/azharanas17/setunggal_ws/install/first_interfaces/include/first_interfaces/msg
[2.713s] -- Up-to-date: /home/azharanas17/setunggal_ws/install/first_interfaces/include/first_interfaces/msg/rosidl_typesupport_fastrtps_c__visibility_control.h
[2.713s] -- Up-to-date: /home/azharanas17/setunggal_ws/install/first_interfaces/include/first_interfaces/msg/detail
[2.713s] -- Installing: /home/azharanas17/setunggal_ws/install/first_interfaces/include/first_interfaces/msg/detail/log__rosidl_typesupport_fastrtps_c.h
[2.713s] -- Installing: /home/azharanas17/setunggal_ws/install/first_interfaces/lib/libfirst_interfaces__rosidl_typesupport_fastrtps_c.so
[2.713s] -- Set runtime path of "/home/azharanas17/setunggal_ws/install/first_interfaces/lib/libfirst_interfaces__rosidl_typesupport_fastrtps_c.so" to ""
[2.713s] -- Up-to-date: /home/azharanas17/setunggal_ws/install/first_interfaces/include/first_interfaces
[2.713s] -- Up-to-date: /home/azharanas17/setunggal_ws/install/first_interfaces/include/first_interfaces/msg
[2.713s] -- Up-to-date: /home/azharanas17/setunggal_ws/install/first_interfaces/include/first_interfaces/msg/rosidl_typesupport_fastrtps_cpp__visibility_control.h
[2.714s] -- Up-to-date: /home/azharanas17/setunggal_ws/install/first_interfaces/include/first_interfaces/msg/detail
[2.714s] -- Up-to-date: /home/azharanas17/setunggal_ws/install/first_interfaces/include/first_interfaces/msg/detail/dds_fastrtps
[2.714s] -- Installing: /home/azharanas17/setunggal_ws/install/first_interfaces/include/first_interfaces/msg/detail/log__rosidl_typesupport_fastrtps_cpp.hpp
[2.714s] -- Installing: /home/azharanas17/setunggal_ws/install/first_interfaces/lib/libfirst_interfaces__rosidl_typesupport_fastrtps_cpp.so
[2.714s] -- Set runtime path of "/home/azharanas17/setunggal_ws/install/first_interfaces/lib/libfirst_interfaces__rosidl_typesupport_fastrtps_cpp.so" to ""
[2.714s] -- Up-to-date: /home/azharanas17/setunggal_ws/install/first_interfaces/include/first_interfaces
[2.714s] -- Up-to-date: /home/azharanas17/setunggal_ws/install/first_interfaces/include/first_interfaces/msg
[2.714s] -- Up-to-date: /home/azharanas17/setunggal_ws/install/first_interfaces/include/first_interfaces/msg/rosidl_typesupport_introspection_c__visibility_control.h
[2.714s] -- Up-to-date: /home/azharanas17/setunggal_ws/install/first_interfaces/include/first_interfaces/msg/detail
[2.714s] -- Installing: /home/azharanas17/setunggal_ws/install/first_interfaces/include/first_interfaces/msg/detail/log__type_support.c
[2.714s] -- Installing: /home/azharanas17/setunggal_ws/install/first_interfaces/include/first_interfaces/msg/detail/log__rosidl_typesupport_introspection_c.h
[2.714s] -- Installing: /home/azharanas17/setunggal_ws/install/first_interfaces/lib/libfirst_interfaces__rosidl_typesupport_introspection_c.so
[2.714s] -- Set runtime path of "/home/azharanas17/setunggal_ws/install/first_interfaces/lib/libfirst_interfaces__rosidl_typesupport_introspection_c.so" to ""
[2.715s] -- Installing: /home/azharanas17/setunggal_ws/install/first_interfaces/lib/libfirst_interfaces__rosidl_typesupport_c.so
[2.715s] -- Set runtime path of "/home/azharanas17/setunggal_ws/install/first_interfaces/lib/libfirst_interfaces__rosidl_typesupport_c.so" to ""
[2.715s] -- Up-to-date: /home/azharanas17/setunggal_ws/install/first_interfaces/include/first_interfaces
[2.715s] -- Up-to-date: /home/azharanas17/setunggal_ws/install/first_interfaces/include/first_interfaces/msg
[2.715s] -- Installing: /home/azharanas17/setunggal_ws/install/first_interfaces/include/first_interfaces/msg/log.hpp
[2.715s] -- Up-to-date: /home/azharanas17/setunggal_ws/install/first_interfaces/include/first_interfaces/msg/detail
[2.715s] -- Installing: /home/azharanas17/setunggal_ws/install/first_interfaces/include/first_interfaces/msg/detail/log__builder.hpp
[2.715s] -- Installing: /home/azharanas17/setunggal_ws/install/first_interfaces/include/first_interfaces/msg/detail/log__traits.hpp
[2.715s] -- Installing: /home/azharanas17/setunggal_ws/install/first_interfaces/include/first_interfaces/msg/detail/log__struct.hpp
[2.715s] -- Up-to-date: /home/azharanas17/setunggal_ws/install/first_interfaces/include/first_interfaces
[2.715s] -- Up-to-date: /home/azharanas17/setunggal_ws/install/first_interfaces/include/first_interfaces/msg
[2.716s] -- Up-to-date: /home/azharanas17/setunggal_ws/install/first_interfaces/include/first_interfaces/msg/detail
[2.716s] -- Installing: /home/azharanas17/setunggal_ws/install/first_interfaces/include/first_interfaces/msg/detail/log__type_support.cpp
[2.716s] -- Installing: /home/azharanas17/setunggal_ws/install/first_interfaces/include/first_interfaces/msg/detail/log__rosidl_typesupport_introspection_cpp.hpp
[2.716s] -- Installing: /home/azharanas17/setunggal_ws/install/first_interfaces/lib/libfirst_interfaces__rosidl_typesupport_introspection_cpp.so
[2.716s] -- Set runtime path of "/home/azharanas17/setunggal_ws/install/first_interfaces/lib/libfirst_interfaces__rosidl_typesupport_introspection_cpp.so" to ""
[2.716s] -- Installing: /home/azharanas17/setunggal_ws/install/first_interfaces/lib/libfirst_interfaces__rosidl_typesupport_cpp.so
[2.716s] -- Set runtime path of "/home/azharanas17/setunggal_ws/install/first_interfaces/lib/libfirst_interfaces__rosidl_typesupport_cpp.so" to ""
[2.716s] -- Up-to-date: /home/azharanas17/setunggal_ws/install/first_interfaces/share/first_interfaces/environment/pythonpath.sh
[2.716s] -- Installing: /home/azharanas17/setunggal_ws/install/first_interfaces/share/first_interfaces/environment/pythonpath.dsv
[2.716s] -- Installing: /home/azharanas17/setunggal_ws/install/first_interfaces/lib/python3.8/site-packages/first_interfaces/__init__.py
[2.736s] Compiling '/home/azharanas17/setunggal_ws/install/first_interfaces/lib/python3.8/site-packages/first_interfaces/__init__.py'...
[2.739s] -- Up-to-date: /home/azharanas17/setunggal_ws/install/first_interfaces/lib/python3.8/site-packages/first_interfaces/msg
[2.739s] -- Installing: /home/azharanas17/setunggal_ws/install/first_interfaces/lib/python3.8/site-packages/first_interfaces/msg/__init__.py
[2.739s] -- Installing: /home/azharanas17/setunggal_ws/install/first_interfaces/lib/python3.8/site-packages/first_interfaces/msg/_log.py
[2.739s] -- Installing: /home/azharanas17/setunggal_ws/install/first_interfaces/lib/python3.8/site-packages/first_interfaces/msg/_log_s.c
[2.740s] -- Installing: /home/azharanas17/setunggal_ws/install/first_interfaces/lib/python3.8/site-packages/first_interfaces/first_interfaces_s__rosidl_typesupport_fastrtps_c.cpython-38-x86_64-linux-gnu.so
[2.740s] -- Set runtime path of "/home/azharanas17/setunggal_ws/install/first_interfaces/lib/python3.8/site-packages/first_interfaces/first_interfaces_s__rosidl_typesupport_fastrtps_c.cpython-38-x86_64-linux-gnu.so" to ""
[2.740s] -- Installing: /home/azharanas17/setunggal_ws/install/first_interfaces/lib/python3.8/site-packages/first_interfaces/first_interfaces_s__rosidl_typesupport_introspection_c.cpython-38-x86_64-linux-gnu.so
[2.741s] -- Set runtime path of "/home/azharanas17/setunggal_ws/install/first_interfaces/lib/python3.8/site-packages/first_interfaces/first_interfaces_s__rosidl_typesupport_introspection_c.cpython-38-x86_64-linux-gnu.so" to ""
[2.741s] -- Installing: /home/azharanas17/setunggal_ws/install/first_interfaces/lib/python3.8/site-packages/first_interfaces/first_interfaces_s__rosidl_typesupport_c.cpython-38-x86_64-linux-gnu.so
[2.741s] -- Set runtime path of "/home/azharanas17/setunggal_ws/install/first_interfaces/lib/python3.8/site-packages/first_interfaces/first_interfaces_s__rosidl_typesupport_c.cpython-38-x86_64-linux-gnu.so" to ""
[2.741s] -- Installing: /home/azharanas17/setunggal_ws/install/first_interfaces/lib/libfirst_interfaces__python.so
[2.741s] -- Set runtime path of "/home/azharanas17/setunggal_ws/install/first_interfaces/lib/libfirst_interfaces__python.so" to ""
[2.742s] -- Installing: /home/azharanas17/setunggal_ws/install/first_interfaces/share/first_interfaces/msg/Log.idl
[2.742s] -- Installing: /home/azharanas17/setunggal_ws/install/first_interfaces/share/first_interfaces/msg/Log.msg
[2.742s] -- Up-to-date: /home/azharanas17/setunggal_ws/install/first_interfaces/share/ament_index/resource_index/package_run_dependencies/first_interfaces
[2.742s] -- Up-to-date: /home/azharanas17/setunggal_ws/install/first_interfaces/share/ament_index/resource_index/parent_prefix_path/first_interfaces
[2.742s] -- Up-to-date: /home/azharanas17/setunggal_ws/install/first_interfaces/share/first_interfaces/environment/ament_prefix_path.sh
[2.742s] -- Installing: /home/azharanas17/setunggal_ws/install/first_interfaces/share/first_interfaces/environment/ament_prefix_path.dsv
[2.742s] -- Up-to-date: /home/azharanas17/setunggal_ws/install/first_interfaces/share/first_interfaces/environment/path.sh
[2.742s] -- Installing: /home/azharanas17/setunggal_ws/install/first_interfaces/share/first_interfaces/environment/path.dsv
[2.742s] -- Up-to-date: /home/azharanas17/setunggal_ws/install/first_interfaces/share/first_interfaces/local_setup.bash
[2.742s] -- Up-to-date: /home/azharanas17/setunggal_ws/install/first_interfaces/share/first_interfaces/local_setup.sh
[2.742s] -- Up-to-date: /home/azharanas17/setunggal_ws/install/first_interfaces/share/first_interfaces/local_setup.zsh
[2.742s] -- Installing: /home/azharanas17/setunggal_ws/install/first_interfaces/share/first_interfaces/local_setup.dsv
[2.742s] -- Installing: /home/azharanas17/setunggal_ws/install/first_interfaces/share/first_interfaces/package.dsv
[2.742s] -- Up-to-date: /home/azharanas17/setunggal_ws/install/first_interfaces/share/ament_index/resource_index/packages/first_interfaces
[2.742s] -- Up-to-date: /home/azharanas17/setunggal_ws/install/first_interfaces/share/first_interfaces/cmake/first_interfaces__rosidl_generator_cExport.cmake
[2.743s] -- Installing: /home/azharanas17/setunggal_ws/install/first_interfaces/share/first_interfaces/cmake/first_interfaces__rosidl_generator_cExport-noconfig.cmake
[2.743s] -- Up-to-date: /home/azharanas17/setunggal_ws/install/first_interfaces/share/first_interfaces/cmake/first_interfaces__rosidl_typesupport_introspection_cExport.cmake
[2.743s] -- Installing: /home/azharanas17/setunggal_ws/install/first_interfaces/share/first_interfaces/cmake/first_interfaces__rosidl_typesupport_introspection_cExport-noconfig.cmake
[2.743s] -- Up-to-date: /home/azharanas17/setunggal_ws/install/first_interfaces/share/first_interfaces/cmake/first_interfaces__rosidl_typesupport_cExport.cmake
[2.743s] -- Installing: /home/azharanas17/setunggal_ws/install/first_interfaces/share/first_interfaces/cmake/first_interfaces__rosidl_typesupport_cExport-noconfig.cmake
[2.743s] -- Up-to-date: /home/azharanas17/setunggal_ws/install/first_interfaces/share/first_interfaces/cmake/first_interfaces__rosidl_generator_cppExport.cmake
[2.743s] -- Up-to-date: /home/azharanas17/setunggal_ws/install/first_interfaces/share/first_interfaces/cmake/first_interfaces__rosidl_typesupport_introspection_cppExport.cmake
[2.743s] -- Installing: /home/azharanas17/setunggal_ws/install/first_interfaces/share/first_interfaces/cmake/first_interfaces__rosidl_typesupport_introspection_cppExport-noconfig.cmake
[2.743s] -- Up-to-date: /home/azharanas17/setunggal_ws/install/first_interfaces/share/first_interfaces/cmake/first_interfaces__rosidl_typesupport_cppExport.cmake
[2.743s] -- Installing: /home/azharanas17/setunggal_ws/install/first_interfaces/share/first_interfaces/cmake/first_interfaces__rosidl_typesupport_cppExport-noconfig.cmake
[2.744s] -- Up-to-date: /home/azharanas17/setunggal_ws/install/first_interfaces/share/first_interfaces/cmake/rosidl_cmake-extras.cmake
[2.744s] -- Up-to-date: /home/azharanas17/setunggal_ws/install/first_interfaces/share/first_interfaces/cmake/ament_cmake_export_dependencies-extras.cmake
[2.744s] -- Up-to-date: /home/azharanas17/setunggal_ws/install/first_interfaces/share/first_interfaces/cmake/ament_cmake_export_libraries-extras.cmake
[2.744s] -- Up-to-date: /home/azharanas17/setunggal_ws/install/first_interfaces/share/first_interfaces/cmake/ament_cmake_export_targets-extras.cmake
[2.744s] -- Up-to-date: /home/azharanas17/setunggal_ws/install/first_interfaces/share/first_interfaces/cmake/ament_cmake_export_include_directories-extras.cmake
[2.744s] -- Up-to-date: /home/azharanas17/setunggal_ws/install/first_interfaces/share/first_interfaces/cmake/rosidl_cmake_export_typesupport_libraries-extras.cmake
[2.744s] -- Up-to-date: /home/azharanas17/setunggal_ws/install/first_interfaces/share/first_interfaces/cmake/rosidl_cmake_export_typesupport_targets-extras.cmake
[2.744s] -- Up-to-date: /home/azharanas17/setunggal_ws/install/first_interfaces/share/first_interfaces/cmake/first_interfacesConfig.cmake
[2.744s] -- Up-to-date: /home/azharanas17/setunggal_ws/install/first_interfaces/share/first_interfaces/cmake/first_interfacesConfig-version.cmake
[2.744s] -- Up-to-date: /home/azharanas17/setunggal_ws/install/first_interfaces/share/first_interfaces/package.xml
[2.746s] Invoked command in '/home/azharanas17/setunggal_ws/build/first_interfaces' returned '0': CMAKE_PREFIX_PATH=/opt/ros/foxy /usr/bin/cmake --install /home/azharanas17/setunggal_ws/build/first_interfaces
