[0.011s] Invoking command in '/home/azharanas17/setunggal_ws/build/turtlesim': CMAKE_PREFIX_PATH=/opt/ros/foxy /usr/bin/cmake /home/azharanas17/setunggal_ws/src/ros_tutorials/turtlesim -DCMAKE_INSTALL_PREFIX=/home/azharanas17/setunggal_ws/install/turtlesim
[0.161s] -- The C compiler identification is GNU 9.3.0
[0.259s] -- The CXX compiler identification is GNU 9.3.0
[0.265s] -- Check for working C compiler: /usr/bin/cc
[0.318s] -- Check for working C compiler: /usr/bin/cc -- works
[0.319s] -- Detecting C compiler ABI info
[0.370s] -- Detecting C compiler ABI info - done
[0.378s] -- Detecting C compile features
[0.378s] -- Detecting C compile features - done
[0.380s] -- Check for working CXX compiler: /usr/bin/c++
[0.438s] -- Check for working CXX compiler: /usr/bin/c++ -- works
[0.439s] -- Detecting CXX compiler ABI info
[0.497s] -- Detecting CXX compiler ABI info - done
[0.505s] -- Detecting CXX compile features
[0.505s] -- Detecting CXX compile features - done
[0.513s] -- Found ament_cmake: 0.9.9 (/opt/ros/foxy/share/ament_cmake/cmake)
[0.535s] -- Found PythonInterp: /usr/bin/python3 (found suitable version "3.8.10", minimum required is "3") 
[0.535s] -- Using PYTHON_EXECUTABLE: /usr/bin/python3
[0.679s] -- Found ament_index_cpp: 1.1.0 (/opt/ros/foxy/share/ament_index_cpp/cmake)
[0.683s] -- Found geometry_msgs: 2.0.5 (/opt/ros/foxy/share/geometry_msgs/cmake)
[0.713s] -- Using all available rosidl_typesupport_c: rosidl_typesupport_fastrtps_c;rosidl_typesupport_introspection_c
[0.720s] -- Found rosidl_adapter: 1.2.1 (/opt/ros/foxy/share/rosidl_adapter/cmake)
[0.791s] -- Found OpenSSL: /usr/lib/x86_64-linux-gnu/libcrypto.so (found version "1.1.1f")  
[0.813s] -- Found FastRTPS: /opt/ros/foxy/include  
[0.875s] -- Using all available rosidl_typesupport_cpp: rosidl_typesupport_fastrtps_cpp;rosidl_typesupport_introspection_cpp
[0.961s] -- Found rclcpp: 2.4.1 (/opt/ros/foxy/share/rclcpp/cmake)
[1.000s] -- Found rmw_implementation_cmake: 1.0.3 (/opt/ros/foxy/share/rmw_implementation_cmake/cmake)
[1.002s] -- Using RMW implementation 'rmw_fastrtps_cpp' as default
[1.003s] -- Looking for pthread.h
[1.062s] -- Looking for pthread.h - found
[1.063s] -- Performing Test CMAKE_HAVE_LIBC_PTHREAD
[1.115s] -- Performing Test CMAKE_HAVE_LIBC_PTHREAD - Failed
[1.116s] -- Looking for pthread_create in pthreads
[1.160s] -- Looking for pthread_create in pthreads - not found
[1.160s] -- Looking for pthread_create in pthread
[1.211s] -- Looking for pthread_create in pthread - found
[1.212s] -- Found Threads: TRUE  
[1.320s] -- Found rclcpp_action: 2.4.1 (/opt/ros/foxy/share/rclcpp_action/cmake)
[1.382s] -- Found rosidl_default_generators: 1.0.1 (/opt/ros/foxy/share/rosidl_default_generators/cmake)
[1.393s] -- Found std_srvs: 2.0.5 (/opt/ros/foxy/share/std_srvs/cmake)
[1.418s] -- Found PythonInterp: /usr/bin/python3 (found version "3.8.10") 
[1.560s] -- Found ament_cmake_ros: 0.9.2 (/opt/ros/foxy/share/ament_cmake_ros/cmake)
[1.658s] -- Using all available rosidl_typesupport_c: rosidl_typesupport_fastrtps_c;rosidl_typesupport_introspection_c
[1.676s] -- Using all available rosidl_typesupport_cpp: rosidl_typesupport_fastrtps_cpp;rosidl_typesupport_introspection_cpp
[1.695s] -- Found PythonInterp: /usr/bin/python3 (found suitable version "3.8.10", minimum required is "3.5") 
[1.696s] -- Found python_cmake_module: 0.8.1 (/opt/ros/foxy/share/python_cmake_module/cmake)
[1.718s] -- Found PythonLibs: /usr/lib/x86_64-linux-gnu/libpython3.8.so (found suitable version "3.8.10", minimum required is "3.5") 
[1.718s] -- Using PYTHON_EXECUTABLE: /usr/bin/python3
[1.718s] -- Using PYTHON_INCLUDE_DIRS: /usr/include/python3.8
[1.718s] -- Using PYTHON_LIBRARIES: /usr/lib/x86_64-linux-gnu/libpython3.8.so
[1.738s] -- Found PythonExtra: .so  
[1.792s] -- Configuring done
[1.861s] -- Generating done
[1.863s] -- Build files have been written to: /home/azharanas17/setunggal_ws/build/turtlesim
[1.875s] Invoked command in '/home/azharanas17/setunggal_ws/build/turtlesim' returned '0': CMAKE_PREFIX_PATH=/opt/ros/foxy /usr/bin/cmake /home/azharanas17/setunggal_ws/src/ros_tutorials/turtlesim -DCMAKE_INSTALL_PREFIX=/home/azharanas17/setunggal_ws/install/turtlesim
[1.877s] Invoking command in '/home/azharanas17/setunggal_ws/build/turtlesim': CMAKE_PREFIX_PATH=/opt/ros/foxy /usr/bin/cmake --build /home/azharanas17/setunggal_ws/build/turtlesim -- -j4 -l4
[1.912s] [  1%] [34m[1mGenerating C code for ROS interfaces[0m
[1.912s] [35m[1mScanning dependencies of target turtlesim__cpp[0m
[1.923s] [  2%] [34m[1mGenerating C++ code for ROS interfaces[0m
[2.931s] [  2%] Built target turtlesim__cpp
[2.946s] [  3%] [34m[1mGenerating C++ type support dispatch for ROS interfaces[0m
[2.947s] [  4%] [34m[1mGenerating C++ introspection for ROS interfaces[0m
[2.952s] [  5%] [34m[1mGenerating C++ type support for eProsima Fast-RTPS[0m
[2.955s] [35m[1mScanning dependencies of target turtlesim__rosidl_generator_c[0m
[2.976s] [  6%] [32mBuilding C object CMakeFiles/turtlesim__rosidl_generator_c.dir/rosidl_generator_c/turtlesim/action/detail/rotate_absolute__functions.c.o[0m
[3.087s] [  7%] [32mBuilding C object CMakeFiles/turtlesim__rosidl_generator_c.dir/rosidl_generator_c/turtlesim/msg/detail/color__functions.c.o[0m
[3.133s] [  8%] [32mBuilding C object CMakeFiles/turtlesim__rosidl_generator_c.dir/rosidl_generator_c/turtlesim/msg/detail/pose__functions.c.o[0m
[3.178s] [  9%] [32mBuilding C object CMakeFiles/turtlesim__rosidl_generator_c.dir/rosidl_generator_c/turtlesim/srv/detail/kill__functions.c.o[0m
[3.230s] [ 10%] [32mBuilding C object CMakeFiles/turtlesim__rosidl_generator_c.dir/rosidl_generator_c/turtlesim/srv/detail/set_pen__functions.c.o[0m
[3.281s] [ 11%] [32mBuilding C object CMakeFiles/turtlesim__rosidl_generator_c.dir/rosidl_generator_c/turtlesim/srv/detail/spawn__functions.c.o[0m
[3.335s] [ 12%] [32mBuilding C object CMakeFiles/turtlesim__rosidl_generator_c.dir/rosidl_generator_c/turtlesim/srv/detail/teleport_absolute__functions.c.o[0m
[3.386s] [ 13%] [32mBuilding C object CMakeFiles/turtlesim__rosidl_generator_c.dir/rosidl_generator_c/turtlesim/srv/detail/teleport_relative__functions.c.o[0m
[3.436s] [ 14%] [32m[1mLinking C shared library libturtlesim__rosidl_generator_c.so[0m
[3.493s] [ 14%] Built target turtlesim__rosidl_generator_c
[3.507s] [ 15%] [34m[1mGenerating C type support dispatch for ROS interfaces[0m
[3.784s] [35m[1mScanning dependencies of target turtlesim__rosidl_typesupport_cpp[0m
[3.817s] [ 16%] [32mBuilding CXX object CMakeFiles/turtlesim__rosidl_typesupport_cpp.dir/rosidl_typesupport_cpp/turtlesim/action/rotate_absolute__type_support.cpp.o[0m
[3.993s] [35m[1mScanning dependencies of target turtlesim__rosidl_typesupport_introspection_cpp[0m
[4.028s] [ 17%] [32mBuilding CXX object CMakeFiles/turtlesim__rosidl_typesupport_introspection_cpp.dir/rosidl_typesupport_introspection_cpp/turtlesim/action/detail/rotate_absolute__type_support.cpp.o[0m
[4.263s] [35m[1mScanning dependencies of target turtlesim__rosidl_typesupport_fastrtps_cpp[0m
[4.276s] [ 18%] [32mBuilding CXX object CMakeFiles/turtlesim__rosidl_typesupport_cpp.dir/rosidl_typesupport_cpp/turtlesim/msg/color__type_support.cpp.o[0m
[4.304s] [ 19%] [32mBuilding CXX object CMakeFiles/turtlesim__rosidl_typesupport_fastrtps_cpp.dir/rosidl_typesupport_fastrtps_cpp/turtlesim/action/detail/dds_fastrtps/rotate_absolute__type_support.cpp.o[0m
[4.324s] [35m[1mScanning dependencies of target turtlesim__rosidl_typesupport_c[0m
[4.356s] [ 20%] [32mBuilding CXX object CMakeFiles/turtlesim__rosidl_typesupport_c.dir/rosidl_typesupport_c/turtlesim/action/rotate_absolute__type_support.cpp.o[0m
[4.411s] [ 21%] [32mBuilding CXX object CMakeFiles/turtlesim__rosidl_typesupport_c.dir/rosidl_typesupport_c/turtlesim/msg/color__type_support.cpp.o[0m
[4.460s] [ 22%] [32mBuilding CXX object CMakeFiles/turtlesim__rosidl_typesupport_c.dir/rosidl_typesupport_c/turtlesim/msg/pose__type_support.cpp.o[0m
[4.494s] [ 23%] [32mBuilding CXX object CMakeFiles/turtlesim__rosidl_typesupport_introspection_cpp.dir/rosidl_typesupport_introspection_cpp/turtlesim/msg/detail/color__type_support.cpp.o[0m
[4.504s] [ 24%] [32mBuilding CXX object CMakeFiles/turtlesim__rosidl_typesupport_c.dir/rosidl_typesupport_c/turtlesim/srv/kill__type_support.cpp.o[0m
[4.546s] [ 25%] [32mBuilding CXX object CMakeFiles/turtlesim__rosidl_typesupport_c.dir/rosidl_typesupport_c/turtlesim/srv/set_pen__type_support.cpp.o[0m
[4.592s] [ 26%] [32mBuilding CXX object CMakeFiles/turtlesim__rosidl_typesupport_c.dir/rosidl_typesupport_c/turtlesim/srv/spawn__type_support.cpp.o[0m
[4.618s] [ 27%] [32mBuilding CXX object CMakeFiles/turtlesim__rosidl_typesupport_cpp.dir/rosidl_typesupport_cpp/turtlesim/msg/pose__type_support.cpp.o[0m
[4.632s] [ 28%] [32mBuilding CXX object CMakeFiles/turtlesim__rosidl_typesupport_c.dir/rosidl_typesupport_c/turtlesim/srv/teleport_absolute__type_support.cpp.o[0m
[4.674s] [ 29%] [32mBuilding CXX object CMakeFiles/turtlesim__rosidl_typesupport_c.dir/rosidl_typesupport_c/turtlesim/srv/teleport_relative__type_support.cpp.o[0m
[4.716s] [ 30%] [32m[1mLinking CXX shared library libturtlesim__rosidl_typesupport_c.so[0m
[4.773s] [ 30%] Built target turtlesim__rosidl_typesupport_c
[4.787s] [ 31%] [34m[1mGenerating C introspection for ROS interfaces[0m
[4.856s] [ 32%] [32mBuilding CXX object CMakeFiles/turtlesim__rosidl_typesupport_introspection_cpp.dir/rosidl_typesupport_introspection_cpp/turtlesim/msg/detail/pose__type_support.cpp.o[0m
[4.911s] [ 33%] [32mBuilding CXX object CMakeFiles/turtlesim__rosidl_typesupport_fastrtps_cpp.dir/rosidl_typesupport_fastrtps_cpp/turtlesim/msg/detail/dds_fastrtps/color__type_support.cpp.o[0m
[4.985s] [ 34%] [32mBuilding CXX object CMakeFiles/turtlesim__rosidl_typesupport_cpp.dir/rosidl_typesupport_cpp/turtlesim/srv/kill__type_support.cpp.o[0m
[5.219s] [ 35%] [32mBuilding CXX object CMakeFiles/turtlesim__rosidl_typesupport_introspection_cpp.dir/rosidl_typesupport_introspection_cpp/turtlesim/srv/detail/kill__type_support.cpp.o[0m
[5.334s] [ 36%] [32mBuilding CXX object CMakeFiles/turtlesim__rosidl_typesupport_cpp.dir/rosidl_typesupport_cpp/turtlesim/srv/set_pen__type_support.cpp.o[0m
[5.428s] [ 37%] [32mBuilding CXX object CMakeFiles/turtlesim__rosidl_typesupport_fastrtps_cpp.dir/rosidl_typesupport_fastrtps_cpp/turtlesim/msg/detail/dds_fastrtps/pose__type_support.cpp.o[0m
[5.582s] [ 38%] [32mBuilding CXX object CMakeFiles/turtlesim__rosidl_typesupport_introspection_cpp.dir/rosidl_typesupport_introspection_cpp/turtlesim/srv/detail/set_pen__type_support.cpp.o[0m
[5.688s] [ 39%] [32mBuilding CXX object CMakeFiles/turtlesim__rosidl_typesupport_cpp.dir/rosidl_typesupport_cpp/turtlesim/srv/spawn__type_support.cpp.o[0m
[5.950s] [ 40%] [32mBuilding CXX object CMakeFiles/turtlesim__rosidl_typesupport_fastrtps_cpp.dir/rosidl_typesupport_fastrtps_cpp/turtlesim/srv/detail/dds_fastrtps/kill__type_support.cpp.o[0m
[5.962s] [35m[1mScanning dependencies of target turtlesim__rosidl_typesupport_introspection_c[0m
[5.967s] [ 41%] [32mBuilding CXX object CMakeFiles/turtlesim__rosidl_typesupport_introspection_cpp.dir/rosidl_typesupport_introspection_cpp/turtlesim/srv/detail/spawn__type_support.cpp.o[0m
[5.984s] [ 42%] [32mBuilding C object CMakeFiles/turtlesim__rosidl_typesupport_introspection_c.dir/rosidl_typesupport_introspection_c/turtlesim/action/detail/rotate_absolute__type_support.c.o[0m
[6.045s] [ 43%] [32mBuilding C object CMakeFiles/turtlesim__rosidl_typesupport_introspection_c.dir/rosidl_typesupport_introspection_c/turtlesim/msg/detail/color__type_support.c.o[0m
[6.057s] [ 44%] [32mBuilding CXX object CMakeFiles/turtlesim__rosidl_typesupport_cpp.dir/rosidl_typesupport_cpp/turtlesim/srv/teleport_absolute__type_support.cpp.o[0m
[6.086s] [ 45%] [32mBuilding C object CMakeFiles/turtlesim__rosidl_typesupport_introspection_c.dir/rosidl_typesupport_introspection_c/turtlesim/msg/detail/pose__type_support.c.o[0m
[6.125s] [ 46%] [32mBuilding C object CMakeFiles/turtlesim__rosidl_typesupport_introspection_c.dir/rosidl_typesupport_introspection_c/turtlesim/srv/detail/kill__type_support.c.o[0m
[6.170s] [ 47%] [32mBuilding C object CMakeFiles/turtlesim__rosidl_typesupport_introspection_c.dir/rosidl_typesupport_introspection_c/turtlesim/srv/detail/set_pen__type_support.c.o[0m
[6.213s] [ 48%] [32mBuilding C object CMakeFiles/turtlesim__rosidl_typesupport_introspection_c.dir/rosidl_typesupport_introspection_c/turtlesim/srv/detail/spawn__type_support.c.o[0m
[6.259s] [ 49%] [32mBuilding C object CMakeFiles/turtlesim__rosidl_typesupport_introspection_c.dir/rosidl_typesupport_introspection_c/turtlesim/srv/detail/teleport_absolute__type_support.c.o[0m
[6.305s] [ 50%] [32mBuilding C object CMakeFiles/turtlesim__rosidl_typesupport_introspection_c.dir/rosidl_typesupport_introspection_c/turtlesim/srv/detail/teleport_relative__type_support.c.o[0m
[6.348s] [ 51%] [32m[1mLinking C shared library libturtlesim__rosidl_typesupport_introspection_c.so[0m
[6.389s] [ 51%] Built target turtlesim__rosidl_typesupport_introspection_c
[6.396s] [ 52%] [32mBuilding CXX object CMakeFiles/turtlesim__rosidl_typesupport_introspection_cpp.dir/rosidl_typesupport_introspection_cpp/turtlesim/srv/detail/teleport_absolute__type_support.cpp.o[0m
[6.401s] [ 53%] [32mBuilding CXX object CMakeFiles/turtlesim__rosidl_typesupport_introspection_cpp.dir/rosidl_typesupport_introspection_cpp/turtlesim/srv/detail/teleport_relative__type_support.cpp.o[0m
[6.419s] [ 54%] [32mBuilding CXX object CMakeFiles/turtlesim__rosidl_typesupport_cpp.dir/rosidl_typesupport_cpp/turtlesim/srv/teleport_relative__type_support.cpp.o[0m
[6.489s] [ 55%] [32mBuilding CXX object CMakeFiles/turtlesim__rosidl_typesupport_fastrtps_cpp.dir/rosidl_typesupport_fastrtps_cpp/turtlesim/srv/detail/dds_fastrtps/set_pen__type_support.cpp.o[0m
[6.757s] [ 56%] [32mBuilding CXX object CMakeFiles/turtlesim__rosidl_typesupport_fastrtps_cpp.dir/rosidl_typesupport_fastrtps_cpp/turtlesim/srv/detail/dds_fastrtps/spawn__type_support.cpp.o[0m
[6.806s] [ 57%] [32m[1mLinking CXX shared library libturtlesim__rosidl_typesupport_introspection_cpp.so[0m
[6.811s] [ 58%] [32m[1mLinking CXX shared library libturtlesim__rosidl_typesupport_cpp.so[0m
[6.867s] [ 58%] Built target turtlesim__rosidl_typesupport_cpp
[6.879s] [ 59%] [32mBuilding CXX object CMakeFiles/turtlesim__rosidl_typesupport_fastrtps_cpp.dir/rosidl_typesupport_fastrtps_cpp/turtlesim/srv/detail/dds_fastrtps/teleport_absolute__type_support.cpp.o[0m
[6.932s] [ 59%] Built target turtlesim__rosidl_typesupport_introspection_cpp
[6.949s] [ 60%] [32mBuilding CXX object CMakeFiles/turtlesim__rosidl_typesupport_fastrtps_cpp.dir/rosidl_typesupport_fastrtps_cpp/turtlesim/srv/detail/dds_fastrtps/teleport_relative__type_support.cpp.o[0m
[7.459s] [ 61%] [32m[1mLinking CXX shared library libturtlesim__rosidl_typesupport_fastrtps_cpp.so[0m
[7.536s] [ 61%] Built target turtlesim__rosidl_typesupport_fastrtps_cpp
[7.544s] [ 62%] [34m[1mGenerating C type support for eProsima Fast-RTPS[0m
[8.088s] [35m[1mScanning dependencies of target turtlesim__rosidl_typesupport_fastrtps_c[0m
[8.114s] [ 66%] [32mBuilding CXX object CMakeFiles/turtlesim__rosidl_typesupport_fastrtps_c.dir/rosidl_typesupport_fastrtps_c/turtlesim/action/detail/rotate_absolute__type_support_c.cpp.o[0m
[8.114s] [ 66%] [32mBuilding CXX object CMakeFiles/turtlesim__rosidl_typesupport_fastrtps_c.dir/rosidl_typesupport_fastrtps_c/turtlesim/msg/detail/pose__type_support_c.cpp.o[0m
[8.114s] [ 66%] [32mBuilding CXX object CMakeFiles/turtlesim__rosidl_typesupport_fastrtps_c.dir/rosidl_typesupport_fastrtps_c/turtlesim/srv/detail/kill__type_support_c.cpp.o[0m
[8.115s] [ 66%] [32mBuilding CXX object CMakeFiles/turtlesim__rosidl_typesupport_fastrtps_c.dir/rosidl_typesupport_fastrtps_c/turtlesim/msg/detail/color__type_support_c.cpp.o[0m
[8.552s] [ 67%] [32mBuilding CXX object CMakeFiles/turtlesim__rosidl_typesupport_fastrtps_c.dir/rosidl_typesupport_fastrtps_c/turtlesim/srv/detail/set_pen__type_support_c.cpp.o[0m
[8.567s] [ 68%] [32mBuilding CXX object CMakeFiles/turtlesim__rosidl_typesupport_fastrtps_c.dir/rosidl_typesupport_fastrtps_c/turtlesim/srv/detail/spawn__type_support_c.cpp.o[0m
[8.582s] [ 69%] [32mBuilding CXX object CMakeFiles/turtlesim__rosidl_typesupport_fastrtps_c.dir/rosidl_typesupport_fastrtps_c/turtlesim/srv/detail/teleport_absolute__type_support_c.cpp.o[0m
[8.669s] [ 70%] [32mBuilding CXX object CMakeFiles/turtlesim__rosidl_typesupport_fastrtps_c.dir/rosidl_typesupport_fastrtps_c/turtlesim/srv/detail/teleport_relative__type_support_c.cpp.o[0m
[9.094s] [ 71%] [32m[1mLinking CXX shared library libturtlesim__rosidl_typesupport_fastrtps_c.so[0m
[9.169s] [ 71%] Built target turtlesim__rosidl_typesupport_fastrtps_c
[9.177s] [35m[1mScanning dependencies of target turtlesim[0m
[9.185s] [ 71%] Built target turtlesim
[9.194s] [35m[1mScanning dependencies of target draw_square[0m
[9.195s] [35m[1mScanning dependencies of target mimic[0m
[9.195s] [35m[1mScanning dependencies of target turtlesim__py[0m
[9.198s] [35m[1mScanning dependencies of target turtle_teleop_key[0m
[9.205s] [ 72%] [34m[1mGenerating Python code for ROS interfaces[0m
[9.281s] [ 73%] [32mBuilding CXX object CMakeFiles/draw_square.dir/tutorials/draw_square.cpp.o[0m
[9.281s] [ 74%] [32mBuilding CXX object CMakeFiles/mimic.dir/tutorials/mimic.cpp.o[0m
[9.282s] [ 75%] [32mBuilding CXX object CMakeFiles/turtle_teleop_key.dir/tutorials/teleop_turtle_key.cpp.o[0m
[12.555s] [ 75%] Built target turtlesim__py
[12.573s] [ 76%] [34m[1mGenerating include/turtlesim/moc_turtle_frame.cpp[0m
[12.670s] [35m[1mScanning dependencies of target turtlesim_node[0m
[12.781s] [ 77%] [32mBuilding CXX object CMakeFiles/turtlesim_node.dir/src/turtlesim.cpp.o[0m
[15.578s] [ 78%] [32m[1mLinking CXX executable turtle_teleop_key[0m
[15.991s] [ 78%] Built target turtle_teleop_key
[16.005s] [35m[1mScanning dependencies of target turtlesim__python[0m
[16.083s] [ 79%] [32mBuilding C object CMakeFiles/turtlesim__python.dir/rosidl_generator_py/turtlesim/action/_rotate_absolute_s.c.o[0m
[16.296s] [ 80%] [32m[1mLinking CXX executable mimic[0m
[16.316s] [ 81%] [32mBuilding C object CMakeFiles/turtlesim__python.dir/rosidl_generator_py/turtlesim/msg/_color_s.c.o[0m
[16.448s] [ 82%] [32mBuilding C object CMakeFiles/turtlesim__python.dir/rosidl_generator_py/turtlesim/msg/_pose_s.c.o[0m
[16.575s] [ 83%] [32mBuilding C object CMakeFiles/turtlesim__python.dir/rosidl_generator_py/turtlesim/srv/_kill_s.c.o[0m
[16.646s] [ 83%] Built target mimic
[16.657s] [ 84%] [32mBuilding C object CMakeFiles/turtlesim__python.dir/rosidl_generator_py/turtlesim/srv/_set_pen_s.c.o[0m
[16.696s] [ 85%] [32mBuilding C object CMakeFiles/turtlesim__python.dir/rosidl_generator_py/turtlesim/srv/_spawn_s.c.o[0m
[16.755s] [ 86%] [32mBuilding CXX object CMakeFiles/turtlesim_node.dir/src/turtle.cpp.o[0m
[16.776s] [ 87%] [32mBuilding C object CMakeFiles/turtlesim__python.dir/rosidl_generator_py/turtlesim/srv/_teleport_absolute_s.c.o[0m
[16.826s] [ 88%] [32mBuilding C object CMakeFiles/turtlesim__python.dir/rosidl_generator_py/turtlesim/srv/_teleport_relative_s.c.o[0m
[16.902s] [ 89%] [32mBuilding CXX object CMakeFiles/turtlesim_node.dir/src/turtle_frame.cpp.o[0m
[16.945s] [ 90%] [32m[1mLinking C shared library rosidl_generator_py/turtlesim/libturtlesim__python.so[0m
[17.009s] [ 90%] Built target turtlesim__python
[17.032s] [35m[1mScanning dependencies of target turtlesim__rosidl_typesupport_introspection_c__pyext[0m
[17.072s] [ 91%] [32mBuilding C object CMakeFiles/turtlesim__rosidl_typesupport_introspection_c__pyext.dir/rosidl_generator_py/turtlesim/_turtlesim_s.ep.rosidl_typesupport_introspection_c.c.o[0m
[17.249s] [ 92%] [32m[1mLinking C shared library rosidl_generator_py/turtlesim/turtlesim_s__rosidl_typesupport_introspection_c.cpython-38-x86_64-linux-gnu.so[0m
[17.296s] [ 92%] Built target turtlesim__rosidl_typesupport_introspection_c__pyext
[17.312s] [35m[1mScanning dependencies of target turtlesim__rosidl_typesupport_fastrtps_c__pyext[0m
[17.348s] [ 93%] [32mBuilding C object CMakeFiles/turtlesim__rosidl_typesupport_fastrtps_c__pyext.dir/rosidl_generator_py/turtlesim/_turtlesim_s.ep.rosidl_typesupport_fastrtps_c.c.o[0m
[17.532s] [ 94%] [32m[1mLinking CXX shared library rosidl_generator_py/turtlesim/turtlesim_s__rosidl_typesupport_fastrtps_c.cpython-38-x86_64-linux-gnu.so[0m
[17.586s] [ 95%] [32m[1mLinking CXX executable draw_square[0m
[17.638s] [ 95%] Built target turtlesim__rosidl_typesupport_fastrtps_c__pyext
[17.654s] [35m[1mScanning dependencies of target turtlesim__rosidl_typesupport_c__pyext[0m
[17.694s] [ 96%] [32mBuilding C object CMakeFiles/turtlesim__rosidl_typesupport_c__pyext.dir/rosidl_generator_py/turtlesim/_turtlesim_s.ep.rosidl_typesupport_c.c.o[0m
[17.886s] [ 97%] [32m[1mLinking C shared library rosidl_generator_py/turtlesim/turtlesim_s__rosidl_typesupport_c.cpython-38-x86_64-linux-gnu.so[0m
[17.940s] [ 97%] Built target turtlesim__rosidl_typesupport_c__pyext
[17.957s] [ 98%] [32mBuilding CXX object CMakeFiles/turtlesim_node.dir/include/turtlesim/moc_turtle_frame.cpp.o[0m
[17.959s] [ 98%] Built target draw_square
[24.388s] [100%] [32m[1mLinking CXX executable turtlesim_node[0m
[26.034s] [100%] Built target turtlesim_node
[26.046s] Invoked command in '/home/azharanas17/setunggal_ws/build/turtlesim' returned '0': CMAKE_PREFIX_PATH=/opt/ros/foxy /usr/bin/cmake --build /home/azharanas17/setunggal_ws/build/turtlesim -- -j4 -l4
[26.158s] Invoking command in '/home/azharanas17/setunggal_ws/build/turtlesim': CMAKE_PREFIX_PATH=/opt/ros/foxy /usr/bin/cmake --install /home/azharanas17/setunggal_ws/build/turtlesim
[26.166s] -- Install configuration: ""
[26.167s] -- Installing: /home/azharanas17/setunggal_ws/install/turtlesim/share/ament_index/resource_index/rosidl_interfaces/turtlesim
[26.167s] -- Installing: /home/azharanas17/setunggal_ws/install/turtlesim/include/turtlesim
[26.167s] -- Installing: /home/azharanas17/setunggal_ws/install/turtlesim/include/turtlesim/action
[26.167s] -- Installing: /home/azharanas17/setunggal_ws/install/turtlesim/include/turtlesim/action/detail
[26.167s] -- Installing: /home/azharanas17/setunggal_ws/install/turtlesim/include/turtlesim/action/detail/rotate_absolute__struct.h
[26.167s] -- Installing: /home/azharanas17/setunggal_ws/install/turtlesim/include/turtlesim/action/detail/rotate_absolute__functions.h
[26.167s] -- Installing: /home/azharanas17/setunggal_ws/install/turtlesim/include/turtlesim/action/detail/rotate_absolute__type_support.h
[26.167s] -- Installing: /home/azharanas17/setunggal_ws/install/turtlesim/include/turtlesim/action/detail/rotate_absolute__functions.c
[26.168s] -- Installing: /home/azharanas17/setunggal_ws/install/turtlesim/include/turtlesim/action/rotate_absolute.h
[26.168s] -- Installing: /home/azharanas17/setunggal_ws/install/turtlesim/include/turtlesim/srv
[26.168s] -- Installing: /home/azharanas17/setunggal_ws/install/turtlesim/include/turtlesim/srv/kill.h
[26.168s] -- Installing: /home/azharanas17/setunggal_ws/install/turtlesim/include/turtlesim/srv/set_pen.h
[26.168s] -- Installing: /home/azharanas17/setunggal_ws/install/turtlesim/include/turtlesim/srv/spawn.h
[26.168s] -- Installing: /home/azharanas17/setunggal_ws/install/turtlesim/include/turtlesim/srv/teleport_relative.h
[26.169s] -- Installing: /home/azharanas17/setunggal_ws/install/turtlesim/include/turtlesim/srv/detail
[26.169s] -- Installing: /home/azharanas17/setunggal_ws/install/turtlesim/include/turtlesim/srv/detail/teleport_relative__functions.h
[26.169s] -- Installing: /home/azharanas17/setunggal_ws/install/turtlesim/include/turtlesim/srv/detail/spawn__functions.c
[26.169s] -- Installing: /home/azharanas17/setunggal_ws/install/turtlesim/include/turtlesim/srv/detail/teleport_absolute__functions.c
[26.169s] -- Installing: /home/azharanas17/setunggal_ws/install/turtlesim/include/turtlesim/srv/detail/kill__functions.h
[26.169s] -- Installing: /home/azharanas17/setunggal_ws/install/turtlesim/include/turtlesim/srv/detail/set_pen__functions.c
[26.170s] -- Installing: /home/azharanas17/setunggal_ws/install/turtlesim/include/turtlesim/srv/detail/kill__struct.h
[26.170s] -- Installing: /home/azharanas17/setunggal_ws/install/turtlesim/include/turtlesim/srv/detail/set_pen__functions.h
[26.170s] -- Installing: /home/azharanas17/setunggal_ws/install/turtlesim/include/turtlesim/srv/detail/teleport_absolute__functions.h
[26.170s] -- Installing: /home/azharanas17/setunggal_ws/install/turtlesim/include/turtlesim/srv/detail/spawn__struct.h
[26.170s] -- Installing: /home/azharanas17/setunggal_ws/install/turtlesim/include/turtlesim/srv/detail/teleport_relative__struct.h
[26.170s] -- Installing: /home/azharanas17/setunggal_ws/install/turtlesim/include/turtlesim/srv/detail/kill__type_support.h
[26.170s] -- Installing: /home/azharanas17/setunggal_ws/install/turtlesim/include/turtlesim/srv/detail/teleport_absolute__type_support.h
[26.170s] -- Installing: /home/azharanas17/setunggal_ws/install/turtlesim/include/turtlesim/srv/detail/spawn__type_support.h
[26.170s] -- Installing: /home/azharanas17/setunggal_ws/install/turtlesim/include/turtlesim/srv/detail/spawn__functions.h
[26.170s] -- Installing: /home/azharanas17/setunggal_ws/install/turtlesim/include/turtlesim/srv/detail/set_pen__type_support.h
[26.170s] -- Installing: /home/azharanas17/setunggal_ws/install/turtlesim/include/turtlesim/srv/detail/teleport_relative__functions.c
[26.171s] -- Installing: /home/azharanas17/setunggal_ws/install/turtlesim/include/turtlesim/srv/detail/kill__functions.c
[26.171s] -- Installing: /home/azharanas17/setunggal_ws/install/turtlesim/include/turtlesim/srv/detail/set_pen__struct.h
[26.171s] -- Installing: /home/azharanas17/setunggal_ws/install/turtlesim/include/turtlesim/srv/detail/teleport_absolute__struct.h
[26.171s] -- Installing: /home/azharanas17/setunggal_ws/install/turtlesim/include/turtlesim/srv/detail/teleport_relative__type_support.h
[26.171s] -- Installing: /home/azharanas17/setunggal_ws/install/turtlesim/include/turtlesim/srv/teleport_absolute.h
[26.171s] -- Installing: /home/azharanas17/setunggal_ws/install/turtlesim/include/turtlesim/msg
[26.171s] -- Installing: /home/azharanas17/setunggal_ws/install/turtlesim/include/turtlesim/msg/pose.h
[26.171s] -- Installing: /home/azharanas17/setunggal_ws/install/turtlesim/include/turtlesim/msg/detail
[26.171s] -- Installing: /home/azharanas17/setunggal_ws/install/turtlesim/include/turtlesim/msg/detail/pose__struct.h
[26.171s] -- Installing: /home/azharanas17/setunggal_ws/install/turtlesim/include/turtlesim/msg/detail/color__type_support.h
[26.171s] -- Installing: /home/azharanas17/setunggal_ws/install/turtlesim/include/turtlesim/msg/detail/color__functions.c
[26.171s] -- Installing: /home/azharanas17/setunggal_ws/install/turtlesim/include/turtlesim/msg/detail/pose__functions.h
[26.171s] -- Installing: /home/azharanas17/setunggal_ws/install/turtlesim/include/turtlesim/msg/detail/pose__functions.c
[26.171s] -- Installing: /home/azharanas17/setunggal_ws/install/turtlesim/include/turtlesim/msg/detail/color__struct.h
[26.172s] -- Installing: /home/azharanas17/setunggal_ws/install/turtlesim/include/turtlesim/msg/detail/color__functions.h
[26.172s] -- Installing: /home/azharanas17/setunggal_ws/install/turtlesim/include/turtlesim/msg/detail/pose__type_support.h
[26.172s] -- Installing: /home/azharanas17/setunggal_ws/install/turtlesim/include/turtlesim/msg/rosidl_generator_c__visibility_control.h
[26.172s] -- Installing: /home/azharanas17/setunggal_ws/install/turtlesim/include/turtlesim/msg/color.h
[26.172s] -- Installing: /home/azharanas17/setunggal_ws/install/turtlesim/share/turtlesim/environment/library_path.sh
[26.173s] -- Installing: /home/azharanas17/setunggal_ws/install/turtlesim/share/turtlesim/environment/library_path.dsv
[26.173s] -- Installing: /home/azharanas17/setunggal_ws/install/turtlesim/lib/libturtlesim__rosidl_generator_c.so
[26.173s] -- Set runtime path of "/home/azharanas17/setunggal_ws/install/turtlesim/lib/libturtlesim__rosidl_generator_c.so" to ""
[26.173s] -- Up-to-date: /home/azharanas17/setunggal_ws/install/turtlesim/include/turtlesim
[26.173s] -- Up-to-date: /home/azharanas17/setunggal_ws/install/turtlesim/include/turtlesim/action
[26.174s] -- Up-to-date: /home/azharanas17/setunggal_ws/install/turtlesim/include/turtlesim/action/detail
[26.174s] -- Installing: /home/azharanas17/setunggal_ws/install/turtlesim/include/turtlesim/action/detail/rotate_absolute__rosidl_typesupport_fastrtps_c.h
[26.174s] -- Up-to-date: /home/azharanas17/setunggal_ws/install/turtlesim/include/turtlesim/srv
[26.174s] -- Up-to-date: /home/azharanas17/setunggal_ws/install/turtlesim/include/turtlesim/srv/detail
[26.174s] -- Installing: /home/azharanas17/setunggal_ws/install/turtlesim/include/turtlesim/srv/detail/teleport_absolute__rosidl_typesupport_fastrtps_c.h
[26.174s] -- Installing: /home/azharanas17/setunggal_ws/install/turtlesim/include/turtlesim/srv/detail/set_pen__rosidl_typesupport_fastrtps_c.h
[26.174s] -- Installing: /home/azharanas17/setunggal_ws/install/turtlesim/include/turtlesim/srv/detail/teleport_relative__rosidl_typesupport_fastrtps_c.h
[26.175s] -- Installing: /home/azharanas17/setunggal_ws/install/turtlesim/include/turtlesim/srv/detail/spawn__rosidl_typesupport_fastrtps_c.h
[26.175s] -- Installing: /home/azharanas17/setunggal_ws/install/turtlesim/include/turtlesim/srv/detail/kill__rosidl_typesupport_fastrtps_c.h
[26.175s] -- Up-to-date: /home/azharanas17/setunggal_ws/install/turtlesim/include/turtlesim/msg
[26.175s] -- Installing: /home/azharanas17/setunggal_ws/install/turtlesim/include/turtlesim/msg/rosidl_typesupport_fastrtps_c__visibility_control.h
[26.175s] -- Up-to-date: /home/azharanas17/setunggal_ws/install/turtlesim/include/turtlesim/msg/detail
[26.175s] -- Installing: /home/azharanas17/setunggal_ws/install/turtlesim/include/turtlesim/msg/detail/color__rosidl_typesupport_fastrtps_c.h
[26.176s] -- Installing: /home/azharanas17/setunggal_ws/install/turtlesim/include/turtlesim/msg/detail/pose__rosidl_typesupport_fastrtps_c.h
[26.176s] -- Installing: /home/azharanas17/setunggal_ws/install/turtlesim/lib/libturtlesim__rosidl_typesupport_fastrtps_c.so
[26.176s] -- Set runtime path of "/home/azharanas17/setunggal_ws/install/turtlesim/lib/libturtlesim__rosidl_typesupport_fastrtps_c.so" to ""
[26.176s] -- Up-to-date: /home/azharanas17/setunggal_ws/install/turtlesim/include/turtlesim
[26.176s] -- Up-to-date: /home/azharanas17/setunggal_ws/install/turtlesim/include/turtlesim/action
[26.176s] -- Up-to-date: /home/azharanas17/setunggal_ws/install/turtlesim/include/turtlesim/action/detail
[26.177s] -- Installing: /home/azharanas17/setunggal_ws/install/turtlesim/include/turtlesim/action/detail/dds_fastrtps
[26.177s] -- Installing: /home/azharanas17/setunggal_ws/install/turtlesim/include/turtlesim/action/detail/rotate_absolute__rosidl_typesupport_fastrtps_cpp.hpp
[26.177s] -- Up-to-date: /home/azharanas17/setunggal_ws/install/turtlesim/include/turtlesim/srv
[26.177s] -- Up-to-date: /home/azharanas17/setunggal_ws/install/turtlesim/include/turtlesim/srv/detail
[26.177s] -- Installing: /home/azharanas17/setunggal_ws/install/turtlesim/include/turtlesim/srv/detail/teleport_absolute__rosidl_typesupport_fastrtps_cpp.hpp
[26.177s] -- Installing: /home/azharanas17/setunggal_ws/install/turtlesim/include/turtlesim/srv/detail/dds_fastrtps
[26.178s] -- Installing: /home/azharanas17/setunggal_ws/install/turtlesim/include/turtlesim/srv/detail/kill__rosidl_typesupport_fastrtps_cpp.hpp
[26.178s] -- Installing: /home/azharanas17/setunggal_ws/install/turtlesim/include/turtlesim/srv/detail/spawn__rosidl_typesupport_fastrtps_cpp.hpp
[26.178s] -- Installing: /home/azharanas17/setunggal_ws/install/turtlesim/include/turtlesim/srv/detail/set_pen__rosidl_typesupport_fastrtps_cpp.hpp
[26.178s] -- Installing: /home/azharanas17/setunggal_ws/install/turtlesim/include/turtlesim/srv/detail/teleport_relative__rosidl_typesupport_fastrtps_cpp.hpp
[26.178s] -- Up-to-date: /home/azharanas17/setunggal_ws/install/turtlesim/include/turtlesim/msg
[26.178s] -- Installing: /home/azharanas17/setunggal_ws/install/turtlesim/include/turtlesim/msg/rosidl_typesupport_fastrtps_cpp__visibility_control.h
[26.178s] -- Up-to-date: /home/azharanas17/setunggal_ws/install/turtlesim/include/turtlesim/msg/detail
[26.179s] -- Installing: /home/azharanas17/setunggal_ws/install/turtlesim/include/turtlesim/msg/detail/dds_fastrtps
[26.179s] -- Installing: /home/azharanas17/setunggal_ws/install/turtlesim/include/turtlesim/msg/detail/pose__rosidl_typesupport_fastrtps_cpp.hpp
[26.179s] -- Installing: /home/azharanas17/setunggal_ws/install/turtlesim/include/turtlesim/msg/detail/color__rosidl_typesupport_fastrtps_cpp.hpp
[26.179s] -- Installing: /home/azharanas17/setunggal_ws/install/turtlesim/lib/libturtlesim__rosidl_typesupport_fastrtps_cpp.so
[26.179s] -- Set runtime path of "/home/azharanas17/setunggal_ws/install/turtlesim/lib/libturtlesim__rosidl_typesupport_fastrtps_cpp.so" to ""
[26.179s] -- Up-to-date: /home/azharanas17/setunggal_ws/install/turtlesim/include/turtlesim
[26.180s] -- Up-to-date: /home/azharanas17/setunggal_ws/install/turtlesim/include/turtlesim/action
[26.180s] -- Up-to-date: /home/azharanas17/setunggal_ws/install/turtlesim/include/turtlesim/action/detail
[26.180s] -- Installing: /home/azharanas17/setunggal_ws/install/turtlesim/include/turtlesim/action/detail/rotate_absolute__type_support.c
[26.180s] -- Installing: /home/azharanas17/setunggal_ws/install/turtlesim/include/turtlesim/action/detail/rotate_absolute__rosidl_typesupport_introspection_c.h
[26.180s] -- Up-to-date: /home/azharanas17/setunggal_ws/install/turtlesim/include/turtlesim/srv
[26.180s] -- Up-to-date: /home/azharanas17/setunggal_ws/install/turtlesim/include/turtlesim/srv/detail
[26.181s] -- Installing: /home/azharanas17/setunggal_ws/install/turtlesim/include/turtlesim/srv/detail/kill__type_support.c
[26.181s] -- Installing: /home/azharanas17/setunggal_ws/install/turtlesim/include/turtlesim/srv/detail/kill__rosidl_typesupport_introspection_c.h
[26.181s] -- Installing: /home/azharanas17/setunggal_ws/install/turtlesim/include/turtlesim/srv/detail/spawn__rosidl_typesupport_introspection_c.h
[26.181s] -- Installing: /home/azharanas17/setunggal_ws/install/turtlesim/include/turtlesim/srv/detail/set_pen__rosidl_typesupport_introspection_c.h
[26.181s] -- Installing: /home/azharanas17/setunggal_ws/install/turtlesim/include/turtlesim/srv/detail/teleport_relative__type_support.c
[26.181s] -- Installing: /home/azharanas17/setunggal_ws/install/turtlesim/include/turtlesim/srv/detail/teleport_absolute__rosidl_typesupport_introspection_c.h
[26.182s] -- Installing: /home/azharanas17/setunggal_ws/install/turtlesim/include/turtlesim/srv/detail/teleport_relative__rosidl_typesupport_introspection_c.h
[26.182s] -- Installing: /home/azharanas17/setunggal_ws/install/turtlesim/include/turtlesim/srv/detail/teleport_absolute__type_support.c
[26.182s] -- Installing: /home/azharanas17/setunggal_ws/install/turtlesim/include/turtlesim/srv/detail/spawn__type_support.c
[26.182s] -- Installing: /home/azharanas17/setunggal_ws/install/turtlesim/include/turtlesim/srv/detail/set_pen__type_support.c
[26.182s] -- Up-to-date: /home/azharanas17/setunggal_ws/install/turtlesim/include/turtlesim/msg
[26.182s] -- Installing: /home/azharanas17/setunggal_ws/install/turtlesim/include/turtlesim/msg/rosidl_typesupport_introspection_c__visibility_control.h
[26.183s] -- Up-to-date: /home/azharanas17/setunggal_ws/install/turtlesim/include/turtlesim/msg/detail
[26.183s] -- Installing: /home/azharanas17/setunggal_ws/install/turtlesim/include/turtlesim/msg/detail/color__type_support.c
[26.183s] -- Installing: /home/azharanas17/setunggal_ws/install/turtlesim/include/turtlesim/msg/detail/color__rosidl_typesupport_introspection_c.h
[26.183s] -- Installing: /home/azharanas17/setunggal_ws/install/turtlesim/include/turtlesim/msg/detail/pose__rosidl_typesupport_introspection_c.h
[26.183s] -- Installing: /home/azharanas17/setunggal_ws/install/turtlesim/include/turtlesim/msg/detail/pose__type_support.c
[26.183s] -- Installing: /home/azharanas17/setunggal_ws/install/turtlesim/lib/libturtlesim__rosidl_typesupport_introspection_c.so
[26.184s] -- Set runtime path of "/home/azharanas17/setunggal_ws/install/turtlesim/lib/libturtlesim__rosidl_typesupport_introspection_c.so" to ""
[26.184s] -- Installing: /home/azharanas17/setunggal_ws/install/turtlesim/lib/libturtlesim__rosidl_typesupport_c.so
[26.184s] -- Set runtime path of "/home/azharanas17/setunggal_ws/install/turtlesim/lib/libturtlesim__rosidl_typesupport_c.so" to ""
[26.184s] -- Up-to-date: /home/azharanas17/setunggal_ws/install/turtlesim/include/turtlesim
[26.184s] -- Up-to-date: /home/azharanas17/setunggal_ws/install/turtlesim/include/turtlesim/action
[26.184s] -- Up-to-date: /home/azharanas17/setunggal_ws/install/turtlesim/include/turtlesim/action/detail
[26.184s] -- Installing: /home/azharanas17/setunggal_ws/install/turtlesim/include/turtlesim/action/detail/rotate_absolute__struct.hpp
[26.184s] -- Installing: /home/azharanas17/setunggal_ws/install/turtlesim/include/turtlesim/action/detail/rotate_absolute__traits.hpp
[26.184s] -- Installing: /home/azharanas17/setunggal_ws/install/turtlesim/include/turtlesim/action/detail/rotate_absolute__builder.hpp
[26.184s] -- Installing: /home/azharanas17/setunggal_ws/install/turtlesim/include/turtlesim/action/rotate_absolute.hpp
[26.185s] -- Up-to-date: /home/azharanas17/setunggal_ws/install/turtlesim/include/turtlesim/srv
[26.185s] -- Installing: /home/azharanas17/setunggal_ws/install/turtlesim/include/turtlesim/srv/teleport_absolute.hpp
[26.185s] -- Installing: /home/azharanas17/setunggal_ws/install/turtlesim/include/turtlesim/srv/teleport_relative.hpp
[26.185s] -- Installing: /home/azharanas17/setunggal_ws/install/turtlesim/include/turtlesim/srv/set_pen.hpp
[26.185s] -- Up-to-date: /home/azharanas17/setunggal_ws/install/turtlesim/include/turtlesim/srv/detail
[26.185s] -- Installing: /home/azharanas17/setunggal_ws/install/turtlesim/include/turtlesim/srv/detail/set_pen__builder.hpp
[26.185s] -- Installing: /home/azharanas17/setunggal_ws/install/turtlesim/include/turtlesim/srv/detail/teleport_absolute__builder.hpp
[26.185s] -- Installing: /home/azharanas17/setunggal_ws/install/turtlesim/include/turtlesim/srv/detail/teleport_absolute__traits.hpp
[26.185s] -- Installing: /home/azharanas17/setunggal_ws/install/turtlesim/include/turtlesim/srv/detail/set_pen__struct.hpp
[26.185s] -- Installing: /home/azharanas17/setunggal_ws/install/turtlesim/include/turtlesim/srv/detail/kill__struct.hpp
[26.185s] -- Installing: /home/azharanas17/setunggal_ws/install/turtlesim/include/turtlesim/srv/detail/teleport_absolute__struct.hpp
[26.185s] -- Installing: /home/azharanas17/setunggal_ws/install/turtlesim/include/turtlesim/srv/detail/set_pen__traits.hpp
[26.186s] -- Installing: /home/azharanas17/setunggal_ws/install/turtlesim/include/turtlesim/srv/detail/kill__builder.hpp
[26.186s] -- Installing: /home/azharanas17/setunggal_ws/install/turtlesim/include/turtlesim/srv/detail/spawn__builder.hpp
[26.186s] -- Installing: /home/azharanas17/setunggal_ws/install/turtlesim/include/turtlesim/srv/detail/teleport_relative__struct.hpp
[26.186s] -- Installing: /home/azharanas17/setunggal_ws/install/turtlesim/include/turtlesim/srv/detail/kill__traits.hpp
[26.186s] -- Installing: /home/azharanas17/setunggal_ws/install/turtlesim/include/turtlesim/srv/detail/spawn__traits.hpp
[26.186s] -- Installing: /home/azharanas17/setunggal_ws/install/turtlesim/include/turtlesim/srv/detail/spawn__struct.hpp
[26.186s] -- Installing: /home/azharanas17/setunggal_ws/install/turtlesim/include/turtlesim/srv/detail/teleport_relative__traits.hpp
[26.186s] -- Installing: /home/azharanas17/setunggal_ws/install/turtlesim/include/turtlesim/srv/detail/teleport_relative__builder.hpp
[26.186s] -- Installing: /home/azharanas17/setunggal_ws/install/turtlesim/include/turtlesim/srv/spawn.hpp
[26.186s] -- Installing: /home/azharanas17/setunggal_ws/install/turtlesim/include/turtlesim/srv/kill.hpp
[26.186s] -- Up-to-date: /home/azharanas17/setunggal_ws/install/turtlesim/include/turtlesim/msg
[26.187s] -- Up-to-date: /home/azharanas17/setunggal_ws/install/turtlesim/include/turtlesim/msg/detail
[26.187s] -- Installing: /home/azharanas17/setunggal_ws/install/turtlesim/include/turtlesim/msg/detail/pose__traits.hpp
[26.187s] -- Installing: /home/azharanas17/setunggal_ws/install/turtlesim/include/turtlesim/msg/detail/color__traits.hpp
[26.187s] -- Installing: /home/azharanas17/setunggal_ws/install/turtlesim/include/turtlesim/msg/detail/color__struct.hpp
[26.187s] -- Installing: /home/azharanas17/setunggal_ws/install/turtlesim/include/turtlesim/msg/detail/color__builder.hpp
[26.187s] -- Installing: /home/azharanas17/setunggal_ws/install/turtlesim/include/turtlesim/msg/detail/pose__builder.hpp
[26.187s] -- Installing: /home/azharanas17/setunggal_ws/install/turtlesim/include/turtlesim/msg/detail/pose__struct.hpp
[26.187s] -- Installing: /home/azharanas17/setunggal_ws/install/turtlesim/include/turtlesim/msg/pose.hpp
[26.187s] -- Installing: /home/azharanas17/setunggal_ws/install/turtlesim/include/turtlesim/msg/color.hpp
[26.187s] -- Up-to-date: /home/azharanas17/setunggal_ws/install/turtlesim/include/turtlesim
[26.187s] -- Up-to-date: /home/azharanas17/setunggal_ws/install/turtlesim/include/turtlesim/action
[26.187s] -- Up-to-date: /home/azharanas17/setunggal_ws/install/turtlesim/include/turtlesim/action/detail
[26.187s] -- Installing: /home/azharanas17/setunggal_ws/install/turtlesim/include/turtlesim/action/detail/rotate_absolute__rosidl_typesupport_introspection_cpp.hpp
[26.187s] -- Installing: /home/azharanas17/setunggal_ws/install/turtlesim/include/turtlesim/action/detail/rotate_absolute__type_support.cpp
[26.188s] -- Up-to-date: /home/azharanas17/setunggal_ws/install/turtlesim/include/turtlesim/srv
[26.188s] -- Up-to-date: /home/azharanas17/setunggal_ws/install/turtlesim/include/turtlesim/srv/detail
[26.188s] -- Installing: /home/azharanas17/setunggal_ws/install/turtlesim/include/turtlesim/srv/detail/teleport_relative__rosidl_typesupport_introspection_cpp.hpp
[26.188s] -- Installing: /home/azharanas17/setunggal_ws/install/turtlesim/include/turtlesim/srv/detail/set_pen__type_support.cpp
[26.189s] -- Installing: /home/azharanas17/setunggal_ws/install/turtlesim/include/turtlesim/srv/detail/spawn__type_support.cpp
[26.189s] -- Installing: /home/azharanas17/setunggal_ws/install/turtlesim/include/turtlesim/srv/detail/teleport_relative__type_support.cpp
[26.189s] -- Installing: /home/azharanas17/setunggal_ws/install/turtlesim/include/turtlesim/srv/detail/teleport_absolute__rosidl_typesupport_introspection_cpp.hpp
[26.189s] -- Installing: /home/azharanas17/setunggal_ws/install/turtlesim/include/turtlesim/srv/detail/kill__type_support.cpp
[26.189s] -- Installing: /home/azharanas17/setunggal_ws/install/turtlesim/include/turtlesim/srv/detail/kill__rosidl_typesupport_introspection_cpp.hpp
[26.189s] -- Installing: /home/azharanas17/setunggal_ws/install/turtlesim/include/turtlesim/srv/detail/set_pen__rosidl_typesupport_introspection_cpp.hpp
[26.189s] -- Installing: /home/azharanas17/setunggal_ws/install/turtlesim/include/turtlesim/srv/detail/teleport_absolute__type_support.cpp
[26.190s] -- Installing: /home/azharanas17/setunggal_ws/install/turtlesim/include/turtlesim/srv/detail/spawn__rosidl_typesupport_introspection_cpp.hpp
[26.190s] -- Up-to-date: /home/azharanas17/setunggal_ws/install/turtlesim/include/turtlesim/msg
[26.190s] -- Up-to-date: /home/azharanas17/setunggal_ws/install/turtlesim/include/turtlesim/msg/detail
[26.190s] -- Installing: /home/azharanas17/setunggal_ws/install/turtlesim/include/turtlesim/msg/detail/color__rosidl_typesupport_introspection_cpp.hpp
[26.190s] -- Installing: /home/azharanas17/setunggal_ws/install/turtlesim/include/turtlesim/msg/detail/pose__type_support.cpp
[26.190s] -- Installing: /home/azharanas17/setunggal_ws/install/turtlesim/include/turtlesim/msg/detail/pose__rosidl_typesupport_introspection_cpp.hpp
[26.190s] -- Installing: /home/azharanas17/setunggal_ws/install/turtlesim/include/turtlesim/msg/detail/color__type_support.cpp
[26.191s] -- Installing: /home/azharanas17/setunggal_ws/install/turtlesim/lib/libturtlesim__rosidl_typesupport_introspection_cpp.so
[26.191s] -- Set runtime path of "/home/azharanas17/setunggal_ws/install/turtlesim/lib/libturtlesim__rosidl_typesupport_introspection_cpp.so" to ""
[26.191s] -- Installing: /home/azharanas17/setunggal_ws/install/turtlesim/lib/libturtlesim__rosidl_typesupport_cpp.so
[26.192s] -- Set runtime path of "/home/azharanas17/setunggal_ws/install/turtlesim/lib/libturtlesim__rosidl_typesupport_cpp.so" to ""
[26.192s] -- Installing: /home/azharanas17/setunggal_ws/install/turtlesim/share/turtlesim/environment/pythonpath.sh
[26.192s] -- Installing: /home/azharanas17/setunggal_ws/install/turtlesim/share/turtlesim/environment/pythonpath.dsv
[26.192s] -- Installing: /home/azharanas17/setunggal_ws/install/turtlesim/lib/python3.8/site-packages/turtlesim/__init__.py
[26.228s] Compiling '/home/azharanas17/setunggal_ws/install/turtlesim/lib/python3.8/site-packages/turtlesim/__init__.py'...
[26.231s] -- Installing: /home/azharanas17/setunggal_ws/install/turtlesim/lib/python3.8/site-packages/turtlesim/action
[26.231s] -- Installing: /home/azharanas17/setunggal_ws/install/turtlesim/lib/python3.8/site-packages/turtlesim/action/__init__.py
[26.231s] -- Installing: /home/azharanas17/setunggal_ws/install/turtlesim/lib/python3.8/site-packages/turtlesim/action/_rotate_absolute.py
[26.232s] -- Installing: /home/azharanas17/setunggal_ws/install/turtlesim/lib/python3.8/site-packages/turtlesim/action/_rotate_absolute_s.c
[26.232s] -- Installing: /home/azharanas17/setunggal_ws/install/turtlesim/lib/python3.8/site-packages/turtlesim/msg
[26.232s] -- Installing: /home/azharanas17/setunggal_ws/install/turtlesim/lib/python3.8/site-packages/turtlesim/msg/__init__.py
[26.232s] -- Installing: /home/azharanas17/setunggal_ws/install/turtlesim/lib/python3.8/site-packages/turtlesim/msg/_pose_s.c
[26.232s] -- Installing: /home/azharanas17/setunggal_ws/install/turtlesim/lib/python3.8/site-packages/turtlesim/msg/_color.py
[26.232s] -- Installing: /home/azharanas17/setunggal_ws/install/turtlesim/lib/python3.8/site-packages/turtlesim/msg/_color_s.c
[26.233s] -- Installing: /home/azharanas17/setunggal_ws/install/turtlesim/lib/python3.8/site-packages/turtlesim/msg/_pose.py
[26.233s] -- Installing: /home/azharanas17/setunggal_ws/install/turtlesim/lib/python3.8/site-packages/turtlesim/srv
[26.233s] -- Installing: /home/azharanas17/setunggal_ws/install/turtlesim/lib/python3.8/site-packages/turtlesim/srv/_kill.py
[26.233s] -- Installing: /home/azharanas17/setunggal_ws/install/turtlesim/lib/python3.8/site-packages/turtlesim/srv/__init__.py
[26.233s] -- Installing: /home/azharanas17/setunggal_ws/install/turtlesim/lib/python3.8/site-packages/turtlesim/srv/_teleport_absolute.py
[26.233s] -- Installing: /home/azharanas17/setunggal_ws/install/turtlesim/lib/python3.8/site-packages/turtlesim/srv/_kill_s.c
[26.233s] -- Installing: /home/azharanas17/setunggal_ws/install/turtlesim/lib/python3.8/site-packages/turtlesim/srv/_teleport_relative.py
[26.234s] -- Installing: /home/azharanas17/setunggal_ws/install/turtlesim/lib/python3.8/site-packages/turtlesim/srv/_set_pen_s.c
[26.234s] -- Installing: /home/azharanas17/setunggal_ws/install/turtlesim/lib/python3.8/site-packages/turtlesim/srv/_teleport_relative_s.c
[26.234s] -- Installing: /home/azharanas17/setunggal_ws/install/turtlesim/lib/python3.8/site-packages/turtlesim/srv/_set_pen.py
[26.234s] -- Installing: /home/azharanas17/setunggal_ws/install/turtlesim/lib/python3.8/site-packages/turtlesim/srv/_teleport_absolute_s.c
[26.234s] -- Installing: /home/azharanas17/setunggal_ws/install/turtlesim/lib/python3.8/site-packages/turtlesim/srv/_spawn.py
[26.234s] -- Installing: /home/azharanas17/setunggal_ws/install/turtlesim/lib/python3.8/site-packages/turtlesim/srv/_spawn_s.c
[26.234s] -- Installing: /home/azharanas17/setunggal_ws/install/turtlesim/lib/python3.8/site-packages/turtlesim/turtlesim_s__rosidl_typesupport_fastrtps_c.cpython-38-x86_64-linux-gnu.so
[26.235s] -- Set runtime path of "/home/azharanas17/setunggal_ws/install/turtlesim/lib/python3.8/site-packages/turtlesim/turtlesim_s__rosidl_typesupport_fastrtps_c.cpython-38-x86_64-linux-gnu.so" to ""
[26.235s] -- Installing: /home/azharanas17/setunggal_ws/install/turtlesim/lib/python3.8/site-packages/turtlesim/turtlesim_s__rosidl_typesupport_introspection_c.cpython-38-x86_64-linux-gnu.so
[26.235s] -- Set runtime path of "/home/azharanas17/setunggal_ws/install/turtlesim/lib/python3.8/site-packages/turtlesim/turtlesim_s__rosidl_typesupport_introspection_c.cpython-38-x86_64-linux-gnu.so" to ""
[26.235s] -- Installing: /home/azharanas17/setunggal_ws/install/turtlesim/lib/python3.8/site-packages/turtlesim/turtlesim_s__rosidl_typesupport_c.cpython-38-x86_64-linux-gnu.so
[26.236s] -- Set runtime path of "/home/azharanas17/setunggal_ws/install/turtlesim/lib/python3.8/site-packages/turtlesim/turtlesim_s__rosidl_typesupport_c.cpython-38-x86_64-linux-gnu.so" to ""
[26.236s] -- Installing: /home/azharanas17/setunggal_ws/install/turtlesim/lib/libturtlesim__python.so
[26.236s] -- Set runtime path of "/home/azharanas17/setunggal_ws/install/turtlesim/lib/libturtlesim__python.so" to ""
[26.236s] -- Installing: /home/azharanas17/setunggal_ws/install/turtlesim/share/turtlesim/action/RotateAbsolute.idl
[26.236s] -- Installing: /home/azharanas17/setunggal_ws/install/turtlesim/share/turtlesim/msg/Color.idl
[26.236s] -- Installing: /home/azharanas17/setunggal_ws/install/turtlesim/share/turtlesim/msg/Pose.idl
[26.236s] -- Installing: /home/azharanas17/setunggal_ws/install/turtlesim/share/turtlesim/srv/Kill.idl
[26.236s] -- Installing: /home/azharanas17/setunggal_ws/install/turtlesim/share/turtlesim/srv/SetPen.idl
[26.236s] -- Installing: /home/azharanas17/setunggal_ws/install/turtlesim/share/turtlesim/srv/Spawn.idl
[26.236s] -- Installing: /home/azharanas17/setunggal_ws/install/turtlesim/share/turtlesim/srv/TeleportAbsolute.idl
[26.236s] -- Installing: /home/azharanas17/setunggal_ws/install/turtlesim/share/turtlesim/srv/TeleportRelative.idl
[26.237s] -- Installing: /home/azharanas17/setunggal_ws/install/turtlesim/share/turtlesim/action/RotateAbsolute.action
[26.237s] -- Installing: /home/azharanas17/setunggal_ws/install/turtlesim/share/turtlesim/msg/Color.msg
[26.237s] -- Installing: /home/azharanas17/setunggal_ws/install/turtlesim/share/turtlesim/msg/Pose.msg
[26.238s] -- Installing: /home/azharanas17/setunggal_ws/install/turtlesim/share/turtlesim/srv/Kill.srv
[26.238s] -- Installing: /home/azharanas17/setunggal_ws/install/turtlesim/share/turtlesim/srv/Kill_Request.msg
[26.238s] -- Installing: /home/azharanas17/setunggal_ws/install/turtlesim/share/turtlesim/srv/Kill_Response.msg
[26.238s] -- Installing: /home/azharanas17/setunggal_ws/install/turtlesim/share/turtlesim/srv/SetPen.srv
[26.238s] -- Installing: /home/azharanas17/setunggal_ws/install/turtlesim/share/turtlesim/srv/SetPen_Request.msg
[26.239s] -- Installing: /home/azharanas17/setunggal_ws/install/turtlesim/share/turtlesim/srv/SetPen_Response.msg
[26.239s] -- Installing: /home/azharanas17/setunggal_ws/install/turtlesim/share/turtlesim/srv/Spawn.srv
[26.239s] -- Installing: /home/azharanas17/setunggal_ws/install/turtlesim/share/turtlesim/srv/Spawn_Request.msg
[26.239s] -- Installing: /home/azharanas17/setunggal_ws/install/turtlesim/share/turtlesim/srv/Spawn_Response.msg
[26.239s] -- Installing: /home/azharanas17/setunggal_ws/install/turtlesim/share/turtlesim/srv/TeleportAbsolute.srv
[26.239s] -- Installing: /home/azharanas17/setunggal_ws/install/turtlesim/share/turtlesim/srv/TeleportAbsolute_Request.msg
[26.240s] -- Installing: /home/azharanas17/setunggal_ws/install/turtlesim/share/turtlesim/srv/TeleportAbsolute_Response.msg
[26.240s] -- Installing: /home/azharanas17/setunggal_ws/install/turtlesim/share/turtlesim/srv/TeleportRelative.srv
[26.240s] -- Installing: /home/azharanas17/setunggal_ws/install/turtlesim/share/turtlesim/srv/TeleportRelative_Request.msg
[26.240s] -- Installing: /home/azharanas17/setunggal_ws/install/turtlesim/share/turtlesim/srv/TeleportRelative_Response.msg
[26.240s] -- Installing: /home/azharanas17/setunggal_ws/install/turtlesim/lib/turtlesim/turtlesim_node
[26.243s] -- Set runtime path of "/home/azharanas17/setunggal_ws/install/turtlesim/lib/turtlesim/turtlesim_node" to ""
[26.243s] -- Installing: /home/azharanas17/setunggal_ws/install/turtlesim/lib/turtlesim/turtle_teleop_key
[26.244s] -- Set runtime path of "/home/azharanas17/setunggal_ws/install/turtlesim/lib/turtlesim/turtle_teleop_key" to ""
[26.244s] -- Installing: /home/azharanas17/setunggal_ws/install/turtlesim/lib/turtlesim/draw_square
[26.246s] -- Set runtime path of "/home/azharanas17/setunggal_ws/install/turtlesim/lib/turtlesim/draw_square" to ""
[26.246s] -- Installing: /home/azharanas17/setunggal_ws/install/turtlesim/lib/turtlesim/mimic
[26.247s] -- Set runtime path of "/home/azharanas17/setunggal_ws/install/turtlesim/lib/turtlesim/mimic" to ""
[26.247s] -- Installing: /home/azharanas17/setunggal_ws/install/turtlesim/share/turtlesim/images
[26.247s] -- Installing: /home/azharanas17/setunggal_ws/install/turtlesim/share/turtlesim/images/ardent.png
[26.247s] -- Installing: /home/azharanas17/setunggal_ws/install/turtlesim/share/turtlesim/images/crystal.png
[26.248s] -- Installing: /home/azharanas17/setunggal_ws/install/turtlesim/share/turtlesim/images/foxy.png
[26.248s] -- Installing: /home/azharanas17/setunggal_ws/install/turtlesim/share/turtlesim/images/dashing.png
[26.248s] -- Installing: /home/azharanas17/setunggal_ws/install/turtlesim/share/turtlesim/images/bouncy.png
[26.248s] -- Installing: /home/azharanas17/setunggal_ws/install/turtlesim/share/turtlesim/images/eloquent.png
[26.248s] -- Installing: /home/azharanas17/setunggal_ws/install/turtlesim/share/turtlesim/launch
[26.248s] -- Installing: /home/azharanas17/setunggal_ws/install/turtlesim/share/turtlesim/launch/multisim.launch.py
[26.249s] -- Installing: /home/azharanas17/setunggal_ws/install/turtlesim/share/ament_index/resource_index/package_run_dependencies/turtlesim
[26.249s] -- Installing: /home/azharanas17/setunggal_ws/install/turtlesim/share/ament_index/resource_index/parent_prefix_path/turtlesim
[26.250s] -- Installing: /home/azharanas17/setunggal_ws/install/turtlesim/share/turtlesim/environment/ament_prefix_path.sh
[26.250s] -- Installing: /home/azharanas17/setunggal_ws/install/turtlesim/share/turtlesim/environment/ament_prefix_path.dsv
[26.250s] -- Installing: /home/azharanas17/setunggal_ws/install/turtlesim/share/turtlesim/environment/path.sh
[26.250s] -- Installing: /home/azharanas17/setunggal_ws/install/turtlesim/share/turtlesim/environment/path.dsv
[26.251s] -- Installing: /home/azharanas17/setunggal_ws/install/turtlesim/share/turtlesim/local_setup.bash
[26.251s] -- Installing: /home/azharanas17/setunggal_ws/install/turtlesim/share/turtlesim/local_setup.sh
[26.251s] -- Installing: /home/azharanas17/setunggal_ws/install/turtlesim/share/turtlesim/local_setup.zsh
[26.251s] -- Installing: /home/azharanas17/setunggal_ws/install/turtlesim/share/turtlesim/local_setup.dsv
[26.251s] -- Installing: /home/azharanas17/setunggal_ws/install/turtlesim/share/turtlesim/package.dsv
[26.252s] -- Installing: /home/azharanas17/setunggal_ws/install/turtlesim/share/ament_index/resource_index/packages/turtlesim
[26.252s] -- Installing: /home/azharanas17/setunggal_ws/install/turtlesim/share/turtlesim/cmake/turtlesim__rosidl_generator_cExport.cmake
[26.252s] -- Installing: /home/azharanas17/setunggal_ws/install/turtlesim/share/turtlesim/cmake/turtlesim__rosidl_generator_cExport-noconfig.cmake
[26.253s] -- Installing: /home/azharanas17/setunggal_ws/install/turtlesim/share/turtlesim/cmake/turtlesim__rosidl_typesupport_introspection_cExport.cmake
[26.253s] -- Installing: /home/azharanas17/setunggal_ws/install/turtlesim/share/turtlesim/cmake/turtlesim__rosidl_typesupport_introspection_cExport-noconfig.cmake
[26.253s] -- Installing: /home/azharanas17/setunggal_ws/install/turtlesim/share/turtlesim/cmake/turtlesim__rosidl_typesupport_cExport.cmake
[26.253s] -- Installing: /home/azharanas17/setunggal_ws/install/turtlesim/share/turtlesim/cmake/turtlesim__rosidl_typesupport_cExport-noconfig.cmake
[26.253s] -- Installing: /home/azharanas17/setunggal_ws/install/turtlesim/share/turtlesim/cmake/turtlesim__rosidl_generator_cppExport.cmake
[26.254s] -- Installing: /home/azharanas17/setunggal_ws/install/turtlesim/share/turtlesim/cmake/turtlesim__rosidl_typesupport_introspection_cppExport.cmake
[26.254s] -- Installing: /home/azharanas17/setunggal_ws/install/turtlesim/share/turtlesim/cmake/turtlesim__rosidl_typesupport_introspection_cppExport-noconfig.cmake
[26.254s] -- Installing: /home/azharanas17/setunggal_ws/install/turtlesim/share/turtlesim/cmake/turtlesim__rosidl_typesupport_cppExport.cmake
[26.254s] -- Installing: /home/azharanas17/setunggal_ws/install/turtlesim/share/turtlesim/cmake/turtlesim__rosidl_typesupport_cppExport-noconfig.cmake
[26.254s] -- Installing: /home/azharanas17/setunggal_ws/install/turtlesim/share/turtlesim/cmake/rosidl_cmake-extras.cmake
[26.255s] -- Installing: /home/azharanas17/setunggal_ws/install/turtlesim/share/turtlesim/cmake/ament_cmake_export_dependencies-extras.cmake
[26.255s] -- Installing: /home/azharanas17/setunggal_ws/install/turtlesim/share/turtlesim/cmake/ament_cmake_export_libraries-extras.cmake
[26.255s] -- Installing: /home/azharanas17/setunggal_ws/install/turtlesim/share/turtlesim/cmake/ament_cmake_export_targets-extras.cmake
[26.255s] -- Installing: /home/azharanas17/setunggal_ws/install/turtlesim/share/turtlesim/cmake/ament_cmake_export_include_directories-extras.cmake
[26.255s] -- Installing: /home/azharanas17/setunggal_ws/install/turtlesim/share/turtlesim/cmake/rosidl_cmake_export_typesupport_libraries-extras.cmake
[26.256s] -- Installing: /home/azharanas17/setunggal_ws/install/turtlesim/share/turtlesim/cmake/rosidl_cmake_export_typesupport_targets-extras.cmake
[26.256s] -- Installing: /home/azharanas17/setunggal_ws/install/turtlesim/share/turtlesim/cmake/turtlesimConfig.cmake
[26.256s] -- Installing: /home/azharanas17/setunggal_ws/install/turtlesim/share/turtlesim/cmake/turtlesimConfig-version.cmake
[26.256s] -- Installing: /home/azharanas17/setunggal_ws/install/turtlesim/share/turtlesim/package.xml
[26.259s] Invoked command in '/home/azharanas17/setunggal_ws/build/turtlesim' returned '0': CMAKE_PREFIX_PATH=/opt/ros/foxy /usr/bin/cmake --install /home/azharanas17/setunggal_ws/build/turtlesim
