[0.012s] Invoking command in '/home/azharanas17/setunggal_ws/build/first_pubsub': AMENT_PREFIX_PATH=/home/azharanas17/setunggal_ws/install/first_interfaces:${AMENT_PREFIX_PATH} CMAKE_PREFIX_PATH=/home/azharanas17/setunggal_ws/install/first_interfaces:/opt/ros/foxy LD_LIBRARY_PATH=/home/azharanas17/setunggal_ws/install/first_interfaces/lib:${LD_LIBRARY_PATH} PYTHONPATH=/home/azharanas17/setunggal_ws/install/first_interfaces/lib/python3.8/site-packages:${PYTHONPATH} /usr/bin/cmake --build /home/azharanas17/setunggal_ws/build/first_pubsub -- -j4 -l4
[0.038s] -- Found ament_cmake: 0.9.9 (/opt/ros/foxy/share/ament_cmake/cmake)
[0.056s] -- Using PYTHON_EXECUTABLE: /usr/bin/python3
[0.189s] -- Found rclcpp: 2.4.1 (/opt/ros/foxy/share/rclcpp/cmake)
[0.227s] -- Using all available rosidl_typesupport_c: rosidl_typesupport_fastrtps_c;rosidl_typesupport_introspection_c
[0.230s] -- Found rosidl_adapter: 1.2.1 (/opt/ros/foxy/share/rosidl_adapter/cmake)
[0.328s] -- Using all available rosidl_typesupport_cpp: rosidl_typesupport_fastrtps_cpp;rosidl_typesupport_introspection_cpp
[0.372s] -- Found rmw_implementation_cmake: 1.0.3 (/opt/ros/foxy/share/rmw_implementation_cmake/cmake)
[0.373s] -- Using RMW implementation 'rmw_fastrtps_cpp' as default
[0.490s] -- Found first_interfaces: 0.0.0 (/home/azharanas17/setunggal_ws/install/first_interfaces/share/first_interfaces/cmake)
[0.498s] -- Found ament_lint_auto: 0.9.6 (/opt/ros/foxy/share/ament_lint_auto/cmake)
[0.550s] -- Added test 'copyright' to check source files copyright and LICENSE
[0.550s] -- Added test 'cppcheck' to perform static code analysis on C / C++ code
[0.550s] -- Configured cppcheck include dirs: 
[0.550s] -- Configured cppcheck exclude dirs and/or files: 
[0.551s] -- Added test 'cpplint' to check C / C++ code against the Google style
[0.551s] -- Configured cpplint exclude dirs and/or files: 
[0.552s] -- Added test 'lint_cmake' to check CMake code style
[0.552s] -- Added test 'uncrustify' to check C / C++ code style
[0.552s] -- Configured uncrustify additional arguments: 
[0.553s] -- Added test 'xmllint' to check XML markup files
[0.555s] -- Configuring done
[0.562s] -- Generating done
[0.562s] -- Build files have been written to: /home/azharanas17/setunggal_ws/build/first_pubsub
[0.581s] [35m[1mScanning dependencies of target listener[0m
[0.636s] [ 50%] [32mBuilding CXX object CMakeFiles/listener.dir/src/logger_node.cpp.o[0m
[0.832s] [01m[K/home/azharanas17/setunggal_ws/src/first_pubsub/src/logger_node.cpp:5:10:[m[K [01;31m[Kfatal error: [m[Kfirst_pubsub/include/first_pubsub/logger.hpp: No such file or directory
[0.832s]     5 | #include [01;31m[K"first_pubsub/include/first_pubsub/logger.hpp"[m[K
[0.832s]       |          [01;31m[K^~~~~~~~~~~~~~~~~~~~~~~~~~~~~~~~~~~~~~~~~~~~~~[m[K
[0.832s] compilation terminated.
[0.848s] make[2]: *** [CMakeFiles/listener.dir/build.make:63: CMakeFiles/listener.dir/src/logger_node.cpp.o] Error 1
[0.849s] make[1]: *** [CMakeFiles/Makefile2:78: CMakeFiles/listener.dir/all] Error 2
[0.849s] make: *** [Makefile:141: all] Error 2
[0.850s] Invoked command in '/home/azharanas17/setunggal_ws/build/first_pubsub' returned '2': AMENT_PREFIX_PATH=/home/azharanas17/setunggal_ws/install/first_interfaces:${AMENT_PREFIX_PATH} CMAKE_PREFIX_PATH=/home/azharanas17/setunggal_ws/install/first_interfaces:/opt/ros/foxy LD_LIBRARY_PATH=/home/azharanas17/setunggal_ws/install/first_interfaces/lib:${LD_LIBRARY_PATH} PYTHONPATH=/home/azharanas17/setunggal_ws/install/first_interfaces/lib/python3.8/site-packages:${PYTHONPATH} /usr/bin/cmake --build /home/azharanas17/setunggal_ws/build/first_pubsub -- -j4 -l4
