[0.017s] Invoking command in '/home/azharanas17/setunggal_ws/build/first_interfaces': CMAKE_PREFIX_PATH=${CMAKE_PREFIX_PATH}:/opt/ros/foxy /usr/bin/cmake --build /home/azharanas17/setunggal_ws/build/first_interfaces -- -j4 -l4
[0.063s] [  6%] Built target first_interfaces__cpp
[0.063s] [ 12%] Built target first_interfaces__rosidl_generator_c
[0.089s] [ 22%] Built target first_interfaces__rosidl_typesupport_c
[0.090s] [ 41%] Built target first_interfaces__rosidl_typesupport_cpp
[0.090s] [ 41%] Built target first_interfaces__rosidl_typesupport_introspection_cpp
[0.097s] [ 51%] Built target first_interfaces__rosidl_typesupport_fastrtps_cpp
[0.108s] [ 61%] Built target first_interfaces__rosidl_typesupport_introspection_c
[0.121s] [ 70%] Built target first_interfaces__rosidl_typesupport_fastrtps_c
[0.140s] [ 70%] Built target first_interfaces
[0.158s] [ 74%] Built target first_interfaces__py
[0.179s] [ 80%] Built target first_interfaces__python
[0.203s] [ 87%] Built target first_interfaces__rosidl_typesupport_c__pyext
[0.209s] [100%] Built target first_interfaces__rosidl_typesupport_introspection_c__pyext
[0.209s] [100%] Built target first_interfaces__rosidl_typesupport_fastrtps_c__pyext
[0.219s] Invoked command in '/home/azharanas17/setunggal_ws/build/first_interfaces' returned '0': CMAKE_PREFIX_PATH=${CMAKE_PREFIX_PATH}:/opt/ros/foxy /usr/bin/cmake --build /home/azharanas17/setunggal_ws/build/first_interfaces -- -j4 -l4
[0.275s] Invoking command in '/home/azharanas17/setunggal_ws/build/first_interfaces': CMAKE_PREFIX_PATH=${CMAKE_PREFIX_PATH}:/opt/ros/foxy /usr/bin/cmake --install /home/azharanas17/setunggal_ws/build/first_interfaces
[0.282s] -- Install configuration: ""
[0.283s] -- Up-to-date: /home/azharanas17/setunggal_ws/install/first_interfaces/share/ament_index/resource_index/rosidl_interfaces/first_interfaces
[0.283s] -- Up-to-date: /home/azharanas17/setunggal_ws/install/first_interfaces/include/first_interfaces
[0.283s] -- Up-to-date: /home/azharanas17/setunggal_ws/install/first_interfaces/include/first_interfaces/msg
[0.283s] -- Up-to-date: /home/azharanas17/setunggal_ws/install/first_interfaces/include/first_interfaces/msg/log.h
[0.283s] -- Up-to-date: /home/azharanas17/setunggal_ws/install/first_interfaces/include/first_interfaces/msg/detail
[0.283s] -- Up-to-date: /home/azharanas17/setunggal_ws/install/first_interfaces/include/first_interfaces/msg/detail/log__functions.h
[0.283s] -- Up-to-date: /home/azharanas17/setunggal_ws/install/first_interfaces/include/first_interfaces/msg/detail/log__struct.h
[0.283s] -- Up-to-date: /home/azharanas17/setunggal_ws/install/first_interfaces/include/first_interfaces/msg/detail/log__functions.c
[0.283s] -- Up-to-date: /home/azharanas17/setunggal_ws/install/first_interfaces/include/first_interfaces/msg/detail/log__type_support.h
[0.283s] -- Up-to-date: /home/azharanas17/setunggal_ws/install/first_interfaces/include/first_interfaces/msg/rosidl_generator_c__visibility_control.h
[0.283s] -- Up-to-date: /home/azharanas17/setunggal_ws/install/first_interfaces/share/first_interfaces/environment/library_path.sh
[0.283s] -- Up-to-date: /home/azharanas17/setunggal_ws/install/first_interfaces/share/first_interfaces/environment/library_path.dsv
[0.283s] -- Up-to-date: /home/azharanas17/setunggal_ws/install/first_interfaces/lib/libfirst_interfaces__rosidl_generator_c.so
[0.284s] -- Up-to-date: /home/azharanas17/setunggal_ws/install/first_interfaces/include/first_interfaces
[0.284s] -- Up-to-date: /home/azharanas17/setunggal_ws/install/first_interfaces/include/first_interfaces/msg
[0.284s] -- Up-to-date: /home/azharanas17/setunggal_ws/install/first_interfaces/include/first_interfaces/msg/rosidl_typesupport_fastrtps_c__visibility_control.h
[0.284s] -- Up-to-date: /home/azharanas17/setunggal_ws/install/first_interfaces/include/first_interfaces/msg/detail
[0.284s] -- Up-to-date: /home/azharanas17/setunggal_ws/install/first_interfaces/include/first_interfaces/msg/detail/log__rosidl_typesupport_fastrtps_c.h
[0.284s] -- Up-to-date: /home/azharanas17/setunggal_ws/install/first_interfaces/lib/libfirst_interfaces__rosidl_typesupport_fastrtps_c.so
[0.284s] -- Up-to-date: /home/azharanas17/setunggal_ws/install/first_interfaces/include/first_interfaces
[0.284s] -- Up-to-date: /home/azharanas17/setunggal_ws/install/first_interfaces/include/first_interfaces/msg
[0.284s] -- Up-to-date: /home/azharanas17/setunggal_ws/install/first_interfaces/include/first_interfaces/msg/rosidl_typesupport_fastrtps_cpp__visibility_control.h
[0.284s] -- Up-to-date: /home/azharanas17/setunggal_ws/install/first_interfaces/include/first_interfaces/msg/detail
[0.284s] -- Up-to-date: /home/azharanas17/setunggal_ws/install/first_interfaces/include/first_interfaces/msg/detail/dds_fastrtps
[0.284s] -- Up-to-date: /home/azharanas17/setunggal_ws/install/first_interfaces/include/first_interfaces/msg/detail/log__rosidl_typesupport_fastrtps_cpp.hpp
[0.285s] -- Up-to-date: /home/azharanas17/setunggal_ws/install/first_interfaces/lib/libfirst_interfaces__rosidl_typesupport_fastrtps_cpp.so
[0.285s] -- Up-to-date: /home/azharanas17/setunggal_ws/install/first_interfaces/include/first_interfaces
[0.285s] -- Up-to-date: /home/azharanas17/setunggal_ws/install/first_interfaces/include/first_interfaces/msg
[0.285s] -- Up-to-date: /home/azharanas17/setunggal_ws/install/first_interfaces/include/first_interfaces/msg/rosidl_typesupport_introspection_c__visibility_control.h
[0.285s] -- Up-to-date: /home/azharanas17/setunggal_ws/install/first_interfaces/include/first_interfaces/msg/detail
[0.285s] -- Up-to-date: /home/azharanas17/setunggal_ws/install/first_interfaces/include/first_interfaces/msg/detail/log__type_support.c
[0.285s] -- Up-to-date: /home/azharanas17/setunggal_ws/install/first_interfaces/include/first_interfaces/msg/detail/log__rosidl_typesupport_introspection_c.h
[0.285s] -- Up-to-date: /home/azharanas17/setunggal_ws/install/first_interfaces/lib/libfirst_interfaces__rosidl_typesupport_introspection_c.so
[0.285s] -- Up-to-date: /home/azharanas17/setunggal_ws/install/first_interfaces/lib/libfirst_interfaces__rosidl_typesupport_c.so
[0.285s] -- Up-to-date: /home/azharanas17/setunggal_ws/install/first_interfaces/include/first_interfaces
[0.285s] -- Up-to-date: /home/azharanas17/setunggal_ws/install/first_interfaces/include/first_interfaces/msg
[0.285s] -- Up-to-date: /home/azharanas17/setunggal_ws/install/first_interfaces/include/first_interfaces/msg/log.hpp
[0.285s] -- Up-to-date: /home/azharanas17/setunggal_ws/install/first_interfaces/include/first_interfaces/msg/detail
[0.285s] -- Up-to-date: /home/azharanas17/setunggal_ws/install/first_interfaces/include/first_interfaces/msg/detail/log__builder.hpp
[0.285s] -- Up-to-date: /home/azharanas17/setunggal_ws/install/first_interfaces/include/first_interfaces/msg/detail/log__traits.hpp
[0.286s] -- Up-to-date: /home/azharanas17/setunggal_ws/install/first_interfaces/include/first_interfaces/msg/detail/log__struct.hpp
[0.286s] -- Up-to-date: /home/azharanas17/setunggal_ws/install/first_interfaces/include/first_interfaces
[0.286s] -- Up-to-date: /home/azharanas17/setunggal_ws/install/first_interfaces/include/first_interfaces/msg
[0.286s] -- Up-to-date: /home/azharanas17/setunggal_ws/install/first_interfaces/include/first_interfaces/msg/detail
[0.286s] -- Up-to-date: /home/azharanas17/setunggal_ws/install/first_interfaces/include/first_interfaces/msg/detail/log__type_support.cpp
[0.286s] -- Up-to-date: /home/azharanas17/setunggal_ws/install/first_interfaces/include/first_interfaces/msg/detail/log__rosidl_typesupport_introspection_cpp.hpp
[0.286s] -- Up-to-date: /home/azharanas17/setunggal_ws/install/first_interfaces/lib/libfirst_interfaces__rosidl_typesupport_introspection_cpp.so
[0.286s] -- Up-to-date: /home/azharanas17/setunggal_ws/install/first_interfaces/lib/libfirst_interfaces__rosidl_typesupport_cpp.so
[0.286s] -- Up-to-date: /home/azharanas17/setunggal_ws/install/first_interfaces/share/first_interfaces/environment/pythonpath.sh
[0.286s] -- Up-to-date: /home/azharanas17/setunggal_ws/install/first_interfaces/share/first_interfaces/environment/pythonpath.dsv
[0.286s] -- Up-to-date: /home/azharanas17/setunggal_ws/install/first_interfaces/lib/python3.8/site-packages/first_interfaces/__init__.py
[0.313s] -- Up-to-date: /home/azharanas17/setunggal_ws/install/first_interfaces/lib/python3.8/site-packages/first_interfaces/msg
[0.313s] -- Up-to-date: /home/azharanas17/setunggal_ws/install/first_interfaces/lib/python3.8/site-packages/first_interfaces/msg/__init__.py
[0.313s] -- Up-to-date: /home/azharanas17/setunggal_ws/install/first_interfaces/lib/python3.8/site-packages/first_interfaces/msg/_log.py
[0.313s] -- Up-to-date: /home/azharanas17/setunggal_ws/install/first_interfaces/lib/python3.8/site-packages/first_interfaces/msg/_log_s.c
[0.313s] -- Up-to-date: /home/azharanas17/setunggal_ws/install/first_interfaces/lib/python3.8/site-packages/first_interfaces/first_interfaces_s__rosidl_typesupport_fastrtps_c.cpython-38-x86_64-linux-gnu.so
[0.314s] -- Up-to-date: /home/azharanas17/setunggal_ws/install/first_interfaces/lib/python3.8/site-packages/first_interfaces/first_interfaces_s__rosidl_typesupport_introspection_c.cpython-38-x86_64-linux-gnu.so
[0.314s] -- Up-to-date: /home/azharanas17/setunggal_ws/install/first_interfaces/lib/python3.8/site-packages/first_interfaces/first_interfaces_s__rosidl_typesupport_c.cpython-38-x86_64-linux-gnu.so
[0.314s] -- Up-to-date: /home/azharanas17/setunggal_ws/install/first_interfaces/lib/libfirst_interfaces__python.so
[0.315s] -- Up-to-date: /home/azharanas17/setunggal_ws/install/first_interfaces/share/first_interfaces/msg/Log.idl
[0.315s] -- Up-to-date: /home/azharanas17/setunggal_ws/install/first_interfaces/share/first_interfaces/msg/Log.msg
[0.315s] -- Up-to-date: /home/azharanas17/setunggal_ws/install/first_interfaces/share/ament_index/resource_index/package_run_dependencies/first_interfaces
[0.315s] -- Up-to-date: /home/azharanas17/setunggal_ws/install/first_interfaces/share/ament_index/resource_index/parent_prefix_path/first_interfaces
[0.315s] -- Up-to-date: /home/azharanas17/setunggal_ws/install/first_interfaces/share/first_interfaces/environment/ament_prefix_path.sh
[0.315s] -- Up-to-date: /home/azharanas17/setunggal_ws/install/first_interfaces/share/first_interfaces/environment/ament_prefix_path.dsv
[0.315s] -- Up-to-date: /home/azharanas17/setunggal_ws/install/first_interfaces/share/first_interfaces/environment/path.sh
[0.315s] -- Up-to-date: /home/azharanas17/setunggal_ws/install/first_interfaces/share/first_interfaces/environment/path.dsv
[0.315s] -- Up-to-date: /home/azharanas17/setunggal_ws/install/first_interfaces/share/first_interfaces/local_setup.bash
[0.315s] -- Up-to-date: /home/azharanas17/setunggal_ws/install/first_interfaces/share/first_interfaces/local_setup.sh
[0.315s] -- Up-to-date: /home/azharanas17/setunggal_ws/install/first_interfaces/share/first_interfaces/local_setup.zsh
[0.316s] -- Up-to-date: /home/azharanas17/setunggal_ws/install/first_interfaces/share/first_interfaces/local_setup.dsv
[0.316s] -- Installing: /home/azharanas17/setunggal_ws/install/first_interfaces/share/first_interfaces/package.dsv
[0.316s] -- Up-to-date: /home/azharanas17/setunggal_ws/install/first_interfaces/share/ament_index/resource_index/packages/first_interfaces
[0.316s] -- Up-to-date: /home/azharanas17/setunggal_ws/install/first_interfaces/share/first_interfaces/cmake/first_interfaces__rosidl_generator_cExport.cmake
[0.316s] -- Up-to-date: /home/azharanas17/setunggal_ws/install/first_interfaces/share/first_interfaces/cmake/first_interfaces__rosidl_generator_cExport-noconfig.cmake
[0.316s] -- Up-to-date: /home/azharanas17/setunggal_ws/install/first_interfaces/share/first_interfaces/cmake/first_interfaces__rosidl_typesupport_introspection_cExport.cmake
[0.316s] -- Up-to-date: /home/azharanas17/setunggal_ws/install/first_interfaces/share/first_interfaces/cmake/first_interfaces__rosidl_typesupport_introspection_cExport-noconfig.cmake
[0.316s] -- Up-to-date: /home/azharanas17/setunggal_ws/install/first_interfaces/share/first_interfaces/cmake/first_interfaces__rosidl_typesupport_cExport.cmake
[0.316s] -- Up-to-date: /home/azharanas17/setunggal_ws/install/first_interfaces/share/first_interfaces/cmake/first_interfaces__rosidl_typesupport_cExport-noconfig.cmake
[0.316s] -- Up-to-date: /home/azharanas17/setunggal_ws/install/first_interfaces/share/first_interfaces/cmake/first_interfaces__rosidl_generator_cppExport.cmake
[0.317s] -- Up-to-date: /home/azharanas17/setunggal_ws/install/first_interfaces/share/first_interfaces/cmake/first_interfaces__rosidl_typesupport_introspection_cppExport.cmake
[0.317s] -- Up-to-date: /home/azharanas17/setunggal_ws/install/first_interfaces/share/first_interfaces/cmake/first_interfaces__rosidl_typesupport_introspection_cppExport-noconfig.cmake
[0.317s] -- Up-to-date: /home/azharanas17/setunggal_ws/install/first_interfaces/share/first_interfaces/cmake/first_interfaces__rosidl_typesupport_cppExport.cmake
[0.317s] -- Up-to-date: /home/azharanas17/setunggal_ws/install/first_interfaces/share/first_interfaces/cmake/first_interfaces__rosidl_typesupport_cppExport-noconfig.cmake
[0.317s] -- Up-to-date: /home/azharanas17/setunggal_ws/install/first_interfaces/share/first_interfaces/cmake/rosidl_cmake-extras.cmake
[0.317s] -- Up-to-date: /home/azharanas17/setunggal_ws/install/first_interfaces/share/first_interfaces/cmake/ament_cmake_export_dependencies-extras.cmake
[0.317s] -- Up-to-date: /home/azharanas17/setunggal_ws/install/first_interfaces/share/first_interfaces/cmake/ament_cmake_export_libraries-extras.cmake
[0.317s] -- Up-to-date: /home/azharanas17/setunggal_ws/install/first_interfaces/share/first_interfaces/cmake/ament_cmake_export_targets-extras.cmake
[0.317s] -- Up-to-date: /home/azharanas17/setunggal_ws/install/first_interfaces/share/first_interfaces/cmake/ament_cmake_export_include_directories-extras.cmake
[0.318s] -- Up-to-date: /home/azharanas17/setunggal_ws/install/first_interfaces/share/first_interfaces/cmake/rosidl_cmake_export_typesupport_libraries-extras.cmake
[0.318s] -- Up-to-date: /home/azharanas17/setunggal_ws/install/first_interfaces/share/first_interfaces/cmake/rosidl_cmake_export_typesupport_targets-extras.cmake
[0.318s] -- Up-to-date: /home/azharanas17/setunggal_ws/install/first_interfaces/share/first_interfaces/cmake/first_interfacesConfig.cmake
[0.318s] -- Up-to-date: /home/azharanas17/setunggal_ws/install/first_interfaces/share/first_interfaces/cmake/first_interfacesConfig-version.cmake
[0.318s] -- Up-to-date: /home/azharanas17/setunggal_ws/install/first_interfaces/share/first_interfaces/package.xml
[0.320s] Invoked command in '/home/azharanas17/setunggal_ws/build/first_interfaces' returned '0': CMAKE_PREFIX_PATH=${CMAKE_PREFIX_PATH}:/opt/ros/foxy /usr/bin/cmake --install /home/azharanas17/setunggal_ws/build/first_interfaces
