-- Found ament_cmake: 0.9.9 (/opt/ros/foxy/share/ament_cmake/cmake)
-- Using PYTHON_EXECUTABLE: /usr/bin/python3
-- Found rclcpp: 2.4.1 (/opt/ros/foxy/share/rclcpp/cmake)
-- Using all available rosidl_typesupport_c: rosidl_typesupport_fastrtps_c;rosidl_typesupport_introspection_c
-- Found rosidl_adapter: 1.2.1 (/opt/ros/foxy/share/rosidl_adapter/cmake)
-- Using all available rosidl_typesupport_cpp: rosidl_typesupport_fastrtps_cpp;rosidl_typesupport_introspection_cpp
-- Found rmw_implementation_cmake: 1.0.3 (/opt/ros/foxy/share/rmw_implementation_cmake/cmake)
-- Using RMW implementation 'rmw_fastrtps_cpp' as default
-- Found first_interfaces: 0.0.0 (/home/azharanas17/setunggal_ws/install/first_interfaces/share/first_interfaces/cmake)
-- Found first_pubsub: 0.0.0 (/home/azharanas17/setunggal_ws/install/first_pubsub/share/first_pubsub/cmake)
CMake Error at CMakeLists.txt:49 (target_include_directories):
  Cannot specify include directories for target "logger" which is not built
  by this project.


CMake Error at CMakeLists.txt:52 (target_link_libraries):
  Cannot specify link libraries for target "logger" which is not built by
  this project.


-- Configuring incomplete, errors occurred!
See also "/home/azharanas17/setunggal_ws/build/first_pubsub/CMakeFiles/CMakeOutput.log".
See also "/home/azharanas17/setunggal_ws/build/first_pubsub/CMakeFiles/CMakeError.log".
make: *** [Makefile:370: cmake_check_build_system] Error 1
