[0.010s] Invoking command in '/home/azharanas17/setunggal_ws/build/first_pubsub': CMAKE_PREFIX_PATH=/home/azharanas17/setunggal_ws/install/first_interfaces:/home/azharanas17/setunggal_ws/install/turtlesim:/home/azharanas17/setunggal_ws/install/first_pubsub:/home/azharanas17/dev_ws/install/cpp_srvcli:/home/azharanas17/dev_ws/install/cpp_pubsub:/home/azharanas17/dev_ws/install/tutorial_interfaces:/home/azharanas17/dev_ws/install/turtlesim:/home/azharanas17/dev_ws/install/my_package:/home/azharanas17/dev_ws/install/more_interfaces:/home/azharanas17/dev_ws/install/first_interfaces:/home/azharanas17/dev_ws/install/cpp_parameters:/opt/ros/foxy LD_LIBRARY_PATH=/home/azharanas17/setunggal_ws/install/first_interfaces/lib:/home/azharanas17/setunggal_ws/install/turtlesim/lib:/home/azharanas17/setunggal_ws/install/first_pubsub/lib:/home/azharanas17/dev_ws/install/tutorial_interfaces/lib:/home/azharanas17/dev_ws/install/turtlesim/lib:/home/azharanas17/dev_ws/install/more_interfaces/lib:/home/azharanas17/dev_ws/install/first_interfaces/lib:/opt/ros/foxy/opt/yaml_cpp_vendor/lib:/opt/ros/foxy/opt/rviz_ogre_vendor/lib:/opt/ros/foxy/lib/x86_64-linux-gnu:/opt/ros/foxy/lib PYTHONPATH=/home/azharanas17/setunggal_ws/install/first_interfaces/lib/python3.8/site-packages:/home/azharanas17/setunggal_ws/install/turtlesim/lib/python3.8/site-packages:/home/azharanas17/dev_ws/install/tutorial_interfaces/lib/python3.8/site-packages:/home/azharanas17/dev_ws/install/turtlesim/lib/python3.8/site-packages:/home/azharanas17/dev_ws/install/more_interfaces/lib/python3.8/site-packages:/home/azharanas17/dev_ws/install/first_interfaces/lib/python3.8/site-packages:/opt/ros/foxy/lib/python3.8/site-packages /usr/bin/cmake --build /home/azharanas17/setunggal_ws/build/first_pubsub -- -j4 -l4
[0.040s] -- Found ament_cmake: 0.9.9 (/opt/ros/foxy/share/ament_cmake/cmake)
[0.060s] -- Using PYTHON_EXECUTABLE: /usr/bin/python3
[0.198s] -- Found rclcpp: 2.4.1 (/opt/ros/foxy/share/rclcpp/cmake)
[0.237s] -- Using all available rosidl_typesupport_c: rosidl_typesupport_fastrtps_c;rosidl_typesupport_introspection_c
[0.240s] -- Found rosidl_adapter: 1.2.1 (/opt/ros/foxy/share/rosidl_adapter/cmake)
[0.349s] -- Using all available rosidl_typesupport_cpp: rosidl_typesupport_fastrtps_cpp;rosidl_typesupport_introspection_cpp
[0.397s] -- Found rmw_implementation_cmake: 1.0.3 (/opt/ros/foxy/share/rmw_implementation_cmake/cmake)
[0.399s] -- Using RMW implementation 'rmw_fastrtps_cpp' as default
[0.515s] -- Found first_interfaces: 0.0.0 (/home/azharanas17/setunggal_ws/install/first_interfaces/share/first_interfaces/cmake)
[0.521s] -- Found first_pubsub: 0.0.0 (/home/azharanas17/setunggal_ws/install/first_pubsub/share/first_pubsub/cmake)
[0.524s] CMake Error at CMakeLists.txt:49 (target_include_directories):
[0.524s]   Cannot specify include directories for target "logger" which is not built
[0.524s]   by this project.
[0.524s] 
[0.524s] 
[0.524s] CMake Error at CMakeLists.txt:52 (target_link_libraries):
[0.524s]   Cannot specify link libraries for target "logger" which is not built by
[0.524s]   this project.
[0.524s] 
[0.524s] 
[0.525s] -- Configuring incomplete, errors occurred!
[0.525s] See also "/home/azharanas17/setunggal_ws/build/first_pubsub/CMakeFiles/CMakeOutput.log".
[0.525s] See also "/home/azharanas17/setunggal_ws/build/first_pubsub/CMakeFiles/CMakeError.log".
[0.530s] make: *** [Makefile:370: cmake_check_build_system] Error 1
[0.532s] Invoked command in '/home/azharanas17/setunggal_ws/build/first_pubsub' returned '2': CMAKE_PREFIX_PATH=/home/azharanas17/setunggal_ws/install/first_interfaces:/home/azharanas17/setunggal_ws/install/turtlesim:/home/azharanas17/setunggal_ws/install/first_pubsub:/home/azharanas17/dev_ws/install/cpp_srvcli:/home/azharanas17/dev_ws/install/cpp_pubsub:/home/azharanas17/dev_ws/install/tutorial_interfaces:/home/azharanas17/dev_ws/install/turtlesim:/home/azharanas17/dev_ws/install/my_package:/home/azharanas17/dev_ws/install/more_interfaces:/home/azharanas17/dev_ws/install/first_interfaces:/home/azharanas17/dev_ws/install/cpp_parameters:/opt/ros/foxy LD_LIBRARY_PATH=/home/azharanas17/setunggal_ws/install/first_interfaces/lib:/home/azharanas17/setunggal_ws/install/turtlesim/lib:/home/azharanas17/setunggal_ws/install/first_pubsub/lib:/home/azharanas17/dev_ws/install/tutorial_interfaces/lib:/home/azharanas17/dev_ws/install/turtlesim/lib:/home/azharanas17/dev_ws/install/more_interfaces/lib:/home/azharanas17/dev_ws/install/first_interfaces/lib:/opt/ros/foxy/opt/yaml_cpp_vendor/lib:/opt/ros/foxy/opt/rviz_ogre_vendor/lib:/opt/ros/foxy/lib/x86_64-linux-gnu:/opt/ros/foxy/lib PYTHONPATH=/home/azharanas17/setunggal_ws/install/first_interfaces/lib/python3.8/site-packages:/home/azharanas17/setunggal_ws/install/turtlesim/lib/python3.8/site-packages:/home/azharanas17/dev_ws/install/tutorial_interfaces/lib/python3.8/site-packages:/home/azharanas17/dev_ws/install/turtlesim/lib/python3.8/site-packages:/home/azharanas17/dev_ws/install/more_interfaces/lib/python3.8/site-packages:/home/azharanas17/dev_ws/install/first_interfaces/lib/python3.8/site-packages:/opt/ros/foxy/lib/python3.8/site-packages /usr/bin/cmake --build /home/azharanas17/setunggal_ws/build/first_pubsub -- -j4 -l4
