[01m[K/home/azharanas17/setunggal_ws/src/first_pubsub/src/logger_sub_node.cpp:[m[K In member function ‘[01m[Kvoid LoggerSub::topic_callback(first_interfaces::msg::Log_<std::allocator<void> >::SharedPtr) const[m[K’:
[01m[K/home/azharanas17/setunggal_ws/src/first_pubsub/src/logger_sub_node.cpp:36:9:[m[K [01;31m[Kerror: [m[K‘[01m[Kstring[m[K’ was not declared in this scope
   36 |         [01;31m[Kstring[m[K level_log = msg->level;
      |         [01;31m[K^~~~~~[m[K
[01m[K/home/azharanas17/setunggal_ws/src/first_pubsub/src/logger_sub_node.cpp:36:9:[m[K [01;36m[Knote: [m[Ksuggested alternatives:
In file included from [01m[K/usr/include/c++/9/iosfwd:39[m[K,
                 from [01m[K/usr/include/c++/9/ios:38[m[K,
                 from [01m[K/usr/include/c++/9/ostream:38[m[K,
                 from [01m[K/usr/include/c++/9/iostream:39[m[K,
                 from [01m[K/home/azharanas17/setunggal_ws/src/first_pubsub/src/logger_sub_node.cpp:1[m[K:
[01m[K/usr/include/c++/9/bits/stringfwd.h:79:33:[m[K [01;36m[Knote: [m[K  ‘[01m[Kstd::string[m[K’
   79 |   typedef basic_string<char>    [01;36m[Kstring[m[K;
      |                                 [01;36m[K^~~~~~[m[K
In file included from [01m[K/usr/include/nlohmann/detail/conversions/from_json.hpp:20[m[K,
                 from [01m[K/usr/include/nlohmann/adl_serializer.hpp:5[m[K,
                 from [01m[K/usr/include/nlohmann/json.hpp:51[m[K,
                 from [01m[K/home/azharanas17/setunggal_ws/src/first_pubsub/src/logger_sub_node.cpp:5[m[K:
[01m[K/usr/include/nlohmann/detail/value_t.hpp:46:5:[m[K [01;36m[Knote: [m[K  ‘[01m[Knlohmann::detail::value_t::string[m[K’
   46 |     [01;36m[Kstring[m[K,           ///< string value
      |     [01;36m[K^~~~~~[m[K
[01m[K/home/azharanas17/setunggal_ws/src/first_pubsub/src/logger_sub_node.cpp:38:12:[m[K [01;31m[Kerror: [m[K‘[01m[Klevel_log[m[K’ was not declared in this scope
   38 |         if([01;31m[Klevel_log[m[K >= INFO)
      |            [01;31m[K^~~~~~~~~[m[K
make[2]: *** [CMakeFiles/first_pubsub.dir/build.make:76: CMakeFiles/first_pubsub.dir/src/logger_sub_node.cpp.o] Error 1
make[1]: *** [CMakeFiles/Makefile2:136: CMakeFiles/first_pubsub.dir/all] Error 2
make: *** [Makefile:141: all] Error 2
