[0.014s] Invoking command in '/home/azharanas17/setunggal_ws/build/first_interfaces': CMAKE_PREFIX_PATH=/opt/ros/foxy /usr/bin/cmake --build /home/azharanas17/setunggal_ws/build/first_interfaces -- -j4 -l4
[0.107s] [  3%] Built target first_interfaces__cpp
[0.108s] [ 12%] Built target first_interfaces__rosidl_generator_c
[0.142s] [ 22%] Built target first_interfaces__rosidl_typesupport_cpp
[0.144s] [ 32%] Built target first_interfaces__rosidl_typesupport_introspection_c
[0.154s] [ 41%] Built target first_interfaces__rosidl_typesupport_introspection_cpp
[0.161s] [ 51%] Built target first_interfaces__rosidl_typesupport_fastrtps_cpp
[0.172s] [ 61%] Built target first_interfaces__rosidl_typesupport_c
[0.187s] [ 70%] Built target first_interfaces__rosidl_typesupport_fastrtps_c
[0.203s] [ 70%] Built target first_interfaces
[0.220s] [ 74%] Built target first_interfaces__py
[0.249s] [ 80%] Built target first_interfaces__python
[0.277s] [ 87%] Built target first_interfaces__rosidl_typesupport_fastrtps_c__pyext
[0.278s] [ 93%] Built target first_interfaces__rosidl_typesupport_c__pyext
[0.279s] [100%] Built target first_interfaces__rosidl_typesupport_introspection_c__pyext
[0.289s] Invoked command in '/home/azharanas17/setunggal_ws/build/first_interfaces' returned '0': CMAKE_PREFIX_PATH=/opt/ros/foxy /usr/bin/cmake --build /home/azharanas17/setunggal_ws/build/first_interfaces -- -j4 -l4
[0.332s] Invoking command in '/home/azharanas17/setunggal_ws/build/first_interfaces': CMAKE_PREFIX_PATH=/opt/ros/foxy /usr/bin/cmake --install /home/azharanas17/setunggal_ws/build/first_interfaces
[0.340s] -- Install configuration: ""
[0.340s] -- Up-to-date: /home/azharanas17/setunggal_ws/install/first_interfaces/share/ament_index/resource_index/rosidl_interfaces/first_interfaces
[0.340s] -- Up-to-date: /home/azharanas17/setunggal_ws/install/first_interfaces/include/first_interfaces
[0.340s] -- Up-to-date: /home/azharanas17/setunggal_ws/install/first_interfaces/include/first_interfaces/msg
[0.341s] -- Up-to-date: /home/azharanas17/setunggal_ws/install/first_interfaces/include/first_interfaces/msg/log.h
[0.341s] -- Up-to-date: /home/azharanas17/setunggal_ws/install/first_interfaces/include/first_interfaces/msg/detail
[0.341s] -- Up-to-date: /home/azharanas17/setunggal_ws/install/first_interfaces/include/first_interfaces/msg/detail/log__functions.h
[0.341s] -- Up-to-date: /home/azharanas17/setunggal_ws/install/first_interfaces/include/first_interfaces/msg/detail/log__struct.h
[0.341s] -- Up-to-date: /home/azharanas17/setunggal_ws/install/first_interfaces/include/first_interfaces/msg/detail/log__functions.c
[0.341s] -- Up-to-date: /home/azharanas17/setunggal_ws/install/first_interfaces/include/first_interfaces/msg/detail/log__type_support.h
[0.341s] -- Up-to-date: /home/azharanas17/setunggal_ws/install/first_interfaces/include/first_interfaces/msg/rosidl_generator_c__visibility_control.h
[0.341s] -- Up-to-date: /home/azharanas17/setunggal_ws/install/first_interfaces/share/first_interfaces/environment/library_path.sh
[0.341s] -- Up-to-date: /home/azharanas17/setunggal_ws/install/first_interfaces/share/first_interfaces/environment/library_path.dsv
[0.342s] -- Up-to-date: /home/azharanas17/setunggal_ws/install/first_interfaces/lib/libfirst_interfaces__rosidl_generator_c.so
[0.342s] -- Up-to-date: /home/azharanas17/setunggal_ws/install/first_interfaces/include/first_interfaces
[0.342s] -- Up-to-date: /home/azharanas17/setunggal_ws/install/first_interfaces/include/first_interfaces/msg
[0.342s] -- Up-to-date: /home/azharanas17/setunggal_ws/install/first_interfaces/include/first_interfaces/msg/rosidl_typesupport_fastrtps_c__visibility_control.h
[0.342s] -- Up-to-date: /home/azharanas17/setunggal_ws/install/first_interfaces/include/first_interfaces/msg/detail
[0.342s] -- Up-to-date: /home/azharanas17/setunggal_ws/install/first_interfaces/include/first_interfaces/msg/detail/log__rosidl_typesupport_fastrtps_c.h
[0.342s] -- Up-to-date: /home/azharanas17/setunggal_ws/install/first_interfaces/lib/libfirst_interfaces__rosidl_typesupport_fastrtps_c.so
[0.343s] -- Up-to-date: /home/azharanas17/setunggal_ws/install/first_interfaces/include/first_interfaces
[0.343s] -- Up-to-date: /home/azharanas17/setunggal_ws/install/first_interfaces/include/first_interfaces/msg
[0.343s] -- Up-to-date: /home/azharanas17/setunggal_ws/install/first_interfaces/include/first_interfaces/msg/rosidl_typesupport_fastrtps_cpp__visibility_control.h
[0.343s] -- Up-to-date: /home/azharanas17/setunggal_ws/install/first_interfaces/include/first_interfaces/msg/detail
[0.343s] -- Up-to-date: /home/azharanas17/setunggal_ws/install/first_interfaces/include/first_interfaces/msg/detail/dds_fastrtps
[0.343s] -- Up-to-date: /home/azharanas17/setunggal_ws/install/first_interfaces/include/first_interfaces/msg/detail/log__rosidl_typesupport_fastrtps_cpp.hpp
[0.343s] -- Up-to-date: /home/azharanas17/setunggal_ws/install/first_interfaces/lib/libfirst_interfaces__rosidl_typesupport_fastrtps_cpp.so
[0.343s] -- Up-to-date: /home/azharanas17/setunggal_ws/install/first_interfaces/include/first_interfaces
[0.343s] -- Up-to-date: /home/azharanas17/setunggal_ws/install/first_interfaces/include/first_interfaces/msg
[0.343s] -- Up-to-date: /home/azharanas17/setunggal_ws/install/first_interfaces/include/first_interfaces/msg/rosidl_typesupport_introspection_c__visibility_control.h
[0.343s] -- Up-to-date: /home/azharanas17/setunggal_ws/install/first_interfaces/include/first_interfaces/msg/detail
[0.343s] -- Up-to-date: /home/azharanas17/setunggal_ws/install/first_interfaces/include/first_interfaces/msg/detail/log__type_support.c
[0.343s] -- Up-to-date: /home/azharanas17/setunggal_ws/install/first_interfaces/include/first_interfaces/msg/detail/log__rosidl_typesupport_introspection_c.h
[0.344s] -- Up-to-date: /home/azharanas17/setunggal_ws/install/first_interfaces/lib/libfirst_interfaces__rosidl_typesupport_introspection_c.so
[0.344s] -- Up-to-date: /home/azharanas17/setunggal_ws/install/first_interfaces/lib/libfirst_interfaces__rosidl_typesupport_c.so
[0.345s] -- Up-to-date: /home/azharanas17/setunggal_ws/install/first_interfaces/include/first_interfaces
[0.345s] -- Up-to-date: /home/azharanas17/setunggal_ws/install/first_interfaces/include/first_interfaces/msg
[0.345s] -- Up-to-date: /home/azharanas17/setunggal_ws/install/first_interfaces/include/first_interfaces/msg/log.hpp
[0.345s] -- Up-to-date: /home/azharanas17/setunggal_ws/install/first_interfaces/include/first_interfaces/msg/detail
[0.345s] -- Up-to-date: /home/azharanas17/setunggal_ws/install/first_interfaces/include/first_interfaces/msg/detail/log__builder.hpp
[0.345s] -- Up-to-date: /home/azharanas17/setunggal_ws/install/first_interfaces/include/first_interfaces/msg/detail/log__traits.hpp
[0.345s] -- Up-to-date: /home/azharanas17/setunggal_ws/install/first_interfaces/include/first_interfaces/msg/detail/log__struct.hpp
[0.345s] -- Up-to-date: /home/azharanas17/setunggal_ws/install/first_interfaces/include/first_interfaces
[0.345s] -- Up-to-date: /home/azharanas17/setunggal_ws/install/first_interfaces/include/first_interfaces/msg
[0.345s] -- Up-to-date: /home/azharanas17/setunggal_ws/install/first_interfaces/include/first_interfaces/msg/detail
[0.345s] -- Up-to-date: /home/azharanas17/setunggal_ws/install/first_interfaces/include/first_interfaces/msg/detail/log__type_support.cpp
[0.345s] -- Up-to-date: /home/azharanas17/setunggal_ws/install/first_interfaces/include/first_interfaces/msg/detail/log__rosidl_typesupport_introspection_cpp.hpp
[0.346s] -- Up-to-date: /home/azharanas17/setunggal_ws/install/first_interfaces/lib/libfirst_interfaces__rosidl_typesupport_introspection_cpp.so
[0.346s] -- Up-to-date: /home/azharanas17/setunggal_ws/install/first_interfaces/lib/libfirst_interfaces__rosidl_typesupport_cpp.so
[0.346s] -- Up-to-date: /home/azharanas17/setunggal_ws/install/first_interfaces/share/first_interfaces/environment/pythonpath.sh
[0.346s] -- Up-to-date: /home/azharanas17/setunggal_ws/install/first_interfaces/share/first_interfaces/environment/pythonpath.dsv
[0.346s] -- Up-to-date: /home/azharanas17/setunggal_ws/install/first_interfaces/lib/python3.8/site-packages/first_interfaces/__init__.py
[0.372s] -- Up-to-date: /home/azharanas17/setunggal_ws/install/first_interfaces/lib/python3.8/site-packages/first_interfaces/msg
[0.373s] -- Up-to-date: /home/azharanas17/setunggal_ws/install/first_interfaces/lib/python3.8/site-packages/first_interfaces/msg/__init__.py
[0.373s] -- Up-to-date: /home/azharanas17/setunggal_ws/install/first_interfaces/lib/python3.8/site-packages/first_interfaces/msg/_log.py
[0.373s] -- Up-to-date: /home/azharanas17/setunggal_ws/install/first_interfaces/lib/python3.8/site-packages/first_interfaces/msg/_log_s.c
[0.374s] -- Up-to-date: /home/azharanas17/setunggal_ws/install/first_interfaces/lib/python3.8/site-packages/first_interfaces/first_interfaces_s__rosidl_typesupport_fastrtps_c.cpython-38-x86_64-linux-gnu.so
[0.374s] -- Up-to-date: /home/azharanas17/setunggal_ws/install/first_interfaces/lib/python3.8/site-packages/first_interfaces/first_interfaces_s__rosidl_typesupport_introspection_c.cpython-38-x86_64-linux-gnu.so
[0.375s] -- Up-to-date: /home/azharanas17/setunggal_ws/install/first_interfaces/lib/python3.8/site-packages/first_interfaces/first_interfaces_s__rosidl_typesupport_c.cpython-38-x86_64-linux-gnu.so
[0.375s] -- Up-to-date: /home/azharanas17/setunggal_ws/install/first_interfaces/lib/libfirst_interfaces__python.so
[0.376s] -- Up-to-date: /home/azharanas17/setunggal_ws/install/first_interfaces/share/first_interfaces/msg/Log.idl
[0.376s] -- Up-to-date: /home/azharanas17/setunggal_ws/install/first_interfaces/share/first_interfaces/msg/Log.msg
[0.376s] -- Up-to-date: /home/azharanas17/setunggal_ws/install/first_interfaces/share/ament_index/resource_index/package_run_dependencies/first_interfaces
[0.376s] -- Up-to-date: /home/azharanas17/setunggal_ws/install/first_interfaces/share/ament_index/resource_index/parent_prefix_path/first_interfaces
[0.376s] -- Up-to-date: /home/azharanas17/setunggal_ws/install/first_interfaces/share/first_interfaces/environment/ament_prefix_path.sh
[0.376s] -- Up-to-date: /home/azharanas17/setunggal_ws/install/first_interfaces/share/first_interfaces/environment/ament_prefix_path.dsv
[0.376s] -- Up-to-date: /home/azharanas17/setunggal_ws/install/first_interfaces/share/first_interfaces/environment/path.sh
[0.376s] -- Up-to-date: /home/azharanas17/setunggal_ws/install/first_interfaces/share/first_interfaces/environment/path.dsv
[0.377s] -- Up-to-date: /home/azharanas17/setunggal_ws/install/first_interfaces/share/first_interfaces/local_setup.bash
[0.377s] -- Up-to-date: /home/azharanas17/setunggal_ws/install/first_interfaces/share/first_interfaces/local_setup.sh
[0.377s] -- Up-to-date: /home/azharanas17/setunggal_ws/install/first_interfaces/share/first_interfaces/local_setup.zsh
[0.377s] -- Up-to-date: /home/azharanas17/setunggal_ws/install/first_interfaces/share/first_interfaces/local_setup.dsv
[0.377s] -- Installing: /home/azharanas17/setunggal_ws/install/first_interfaces/share/first_interfaces/package.dsv
[0.377s] -- Up-to-date: /home/azharanas17/setunggal_ws/install/first_interfaces/share/ament_index/resource_index/packages/first_interfaces
[0.378s] -- Up-to-date: /home/azharanas17/setunggal_ws/install/first_interfaces/share/first_interfaces/cmake/first_interfaces__rosidl_generator_cExport.cmake
[0.378s] -- Up-to-date: /home/azharanas17/setunggal_ws/install/first_interfaces/share/first_interfaces/cmake/first_interfaces__rosidl_generator_cExport-noconfig.cmake
[0.379s] -- Up-to-date: /home/azharanas17/setunggal_ws/install/first_interfaces/share/first_interfaces/cmake/first_interfaces__rosidl_typesupport_introspection_cExport.cmake
[0.379s] -- Up-to-date: /home/azharanas17/setunggal_ws/install/first_interfaces/share/first_interfaces/cmake/first_interfaces__rosidl_typesupport_introspection_cExport-noconfig.cmake
[0.379s] -- Up-to-date: /home/azharanas17/setunggal_ws/install/first_interfaces/share/first_interfaces/cmake/first_interfaces__rosidl_typesupport_cExport.cmake
[0.379s] -- Up-to-date: /home/azharanas17/setunggal_ws/install/first_interfaces/share/first_interfaces/cmake/first_interfaces__rosidl_typesupport_cExport-noconfig.cmake
[0.379s] -- Up-to-date: /home/azharanas17/setunggal_ws/install/first_interfaces/share/first_interfaces/cmake/first_interfaces__rosidl_generator_cppExport.cmake
[0.380s] -- Up-to-date: /home/azharanas17/setunggal_ws/install/first_interfaces/share/first_interfaces/cmake/first_interfaces__rosidl_typesupport_introspection_cppExport.cmake
[0.380s] -- Up-to-date: /home/azharanas17/setunggal_ws/install/first_interfaces/share/first_interfaces/cmake/first_interfaces__rosidl_typesupport_introspection_cppExport-noconfig.cmake
[0.380s] -- Up-to-date: /home/azharanas17/setunggal_ws/install/first_interfaces/share/first_interfaces/cmake/first_interfaces__rosidl_typesupport_cppExport.cmake
[0.380s] -- Up-to-date: /home/azharanas17/setunggal_ws/install/first_interfaces/share/first_interfaces/cmake/first_interfaces__rosidl_typesupport_cppExport-noconfig.cmake
[0.380s] -- Up-to-date: /home/azharanas17/setunggal_ws/install/first_interfaces/share/first_interfaces/cmake/rosidl_cmake-extras.cmake
[0.380s] -- Up-to-date: /home/azharanas17/setunggal_ws/install/first_interfaces/share/first_interfaces/cmake/ament_cmake_export_dependencies-extras.cmake
[0.380s] -- Up-to-date: /home/azharanas17/setunggal_ws/install/first_interfaces/share/first_interfaces/cmake/ament_cmake_export_libraries-extras.cmake
[0.380s] -- Up-to-date: /home/azharanas17/setunggal_ws/install/first_interfaces/share/first_interfaces/cmake/ament_cmake_export_targets-extras.cmake
[0.381s] -- Up-to-date: /home/azharanas17/setunggal_ws/install/first_interfaces/share/first_interfaces/cmake/ament_cmake_export_include_directories-extras.cmake
[0.381s] -- Up-to-date: /home/azharanas17/setunggal_ws/install/first_interfaces/share/first_interfaces/cmake/rosidl_cmake_export_typesupport_libraries-extras.cmake
[0.381s] -- Up-to-date: /home/azharanas17/setunggal_ws/install/first_interfaces/share/first_interfaces/cmake/rosidl_cmake_export_typesupport_targets-extras.cmake
[0.381s] -- Up-to-date: /home/azharanas17/setunggal_ws/install/first_interfaces/share/first_interfaces/cmake/first_interfacesConfig.cmake
[0.381s] -- Up-to-date: /home/azharanas17/setunggal_ws/install/first_interfaces/share/first_interfaces/cmake/first_interfacesConfig-version.cmake
[0.381s] -- Up-to-date: /home/azharanas17/setunggal_ws/install/first_interfaces/share/first_interfaces/package.xml
[0.383s] Invoked command in '/home/azharanas17/setunggal_ws/build/first_interfaces' returned '0': CMAKE_PREFIX_PATH=/opt/ros/foxy /usr/bin/cmake --install /home/azharanas17/setunggal_ws/build/first_interfaces
